# Preprocessing: 0.0502344 s
# nodes: 816 edges: 1096
# strategies: 10188 intervals: 675
# Cost: 1.58000000e+20 (greedy) 0.05 s (iteration: 1)
[0, 4, 4, 0, 4, 4, 0, 4, 4, 4, 4, 1, 1, 0, 8, 0, 4, 4, 0, 4, 4, 4, 6, 1, 1, 0, 2, 2, 2, 6, 1, 5, 0, 0, 0, 0, 0, 0, 0, 0, 0, 0, 0, 0, 0, 0, 0, 0, 0, 0, 0, 0, 2, 2, 2, 2, 3, 0, 0, 0, 0, 0, 0, 0, 0, 0, 0, 0, 3, 3, 3, 7, 0, 3, 7, 0, 0, 7, 0, 0, 0, 0, 0, 0, 0, 0, 0, 0, 0, 0, 0, 0, 0, 0, 0, 0, 0, 0, 0, 8, 0, 0, 0, 8, 0, 0, 0, 0, 0, 0, 0, 4, 0, 2, 6, 0, 0, 0, 0, 0, 0, 0, 6, 0, 2, 2, 6, 0, 4, 0, 0, 0, 0, 0, 0, 0, 0, 6, 0, 0, 0, 6, 0, 0, 6, 0, 6, 0, 0, 0, 0, 0, 4, 0, 0, 0, 0, 0, 0, 0, 6, 0, 2, 2, 6, 0, 0, 0, 0, 0, 0, 6, 0, 2, 2, 6, 0, 5, 0, 0, 0, 0, 0, 0, 0, 0, 0, 0, 0, 0, 0, 0, 0, 0, 0, 0, 0, 0, 0, 0, 0, 0, 0, 0, 0, 0, 0, 0, 0, 0, 0, 0, 0, 0, 8, 0, 0, 0, 8, 0, 0, 0, 0, 0, 0, 0, 4, 0, 2, 6, 0, 0, 0, 0, 0, 0, 0, 6, 0, 2, 2, 6, 0, 4, 0, 0, 0, 0, 0, 0, 0, 0, 0, 0, 0, 0, 0, 0, 0, 0, 0, 4, 0, 0, 0, 0, 0, 0, 0, 6, 0, 2, 2, 6, 0, 0, 0, 1, 4, 4, 4, 0, 1, 1, 1, 1, 0, 0, 7, 0, 0, 0, 0, 0, 0, 0, 0, 0, 0, 0, 0, 0, 0, 0, 0, 0, 0, 0, 0, 0, 0, 0, 0, 0, 0, 0, 0, 0, 0, 0, 7, 7, 0, 0, 0, 7, 7, 1, 1, 0, 0, 0, 0, 0, 0, 0, 0, 0, 0, 0, 0, 0, 0, 0, 0, 0, 0, 0, 0, 0, 0, 0, 7, 7, 0, 0, 0, 7, 7, 1, 1, 0, 0, 0, 0, 0, 0, 0, 0, 0, 0, 0, 0, 0, 0, 0, 0, 0, 0, 0, 1, 1, 0, 1, 1, 1, 1, 0, 1, 1, 0, 2, 0, 1, 1, 0, 1, 1, 1, 4, 1, 1, 0, 2, 0, 2, 4, 1, 0, 0, 0, 0, 0, 0, 0, 0, 0, 0, 0, 0, 0, 0, 0, 0, 0, 0, 0, 0, 0, 0, 0, 0, 0, 0, 0, 0, 0, 0, 0, 0, 0, 0, 0, 0, 0, 0, 5, 0, 0, 0, 0, 0, 5, 0, 0, 0, 0, 0, 7, 2, 2, 2, 2, 7, 7, 0, 7, 7, 0, 0, 0, 0, 0, 0, 0, 0, 0, 5, 0, 0, 5, 0, 0, 5, 0, 7, 7, 7, 7, 6, 7, 0, 0, 7, 7, 7, 6, 4, 0, 8, 8, 5, 6, 4, 4, 4, 6, 4, 4, 4, 7, 0, 0, 0, 0, 0, 7, 7, 0, 7, 7, 7, 7, 8, 4, 4, 7, 0, 0, 0, 0, 0, 6, 4, 0, 0, 0, 4, 0, 0, 0, 3, 3, 3, 3, 4, 0, 0, 2, 4, 0, 0, 0, 0, 0, 0, 0, 0, 0, 0, 4, 0, 0, 0, 4, 0, 0, 4, 0, 4, 0, 0, 0, 0, 0, 0, 0, 0, 0, 3, 3, 3, 3, 4, 0, 0, 2, 4, 0, 0, 3, 3, 3, 3, 4, 0, 0, 2, 4, 0, 0, 0, 0, 0, 0, 0, 0, 0, 0, 0, 0, 0, 0, 0, 0, 0, 0, 0, 7, 0, 0, 0, 0, 0, 0, 0, 0, 0, 0, 0, 0, 0, 0, 0, 0, 7, 7, 0, 7, 7, 7, 7, 7, 8, 7, 0, 0, 7, 7, 7, 8, 5, 6, 6, 6, 4, 4, 4, 4, 6, 4, 4, 4, 7, 0, 0, 0, 0, 0, 7, 7, 0, 7, 7, 7, 7, 8, 4, 4, 7, 0, 0, 0, 0, 0, 6, 4, 0, 0, 0, 4, 0, 0, 0, 3, 3, 3, 3, 4, 0, 0, 2, 4, 0, 0, 0, 0, 0, 0, 0, 0, 0, 0, 0, 0, 0, 0, 0, 0, 0, 0, 0, 0, 0, 0, 0, 3, 3, 3, 3, 4, 0, 0, 2, 4, 0, 0, 0, 4, 3, 1, 0, 1, 0, 0, 0, 0, 0, 0, 0, 0, 0, 0, 0, 1, 0, 1, 1, 1, 0, 0, 0, 0, 0, 0, 0, 0, 0, 0, 0, 0, 0, 0, 0, 0, 0, 0, 0, 0, 0, 0, 0, 0, 0, 0, 0, 0, 0, 0, 7, 7, 0, 0, 0, 7, 7, 1, 1, 0, 0, 0, 0, 0, 0, 0, 0, 0, 0, 0, 0, 0, 0, 0, 0, 0, 0]
# Solver time:0.0286706, Greedy time: 0.000355843, before greedy: 2698396, after greedy: 2698396 in iteration: 1 after: 0.0924752 s
# Solver time:0.025969, Greedy time: 0.000537198, before greedy: 3360276, after greedy: 3339795 in iteration: 1 after: 0.0932994 s
# Solver time:0.0335704, Greedy time: 0.000519376, before greedy: 1127258, after greedy: 1106777 in iteration: 1 after: 0.0979758 s
# Solver time:0.0358898, Greedy time: 0.000327278, before greedy: 532844, after greedy: 532844 in iteration: 1 after: 0.0983816 s
# Solver time:0.0332331, Greedy time: 0.000517583, before greedy: 1197608, after greedy: 1176090 in iteration: 1 after: 0.0997941 s
# Solver time:0.0356449, Greedy time: 0.000230828, before greedy: 540445, after greedy: 540445 in iteration: 1 after: 0.0999199 s
# Solver time:0.0390891, Greedy time: 0.000283953, before greedy: 532844, after greedy: 532844 in iteration: 1 after: 0.102811 s
# Cost: 5.32844000e+05 (pid: 0) 0.15 s (iteration: 1)
[0, 1, 1, 0, 7, 1, 0, 7, 1, 1, 7, 3, 2, 0, 2, 0, 1, 1, 0, 1, 1, 1, 1, 2, 2, 0, 3, 3, 3, 1, 2, 0, 0, 0, 0, 0, 0, 0, 0, 0, 0, 0, 0, 0, 0, 0, 0, 0, 0, 0, 0, 0, 3, 3, 3, 3, 5, 0, 0, 0, 0, 0, 0, 0, 0, 0, 0, 0, 5, 5, 5, 9, 0, 5, 9, 0, 0, 9, 0, 0, 0, 0, 0, 0, 0, 0, 0, 0, 0, 0, 0, 0, 0, 0, 0, 0, 3, 0, 3, 11, 3, 3, 3, 11, 3, 0, 0, 2, 2, 2, 2, 0, 9, 3, 1, 9, 9, 9, 9, 3, 3, 3, 1, 9, 3, 3, 1, 9, 8, 6, 6, 6, 6, 6, 6, 6, 0, 8, 6, 6, 0, 8, 6, 6, 8, 6, 8, 6, 6, 6, 6, 6, 8, 2, 9, 9, 9, 3, 3, 3, 1, 9, 3, 3, 1, 9, 9, 9, 3, 3, 3, 1, 9, 3, 3, 1, 9, 0, 0, 0, 0, 0, 0, 0, 0, 0, 0, 0, 0, 0, 0, 0, 0, 0, 0, 0, 0, 0, 0, 0, 0, 0, 0, 0, 0, 0, 0, 0, 0, 0, 0, 0, 3, 3, 11, 3, 3, 3, 11, 3, 0, 0, 2, 2, 2, 13, 8, 2, 3, 8, 2, 2, 2, 2, 3, 3, 3, 1, 2, 3, 3, 1, 2, 8, 6, 6, 6, 6, 6, 6, 6, 6, 6, 6, 6, 6, 6, 6, 6, 6, 6, 8, 2, 2, 2, 2, 3, 3, 3, 1, 2, 3, 3, 1, 2, 3, 3, 3, 1, 5, 5, 5, 1, 7, 7, 7, 0, 0, 11, 0, 0, 11, 11, 0, 0, 0, 11, 11, 7, 7, 7, 3, 3, 3, 8, 8, 3, 0, 0, 3, 3, 3, 8, 8, 3, 8, 0, 0, 0, 0, 11, 11, 0, 0, 0, 11, 11, 7, 7, 7, 3, 3, 3, 8, 8, 3, 0, 0, 3, 3, 3, 8, 8, 3, 8, 0, 0, 0, 0, 0, 0, 0, 11, 11, 0, 0, 0, 11, 11, 7, 7, 7, 3, 3, 3, 8, 8, 3, 0, 0, 3, 3, 3, 8, 8, 3, 8, 0, 7, 0, 2, 7, 0, 2, 7, 7, 7, 7, 20, 14, 0, 14, 0, 2, 2, 0, 2, 2, 2, 7, 11, 2, 0, 3, 3, 3, 7, 2, 0, 0, 0, 0, 0, 0, 0, 0, 0, 0, 0, 0, 0, 0, 0, 0, 0, 0, 0, 0, 0, 0, 0, 0, 0, 0, 0, 0, 0, 0, 0, 0, 0, 0, 0, 0, 0, 0, 6, 0, 0, 0, 0, 0, 6, 0, 0, 0, 0, 0, 11, 3, 3, 3, 3, 11, 11, 11, 11, 11, 0, 0, 0, 0, 0, 0, 0, 0, 0, 6, 0, 0, 6, 0, 0, 6, 0, 11, 11, 11, 11, 10, 11, 0, 0, 11, 11, 11, 10, 5, 0, 11, 11, 6, 8, 5, 5, 5, 8, 5, 5, 5, 9, 0, 0, 0, 0, 0, 11, 11, 11, 11, 11, 11, 11, 11, 5, 5, 9, 0, 0, 0, 0, 0, 7, 2, 0, 9, 3, 7, 8, 8, 8, 8, 2, 2, 2, 7, 8, 3, 3, 7, 8, 8, 18, 15, 15, 15, 12, 8, 8, 0, 7, 8, 8, 0, 7, 8, 8, 7, 8, 7, 8, 8, 15, 12, 8, 8, 11, 8, 8, 8, 2, 2, 2, 7, 8, 3, 3, 7, 8, 8, 8, 2, 2, 2, 7, 8, 3, 3, 7, 8, 0, 0, 0, 0, 0, 0, 0, 0, 0, 0, 0, 0, 0, 0, 0, 0, 0, 0, 11, 0, 0, 0, 0, 0, 0, 0, 0, 0, 0, 0, 0, 0, 0, 0, 0, 11, 11, 11, 11, 11, 11, 11, 11, 11, 11, 0, 0, 11, 11, 11, 11, 6, 8, 10, 10, 5, 5, 5, 5, 8, 5, 5, 5, 9, 0, 0, 0, 0, 0, 11, 11, 11, 11, 11, 11, 11, 11, 5, 5, 9, 0, 0, 0, 0, 0, 7, 5, 8, 1, 3, 1, 1, 8, 8, 8, 2, 2, 2, 7, 8, 3, 3, 7, 8, 8, 18, 15, 15, 15, 12, 8, 8, 8, 8, 8, 8, 8, 8, 8, 15, 12, 8, 8, 11, 8, 8, 8, 2, 2, 2, 7, 8, 3, 3, 7, 8, 1, 1, 5, 1, 5, 2, 2, 0, 0, 0, 0, 0, 0, 0, 0, 0, 0, 0, 2, 7, 7, 7, 7, 0, 0, 11, 11, 0, 0, 0, 11, 11, 7, 2, 7, 3, 3, 3, 8, 8, 3, 0, 0, 3, 3, 3, 8, 8, 3, 8, 0, 0, 0, 11, 11, 0, 0, 0, 11, 11, 7, 7, 7, 3, 3, 3, 8, 8, 3, 0, 0, 3, 3, 3, 8, 8, 3, 8, 0, 7]
# Solver time:0.0398857, Greedy time: 0.00022338, before greedy: 532844, after greedy: 532844 in iteration: 2 after: 0.209042 s
# Solver time:0.0426347, Greedy time: 0.000351096, before greedy: 532844, after greedy: 532844 in iteration: 2 after: 0.216063 s
# Solver time:0.0467109, Greedy time: 0.000282679, before greedy: 532844, after greedy: 532844 in iteration: 3 after: 0.332354 s
# Solver time:0.0513338, Greedy time: 0.000305779, before greedy: 532844, after greedy: 532844 in iteration: 3 after: 0.336005 s
# Solver time:0.0450277, Greedy time: 0.000332747, before greedy: 532844, after greedy: 532844 in iteration: 4 after: 0.448924 s
# Solver time:0.0427766, Greedy time: 0.000292158, before greedy: 532844, after greedy: 532844 in iteration: 4 after: 0.450532 s
# Solver time:0.0425125, Greedy time: 0.000283867, before greedy: 532844, after greedy: 532844 in iteration: 4 after: 0.451777 s
# Solver time:0.0457518, Greedy time: 0.000271272, before greedy: 532844, after greedy: 532844 in iteration: 4 after: 0.45225 s
# Solver time:0.0423786, Greedy time: 0.00028025, before greedy: 532844, after greedy: 532844 in iteration: 4 after: 0.452485 s
# Solver time:0.0450128, Greedy time: 0.00027504, before greedy: 532844, after greedy: 532844 in iteration: 4 after: 0.45331 s
# Solver time:0.0493634, Greedy time: 0.000306081, before greedy: 532844, after greedy: 532844 in iteration: 4 after: 0.454512 s
# Solver time:0.0406327, Greedy time: 0.000263706, before greedy: 532844, after greedy: 532844 in iteration: 5 after: 0.562428 s
# Solver time:0.0430167, Greedy time: 0.000335284, before greedy: 532844, after greedy: 532844 in iteration: 6 after: 0.679558 s
# Solver time:0.040889, Greedy time: 0.000350498, before greedy: 532844, after greedy: 532844 in iteration: 7 after: 0.795833 s
# Solver time:0.0415505, Greedy time: 0.000332249, before greedy: 532844, after greedy: 532844 in iteration: 8 after: 0.908522 s
# Solver time:0.0422822, Greedy time: 0.000306847, before greedy: 532844, after greedy: 532844 in iteration: 8 after: 0.910706 s
# Solver time:0.0430887, Greedy time: 0.000287294, before greedy: 532844, after greedy: 532844 in iteration: 8 after: 0.910975 s
# Solver time:0.0436011, Greedy time: 0.000288021, before greedy: 532844, after greedy: 532844 in iteration: 8 after: 0.91297 s
# Solver time:0.0426504, Greedy time: 0.000278004, before greedy: 532844, after greedy: 532844 in iteration: 8 after: 0.914189 s
# Solver time:0.0421167, Greedy time: 0.000333944, before greedy: 532844, after greedy: 532844 in iteration: 9 after: 1.02259 s
# Solver time:0.0418647, Greedy time: 0.00028252, before greedy: 532844, after greedy: 532844 in iteration: 9 after: 1.0233 s
# Solver time:0.0417456, Greedy time: 0.000287879, before greedy: 532844, after greedy: 532844 in iteration: 9 after: 1.02362 s
# Solver time:0.0415294, Greedy time: 0.000287769, before greedy: 532844, after greedy: 532844 in iteration: 9 after: 1.02382 s
# Solver time:0.0416545, Greedy time: 0.000277095, before greedy: 532844, after greedy: 532844 in iteration: 9 after: 1.02483 s
# Solver time:0.041889, Greedy time: 0.000284549, before greedy: 532844, after greedy: 532844 in iteration: 9 after: 1.02762 s
# Solver time:0.0432696, Greedy time: 0.00028323, before greedy: 532844, after greedy: 532844 in iteration: 9 after: 1.02807 s
# Solver time:0.0430998, Greedy time: 0.000283776, before greedy: 532844, after greedy: 532844 in iteration: 10 after: 1.13767 s
# Solver time:0.0424411, Greedy time: 0.000330672, before greedy: 532844, after greedy: 532844 in iteration: 11 after: 1.25358 s
# Solver time:0.0416466, Greedy time: 0.000285413, before greedy: 532844, after greedy: 532844 in iteration: 12 after: 1.36965 s
# Solver time:0.0413215, Greedy time: 0.000277018, before greedy: 532844, after greedy: 532844 in iteration: 13 after: 1.48315 s
# Solver time:0.0425298, Greedy time: 0.000327084, before greedy: 532844, after greedy: 532844 in iteration: 14 after: 1.59542 s
# Solver time:0.0427784, Greedy time: 0.000282079, before greedy: 532844, after greedy: 532844 in iteration: 15 after: 1.71002 s
# Solver time:0.0424683, Greedy time: 0.000338444, before greedy: 532844, after greedy: 532844 in iteration: 15 after: 1.71012 s
# Solver time:0.0439808, Greedy time: 0.000294186, before greedy: 532844, after greedy: 532844 in iteration: 15 after: 1.71277 s
# Solver time:0.0423034, Greedy time: 0.000282651, before greedy: 532844, after greedy: 532844 in iteration: 15 after: 1.71314 s
# Solver time:0.0417947, Greedy time: 0.000278393, before greedy: 532844, after greedy: 532844 in iteration: 15 after: 1.71327 s
# Solver time:0.0429395, Greedy time: 0.000274431, before greedy: 532844, after greedy: 532844 in iteration: 15 after: 1.71339 s
# Solver time:0.0422293, Greedy time: 0.000323204, before greedy: 532844, after greedy: 532844 in iteration: 16 after: 1.82221 s
# Solver time:0.0425576, Greedy time: 0.000288524, before greedy: 532844, after greedy: 532844 in iteration: 16 after: 1.8232 s
# Solver time:0.0441446, Greedy time: 0.000282893, before greedy: 532844, after greedy: 532844 in iteration: 16 after: 1.82585 s
# Solver time:0.0434294, Greedy time: 0.000279754, before greedy: 532844, after greedy: 532844 in iteration: 16 after: 1.82644 s
# Solver time:0.04247, Greedy time: 0.000283094, before greedy: 532844, after greedy: 532844 in iteration: 16 after: 1.82652 s
# Solver time:0.0421322, Greedy time: 0.000278875, before greedy: 532844, after greedy: 532844 in iteration: 16 after: 1.82694 s
# Solver time:0.0415704, Greedy time: 0.00027841, before greedy: 532844, after greedy: 532844 in iteration: 17 after: 1.93373 s
# Solver time:0.0433605, Greedy time: 0.000324776, before greedy: 532844, after greedy: 532844 in iteration: 17 after: 1.93823 s
# Solver time:0.0437802, Greedy time: 0.000291778, before greedy: 532844, after greedy: 532844 in iteration: 17 after: 1.93969 s
# Solver time:0.0431952, Greedy time: 0.000279631, before greedy: 532844, after greedy: 532844 in iteration: 17 after: 1.93996 s
# Solver time:0.0417361, Greedy time: 0.000284132, before greedy: 532844, after greedy: 532844 in iteration: 17 after: 1.94022 s
# Solver time:0.0416804, Greedy time: 0.000327699, before greedy: 532844, after greedy: 532844 in iteration: 18 after: 2.04773 s
# Solver time:0.0426733, Greedy time: 0.000294121, before greedy: 532844, after greedy: 532844 in iteration: 18 after: 2.04959 s
# Solver time:0.0426958, Greedy time: 0.000283053, before greedy: 532844, after greedy: 532844 in iteration: 18 after: 2.05196 s
# Solver time:0.0433695, Greedy time: 0.000284864, before greedy: 532844, after greedy: 532844 in iteration: 18 after: 2.05207 s
# Solver time:0.0426501, Greedy time: 0.000281017, before greedy: 532844, after greedy: 532844 in iteration: 18 after: 2.05301 s
# Solver time:0.0420576, Greedy time: 0.000281505, before greedy: 532844, after greedy: 532844 in iteration: 18 after: 2.05387 s
# Solver time:0.0427459, Greedy time: 0.000276819, before greedy: 532844, after greedy: 532844 in iteration: 18 after: 2.05401 s
# Solver time:0.0429939, Greedy time: 0.000342179, before greedy: 532844, after greedy: 532844 in iteration: 19 after: 2.16794 s
# Solver time:0.0432126, Greedy time: 0.000336418, before greedy: 532844, after greedy: 532844 in iteration: 20 after: 2.28077 s
# Solver time:0.0429909, Greedy time: 0.000332627, before greedy: 532844, after greedy: 532844 in iteration: 21 after: 2.39505 s
# Solver time:0.0433507, Greedy time: 0.000283118, before greedy: 532844, after greedy: 532844 in iteration: 22 after: 2.50985 s
# Solver time:0.0419755, Greedy time: 0.000352791, before greedy: 532844, after greedy: 532844 in iteration: 23 after: 2.62363 s
# Solver time:0.0437278, Greedy time: 0.00033916, before greedy: 532844, after greedy: 532844 in iteration: 24 after: 2.73461 s
# Solver time:0.0429113, Greedy time: 0.000285424, before greedy: 532844, after greedy: 532844 in iteration: 24 after: 2.73536 s
# Solver time:0.0449327, Greedy time: 0.000332072, before greedy: 532844, after greedy: 532844 in iteration: 26 after: 2.96041 s
# Solver time:0.044492, Greedy time: 0.000275422, before greedy: 532844, after greedy: 532844 in iteration: 26 after: 2.96151 s
# Solver time:0.0429172, Greedy time: 0.000292838, before greedy: 532844, after greedy: 532844 in iteration: 26 after: 2.96195 s
# Solver time:0.0447167, Greedy time: 0.000275468, before greedy: 532844, after greedy: 532844 in iteration: 26 after: 2.96292 s
# Solver time:0.042602, Greedy time: 0.000272522, before greedy: 532844, after greedy: 532844 in iteration: 26 after: 2.9633 s
# Solver time:0.0473244, Greedy time: 0.000274776, before greedy: 532844, after greedy: 532844 in iteration: 26 after: 2.9672 s
# Solver time:0.0464784, Greedy time: 0.000278275, before greedy: 532844, after greedy: 532844 in iteration: 26 after: 2.96835 s
# Solver time:0.0451797, Greedy time: 0.000333365, before greedy: 532844, after greedy: 532844 in iteration: 27 after: 3.08005 s
# Solver time:0.0426145, Greedy time: 0.000331772, before greedy: 532844, after greedy: 532844 in iteration: 28 after: 3.19322 s
# Solver time:0.042073, Greedy time: 0.000298833, before greedy: 532844, after greedy: 532844 in iteration: 28 after: 3.1934 s
# Solver time:0.0459502, Greedy time: 0.000285337, before greedy: 532844, after greedy: 532844 in iteration: 28 after: 3.19361 s
# Solver time:0.0452564, Greedy time: 0.000280108, before greedy: 532844, after greedy: 532844 in iteration: 28 after: 3.19388 s
# Solver time:0.0446426, Greedy time: 0.000277692, before greedy: 532844, after greedy: 532844 in iteration: 28 after: 3.194 s
# Solver time:0.0441906, Greedy time: 0.000283934, before greedy: 532844, after greedy: 532844 in iteration: 28 after: 3.19594 s
# Solver time:0.0459616, Greedy time: 0.000272676, before greedy: 532844, after greedy: 532844 in iteration: 28 after: 3.19884 s
# Solver time:0.0441941, Greedy time: 0.000337111, before greedy: 532844, after greedy: 532844 in iteration: 29 after: 3.31414 s
# Solver time:0.0414839, Greedy time: 0.00032624, before greedy: 532844, after greedy: 532844 in iteration: 30 after: 3.42086 s
# Solver time:0.0421539, Greedy time: 0.000323748, before greedy: 532844, after greedy: 532844 in iteration: 31 after: 3.53598 s
# Solver time:0.0425285, Greedy time: 0.000282014, before greedy: 532844, after greedy: 532844 in iteration: 31 after: 3.53696 s
# Solver time:0.0425946, Greedy time: 0.000281235, before greedy: 532844, after greedy: 532844 in iteration: 31 after: 3.54081 s
# Solver time:0.0427599, Greedy time: 0.000304466, before greedy: 532844, after greedy: 532844 in iteration: 31 after: 3.54258 s
# Solver time:0.0407908, Greedy time: 0.000274615, before greedy: 532844, after greedy: 532844 in iteration: 32 after: 3.65003 s
# Solver time:0.04367, Greedy time: 0.000336735, before greedy: 532844, after greedy: 532844 in iteration: 33 after: 3.76711 s
# Solver time:0.042681, Greedy time: 0.000298005, before greedy: 532844, after greedy: 532844 in iteration: 33 after: 3.76895 s
# Solver time:0.0419898, Greedy time: 0.000280639, before greedy: 532844, after greedy: 532844 in iteration: 33 after: 3.76998 s
# Solver time:0.0438664, Greedy time: 0.000336621, before greedy: 532844, after greedy: 532844 in iteration: 34 after: 3.87969 s
# Solver time:0.0441048, Greedy time: 0.000285536, before greedy: 532844, after greedy: 532844 in iteration: 34 after: 3.88071 s
# Solver time:0.0433635, Greedy time: 0.000280667, before greedy: 532844, after greedy: 532844 in iteration: 34 after: 3.88143 s
# Solver time:0.0408814, Greedy time: 0.000277037, before greedy: 532844, after greedy: 532844 in iteration: 34 after: 3.88154 s
# Solver time:0.043299, Greedy time: 0.000274735, before greedy: 532844, after greedy: 532844 in iteration: 34 after: 3.88211 s
# Solver time:0.0423444, Greedy time: 0.000277957, before greedy: 532844, after greedy: 532844 in iteration: 34 after: 3.88247 s
# Solver time:0.0436637, Greedy time: 0.00027892, before greedy: 532844, after greedy: 532844 in iteration: 35 after: 3.99165 s
# Solver time:0.0440194, Greedy time: 0.000333343, before greedy: 532844, after greedy: 532844 in iteration: 35 after: 3.99422 s
# Solver time:0.0433413, Greedy time: 0.000280282, before greedy: 532844, after greedy: 532844 in iteration: 35 after: 3.99485 s
# Solver time:0.0421549, Greedy time: 0.000287823, before greedy: 532844, after greedy: 532844 in iteration: 35 after: 3.99625 s
# Solver time:0.0422674, Greedy time: 0.000311196, before greedy: 532844, after greedy: 532844 in iteration: 36 after: 4.11029 s
# Solver time:0.0437783, Greedy time: 0.000390232, before greedy: 532844, after greedy: 532844 in iteration: 36 after: 4.11078 s
# Cost: 5.32843000e+05 (pid: *) 4.16 s (iteration: 36)
[0, 1, 1, 0, 7, 1, 0, 7, 1, 1, 7, 3, 2, 0, 2, 0, 1, 1, 0, 1, 1, 1, 1, 2, 2, 0, 3, 3, 3, 1, 2, 0, 0, 0, 0, 0, 0, 0, 0, 0, 0, 0, 0, 0, 0, 0, 0, 0, 0, 0, 0, 0, 3, 3, 3, 3, 5, 0, 0, 0, 0, 0, 0, 0, 0, 0, 0, 0, 5, 5, 5, 1, 0, 5, 1, 0, 0, 1, 0, 0, 0, 0, 0, 0, 0, 0, 0, 0, 0, 0, 0, 0, 0, 0, 0, 0, 3, 0, 3, 11, 3, 3, 3, 11, 3, 0, 0, 2, 2, 2, 2, 0, 9, 3, 1, 9, 9, 9, 9, 3, 3, 3, 1, 9, 3, 3, 1, 9, 8, 1, 1, 1, 1, 1, 1, 1, 0, 1, 1, 1, 0, 1, 1, 1, 1, 1, 1, 1, 1, 1, 1, 1, 8, 9, 9, 9, 9, 3, 3, 3, 1, 9, 3, 3, 1, 9, 9, 9, 3, 3, 3, 1, 9, 3, 3, 1, 9, 0, 0, 0, 0, 0, 0, 0, 0, 0, 0, 0, 0, 0, 0, 0, 0, 0, 0, 0, 0, 0, 0, 0, 0, 0, 0, 0, 0, 0, 0, 0, 0, 0, 0, 0, 3, 3, 11, 3, 3, 3, 11, 3, 0, 0, 2, 2, 2, 13, 8, 2, 3, 1, 2, 2, 2, 2, 3, 3, 3, 1, 2, 3, 3, 1, 2, 8, 6, 6, 6, 6, 6, 6, 6, 6, 6, 6, 6, 6, 6, 6, 6, 6, 6, 8, 2, 2, 2, 2, 3, 3, 3, 1, 2, 3, 3, 1, 2, 3, 3, 3, 1, 5, 5, 5, 1, 7, 7, 7, 0, 0, 11, 0, 0, 11, 11, 0, 0, 0, 11, 11, 7, 7, 7, 3, 3, 3, 8, 8, 3, 0, 0, 3, 3, 3, 8, 8, 3, 8, 0, 0, 0, 0, 11, 11, 0, 0, 0, 11, 11, 7, 7, 7, 3, 3, 3, 8, 8, 3, 0, 0, 3, 3, 3, 8, 8, 3, 8, 0, 0, 0, 0, 0, 0, 0, 11, 11, 0, 0, 0, 11, 11, 7, 7, 7, 3, 3, 3, 8, 8, 3, 0, 0, 3, 3, 3, 8, 8, 3, 8, 0, 7, 0, 2, 7, 0, 2, 7, 7, 7, 7, 20, 14, 0, 14, 0, 2, 2, 0, 2, 2, 2, 7, 11, 2, 0, 3, 3, 3, 7, 2, 0, 0, 0, 0, 0, 0, 0, 0, 0, 0, 0, 0, 0, 0, 0, 0, 0, 0, 0, 0, 0, 0, 0, 0, 0, 0, 0, 0, 0, 0, 0, 0, 0, 0, 0, 0, 0, 0, 1, 0, 0, 0, 0, 0, 1, 0, 0, 0, 0, 0, 11, 3, 3, 3, 3, 11, 11, 11, 11, 11, 0, 0, 0, 0, 0, 0, 0, 0, 0, 1, 0, 0, 1, 0, 0, 1, 0, 11, 11, 11, 11, 10, 11, 0, 0, 11, 11, 11, 10, 5, 0, 11, 11, 6, 8, 5, 5, 5, 8, 5, 5, 5, 9, 0, 0, 0, 0, 0, 11, 11, 11, 11, 11, 11, 11, 11, 5, 5, 9, 0, 0, 0, 0, 0, 7, 2, 0, 9, 3, 7, 8, 8, 8, 8, 2, 2, 2, 7, 8, 3, 3, 7, 8, 8, 18, 15, 15, 15, 12, 8, 8, 0, 7, 8, 8, 0, 7, 8, 8, 7, 8, 7, 8, 8, 15, 12, 8, 8, 11, 8, 8, 8, 2, 2, 2, 7, 8, 3, 3, 7, 8, 8, 8, 2, 2, 2, 7, 8, 3, 3, 7, 8, 0, 0, 0, 0, 0, 0, 0, 0, 0, 0, 0, 0, 0, 0, 0, 0, 0, 0, 11, 0, 0, 0, 0, 0, 0, 0, 0, 0, 0, 0, 0, 0, 0, 0, 0, 11, 11, 11, 11, 11, 11, 11, 11, 11, 11, 0, 0, 11, 11, 11, 11, 6, 8, 10, 10, 5, 5, 5, 5, 8, 5, 5, 5, 9, 0, 0, 0, 0, 0, 11, 11, 11, 11, 11, 11, 11, 11, 5, 5, 9, 0, 0, 0, 0, 0, 7, 5, 8, 1, 3, 1, 1, 8, 8, 8, 2, 2, 2, 7, 8, 3, 3, 7, 8, 8, 18, 15, 15, 15, 12, 8, 8, 8, 8, 8, 8, 8, 8, 8, 15, 12, 8, 8, 11, 8, 8, 8, 2, 2, 2, 7, 8, 3, 3, 7, 8, 1, 1, 5, 1, 5, 2, 2, 0, 0, 0, 0, 0, 0, 0, 0, 0, 0, 0, 2, 7, 7, 7, 7, 0, 0, 11, 11, 0, 0, 0, 11, 11, 7, 2, 7, 3, 3, 3, 8, 8, 3, 0, 0, 3, 3, 3, 8, 8, 3, 8, 0, 0, 0, 11, 11, 0, 0, 0, 11, 11, 7, 7, 7, 3, 3, 3, 8, 8, 3, 0, 0, 3, 3, 3, 8, 8, 3, 8, 0, 7]
