# Preprocessing: 0.048894 s
# nodes: 816 edges: 1096
# strategies: 10188 intervals: 675
# Cost: 1.58000000e+20 (greedy) 0.05 s (iteration: 1)
[0, 4, 4, 0, 4, 4, 0, 4, 4, 4, 4, 1, 1, 0, 8, 0, 4, 4, 0, 4, 4, 4, 6, 1, 1, 0, 2, 2, 2, 6, 1, 5, 0, 0, 0, 0, 0, 0, 0, 0, 0, 0, 0, 0, 0, 0, 0, 0, 0, 0, 0, 0, 2, 2, 2, 2, 3, 0, 0, 0, 0, 0, 0, 0, 0, 0, 0, 0, 3, 3, 3, 7, 0, 3, 7, 0, 0, 7, 0, 0, 0, 0, 0, 0, 0, 0, 0, 0, 0, 0, 0, 0, 0, 0, 0, 0, 0, 0, 0, 8, 0, 0, 0, 8, 0, 0, 0, 0, 0, 0, 0, 4, 0, 2, 6, 0, 0, 0, 0, 0, 0, 0, 6, 0, 2, 2, 6, 0, 4, 0, 0, 0, 0, 0, 0, 0, 0, 6, 0, 0, 0, 6, 0, 0, 6, 0, 6, 0, 0, 0, 0, 0, 4, 0, 0, 0, 0, 0, 0, 0, 6, 0, 2, 2, 6, 0, 0, 0, 0, 0, 0, 6, 0, 2, 2, 6, 0, 5, 0, 0, 0, 0, 0, 0, 0, 0, 0, 0, 0, 0, 0, 0, 0, 0, 0, 0, 0, 0, 0, 0, 0, 0, 0, 0, 0, 0, 0, 0, 0, 0, 0, 0, 0, 0, 8, 0, 0, 0, 8, 0, 0, 0, 0, 0, 0, 0, 4, 0, 2, 6, 0, 0, 0, 0, 0, 0, 0, 6, 0, 2, 2, 6, 0, 4, 0, 0, 0, 0, 0, 0, 0, 0, 0, 0, 0, 0, 0, 0, 0, 0, 0, 4, 0, 0, 0, 0, 0, 0, 0, 6, 0, 2, 2, 6, 0, 0, 0, 1, 4, 4, 4, 0, 1, 1, 1, 1, 0, 0, 7, 0, 0, 0, 0, 0, 0, 0, 0, 0, 0, 0, 0, 0, 0, 0, 0, 0, 0, 0, 0, 0, 0, 0, 0, 0, 0, 0, 0, 0, 0, 0, 7, 7, 0, 0, 0, 7, 7, 1, 1, 0, 0, 0, 0, 0, 0, 0, 0, 0, 0, 0, 0, 0, 0, 0, 0, 0, 0, 0, 0, 0, 0, 0, 7, 7, 0, 0, 0, 7, 7, 1, 1, 0, 0, 0, 0, 0, 0, 0, 0, 0, 0, 0, 0, 0, 0, 0, 0, 0, 0, 0, 1, 1, 0, 1, 1, 1, 1, 0, 1, 1, 0, 2, 0, 1, 1, 0, 1, 1, 1, 4, 1, 1, 0, 2, 0, 2, 4, 1, 0, 0, 0, 0, 0, 0, 0, 0, 0, 0, 0, 0, 0, 0, 0, 0, 0, 0, 0, 0, 0, 0, 0, 0, 0, 0, 0, 0, 0, 0, 0, 0, 0, 0, 0, 0, 0, 0, 5, 0, 0, 0, 0, 0, 5, 0, 0, 0, 0, 0, 7, 2, 2, 2, 2, 7, 7, 0, 7, 7, 0, 0, 0, 0, 0, 0, 0, 0, 0, 5, 0, 0, 5, 0, 0, 5, 0, 7, 7, 7, 7, 6, 7, 0, 0, 7, 7, 7, 6, 4, 0, 8, 8, 5, 6, 4, 4, 4, 6, 4, 4, 4, 7, 0, 0, 0, 0, 0, 7, 7, 0, 7, 7, 7, 7, 8, 4, 4, 7, 0, 0, 0, 0, 0, 6, 4, 0, 0, 0, 4, 0, 0, 0, 3, 3, 3, 3, 4, 0, 0, 2, 4, 0, 0, 0, 0, 0, 0, 0, 0, 0, 0, 4, 0, 0, 0, 4, 0, 0, 4, 0, 4, 0, 0, 0, 0, 0, 0, 0, 0, 0, 3, 3, 3, 3, 4, 0, 0, 2, 4, 0, 0, 3, 3, 3, 3, 4, 0, 0, 2, 4, 0, 0, 0, 0, 0, 0, 0, 0, 0, 0, 0, 0, 0, 0, 0, 0, 0, 0, 0, 7, 0, 0, 0, 0, 0, 0, 0, 0, 0, 0, 0, 0, 0, 0, 0, 0, 7, 7, 0, 7, 7, 7, 7, 7, 8, 7, 0, 0, 7, 7, 7, 8, 5, 6, 6, 6, 4, 4, 4, 4, 6, 4, 4, 4, 7, 0, 0, 0, 0, 0, 7, 7, 0, 7, 7, 7, 7, 8, 4, 4, 7, 0, 0, 0, 0, 0, 6, 4, 0, 0, 0, 4, 0, 0, 0, 3, 3, 3, 3, 4, 0, 0, 2, 4, 0, 0, 0, 0, 0, 0, 0, 0, 0, 0, 0, 0, 0, 0, 0, 0, 0, 0, 0, 0, 0, 0, 0, 3, 3, 3, 3, 4, 0, 0, 2, 4, 0, 0, 0, 4, 3, 1, 0, 1, 0, 0, 0, 0, 0, 0, 0, 0, 0, 0, 0, 1, 0, 1, 1, 1, 0, 0, 0, 0, 0, 0, 0, 0, 0, 0, 0, 0, 0, 0, 0, 0, 0, 0, 0, 0, 0, 0, 0, 0, 0, 0, 0, 0, 0, 0, 7, 7, 0, 0, 0, 7, 7, 1, 1, 0, 0, 0, 0, 0, 0, 0, 0, 0, 0, 0, 0, 0, 0, 0, 0, 0, 0]
# Solver time:0.0298835, Greedy time: 0.000415264, before greedy: 1501474, after greedy: 1501474 in iteration: 1 after: 0.0930623 s
# Solver time:0.0297183, Greedy time: 0.000597186, before greedy: 3360276, after greedy: 3339795 in iteration: 1 after: 0.0957004 s
# Solver time:0.0353785, Greedy time: 0.000445759, before greedy: 1118045, after greedy: 1097564 in iteration: 1 after: 0.099325 s
# Solver time:0.0361415, Greedy time: 0.000524262, before greedy: 1197608, after greedy: 1176090 in iteration: 1 after: 0.100021 s
# Solver time:0.0371625, Greedy time: 0.000242939, before greedy: 532844, after greedy: 532844 in iteration: 1 after: 0.100497 s
# Solver time:0.0378678, Greedy time: 0.000301987, before greedy: 540445, after greedy: 540445 in iteration: 1 after: 0.102093 s
# Solver time:0.0400306, Greedy time: 0.000318876, before greedy: 532844, after greedy: 532844 in iteration: 1 after: 0.103975 s
# Cost: 5.32844000e+05 (pid: 1) 0.16 s (iteration: 2)
[0, 1, 1, 0, 7, 1, 0, 7, 1, 1, 7, 3, 2, 0, 2, 0, 1, 1, 0, 1, 1, 1, 1, 2, 2, 0, 3, 3, 3, 1, 2, 0, 0, 0, 0, 0, 0, 0, 0, 0, 0, 0, 0, 0, 0, 0, 0, 0, 0, 0, 0, 0, 3, 3, 3, 3, 5, 0, 0, 0, 0, 0, 0, 0, 0, 0, 0, 0, 5, 5, 5, 9, 0, 5, 9, 0, 0, 9, 0, 0, 0, 0, 0, 0, 0, 0, 0, 0, 0, 0, 0, 0, 0, 0, 0, 0, 3, 0, 3, 11, 3, 3, 3, 11, 3, 0, 0, 2, 2, 2, 2, 0, 9, 3, 1, 9, 9, 9, 9, 3, 3, 3, 1, 9, 3, 3, 1, 9, 8, 6, 6, 6, 6, 6, 6, 6, 0, 8, 6, 6, 0, 8, 6, 6, 8, 6, 8, 6, 6, 6, 6, 6, 8, 2, 9, 9, 9, 3, 3, 3, 1, 9, 3, 3, 1, 9, 9, 9, 3, 3, 3, 1, 9, 3, 3, 1, 9, 0, 0, 0, 0, 0, 0, 0, 0, 0, 0, 0, 0, 0, 0, 0, 0, 0, 0, 0, 0, 0, 0, 0, 0, 0, 0, 0, 0, 0, 0, 0, 0, 0, 0, 0, 3, 3, 11, 3, 3, 3, 11, 3, 0, 0, 2, 2, 2, 13, 8, 2, 3, 8, 2, 2, 2, 2, 3, 3, 3, 1, 2, 3, 3, 1, 2, 8, 6, 6, 6, 6, 6, 6, 6, 6, 6, 6, 6, 6, 6, 6, 6, 6, 6, 8, 2, 2, 2, 2, 3, 3, 3, 1, 2, 3, 3, 1, 2, 3, 3, 3, 1, 5, 5, 5, 1, 7, 7, 7, 0, 0, 11, 0, 0, 11, 11, 0, 0, 0, 11, 11, 7, 7, 7, 3, 3, 3, 8, 8, 3, 0, 0, 3, 3, 3, 8, 8, 3, 8, 0, 0, 0, 0, 11, 11, 0, 0, 0, 11, 11, 7, 7, 7, 3, 3, 3, 8, 8, 3, 0, 0, 3, 3, 3, 8, 8, 3, 8, 0, 0, 0, 0, 0, 0, 0, 11, 11, 0, 0, 0, 11, 11, 7, 7, 7, 3, 3, 3, 8, 8, 3, 0, 0, 3, 3, 3, 8, 8, 3, 8, 0, 7, 0, 2, 7, 0, 2, 7, 7, 7, 7, 20, 14, 0, 14, 0, 2, 2, 0, 2, 2, 2, 7, 11, 7, 0, 3, 3, 3, 7, 7, 0, 0, 0, 0, 0, 0, 0, 0, 0, 0, 0, 0, 0, 0, 0, 0, 0, 0, 0, 0, 0, 0, 0, 0, 0, 0, 0, 0, 0, 0, 0, 0, 0, 0, 0, 0, 0, 0, 6, 0, 0, 0, 0, 0, 6, 0, 0, 0, 0, 0, 11, 3, 3, 3, 3, 11, 11, 11, 11, 11, 0, 0, 0, 0, 0, 0, 0, 0, 0, 6, 0, 0, 6, 0, 0, 6, 0, 11, 11, 11, 11, 10, 11, 0, 0, 11, 11, 11, 10, 5, 0, 11, 11, 6, 8, 5, 5, 5, 8, 5, 5, 5, 9, 0, 0, 0, 0, 0, 11, 11, 11, 11, 11, 11, 11, 11, 5, 5, 9, 0, 0, 0, 0, 0, 7, 2, 0, 9, 3, 7, 8, 8, 8, 8, 2, 2, 2, 7, 8, 3, 3, 7, 8, 8, 18, 15, 15, 15, 12, 8, 8, 0, 7, 8, 8, 0, 7, 8, 8, 7, 8, 7, 8, 8, 15, 12, 8, 8, 11, 8, 8, 8, 2, 2, 2, 7, 8, 3, 3, 7, 8, 8, 8, 2, 2, 2, 7, 8, 3, 3, 7, 8, 0, 0, 0, 0, 0, 0, 0, 0, 0, 0, 0, 0, 0, 0, 0, 0, 0, 0, 11, 0, 0, 0, 0, 0, 0, 0, 0, 0, 0, 0, 0, 0, 0, 0, 0, 11, 11, 11, 11, 11, 11, 11, 11, 11, 11, 0, 0, 11, 11, 11, 11, 6, 8, 10, 10, 5, 5, 5, 5, 8, 5, 5, 5, 9, 0, 0, 0, 0, 0, 11, 11, 11, 11, 11, 11, 11, 11, 5, 5, 9, 0, 0, 0, 0, 0, 7, 5, 8, 1, 3, 1, 1, 8, 8, 8, 2, 2, 2, 7, 8, 3, 3, 7, 8, 8, 18, 15, 15, 15, 12, 8, 8, 8, 8, 8, 8, 8, 8, 8, 15, 12, 8, 8, 11, 8, 8, 8, 2, 2, 2, 7, 8, 3, 3, 7, 8, 1, 1, 5, 1, 5, 2, 2, 0, 0, 0, 0, 0, 0, 0, 0, 0, 0, 0, 2, 7, 7, 7, 7, 0, 0, 11, 11, 0, 0, 0, 11, 11, 7, 2, 7, 3, 3, 3, 8, 8, 3, 0, 0, 3, 3, 3, 8, 8, 3, 8, 0, 0, 0, 11, 11, 0, 0, 0, 11, 11, 7, 7, 7, 3, 3, 3, 8, 8, 3, 0, 0, 3, 3, 3, 8, 8, 3, 8, 0, 7]
# Solver time:0.0411142, Greedy time: 0.000327049, before greedy: 532844, after greedy: 532844 in iteration: 2 after: 0.216606 s
# Solver time:0.0446831, Greedy time: 0.00035629, before greedy: 532844, after greedy: 532844 in iteration: 2 after: 0.221015 s
# Solver time:0.043004, Greedy time: 0.000390144, before greedy: 532844, after greedy: 532844 in iteration: 3 after: 0.335579 s
# Solver time:0.0467134, Greedy time: 0.000364095, before greedy: 532844, after greedy: 532844 in iteration: 3 after: 0.338702 s
# Solver time:0.0427989, Greedy time: 0.000404621, before greedy: 532844, after greedy: 532844 in iteration: 4 after: 0.450503 s
# Solver time:0.0468312, Greedy time: 0.000356464, before greedy: 532844, after greedy: 532844 in iteration: 4 after: 0.450553 s
# Solver time:0.0426059, Greedy time: 0.000258325, before greedy: 532844, after greedy: 532844 in iteration: 4 after: 0.450925 s
# Solver time:0.0478339, Greedy time: 0.000376698, before greedy: 532844, after greedy: 532844 in iteration: 4 after: 0.454924 s
# Solver time:0.0467747, Greedy time: 0.00034848, before greedy: 532844, after greedy: 532844 in iteration: 4 after: 0.458422 s
# Solver time:0.0484437, Greedy time: 0.000312336, before greedy: 532844, after greedy: 532844 in iteration: 4 after: 0.458577 s
# Solver time:0.0472975, Greedy time: 0.000420783, before greedy: 532844, after greedy: 532844 in iteration: 5 after: 0.579057 s
# Solver time:0.0431088, Greedy time: 0.000343576, before greedy: 532844, after greedy: 532844 in iteration: 6 after: 0.692267 s
# Solver time:0.0490347, Greedy time: 0.000295352, before greedy: 532844, after greedy: 532844 in iteration: 6 after: 0.693037 s
# Solver time:0.0492341, Greedy time: 0.000384517, before greedy: 532844, after greedy: 532844 in iteration: 6 after: 0.700464 s
# Solver time:0.0502689, Greedy time: 0.000324322, before greedy: 532844, after greedy: 532844 in iteration: 6 after: 0.702307 s
# Solver time:0.0477206, Greedy time: 0.000292087, before greedy: 532844, after greedy: 532844 in iteration: 7 after: 0.816918 s
# Solver time:0.0460782, Greedy time: 0.000397597, before greedy: 532844, after greedy: 532844 in iteration: 7 after: 0.820081 s
# Solver time:0.048087, Greedy time: 0.000303596, before greedy: 532844, after greedy: 532844 in iteration: 7 after: 0.821226 s
# Solver time:0.0418106, Greedy time: 0.000318274, before greedy: 532844, after greedy: 532844 in iteration: 8 after: 0.931566 s
# Solver time:0.0417597, Greedy time: 0.000243708, before greedy: 532844, after greedy: 532844 in iteration: 8 after: 0.932047 s
# Solver time:0.0461296, Greedy time: 0.000305815, before greedy: 532844, after greedy: 532844 in iteration: 8 after: 0.93388 s
# Solver time:0.0458368, Greedy time: 0.00028874, before greedy: 532844, after greedy: 532844 in iteration: 8 after: 0.934913 s
# Solver time:0.0458973, Greedy time: 0.000385504, before greedy: 532844, after greedy: 532844 in iteration: 9 after: 1.05803 s
# Solver time:0.0461809, Greedy time: 0.000393489, before greedy: 532844, after greedy: 532844 in iteration: 10 after: 1.17271 s
# Solver time:0.0468023, Greedy time: 0.000384476, before greedy: 532844, after greedy: 532844 in iteration: 11 after: 1.29499 s
# Solver time:0.0432649, Greedy time: 0.000309298, before greedy: 532844, after greedy: 532844 in iteration: 12 after: 1.40794 s
# Solver time:0.0416835, Greedy time: 0.000303119, before greedy: 532844, after greedy: 532844 in iteration: 13 after: 1.52406 s
# Solver time:0.0463234, Greedy time: 0.000371277, before greedy: 532844, after greedy: 532844 in iteration: 14 after: 1.64916 s
# Solver time:0.0420356, Greedy time: 0.00031049, before greedy: 532844, after greedy: 532844 in iteration: 15 after: 1.76405 s
# Solver time:0.0461609, Greedy time: 0.000336442, before greedy: 532844, after greedy: 532844 in iteration: 15 after: 1.76675 s
# Solver time:0.0454475, Greedy time: 0.00027434, before greedy: 532844, after greedy: 532844 in iteration: 15 after: 1.76904 s
# Solver time:0.048162, Greedy time: 0.000306716, before greedy: 532844, after greedy: 532844 in iteration: 15 after: 1.77361 s
# Solver time:0.0439444, Greedy time: 0.000305379, before greedy: 532844, after greedy: 532844 in iteration: 16 after: 1.88427 s
# Solver time:0.044393, Greedy time: 0.000264499, before greedy: 532844, after greedy: 532844 in iteration: 16 after: 1.88699 s
# Solver time:0.0435202, Greedy time: 0.000238681, before greedy: 532844, after greedy: 532844 in iteration: 16 after: 1.88707 s
# Solver time:0.0472475, Greedy time: 0.00028074, before greedy: 532844, after greedy: 532844 in iteration: 16 after: 1.88717 s
# Solver time:0.0473014, Greedy time: 0.000284432, before greedy: 532844, after greedy: 532844 in iteration: 16 after: 1.88898 s
# Solver time:0.0462014, Greedy time: 0.00027705, before greedy: 532844, after greedy: 532844 in iteration: 16 after: 1.88936 s
# Solver time:0.045905, Greedy time: 0.000290889, before greedy: 532844, after greedy: 532844 in iteration: 16 after: 1.89135 s
# Solver time:0.0455133, Greedy time: 0.000379099, before greedy: 532844, after greedy: 532844 in iteration: 17 after: 2.0083 s
# Solver time:0.0421125, Greedy time: 0.000313485, before greedy: 532844, after greedy: 532844 in iteration: 18 after: 2.11831 s
# Solver time:0.0458152, Greedy time: 0.000277521, before greedy: 532844, after greedy: 532844 in iteration: 19 after: 2.2305 s
# Solver time:0.0417553, Greedy time: 0.000306092, before greedy: 532844, after greedy: 532844 in iteration: 20 after: 2.34958 s
# Solver time:0.0423161, Greedy time: 0.000324156, before greedy: 532844, after greedy: 532844 in iteration: 21 after: 2.46951 s
# Solver time:0.0460024, Greedy time: 0.000379778, before greedy: 532844, after greedy: 532844 in iteration: 22 after: 2.59155 s
# Solver time:0.0461419, Greedy time: 0.000368357, before greedy: 532844, after greedy: 532844 in iteration: 23 after: 2.70323 s
# Solver time:0.0460585, Greedy time: 0.000364963, before greedy: 532844, after greedy: 532844 in iteration: 24 after: 2.82131 s
# Solver time:0.044549, Greedy time: 0.000308817, before greedy: 532844, after greedy: 532844 in iteration: 25 after: 2.94077 s
# Solver time:0.0438101, Greedy time: 0.000277631, before greedy: 532844, after greedy: 532844 in iteration: 25 after: 2.94077 s
# Solver time:0.046124, Greedy time: 0.000344591, before greedy: 532844, after greedy: 532844 in iteration: 25 after: 2.94406 s
# Solver time:0.0460705, Greedy time: 0.000278177, before greedy: 532844, after greedy: 532844 in iteration: 25 after: 2.94477 s
# Solver time:0.0469759, Greedy time: 0.000274284, before greedy: 532844, after greedy: 532844 in iteration: 26 after: 3.05853 s
# Solver time:0.0462062, Greedy time: 0.000358587, before greedy: 532844, after greedy: 532844 in iteration: 26 after: 3.061 s
# Solver time:0.0457749, Greedy time: 0.000299959, before greedy: 532844, after greedy: 532844 in iteration: 26 after: 3.06124 s
# Solver time:0.0453014, Greedy time: 0.000307653, before greedy: 532844, after greedy: 532844 in iteration: 26 after: 3.06295 s
# Solver time:0.0471191, Greedy time: 0.000278097, before greedy: 532844, after greedy: 532844 in iteration: 27 after: 3.18019 s
# Solver time:0.0463002, Greedy time: 0.000368727, before greedy: 532844, after greedy: 532844 in iteration: 28 after: 3.29285 s
# Solver time:0.0454006, Greedy time: 0.000289461, before greedy: 532844, after greedy: 532844 in iteration: 28 after: 3.29332 s
# Solver time:0.0451215, Greedy time: 0.000275357, before greedy: 532844, after greedy: 532844 in iteration: 28 after: 3.29357 s
# Solver time:0.0451373, Greedy time: 0.000282081, before greedy: 532844, after greedy: 532844 in iteration: 28 after: 3.29392 s
# Solver time:0.0452904, Greedy time: 0.000366328, before greedy: 532844, after greedy: 532844 in iteration: 29 after: 3.40961 s
# Solver time:0.0459348, Greedy time: 0.000371082, before greedy: 532844, after greedy: 532844 in iteration: 30 after: 3.53464 s
# Solver time:0.046689, Greedy time: 0.00036265, before greedy: 532844, after greedy: 532844 in iteration: 31 after: 3.6479 s
# Solver time:0.045192, Greedy time: 0.000319934, before greedy: 532844, after greedy: 532844 in iteration: 31 after: 3.65089 s
# Solver time:0.0451426, Greedy time: 0.000275869, before greedy: 532844, after greedy: 532844 in iteration: 32 after: 3.76266 s
# Solver time:0.0458299, Greedy time: 0.000372486, before greedy: 532844, after greedy: 532844 in iteration: 32 after: 3.7659 s
# Solver time:0.0451072, Greedy time: 0.000372101, before greedy: 532844, after greedy: 532844 in iteration: 33 after: 3.88048 s
# Solver time:0.0458063, Greedy time: 0.000315882, before greedy: 532844, after greedy: 532844 in iteration: 33 after: 3.88216 s
# Solver time:0.0461234, Greedy time: 0.000273788, before greedy: 532844, after greedy: 532844 in iteration: 33 after: 3.88369 s
# Solver time:0.0470178, Greedy time: 0.000308005, before greedy: 532844, after greedy: 532844 in iteration: 33 after: 3.88679 s
# Solver time:0.0469374, Greedy time: 0.000279197, before greedy: 532844, after greedy: 532844 in iteration: 33 after: 3.88745 s
# Solver time:0.0469267, Greedy time: 0.000272891, before greedy: 532844, after greedy: 532844 in iteration: 34 after: 4.00262 s
# Solver time:0.0452618, Greedy time: 0.000370722, before greedy: 532844, after greedy: 532844 in iteration: 34 after: 4.00466 s
# Solver time:0.0449177, Greedy time: 0.00030122, before greedy: 532844, after greedy: 532844 in iteration: 34 after: 4.00486 s
# Solver time:0.0471483, Greedy time: 0.000374401, before greedy: 532844, after greedy: 532844 in iteration: 35 after: 4.11628 s
# Solver time:0.0457348, Greedy time: 0.00031174, before greedy: 532844, after greedy: 532844 in iteration: 35 after: 4.11758 s
# Solver time:0.0454235, Greedy time: 0.000364061, before greedy: 532844, after greedy: 532844 in iteration: 36 after: 4.23422 s
# Solver time:0.0437338, Greedy time: 0.000265647, before greedy: 532844, after greedy: 532844 in iteration: 36 after: 4.23671 s
# Solver time:0.0468472, Greedy time: 0.000288149, before greedy: 532844, after greedy: 532844 in iteration: 36 after: 4.23751 s
# Solver time:0.0470086, Greedy time: 0.000274021, before greedy: 532844, after greedy: 532844 in iteration: 36 after: 4.23781 s
# Solver time:0.0435499, Greedy time: 0.000305457, before greedy: 532844, after greedy: 532844 in iteration: 37 after: 4.35393 s
# Solver time:0.0429521, Greedy time: 0.000222797, before greedy: 532844, after greedy: 532844 in iteration: 37 after: 4.35418 s
# Solver time:0.0469797, Greedy time: 0.00028931, before greedy: 532844, after greedy: 532844 in iteration: 37 after: 4.35419 s
# Solver time:0.0472733, Greedy time: 0.000277029, before greedy: 532844, after greedy: 532844 in iteration: 37 after: 4.35902 s
# Solver time:0.0466284, Greedy time: 0.000371076, before greedy: 532844, after greedy: 532844 in iteration: 38 after: 4.47228 s
# Solver time:0.0461307, Greedy time: 0.000306008, before greedy: 532844, after greedy: 532844 in iteration: 38 after: 4.47332 s
# Solver time:0.0453538, Greedy time: 0.000288546, before greedy: 532844, after greedy: 532844 in iteration: 38 after: 4.4734 s
# Solver time:0.0459539, Greedy time: 0.000278821, before greedy: 532844, after greedy: 532844 in iteration: 38 after: 4.47366 s
# Solver time:0.041853, Greedy time: 0.000340715, before greedy: 532844, after greedy: 532844 in iteration: 39 after: 4.58648 s
# Solver time:0.0458665, Greedy time: 0.000330308, before greedy: 532844, after greedy: 532844 in iteration: 39 after: 4.58844 s
# Solver time:0.0467801, Greedy time: 0.000275398, before greedy: 532844, after greedy: 532844 in iteration: 39 after: 4.59119 s
# Solver time:0.0473251, Greedy time: 0.00030227, before greedy: 532844, after greedy: 532844 in iteration: 39 after: 4.59475 s
# Cost: 5.32843000e+05 (pid: *) 4.66 s (iteration: 39)
[0, 1, 1, 0, 7, 1, 0, 7, 1, 1, 7, 3, 2, 0, 2, 0, 1, 1, 0, 1, 1, 1, 1, 2, 2, 0, 3, 3, 3, 1, 2, 0, 0, 0, 0, 0, 0, 0, 0, 0, 0, 0, 0, 0, 0, 0, 0, 0, 0, 0, 0, 0, 3, 3, 3, 3, 5, 0, 0, 0, 0, 0, 0, 0, 0, 0, 0, 0, 5, 5, 5, 1, 0, 5, 1, 0, 0, 1, 0, 0, 0, 0, 0, 0, 0, 0, 0, 0, 0, 0, 0, 0, 0, 0, 0, 0, 3, 0, 3, 11, 3, 3, 3, 11, 3, 0, 0, 2, 2, 2, 2, 0, 9, 3, 1, 9, 9, 9, 9, 3, 3, 3, 1, 9, 3, 3, 1, 9, 8, 1, 1, 1, 1, 1, 1, 1, 0, 1, 1, 1, 0, 1, 1, 1, 1, 1, 1, 1, 1, 1, 1, 1, 8, 9, 9, 9, 9, 3, 3, 3, 1, 9, 3, 3, 1, 9, 9, 9, 3, 3, 3, 1, 9, 3, 3, 1, 9, 0, 0, 0, 0, 0, 0, 0, 0, 0, 0, 0, 0, 0, 0, 0, 0, 0, 0, 0, 0, 0, 0, 0, 0, 0, 0, 0, 0, 0, 0, 0, 0, 0, 0, 0, 3, 3, 11, 3, 3, 3, 11, 3, 0, 0, 2, 2, 2, 13, 8, 2, 3, 1, 2, 2, 2, 2, 3, 3, 3, 1, 2, 3, 3, 1, 2, 8, 6, 6, 6, 6, 6, 6, 6, 6, 6, 6, 6, 6, 6, 6, 6, 6, 6, 8, 2, 2, 2, 2, 3, 3, 3, 1, 2, 3, 3, 1, 2, 3, 3, 3, 1, 5, 5, 5, 1, 7, 7, 7, 0, 0, 11, 0, 0, 11, 11, 0, 0, 0, 11, 11, 7, 7, 7, 3, 3, 3, 8, 8, 3, 0, 0, 3, 3, 3, 8, 8, 3, 8, 0, 0, 0, 0, 11, 11, 0, 0, 0, 11, 11, 7, 7, 7, 3, 3, 3, 8, 8, 3, 0, 0, 3, 3, 3, 8, 8, 3, 8, 0, 0, 0, 0, 0, 0, 0, 11, 11, 0, 0, 0, 11, 11, 7, 7, 7, 3, 3, 3, 8, 8, 3, 0, 0, 3, 3, 3, 8, 8, 3, 8, 0, 7, 0, 2, 7, 0, 2, 7, 7, 7, 7, 20, 14, 0, 14, 0, 2, 2, 0, 2, 2, 2, 7, 11, 2, 0, 3, 3, 3, 7, 2, 0, 0, 0, 0, 0, 0, 0, 0, 0, 0, 0, 0, 0, 0, 0, 0, 0, 0, 0, 0, 0, 0, 0, 0, 0, 0, 0, 0, 0, 0, 0, 0, 0, 0, 0, 0, 0, 0, 1, 0, 0, 0, 0, 0, 1, 0, 0, 0, 0, 0, 11, 3, 3, 3, 3, 11, 11, 11, 11, 11, 0, 0, 0, 0, 0, 0, 0, 0, 0, 1, 0, 0, 1, 0, 0, 1, 0, 11, 11, 11, 11, 10, 11, 0, 0, 11, 11, 11, 10, 5, 0, 11, 11, 6, 8, 5, 5, 5, 8, 5, 5, 5, 9, 0, 0, 0, 0, 0, 11, 11, 11, 11, 11, 11, 11, 11, 5, 5, 9, 0, 0, 0, 0, 0, 7, 2, 0, 9, 3, 7, 8, 8, 8, 8, 2, 2, 2, 7, 8, 3, 3, 7, 8, 8, 18, 15, 15, 15, 12, 8, 8, 0, 7, 8, 8, 0, 7, 8, 8, 7, 8, 7, 8, 8, 15, 12, 8, 8, 11, 8, 8, 8, 2, 2, 2, 7, 8, 3, 3, 7, 8, 8, 8, 2, 2, 2, 7, 8, 3, 3, 7, 8, 0, 0, 0, 0, 0, 0, 0, 0, 0, 0, 0, 0, 0, 0, 0, 0, 0, 0, 11, 0, 0, 0, 0, 0, 0, 0, 0, 0, 0, 0, 0, 0, 0, 0, 0, 11, 11, 11, 11, 11, 11, 11, 11, 11, 11, 0, 0, 11, 11, 11, 11, 6, 8, 10, 10, 5, 5, 5, 5, 8, 5, 5, 5, 9, 0, 0, 0, 0, 0, 11, 11, 11, 11, 11, 11, 11, 11, 5, 5, 9, 0, 0, 0, 0, 0, 7, 5, 8, 1, 3, 1, 1, 8, 8, 8, 2, 2, 2, 7, 8, 3, 3, 7, 8, 8, 18, 15, 15, 15, 12, 8, 8, 8, 8, 8, 8, 8, 8, 8, 15, 12, 8, 8, 11, 8, 8, 8, 2, 2, 2, 7, 8, 3, 3, 7, 8, 1, 1, 5, 1, 5, 2, 2, 0, 0, 0, 0, 0, 0, 0, 0, 0, 0, 0, 2, 7, 7, 7, 7, 0, 0, 11, 11, 0, 0, 0, 11, 11, 7, 2, 7, 3, 3, 3, 8, 8, 3, 0, 0, 3, 3, 3, 8, 8, 3, 8, 0, 0, 0, 11, 11, 0, 0, 0, 11, 11, 7, 7, 7, 3, 3, 3, 8, 8, 3, 0, 0, 3, 3, 3, 8, 8, 3, 8, 0, 7]
