# Preprocessing: 0.0438419 s
# nodes: 816 edges: 1023
# strategies: 10071 intervals: 675
# Cost: 1.36000000e+20 (greedy) 0.04 s (iteration: 1)
[0, 4, 4, 0, 4, 4, 0, 4, 4, 4, 3, 1, 1, 0, 8, 0, 4, 4, 0, 4, 4, 4, 6, 1, 1, 0, 2, 2, 2, 6, 1, 4, 0, 0, 0, 0, 0, 0, 0, 0, 0, 0, 0, 0, 0, 1, 1, 1, 1, 1, 1, 1, 2, 2, 2, 2, 3, 0, 0, 0, 0, 0, 0, 0, 0, 0, 0, 0, 3, 3, 3, 6, 1, 3, 6, 0, 0, 6, 0, 0, 0, 0, 0, 0, 1, 1, 1, 1, 1, 1, 1, 1, 0, 0, 0, 0, 0, 0, 0, 7, 0, 0, 0, 7, 0, 0, 0, 0, 0, 0, 0, 4, 0, 2, 6, 0, 0, 0, 0, 0, 0, 0, 6, 0, 2, 2, 6, 0, 5, 0, 0, 0, 3, 3, 3, 3, 0, 6, 3, 3, 0, 6, 3, 3, 6, 3, 6, 3, 3, 3, 3, 3, 4, 0, 0, 0, 0, 0, 0, 0, 6, 0, 2, 2, 6, 0, 0, 0, 0, 0, 0, 6, 0, 2, 2, 6, 0, 4, 0, 0, 0, 0, 0, 0, 1, 1, 1, 1, 1, 1, 1, 1, 0, 0, 0, 0, 0, 0, 0, 0, 1, 1, 1, 1, 1, 1, 1, 1, 0, 0, 0, 0, 0, 0, 7, 0, 0, 0, 7, 0, 0, 0, 0, 0, 0, 0, 4, 0, 2, 6, 0, 0, 0, 0, 0, 0, 0, 6, 0, 2, 2, 6, 0, 5, 0, 0, 0, 3, 3, 3, 3, 3, 3, 3, 3, 3, 3, 3, 3, 3, 3, 4, 0, 0, 0, 0, 0, 0, 0, 6, 0, 2, 2, 6, 0, 0, 0, 2, 5, 5, 5, 0, 1, 1, 1, 1, 0, 0, 6, 0, 0, 0, 0, 0, 0, 0, 0, 0, 0, 0, 0, 0, 0, 0, 0, 0, 0, 0, 0, 0, 0, 0, 0, 0, 0, 0, 0, 0, 0, 0, 6, 6, 0, 0, 0, 6, 6, 1, 1, 0, 0, 0, 0, 0, 0, 0, 0, 0, 0, 0, 0, 0, 0, 0, 0, 0, 0, 0, 0, 0, 0, 0, 6, 6, 0, 0, 0, 6, 6, 1, 1, 0, 0, 0, 0, 0, 0, 0, 0, 0, 0, 0, 0, 0, 0, 0, 0, 0, 0, 0, 1, 1, 0, 1, 1, 1, 1, 0, 1, 1, 0, 2, 0, 1, 1, 0, 1, 1, 1, 4, 1, 1, 0, 2, 0, 2, 4, 1, 0, 0, 0, 0, 0, 0, 0, 0, 0, 0, 0, 0, 0, 1, 1, 1, 1, 1, 1, 1, 0, 0, 0, 0, 0, 0, 0, 0, 0, 0, 0, 0, 0, 0, 0, 0, 0, 0, 4, 1, 0, 0, 0, 0, 4, 0, 0, 0, 0, 0, 6, 2, 2, 2, 2, 6, 6, 0, 6, 6, 0, 0, 1, 1, 1, 1, 1, 1, 1, 4, 1, 0, 4, 0, 0, 4, 0, 6, 6, 6, 6, 5, 6, 0, 0, 6, 6, 6, 5, 3, 0, 8, 8, 4, 5, 3, 3, 3, 5, 3, 3, 3, 6, 0, 0, 0, 0, 0, 6, 6, 0, 6, 6, 6, 6, 8, 3, 3, 6, 0, 0, 0, 0, 0, 5, 3, 0, 0, 0, 4, 0, 0, 0, 1, 1, 1, 1, 4, 0, 0, 2, 4, 0, 0, 0, 0, 0, 2, 2, 2, 2, 0, 4, 2, 2, 0, 4, 2, 2, 4, 2, 4, 2, 2, 2, 2, 2, 0, 0, 0, 0, 1, 1, 1, 1, 4, 0, 0, 2, 4, 0, 0, 1, 1, 1, 1, 4, 0, 0, 2, 4, 0, 0, 0, 0, 0, 0, 0, 1, 1, 1, 1, 1, 1, 1, 1, 0, 0, 0, 0, 6, 0, 0, 1, 1, 1, 1, 1, 1, 1, 1, 0, 0, 0, 0, 0, 0, 6, 6, 0, 6, 6, 6, 6, 6, 8, 6, 0, 0, 6, 6, 6, 8, 4, 5, 5, 5, 3, 3, 3, 3, 5, 3, 3, 3, 6, 0, 0, 0, 0, 0, 6, 6, 0, 6, 6, 6, 6, 8, 3, 3, 6, 0, 0, 0, 0, 0, 5, 3, 0, 0, 0, 4, 0, 0, 0, 1, 1, 1, 1, 4, 0, 0, 2, 4, 0, 0, 0, 0, 0, 2, 2, 2, 2, 2, 2, 2, 2, 2, 2, 2, 2, 2, 2, 0, 0, 0, 0, 1, 1, 1, 1, 4, 0, 0, 2, 4, 0, 0, 0, 5, 0, 1, 0, 1, 0, 0, 0, 0, 0, 0, 0, 0, 0, 0, 0, 1, 0, 1, 1, 1, 0, 0, 0, 0, 0, 0, 0, 0, 0, 0, 0, 0, 0, 0, 0, 0, 0, 0, 0, 0, 0, 0, 0, 0, 0, 0, 0, 0, 0, 0, 6, 6, 0, 0, 0, 6, 6, 1, 1, 0, 0, 0, 0, 0, 0, 0, 0, 0, 0, 0, 0, 0, 0, 0, 0, 0, 0]
# Solver time:0.0241837, Greedy time: 0.000567952, before greedy: 1873487, after greedy: 1785114 in iteration: 1 after: 0.0827941 s
# Solver time:0.0252151, Greedy time: 0.000498762, before greedy: 3211146, after greedy: 3122773 in iteration: 1 after: 0.0885468 s
# Solver time:0.0272642, Greedy time: 0.000576913, before greedy: 231450, after greedy: 229402 in iteration: 1 after: 0.089275 s
# Solver time:0.0280307, Greedy time: 0.000268683, before greedy: 381475, after greedy: 381475 in iteration: 1 after: 0.089572 s
# Solver time:0.0277844, Greedy time: 0.000434078, before greedy: 425382, after greedy: 425272 in iteration: 1 after: 0.0900525 s
# Solver time:0.0299308, Greedy time: 0.000269596, before greedy: 229274, after greedy: 229274 in iteration: 1 after: 0.0913362 s
# Solver time:0.0311232, Greedy time: 0.000270266, before greedy: 217039, after greedy: 217039 in iteration: 1 after: 0.0919562 s
# Cost: 2.17039000e+05 (pid: 0) 0.15 s (iteration: 2)
[0, 7, 7, 0, 7, 7, 0, 7, 7, 7, 5, 17, 14, 0, 14, 0, 7, 7, 0, 7, 7, 7, 14, 14, 14, 0, 3, 3, 3, 14, 14, 7, 38, 13, 13, 5, 5, 5, 0, 0, 1, 1, 0, 1, 1, 12, 9, 9, 12, 9, 9, 9, 3, 3, 3, 3, 5, 0, 0, 0, 0, 0, 0, 0, 0, 0, 0, 0, 5, 5, 5, 1, 9, 5, 1, 5, 5, 1, 5, 5, 5, 13, 7, 7, 9, 6, 6, 9, 6, 6, 6, 6, 7, 7, 7, 7, 3, 0, 3, 12, 3, 3, 3, 12, 3, 13, 7, 3, 3, 3, 3, 8, 2, 3, 1, 9, 9, 9, 9, 3, 3, 3, 1, 9, 3, 3, 1, 9, 11, 4, 4, 4, 4, 4, 4, 4, 0, 10, 4, 4, 0, 10, 4, 4, 10, 4, 10, 4, 4, 4, 4, 4, 8, 9, 9, 9, 9, 3, 3, 3, 1, 9, 3, 3, 1, 9, 9, 9, 3, 3, 3, 1, 9, 3, 3, 1, 9, 0, 0, 0, 0, 0, 0, 0, 7, 4, 4, 7, 4, 4, 4, 4, 0, 0, 0, 0, 0, 0, 0, 0, 7, 4, 4, 7, 4, 4, 4, 4, 0, 0, 0, 0, 2, 2, 9, 2, 2, 2, 9, 2, 0, 0, 1, 1, 1, 1, 8, 9, 3, 1, 9, 9, 9, 9, 3, 3, 3, 1, 9, 3, 3, 1, 9, 3, 4, 4, 4, 4, 4, 4, 4, 4, 4, 4, 4, 4, 4, 4, 4, 4, 4, 0, 9, 9, 9, 9, 3, 3, 3, 1, 9, 3, 3, 1, 9, 2, 2, 2, 1, 1, 5, 5, 1, 1, 1, 1, 0, 0, 8, 0, 7, 8, 8, 0, 0, 0, 8, 8, 1, 1, 5, 3, 3, 3, 8, 11, 3, 8, 7, 3, 3, 3, 0, 3, 3, 8, 0, 0, 0, 7, 8, 8, 0, 0, 0, 8, 8, 1, 1, 5, 3, 3, 3, 8, 11, 3, 8, 7, 3, 3, 3, 0, 3, 3, 8, 0, 0, 0, 0, 0, 0, 7, 8, 8, 0, 0, 0, 8, 8, 1, 1, 5, 3, 3, 3, 8, 11, 3, 8, 7, 3, 3, 3, 0, 3, 3, 8, 0, 1, 0, 1, 1, 0, 1, 1, 1, 1, 5, 3, 2, 0, 2, 0, 1, 1, 0, 1, 1, 1, 1, 2, 2, 0, 3, 3, 3, 1, 2, 7, 0, 0, 0, 0, 0, 0, 1, 1, 1, 0, 1, 1, 5, 3, 3, 5, 3, 3, 3, 0, 0, 0, 0, 1, 1, 1, 0, 0, 1, 1, 0, 0, 1, 1, 1, 2, 1, 4, 3, 0, 1, 2, 1, 4, 0, 0, 0, 0, 0, 8, 3, 3, 3, 3, 8, 8, 8, 8, 8, 0, 0, 5, 3, 3, 5, 3, 3, 3, 4, 3, 0, 4, 0, 0, 4, 0, 8, 8, 8, 8, 7, 8, 7, 0, 8, 8, 8, 7, 3, 0, 8, 8, 4, 6, 3, 3, 3, 6, 3, 3, 3, 7, 0, 0, 0, 0, 0, 8, 8, 8, 8, 8, 8, 8, 8, 3, 3, 7, 0, 0, 0, 0, 0, 5, 3, 8, 4, 3, 1, 4, 4, 4, 4, 1, 1, 1, 1, 4, 3, 3, 1, 4, 11, 18, 15, 15, 15, 12, 8, 8, 0, 7, 8, 8, 0, 7, 8, 8, 7, 8, 7, 8, 8, 15, 12, 8, 8, 11, 4, 4, 4, 1, 1, 1, 1, 4, 3, 3, 1, 4, 4, 4, 1, 1, 1, 1, 4, 3, 3, 1, 4, 0, 0, 0, 0, 0, 0, 5, 3, 3, 5, 3, 3, 3, 3, 0, 0, 0, 0, 8, 0, 0, 5, 3, 3, 5, 3, 3, 3, 3, 0, 0, 0, 0, 0, 0, 8, 8, 8, 8, 8, 8, 8, 8, 8, 8, 0, 0, 8, 8, 8, 8, 4, 6, 7, 7, 3, 3, 3, 3, 6, 3, 3, 3, 7, 0, 0, 0, 0, 0, 8, 8, 8, 8, 8, 8, 8, 8, 3, 3, 7, 0, 0, 0, 0, 0, 1, 1, 8, 1, 3, 1, 4, 4, 4, 4, 1, 1, 1, 1, 4, 3, 3, 1, 4, 3, 3, 3, 3, 3, 3, 3, 3, 3, 3, 3, 3, 3, 3, 3, 3, 3, 3, 0, 4, 4, 4, 4, 1, 1, 1, 1, 4, 3, 3, 1, 4, 0, 0, 5, 0, 5, 1, 1, 0, 0, 0, 0, 0, 0, 0, 0, 0, 0, 0, 1, 1, 1, 1, 1, 0, 7, 8, 8, 0, 0, 0, 8, 8, 1, 1, 5, 3, 3, 3, 8, 11, 3, 8, 7, 3, 3, 3, 0, 3, 3, 8, 0, 0, 7, 8, 8, 0, 0, 0, 8, 8, 1, 1, 5, 3, 3, 3, 8, 11, 3, 8, 7, 3, 3, 3, 0, 3, 3, 8, 0, 1]
# Solver time:0.0339302, Greedy time: 0.000403067, before greedy: 217039, after greedy: 217039 in iteration: 2 after: 0.196162 s
# Solver time:0.0362934, Greedy time: 0.000324579, before greedy: 217039, after greedy: 217039 in iteration: 2 after: 0.196903 s
# Solver time:0.0353035, Greedy time: 0.000290755, before greedy: 217039, after greedy: 217039 in iteration: 2 after: 0.197653 s
# Solver time:0.0360071, Greedy time: 0.000300743, before greedy: 217039, after greedy: 217039 in iteration: 2 after: 0.197852 s
# Solver time:0.0342767, Greedy time: 0.00029945, before greedy: 217039, after greedy: 217039 in iteration: 2 after: 0.199933 s
# Solver time:0.0370289, Greedy time: 0.000294641, before greedy: 217039, after greedy: 217039 in iteration: 2 after: 0.201804 s
# Solver time:0.0446113, Greedy time: 0.000233604, before greedy: 217039, after greedy: 217039 in iteration: 2 after: 0.208397 s
# Solver time:0.0392112, Greedy time: 0.000531929, before greedy: 217039, after greedy: 217039 in iteration: 3 after: 0.317628 s
# Solver time:0.0394778, Greedy time: 0.000483051, before greedy: 217039, after greedy: 217039 in iteration: 4 after: 0.421692 s
# Solver time:0.0397943, Greedy time: 0.000329282, before greedy: 217039, after greedy: 217039 in iteration: 4 after: 0.424097 s
# Solver time:0.0385554, Greedy time: 0.00032028, before greedy: 217039, after greedy: 217039 in iteration: 4 after: 0.425058 s
# Solver time:0.0383795, Greedy time: 0.000226608, before greedy: 217039, after greedy: 217039 in iteration: 4 after: 0.426212 s
# Solver time:0.0380784, Greedy time: 0.000222143, before greedy: 217039, after greedy: 217039 in iteration: 4 after: 0.42671 s
# Solver time:0.038405, Greedy time: 0.00050674, before greedy: 217039, after greedy: 217039 in iteration: 5 after: 0.532079 s
# Solver time:0.0396875, Greedy time: 0.000455014, before greedy: 217039, after greedy: 217039 in iteration: 5 after: 0.537162 s
# Solver time:0.0397369, Greedy time: 0.000384422, before greedy: 217039, after greedy: 217039 in iteration: 5 after: 0.537738 s
# Solver time:0.0369016, Greedy time: 0.000421379, before greedy: 217039, after greedy: 217039 in iteration: 7 after: 0.749738 s
# Solver time:0.0416237, Greedy time: 0.000390181, before greedy: 217039, after greedy: 217039 in iteration: 7 after: 0.75391 s
# Solver time:0.0404103, Greedy time: 0.000447074, before greedy: 217039, after greedy: 217039 in iteration: 7 after: 0.75391 s
# Solver time:0.0399721, Greedy time: 0.000303645, before greedy: 217039, after greedy: 217039 in iteration: 7 after: 0.754465 s
# Solver time:0.0396491, Greedy time: 0.000226606, before greedy: 217039, after greedy: 217039 in iteration: 7 after: 0.754787 s
# Solver time:0.0422738, Greedy time: 0.00025004, before greedy: 217039, after greedy: 217039 in iteration: 7 after: 0.758773 s
# Solver time:0.0442466, Greedy time: 0.000287293, before greedy: 217039, after greedy: 217039 in iteration: 7 after: 0.761725 s
# Solver time:0.0403082, Greedy time: 0.00042971, before greedy: 217039, after greedy: 217039 in iteration: 8 after: 0.869233 s
# Solver time:0.0431206, Greedy time: 0.000487832, before greedy: 217039, after greedy: 217039 in iteration: 9 after: 0.984069 s
# Solver time:0.042665, Greedy time: 0.000360658, before greedy: 217039, after greedy: 217039 in iteration: 9 after: 0.984708 s
# Solver time:0.041385, Greedy time: 0.000245161, before greedy: 217039, after greedy: 217039 in iteration: 9 after: 0.985039 s
# Solver time:0.0432799, Greedy time: 0.000300223, before greedy: 217039, after greedy: 217039 in iteration: 9 after: 0.986357 s
# Solver time:0.0427988, Greedy time: 0.000234963, before greedy: 217039, after greedy: 217039 in iteration: 9 after: 0.987203 s
# Solver time:0.0450245, Greedy time: 0.000525599, before greedy: 217039, after greedy: 217039 in iteration: 10 after: 1.10287 s
# Solver time:0.0426526, Greedy time: 0.000509318, before greedy: 217039, after greedy: 217039 in iteration: 11 after: 1.21468 s
# Solver time:0.0442732, Greedy time: 0.000461962, before greedy: 217039, after greedy: 217039 in iteration: 11 after: 1.21729 s
# Solver time:0.0429071, Greedy time: 0.000507725, before greedy: 217039, after greedy: 217039 in iteration: 12 after: 1.32716 s
# Solver time:0.0395062, Greedy time: 0.000431327, before greedy: 217039, after greedy: 217039 in iteration: 13 after: 1.43925 s
# Solver time:0.0426119, Greedy time: 0.000421289, before greedy: 217039, after greedy: 217039 in iteration: 13 after: 1.44297 s
# Solver time:0.0429693, Greedy time: 0.000350473, before greedy: 217039, after greedy: 217039 in iteration: 13 after: 1.44532 s
# Solver time:0.0428775, Greedy time: 0.00024171, before greedy: 217039, after greedy: 217039 in iteration: 13 after: 1.44631 s
# Solver time:0.044912, Greedy time: 0.000287805, before greedy: 217039, after greedy: 217039 in iteration: 13 after: 1.44662 s
# Solver time:0.0444222, Greedy time: 0.000301834, before greedy: 217039, after greedy: 217039 in iteration: 13 after: 1.44889 s
# Solver time:0.04345, Greedy time: 0.000295991, before greedy: 217039, after greedy: 217039 in iteration: 13 after: 1.44911 s
# Solver time:0.0450472, Greedy time: 0.000484372, before greedy: 217039, after greedy: 217039 in iteration: 14 after: 1.56175 s
# Solver time:0.0423413, Greedy time: 0.000490874, before greedy: 217039, after greedy: 217039 in iteration: 15 after: 1.66922 s
# Solver time:0.0429203, Greedy time: 0.00049297, before greedy: 217039, after greedy: 217039 in iteration: 16 after: 1.78307 s
# Solver time:0.0419107, Greedy time: 0.00042982, before greedy: 217039, after greedy: 217039 in iteration: 17 after: 1.89785 s
# Solver time:0.0452593, Greedy time: 0.000490559, before greedy: 217039, after greedy: 217039 in iteration: 18 after: 2.01321 s
# Solver time:0.0443765, Greedy time: 0.000488423, before greedy: 217039, after greedy: 217039 in iteration: 19 after: 2.12583 s
# Solver time:0.0397307, Greedy time: 0.000422331, before greedy: 217039, after greedy: 217039 in iteration: 20 after: 2.23478 s
# Solver time:0.0443684, Greedy time: 0.00044224, before greedy: 217039, after greedy: 217039 in iteration: 20 after: 2.2419 s
# Solver time:0.0415186, Greedy time: 0.000273572, before greedy: 217039, after greedy: 217039 in iteration: 20 after: 2.24223 s
# Solver time:0.0439902, Greedy time: 0.000289399, before greedy: 217039, after greedy: 217039 in iteration: 20 after: 2.24302 s
# Solver time:0.044826, Greedy time: 0.000278853, before greedy: 217039, after greedy: 217039 in iteration: 20 after: 2.24338 s
# Solver time:0.0439765, Greedy time: 0.00028244, before greedy: 217039, after greedy: 217039 in iteration: 20 after: 2.24385 s
# Solver time:0.0451845, Greedy time: 0.000483917, before greedy: 217039, after greedy: 217039 in iteration: 21 after: 2.36038 s
# Solver time:0.0420975, Greedy time: 0.000406234, before greedy: 217039, after greedy: 217039 in iteration: 22 after: 2.47081 s
# Solver time:0.0412918, Greedy time: 0.000314714, before greedy: 217039, after greedy: 217039 in iteration: 22 after: 2.47154 s
# Solver time:0.0401836, Greedy time: 0.000426332, before greedy: 217039, after greedy: 217039 in iteration: 23 after: 2.57975 s
# Solver time:0.0426062, Greedy time: 0.000365397, before greedy: 217039, after greedy: 217039 in iteration: 23 after: 2.58516 s
# Solver time:0.0446632, Greedy time: 0.000329914, before greedy: 217039, after greedy: 217039 in iteration: 23 after: 2.58555 s
# Solver time:0.0443754, Greedy time: 0.000287564, before greedy: 217039, after greedy: 217039 in iteration: 23 after: 2.58609 s
# Solver time:0.0416983, Greedy time: 0.00021461, before greedy: 217039, after greedy: 217039 in iteration: 23 after: 2.5866 s
# Solver time:0.0434772, Greedy time: 0.00029505, before greedy: 217039, after greedy: 217039 in iteration: 23 after: 2.58677 s
# Solver time:0.0442982, Greedy time: 0.000523608, before greedy: 217039, after greedy: 217039 in iteration: 24 after: 2.69865 s
# Solver time:0.0438112, Greedy time: 0.000430109, before greedy: 217039, after greedy: 217039 in iteration: 24 after: 2.69979 s
# Solver time:0.0447089, Greedy time: 0.00035784, before greedy: 217039, after greedy: 217039 in iteration: 24 after: 2.70121 s
# Solver time:0.0450812, Greedy time: 0.000306942, before greedy: 217039, after greedy: 217039 in iteration: 24 after: 2.7025 s
# Solver time:0.044978, Greedy time: 0.000581481, before greedy: 217039, after greedy: 217039 in iteration: 25 after: 2.81461 s
# Solver time:0.0455712, Greedy time: 0.000442766, before greedy: 217039, after greedy: 217039 in iteration: 25 after: 2.81648 s
# Solver time:0.0451304, Greedy time: 0.000346066, before greedy: 217039, after greedy: 217039 in iteration: 25 after: 2.81658 s
# Solver time:0.0423284, Greedy time: 0.000273464, before greedy: 217039, after greedy: 217039 in iteration: 25 after: 2.81707 s
# Solver time:0.0449323, Greedy time: 0.000311455, before greedy: 217039, after greedy: 217039 in iteration: 25 after: 2.81881 s
# Solver time:0.0458022, Greedy time: 0.000298241, before greedy: 217039, after greedy: 217039 in iteration: 25 after: 2.81907 s
# Solver time:0.0437013, Greedy time: 0.000516934, before greedy: 217039, after greedy: 217039 in iteration: 26 after: 2.92854 s
# Solver time:0.0452714, Greedy time: 0.000413919, before greedy: 217039, after greedy: 217039 in iteration: 26 after: 2.93239 s
# Solver time:0.0454794, Greedy time: 0.000334391, before greedy: 217039, after greedy: 217039 in iteration: 26 after: 2.9336 s
# Solver time:0.0439342, Greedy time: 0.000299761, before greedy: 217039, after greedy: 217039 in iteration: 26 after: 2.93453 s
