# Weight tuner option set to: global
# Preprocessing: 0.0482582 s
# nodes: 816 edges: 1096
# strategies: 10188 intervals: 675
# Cost: 1.58000000e+20 (greedy) 0.05 s (iteration: 1)
[0, 4, 4, 0, 4, 4, 0, 4, 4, 4, 4, 1, 1, 0, 8, 0, 4, 4, 0, 4, 4, 4, 6, 1, 1, 0, 2, 2, 2, 6, 1, 5, 0, 0, 0, 0, 0, 0, 0, 0, 0, 0, 0, 0, 0, 0, 0, 0, 0, 0, 0, 0, 2, 2, 2, 2, 3, 0, 0, 0, 0, 0, 0, 0, 0, 0, 0, 0, 3, 3, 3, 7, 0, 3, 7, 0, 0, 7, 0, 0, 0, 0, 0, 0, 0, 0, 0, 0, 0, 0, 0, 0, 0, 0, 0, 0, 0, 0, 0, 8, 0, 0, 0, 8, 0, 0, 0, 0, 0, 0, 0, 4, 0, 2, 6, 0, 0, 0, 0, 0, 0, 0, 6, 0, 2, 2, 6, 0, 4, 0, 0, 0, 0, 0, 0, 0, 0, 6, 0, 0, 0, 6, 0, 0, 6, 0, 6, 0, 0, 0, 0, 0, 4, 0, 0, 0, 0, 0, 0, 0, 6, 0, 2, 2, 6, 0, 0, 0, 0, 0, 0, 6, 0, 2, 2, 6, 0, 5, 0, 0, 0, 0, 0, 0, 0, 0, 0, 0, 0, 0, 0, 0, 0, 0, 0, 0, 0, 0, 0, 0, 0, 0, 0, 0, 0, 0, 0, 0, 0, 0, 0, 0, 0, 0, 8, 0, 0, 0, 8, 0, 0, 0, 0, 0, 0, 0, 4, 0, 2, 6, 0, 0, 0, 0, 0, 0, 0, 6, 0, 2, 2, 6, 0, 4, 0, 0, 0, 0, 0, 0, 0, 0, 0, 0, 0, 0, 0, 0, 0, 0, 0, 4, 0, 0, 0, 0, 0, 0, 0, 6, 0, 2, 2, 6, 0, 0, 0, 1, 4, 4, 4, 0, 1, 1, 1, 1, 0, 0, 7, 0, 0, 0, 0, 0, 0, 0, 0, 0, 0, 0, 0, 0, 0, 0, 0, 0, 0, 0, 0, 0, 0, 0, 0, 0, 0, 0, 0, 0, 0, 0, 7, 7, 0, 0, 0, 7, 7, 1, 1, 0, 0, 0, 0, 0, 0, 0, 0, 0, 0, 0, 0, 0, 0, 0, 0, 0, 0, 0, 0, 0, 0, 0, 7, 7, 0, 0, 0, 7, 7, 1, 1, 0, 0, 0, 0, 0, 0, 0, 0, 0, 0, 0, 0, 0, 0, 0, 0, 0, 0, 0, 1, 1, 0, 1, 1, 1, 1, 0, 1, 1, 0, 2, 0, 1, 1, 0, 1, 1, 1, 4, 1, 1, 0, 2, 0, 2, 4, 1, 0, 0, 0, 0, 0, 0, 0, 0, 0, 0, 0, 0, 0, 0, 0, 0, 0, 0, 0, 0, 0, 0, 0, 0, 0, 0, 0, 0, 0, 0, 0, 0, 0, 0, 0, 0, 0, 0, 5, 0, 0, 0, 0, 0, 5, 0, 0, 0, 0, 0, 7, 2, 2, 2, 2, 7, 7, 0, 7, 7, 0, 0, 0, 0, 0, 0, 0, 0, 0, 5, 0, 0, 5, 0, 0, 5, 0, 7, 7, 7, 7, 6, 7, 0, 0, 7, 7, 7, 6, 4, 0, 8, 8, 5, 6, 4, 4, 4, 6, 4, 4, 4, 7, 0, 0, 0, 0, 0, 7, 7, 0, 7, 7, 7, 7, 8, 4, 4, 7, 0, 0, 0, 0, 0, 6, 4, 0, 0, 0, 4, 0, 0, 0, 3, 3, 3, 3, 4, 0, 0, 2, 4, 0, 0, 0, 0, 0, 0, 0, 0, 0, 0, 4, 0, 0, 0, 4, 0, 0, 4, 0, 4, 0, 0, 0, 0, 0, 0, 0, 0, 0, 3, 3, 3, 3, 4, 0, 0, 2, 4, 0, 0, 3, 3, 3, 3, 4, 0, 0, 2, 4, 0, 0, 0, 0, 0, 0, 0, 0, 0, 0, 0, 0, 0, 0, 0, 0, 0, 0, 0, 7, 0, 0, 0, 0, 0, 0, 0, 0, 0, 0, 0, 0, 0, 0, 0, 0, 7, 7, 0, 7, 7, 7, 7, 7, 8, 7, 0, 0, 7, 7, 7, 8, 5, 6, 6, 6, 4, 4, 4, 4, 6, 4, 4, 4, 7, 0, 0, 0, 0, 0, 7, 7, 0, 7, 7, 7, 7, 8, 4, 4, 7, 0, 0, 0, 0, 0, 6, 4, 0, 0, 0, 4, 0, 0, 0, 3, 3, 3, 3, 4, 0, 0, 2, 4, 0, 0, 0, 0, 0, 0, 0, 0, 0, 0, 0, 0, 0, 0, 0, 0, 0, 0, 0, 0, 0, 0, 0, 3, 3, 3, 3, 4, 0, 0, 2, 4, 0, 0, 0, 4, 3, 1, 0, 1, 0, 0, 0, 0, 0, 0, 0, 0, 0, 0, 0, 1, 0, 1, 1, 1, 0, 0, 0, 0, 0, 0, 0, 0, 0, 0, 0, 0, 0, 0, 0, 0, 0, 0, 0, 0, 0, 0, 0, 0, 0, 0, 0, 0, 0, 0, 7, 7, 0, 0, 0, 7, 7, 1, 1, 0, 0, 0, 0, 0, 0, 0, 0, 0, 0, 0, 0, 0, 0, 0, 0, 0, 0]
# Solver time:0.0304303, Greedy time: 0.000300182, before greedy: 1501474, after greedy: 1501474 in iteration: 1 after: 0.0947034 s
# Solver time:0.0303744, Greedy time: 0.000529069, before greedy: 3360276, after greedy: 3339795 in iteration: 1 after: 0.0957053 s
# Solver time:0.0330792, Greedy time: 0.000510735, before greedy: 1197608, after greedy: 1176090 in iteration: 1 after: 0.0970454 s
# Solver time:0.0335966, Greedy time: 0.000415411, before greedy: 1127258, after greedy: 1106777 in iteration: 1 after: 0.0986128 s
# Solver time:0.0349278, Greedy time: 0.000345485, before greedy: 540445, after greedy: 540445 in iteration: 1 after: 0.0987456 s
# Solver time:0.0367127, Greedy time: 0.000291193, before greedy: 532844, after greedy: 532844 in iteration: 1 after: 0.0989213 s
# Solver time:0.0377593, Greedy time: 0.00028006, before greedy: 532844, after greedy: 532844 in iteration: 1 after: 0.101983 s
# Cost: 5.32844000e+05 (pid: 1) 0.15 s (iteration: 1)
[0, 1, 1, 0, 7, 1, 0, 7, 1, 1, 7, 3, 2, 0, 2, 0, 1, 1, 0, 1, 1, 1, 1, 2, 2, 0, 3, 3, 3, 1, 2, 0, 0, 0, 0, 0, 0, 0, 0, 0, 0, 0, 0, 0, 0, 0, 0, 0, 0, 0, 0, 0, 3, 3, 3, 3, 5, 0, 0, 0, 0, 0, 0, 0, 0, 0, 0, 0, 5, 5, 5, 9, 0, 5, 9, 0, 0, 9, 0, 0, 0, 0, 0, 0, 0, 0, 0, 0, 0, 0, 0, 0, 0, 0, 0, 0, 3, 0, 3, 11, 3, 3, 3, 11, 3, 0, 0, 2, 2, 2, 2, 0, 9, 3, 1, 9, 9, 9, 9, 3, 3, 3, 1, 9, 3, 3, 1, 9, 8, 6, 6, 6, 6, 6, 6, 6, 0, 8, 6, 6, 0, 8, 6, 6, 8, 6, 8, 6, 6, 6, 6, 6, 8, 2, 9, 9, 9, 3, 3, 3, 1, 9, 3, 3, 1, 9, 9, 9, 3, 3, 3, 1, 9, 3, 3, 1, 9, 0, 0, 0, 0, 0, 0, 0, 0, 0, 0, 0, 0, 0, 0, 0, 0, 0, 0, 0, 0, 0, 0, 0, 0, 0, 0, 0, 0, 0, 0, 0, 0, 0, 0, 0, 3, 3, 11, 3, 3, 3, 11, 3, 0, 0, 2, 2, 2, 13, 8, 2, 3, 8, 2, 2, 2, 2, 3, 3, 3, 1, 2, 3, 3, 1, 2, 8, 6, 6, 6, 6, 6, 6, 6, 6, 6, 6, 6, 6, 6, 6, 6, 6, 6, 8, 2, 2, 2, 2, 3, 3, 3, 1, 2, 3, 3, 1, 2, 3, 3, 3, 1, 5, 5, 5, 1, 7, 7, 7, 0, 0, 11, 0, 0, 11, 11, 0, 0, 0, 11, 11, 7, 7, 7, 3, 3, 3, 8, 8, 3, 0, 0, 3, 3, 3, 8, 8, 3, 8, 0, 0, 0, 0, 11, 11, 0, 0, 0, 11, 11, 7, 7, 7, 3, 3, 3, 8, 8, 3, 0, 0, 3, 3, 3, 8, 8, 3, 8, 0, 0, 0, 0, 0, 0, 0, 11, 11, 0, 0, 0, 11, 11, 7, 7, 7, 3, 3, 3, 8, 8, 3, 0, 0, 3, 3, 3, 8, 8, 3, 8, 0, 7, 0, 2, 7, 0, 2, 7, 7, 7, 7, 20, 14, 0, 14, 0, 2, 2, 0, 2, 2, 2, 7, 11, 7, 0, 3, 3, 3, 7, 7, 0, 0, 0, 0, 0, 0, 0, 0, 0, 0, 0, 0, 0, 0, 0, 0, 0, 0, 0, 0, 0, 0, 0, 0, 0, 0, 0, 0, 0, 0, 0, 0, 0, 0, 0, 0, 0, 0, 6, 0, 0, 0, 0, 0, 6, 0, 0, 0, 0, 0, 11, 3, 3, 3, 3, 11, 11, 11, 11, 11, 0, 0, 0, 0, 0, 0, 0, 0, 0, 6, 0, 0, 6, 0, 0, 6, 0, 11, 11, 11, 11, 10, 11, 0, 0, 11, 11, 11, 10, 5, 0, 11, 11, 6, 8, 5, 5, 5, 8, 5, 5, 5, 9, 0, 0, 0, 0, 0, 11, 11, 11, 11, 11, 11, 11, 11, 5, 5, 9, 0, 0, 0, 0, 0, 7, 2, 0, 9, 3, 7, 8, 8, 8, 8, 2, 2, 2, 7, 8, 3, 3, 7, 8, 8, 18, 15, 15, 15, 12, 8, 8, 0, 7, 8, 8, 0, 7, 8, 8, 7, 8, 7, 8, 8, 15, 12, 8, 8, 11, 8, 8, 8, 2, 2, 2, 7, 8, 3, 3, 7, 8, 8, 8, 2, 2, 2, 7, 8, 3, 3, 7, 8, 0, 0, 0, 0, 0, 0, 0, 0, 0, 0, 0, 0, 0, 0, 0, 0, 0, 0, 11, 0, 0, 0, 0, 0, 0, 0, 0, 0, 0, 0, 0, 0, 0, 0, 0, 11, 11, 11, 11, 11, 11, 11, 11, 11, 11, 0, 0, 11, 11, 11, 11, 6, 8, 10, 10, 5, 5, 5, 5, 8, 5, 5, 5, 9, 0, 0, 0, 0, 0, 11, 11, 11, 11, 11, 11, 11, 11, 5, 5, 9, 0, 0, 0, 0, 0, 7, 5, 8, 1, 3, 1, 1, 8, 8, 8, 2, 2, 2, 7, 8, 3, 3, 7, 8, 8, 18, 15, 15, 15, 12, 8, 8, 8, 8, 8, 8, 8, 8, 8, 15, 12, 8, 8, 11, 8, 8, 8, 2, 2, 2, 7, 8, 3, 3, 7, 8, 1, 1, 5, 1, 5, 2, 2, 0, 0, 0, 0, 0, 0, 0, 0, 0, 0, 0, 2, 7, 7, 7, 7, 0, 0, 11, 11, 0, 0, 0, 11, 11, 7, 2, 7, 3, 3, 3, 8, 8, 3, 0, 0, 3, 3, 3, 8, 8, 3, 8, 0, 0, 0, 11, 11, 0, 0, 0, 11, 11, 7, 7, 7, 3, 3, 3, 8, 8, 3, 0, 0, 3, 3, 3, 8, 8, 3, 8, 0, 7]
# Old lb 0.00112436 Old ub 1111.03
# New lb 1.12436e-06 New ub 0.00112436
# Solver time:0.0446045, Greedy time: 0.000344168, before greedy: 532844, after greedy: 532844 in iteration: 2 after: 0.216376 s
# Solver time:0.0431132, Greedy time: 0.000292828, before greedy: 532844, after greedy: 532844 in iteration: 2 after: 0.217096 s
# Solver time:0.0429356, Greedy time: 0.00028917, before greedy: 532844, after greedy: 532844 in iteration: 2 after: 0.217627 s
# Solver time:0.0464067, Greedy time: 0.000285318, before greedy: 532844, after greedy: 532844 in iteration: 2 after: 0.218945 s
# Old lb 0.000161586 Old ub 0.00112436
# New lb 0.00048251 New ub 0.000642972
# Solver time:0.045632, Greedy time: 0.000375098, before greedy: 532844, after greedy: 532844 in iteration: 3 after: 0.335122 s
# Old lb 0.000505433 Old ub 0.000642972
# New lb 0.000620049 New ub 0.000642972
# Solver time:0.0408971, Greedy time: 0.000318004, before greedy: 532844, after greedy: 532844 in iteration: 4 after: 0.453238 s
# Solver time:0.0444835, Greedy time: 0.000312455, before greedy: 532844, after greedy: 532844 in iteration: 4 after: 0.453415 s
# Solver time:0.0440425, Greedy time: 0.000315839, before greedy: 532844, after greedy: 532844 in iteration: 4 after: 0.456975 s
# Solver time:0.0440753, Greedy time: 0.00027719, before greedy: 532844, after greedy: 532844 in iteration: 4 after: 0.45752 s
# Old lb 0.000623323 Old ub 0.000642972
# New lb 0.000629873 New ub 0.000633148
# Solver time:0.0417291, Greedy time: 0.000291331, before greedy: 532844, after greedy: 532844 in iteration: 5 after: 0.570134 s
# Solver time:0.0437246, Greedy time: 0.000295535, before greedy: 532844, after greedy: 532844 in iteration: 5 after: 0.570608 s
# Solver time:0.0446601, Greedy time: 0.000286905, before greedy: 532844, after greedy: 532844 in iteration: 5 after: 0.570944 s
# Solver time:0.0442674, Greedy time: 0.000289368, before greedy: 532844, after greedy: 532844 in iteration: 5 after: 0.571769 s
# Old lb 0.000630341 Old ub 0.000633148
# New lb 0.000631276 New ub 0.000631744
# Solver time:0.0439963, Greedy time: 0.000359872, before greedy: 532844, after greedy: 532844 in iteration: 6 after: 0.686391 s
# Old lb 0.000631343 Old ub 0.000631744
# New lb 0.000631677 New ub 0.000631744
# Solver time:0.04105, Greedy time: 0.000296446, before greedy: 532844, after greedy: 532844 in iteration: 7 after: 0.796949 s
# Solver time:0.0445638, Greedy time: 0.000298535, before greedy: 532844, after greedy: 532844 in iteration: 7 after: 0.797703 s
# Solver time:0.045474, Greedy time: 0.000285458, before greedy: 532844, after greedy: 532844 in iteration: 7 after: 0.798105 s
# Solver time:0.0452748, Greedy time: 0.000283416, before greedy: 532844, after greedy: 532844 in iteration: 7 after: 0.798444 s
# Solver time:0.043811, Greedy time: 0.000276392, before greedy: 532844, after greedy: 532844 in iteration: 7 after: 0.800306 s
# Solver time:0.0436085, Greedy time: 0.000281002, before greedy: 532844, after greedy: 532844 in iteration: 7 after: 0.800986 s
# Solver time:0.0443883, Greedy time: 0.000288747, before greedy: 532844, after greedy: 532844 in iteration: 7 after: 0.802608 s
# Old lb 0.000631687 Old ub 0.000631744
# New lb 6.31687e-07 New ub 0.000631687
# Solver time:0.04412, Greedy time: 0.000349874, before greedy: 532844, after greedy: 532844 in iteration: 8 after: 0.913949 s
# Old lb 9.07824e-05 Old ub 0.000631687
# New lb 0.000541536 New ub 0.000631687
# Solver time:0.0438564, Greedy time: 0.000362474, before greedy: 532844, after greedy: 532844 in iteration: 9 after: 1.03992 s
# Old lb 0.000554415 Old ub 0.000631687
# New lb 0.000618808 New ub 0.000631687
# Solver time:0.0448342, Greedy time: 0.000352213, before greedy: 532844, after greedy: 532844 in iteration: 10 after: 1.15294 s
# Old lb 0.000620648 Old ub 0.000631687
# New lb 0.000629847 New ub 0.000631687
# Solver time:0.0454547, Greedy time: 0.000286471, before greedy: 532844, after greedy: 532844 in iteration: 11 after: 1.26911 s
# Old lb 0.00063011 Old ub 0.000631687
# New lb 0.000631424 New ub 0.000631687
# Solver time:0.0459304, Greedy time: 0.000361005, before greedy: 532844, after greedy: 532844 in iteration: 12 after: 1.38817 s
# Old lb 0.000631462 Old ub 0.000631687
# New lb 0.000631649 New ub 0.000631687
# Solver time:0.0450829, Greedy time: 0.000280369, before greedy: 532844, after greedy: 532844 in iteration: 13 after: 1.49936 s
# Solver time:0.0449965, Greedy time: 0.000351325, before greedy: 532844, after greedy: 532844 in iteration: 13 after: 1.50425 s
# Old lb 0.000631655 Old ub 0.000631687
# New lb 0.000631676 New ub 0.000631681
# Solver time:0.0457354, Greedy time: 0.000284072, before greedy: 532844, after greedy: 532844 in iteration: 14 after: 1.61785 s
# Old lb 0.000631677 Old ub 0.000631681
# New lb 0.000631681 New ub 0.000631681
# Solver time:0.0436372, Greedy time: 0.000278065, before greedy: 532844, after greedy: 532844 in iteration: 15 after: 1.73023 s
# Solver time:0.0445225, Greedy time: 0.000348028, before greedy: 532844, after greedy: 532844 in iteration: 15 after: 1.73035 s
# Solver time:0.0438243, Greedy time: 0.000303265, before greedy: 532844, after greedy: 532844 in iteration: 15 after: 1.73388 s
# Solver time:0.0436753, Greedy time: 0.00028142, before greedy: 532844, after greedy: 532844 in iteration: 15 after: 1.73428 s
# Old lb 0.000631681 Old ub 0.000631681
# New lb 0.000631681 New ub 0.000631681
# Solver time:0.0410968, Greedy time: 0.000278309, before greedy: 532844, after greedy: 532844 in iteration: 16 after: 1.84346 s
# Solver time:0.0446049, Greedy time: 0.000304308, before greedy: 532844, after greedy: 532844 in iteration: 16 after: 1.84512 s
# Solver time:0.0451605, Greedy time: 0.000279523, before greedy: 532844, after greedy: 532844 in iteration: 16 after: 1.84549 s
# Solver time:0.0437135, Greedy time: 0.000279725, before greedy: 532844, after greedy: 532844 in iteration: 16 after: 1.84701 s
# Solver time:0.0434577, Greedy time: 0.000275137, before greedy: 532844, after greedy: 532844 in iteration: 16 after: 1.84812 s
# Solver time:0.0454905, Greedy time: 0.000284605, before greedy: 532844, after greedy: 532844 in iteration: 16 after: 1.85141 s
# Old lb 0.000631681 Old ub 0.000631681
# New lb 0.000631681 New ub 0.000631681
# Solver time:0.0446797, Greedy time: 0.000277344, before greedy: 532844, after greedy: 532844 in iteration: 17 after: 1.96174 s
# Solver time:0.0438483, Greedy time: 0.000343738, before greedy: 532844, after greedy: 532844 in iteration: 17 after: 1.96266 s
# Solver time:0.0442174, Greedy time: 0.000316294, before greedy: 532844, after greedy: 532844 in iteration: 17 after: 1.96556 s
# Solver time:0.0459599, Greedy time: 0.000281658, before greedy: 532844, after greedy: 532844 in iteration: 17 after: 1.96801 s
# Old lb 0.000631681 Old ub 0.000631681
# New lb 0.000631681 New ub 0.000631681
# Solver time:0.0458237, Greedy time: 0.000280395, before greedy: 532844, after greedy: 532844 in iteration: 18 after: 2.08096 s
# Solver time:0.0438718, Greedy time: 0.000281347, before greedy: 532844, after greedy: 532844 in iteration: 18 after: 2.08219 s
# Old lb 0.000631681 Old ub 0.000631681
# New lb 0.000631681 New ub 0.000631681
# Solver time:0.0439661, Greedy time: 0.000350475, before greedy: 532844, after greedy: 532844 in iteration: 19 after: 2.19372 s
# Solver time:0.0436918, Greedy time: 0.000313818, before greedy: 532844, after greedy: 532844 in iteration: 19 after: 2.19583 s
# Solver time:0.0449458, Greedy time: 0.000289883, before greedy: 532844, after greedy: 532844 in iteration: 19 after: 2.19856 s
# Solver time:0.0450585, Greedy time: 0.000277456, before greedy: 532844, after greedy: 532844 in iteration: 19 after: 2.19907 s
# Solver time:0.0454521, Greedy time: 0.000284594, before greedy: 532844, after greedy: 532844 in iteration: 19 after: 2.19994 s
# Old lb 0.000631681 Old ub 0.000631681
# New lb 0.000631681 New ub 0.000631681
# Solver time:0.0444156, Greedy time: 0.00028158, before greedy: 532844, after greedy: 532844 in iteration: 20 after: 2.31225 s
# Solver time:0.0454204, Greedy time: 0.000350751, before greedy: 532844, after greedy: 532844 in iteration: 20 after: 2.31259 s
# Solver time:0.0446726, Greedy time: 0.000301408, before greedy: 532844, after greedy: 532844 in iteration: 20 after: 2.31454 s
# Solver time:0.0447724, Greedy time: 0.000278946, before greedy: 532844, after greedy: 532844 in iteration: 20 after: 2.31596 s
# Old lb 0.000631681 Old ub 0.000631681
# New lb 0.000631681 New ub 0.000631681
# Solver time:0.0437993, Greedy time: 0.000283711, before greedy: 532844, after greedy: 532844 in iteration: 21 after: 2.42506 s
# Solver time:0.0444929, Greedy time: 0.000279421, before greedy: 532844, after greedy: 532844 in iteration: 21 after: 2.42694 s
# Solver time:0.0446701, Greedy time: 0.000347048, before greedy: 532844, after greedy: 532844 in iteration: 21 after: 2.42799 s
# Solver time:0.0441703, Greedy time: 0.000292014, before greedy: 532844, after greedy: 532844 in iteration: 21 after: 2.42929 s
# Solver time:0.0446457, Greedy time: 0.000281546, before greedy: 532844, after greedy: 532844 in iteration: 21 after: 2.43063 s
# Solver time:0.0441948, Greedy time: 0.000279555, before greedy: 532844, after greedy: 532844 in iteration: 21 after: 2.43085 s
# Old lb 0.000631681 Old ub 0.000631681
# New lb 0.000631681 New ub 0.000631681
# Solver time:0.0447891, Greedy time: 0.000340283, before greedy: 532844, after greedy: 532844 in iteration: 22 after: 2.54193 s
# Solver time:0.0447237, Greedy time: 0.000292923, before greedy: 532844, after greedy: 532844 in iteration: 22 after: 2.5428 s
# Solver time:0.0442744, Greedy time: 0.000279166, before greedy: 532844, after greedy: 532844 in iteration: 22 after: 2.54322 s
# Solver time:0.0440896, Greedy time: 0.000282578, before greedy: 532844, after greedy: 532844 in iteration: 22 after: 2.5439 s
# Solver time:0.0446426, Greedy time: 0.000278803, before greedy: 532844, after greedy: 532844 in iteration: 22 after: 2.54654 s
# Solver time:0.0442377, Greedy time: 0.00028214, before greedy: 532844, after greedy: 532844 in iteration: 22 after: 2.54699 s
# Old lb 0.000631681 Old ub 0.000631681
# New lb 0.000631681 New ub 0.000631681
# Solver time:0.0441983, Greedy time: 0.000342242, before greedy: 532844, after greedy: 532844 in iteration: 23 after: 2.65839 s
# Solver time:0.0434871, Greedy time: 0.000295589, before greedy: 532844, after greedy: 532844 in iteration: 23 after: 2.65851 s
# Solver time:0.0449627, Greedy time: 0.000282401, before greedy: 532844, after greedy: 532844 in iteration: 23 after: 2.65987 s
# Solver time:0.0443292, Greedy time: 0.000312766, before greedy: 532844, after greedy: 532844 in iteration: 23 after: 2.66158 s
# Solver time:0.0446525, Greedy time: 0.00029473, before greedy: 532844, after greedy: 532844 in iteration: 23 after: 2.66159 s
# Solver time:0.0455072, Greedy time: 0.000291243, before greedy: 532844, after greedy: 532844 in iteration: 23 after: 2.66378 s
# Old lb 0.000631681 Old ub 0.000631681
# New lb 0.000631681 New ub 0.000631681
# Solver time:0.044037, Greedy time: 0.000335459, before greedy: 532844, after greedy: 532844 in iteration: 24 after: 2.77342 s
# Solver time:0.0443327, Greedy time: 0.000309629, before greedy: 532844, after greedy: 532844 in iteration: 24 after: 2.77565 s
# Solver time:0.0444162, Greedy time: 0.000282224, before greedy: 532844, after greedy: 532844 in iteration: 24 after: 2.77607 s
# Solver time:0.0444068, Greedy time: 0.000289785, before greedy: 532844, after greedy: 532844 in iteration: 24 after: 2.7793 s
# Solver time:0.0461778, Greedy time: 0.000285808, before greedy: 532844, after greedy: 532844 in iteration: 24 after: 2.77939 s
# Solver time:0.0453183, Greedy time: 0.000275558, before greedy: 532844, after greedy: 532844 in iteration: 24 after: 2.78004 s
# Old lb 0.000631681 Old ub 0.000631681
# New lb 0.000631681 New ub 0.000631681
# Solver time:0.0433023, Greedy time: 0.000342607, before greedy: 532844, after greedy: 532844 in iteration: 25 after: 2.88959 s
# Solver time:0.0442479, Greedy time: 0.000297386, before greedy: 532844, after greedy: 532844 in iteration: 25 after: 2.88978 s
# Solver time:0.0456889, Greedy time: 0.000304773, before greedy: 532844, after greedy: 532844 in iteration: 25 after: 2.89376 s
# Solver time:0.0452841, Greedy time: 0.000281557, before greedy: 532844, after greedy: 532844 in iteration: 25 after: 2.8941 s
# Solver time:0.0448624, Greedy time: 0.000285473, before greedy: 532844, after greedy: 532844 in iteration: 25 after: 2.89468 s
# Solver time:0.0462854, Greedy time: 0.000281839, before greedy: 532844, after greedy: 532844 in iteration: 25 after: 2.89594 s
# Solver time:0.0445132, Greedy time: 0.000277551, before greedy: 532844, after greedy: 532844 in iteration: 25 after: 2.89621 s
# Old lb 0.000631681 Old ub 0.000631681
# New lb 6.31681e-07 New ub 0.000631681
# Solver time:0.0441569, Greedy time: 0.000339312, before greedy: 532844, after greedy: 532844 in iteration: 26 after: 3.00948 s
# Old lb 9.07816e-05 Old ub 0.000631681
# New lb 0.000541531 New ub 0.000631681
# Solver time:0.045343, Greedy time: 0.000355992, before greedy: 532844, after greedy: 532844 in iteration: 27 after: 3.1338 s
# Old lb 0.00055441 Old ub 0.000631681
# New lb 0.000618802 New ub 0.000631681
# Solver time:0.0446935, Greedy time: 0.00034681, before greedy: 532844, after greedy: 532844 in iteration: 28 after: 3.2474 s
# Old lb 0.000620642 Old ub 0.000631681
# New lb 0.000629841 New ub 0.000631681
# Solver time:0.044414, Greedy time: 0.000345163, before greedy: 532844, after greedy: 532844 in iteration: 29 after: 3.36355 s
# Old lb 0.000630104 Old ub 0.000631681
# New lb 0.000631418 New ub 0.000631681
# Solver time:0.0434419, Greedy time: 0.000349939, before greedy: 532844, after greedy: 532844 in iteration: 30 after: 3.47923 s
# Old lb 0.000631456 Old ub 0.000631681
# New lb 0.000631644 New ub 0.000631681
# Solver time:0.0436593, Greedy time: 0.000338703, before greedy: 532844, after greedy: 532844 in iteration: 31 after: 3.59336 s
# Old lb 0.000631649 Old ub 0.000631681
# New lb 0.000631676 New ub 0.000631681
# Solver time:0.0454116, Greedy time: 0.000345575, before greedy: 532844, after greedy: 532844 in iteration: 32 after: 3.71066 s
# Old lb 0.000631676 Old ub 0.000631681
# New lb 0.00063168 New ub 0.000631681
# Solver time:0.044328, Greedy time: 0.000280533, before greedy: 532844, after greedy: 532844 in iteration: 33 after: 3.82613 s
# Old lb 0.00063168 Old ub 0.000631681
# New lb 0.000631681 New ub 0.000631681
# Solver time:0.0441776, Greedy time: 0.000349429, before greedy: 532844, after greedy: 532844 in iteration: 34 after: 3.94223 s
# Old lb 0.000631681 Old ub 0.000631681
# New lb 0.000631681 New ub 0.000631681
# Solver time:0.0437631, Greedy time: 0.000379561, before greedy: 532844, after greedy: 532844 in iteration: 35 after: 4.06079 s
# Old lb 0.000631681 Old ub 0.000631681
# New lb 0.000631681 New ub 0.000631681
# Cost: 5.32843000e+05 (pid: *) 4.16 s (iteration: 36)
[0, 1, 1, 0, 7, 1, 0, 7, 1, 1, 7, 3, 2, 0, 2, 0, 1, 1, 0, 1, 1, 1, 1, 2, 2, 0, 3, 3, 3, 1, 2, 0, 0, 0, 0, 0, 0, 0, 0, 0, 0, 0, 0, 0, 0, 0, 0, 0, 0, 0, 0, 0, 3, 3, 3, 3, 5, 0, 0, 0, 0, 0, 0, 0, 0, 0, 0, 0, 5, 5, 5, 1, 0, 5, 1, 0, 0, 1, 0, 0, 0, 0, 0, 0, 0, 0, 0, 0, 0, 0, 0, 0, 0, 0, 0, 0, 3, 0, 3, 11, 3, 3, 3, 11, 3, 0, 0, 2, 2, 2, 2, 0, 9, 3, 1, 9, 9, 9, 9, 3, 3, 3, 1, 9, 3, 3, 1, 9, 8, 1, 1, 1, 1, 1, 1, 1, 0, 1, 1, 1, 0, 1, 1, 1, 1, 1, 1, 1, 1, 1, 1, 1, 8, 9, 9, 9, 9, 3, 3, 3, 1, 9, 3, 3, 1, 9, 9, 9, 3, 3, 3, 1, 9, 3, 3, 1, 9, 0, 0, 0, 0, 0, 0, 0, 0, 0, 0, 0, 0, 0, 0, 0, 0, 0, 0, 0, 0, 0, 0, 0, 0, 0, 0, 0, 0, 0, 0, 0, 0, 0, 0, 0, 3, 3, 11, 3, 3, 3, 11, 3, 0, 0, 2, 2, 2, 13, 8, 2, 3, 1, 2, 2, 2, 2, 3, 3, 3, 1, 2, 3, 3, 1, 2, 8, 6, 6, 6, 6, 6, 6, 6, 6, 6, 6, 6, 6, 6, 6, 6, 6, 6, 8, 2, 2, 2, 2, 3, 3, 3, 1, 2, 3, 3, 1, 2, 3, 3, 3, 1, 5, 5, 5, 1, 7, 7, 7, 0, 0, 11, 0, 0, 11, 11, 0, 0, 0, 11, 11, 7, 7, 7, 3, 3, 3, 8, 8, 3, 0, 0, 3, 3, 3, 8, 8, 3, 8, 0, 0, 0, 0, 11, 11, 0, 0, 0, 11, 11, 7, 7, 7, 3, 3, 3, 8, 8, 3, 0, 0, 3, 3, 3, 8, 8, 3, 8, 0, 0, 0, 0, 0, 0, 0, 11, 11, 0, 0, 0, 11, 11, 7, 7, 7, 3, 3, 3, 8, 8, 3, 0, 0, 3, 3, 3, 8, 8, 3, 8, 0, 7, 0, 2, 7, 0, 2, 7, 7, 7, 7, 20, 14, 0, 14, 0, 2, 2, 0, 2, 2, 2, 7, 11, 2, 0, 3, 3, 3, 7, 2, 0, 0, 0, 0, 0, 0, 0, 0, 0, 0, 0, 0, 0, 0, 0, 0, 0, 0, 0, 0, 0, 0, 0, 0, 0, 0, 0, 0, 0, 0, 0, 0, 0, 0, 0, 0, 0, 0, 1, 0, 0, 0, 0, 0, 1, 0, 0, 0, 0, 0, 11, 3, 3, 3, 3, 11, 11, 11, 11, 11, 0, 0, 0, 0, 0, 0, 0, 0, 0, 1, 0, 0, 1, 0, 0, 1, 0, 11, 11, 11, 11, 10, 11, 0, 0, 11, 11, 11, 10, 5, 0, 11, 11, 6, 8, 5, 5, 5, 8, 5, 5, 5, 9, 0, 0, 0, 0, 0, 11, 11, 11, 11, 11, 11, 11, 11, 5, 5, 9, 0, 0, 0, 0, 0, 7, 2, 0, 9, 3, 7, 8, 8, 8, 8, 2, 2, 2, 7, 8, 3, 3, 7, 8, 8, 18, 15, 15, 15, 12, 8, 8, 0, 7, 8, 8, 0, 7, 8, 8, 7, 8, 7, 8, 8, 15, 12, 8, 8, 11, 8, 8, 8, 2, 2, 2, 7, 8, 3, 3, 7, 8, 8, 8, 2, 2, 2, 7, 8, 3, 3, 7, 8, 0, 0, 0, 0, 0, 0, 0, 0, 0, 0, 0, 0, 0, 0, 0, 0, 0, 0, 11, 0, 0, 0, 0, 0, 0, 0, 0, 0, 0, 0, 0, 0, 0, 0, 0, 11, 11, 11, 11, 11, 11, 11, 11, 11, 11, 0, 0, 11, 11, 11, 11, 6, 8, 10, 10, 5, 5, 5, 5, 8, 5, 5, 5, 9, 0, 0, 0, 0, 0, 11, 11, 11, 11, 11, 11, 11, 11, 5, 5, 9, 0, 0, 0, 0, 0, 7, 5, 8, 1, 3, 1, 1, 8, 8, 8, 2, 2, 2, 7, 8, 3, 3, 7, 8, 8, 18, 15, 15, 15, 12, 8, 8, 8, 8, 8, 8, 8, 8, 8, 15, 12, 8, 8, 11, 8, 8, 8, 2, 2, 2, 7, 8, 3, 3, 7, 8, 1, 1, 5, 1, 5, 2, 2, 0, 0, 0, 0, 0, 0, 0, 0, 0, 0, 0, 2, 7, 7, 7, 7, 0, 0, 11, 11, 0, 0, 0, 11, 11, 7, 2, 7, 3, 3, 3, 8, 8, 3, 0, 0, 3, 3, 3, 8, 8, 3, 8, 0, 0, 0, 11, 11, 0, 0, 0, 11, 11, 7, 7, 7, 3, 3, 3, 8, 8, 3, 0, 0, 3, 3, 3, 8, 8, 3, 8, 0, 7]
# Solver time:0.044933, Greedy time: 0.00029506, before greedy: 532844, after greedy: 532844 in iteration: 36 after: 4.17302 s
