# Preprocessing: 0.0482188 s
# nodes: 816 edges: 1096
# strategies: 10188 intervals: 675
# Cost: 1.58000000e+20 (greedy) 0.05 s (iteration: 1)
[0, 4, 4, 0, 4, 4, 0, 4, 4, 4, 4, 1, 1, 0, 8, 0, 4, 4, 0, 4, 4, 4, 6, 1, 1, 0, 2, 2, 2, 6, 1, 5, 0, 0, 0, 0, 0, 0, 0, 0, 0, 0, 0, 0, 0, 0, 0, 0, 0, 0, 0, 0, 2, 2, 2, 2, 3, 0, 0, 0, 0, 0, 0, 0, 0, 0, 0, 0, 3, 3, 3, 7, 0, 3, 7, 0, 0, 7, 0, 0, 0, 0, 0, 0, 0, 0, 0, 0, 0, 0, 0, 0, 0, 0, 0, 0, 0, 0, 0, 8, 0, 0, 0, 8, 0, 0, 0, 0, 0, 0, 0, 4, 0, 2, 6, 0, 0, 0, 0, 0, 0, 0, 6, 0, 2, 2, 6, 0, 4, 0, 0, 0, 0, 0, 0, 0, 0, 6, 0, 0, 0, 6, 0, 0, 6, 0, 6, 0, 0, 0, 0, 0, 4, 0, 0, 0, 0, 0, 0, 0, 6, 0, 2, 2, 6, 0, 0, 0, 0, 0, 0, 6, 0, 2, 2, 6, 0, 5, 0, 0, 0, 0, 0, 0, 0, 0, 0, 0, 0, 0, 0, 0, 0, 0, 0, 0, 0, 0, 0, 0, 0, 0, 0, 0, 0, 0, 0, 0, 0, 0, 0, 0, 0, 0, 8, 0, 0, 0, 8, 0, 0, 0, 0, 0, 0, 0, 4, 0, 2, 6, 0, 0, 0, 0, 0, 0, 0, 6, 0, 2, 2, 6, 0, 4, 0, 0, 0, 0, 0, 0, 0, 0, 0, 0, 0, 0, 0, 0, 0, 0, 0, 4, 0, 0, 0, 0, 0, 0, 0, 6, 0, 2, 2, 6, 0, 0, 0, 1, 4, 4, 4, 0, 1, 1, 1, 1, 0, 0, 7, 0, 0, 0, 0, 0, 0, 0, 0, 0, 0, 0, 0, 0, 0, 0, 0, 0, 0, 0, 0, 0, 0, 0, 0, 0, 0, 0, 0, 0, 0, 0, 7, 7, 0, 0, 0, 7, 7, 1, 1, 0, 0, 0, 0, 0, 0, 0, 0, 0, 0, 0, 0, 0, 0, 0, 0, 0, 0, 0, 0, 0, 0, 0, 7, 7, 0, 0, 0, 7, 7, 1, 1, 0, 0, 0, 0, 0, 0, 0, 0, 0, 0, 0, 0, 0, 0, 0, 0, 0, 0, 0, 1, 1, 0, 1, 1, 1, 1, 0, 1, 1, 0, 2, 0, 1, 1, 0, 1, 1, 1, 4, 1, 1, 0, 2, 0, 2, 4, 1, 0, 0, 0, 0, 0, 0, 0, 0, 0, 0, 0, 0, 0, 0, 0, 0, 0, 0, 0, 0, 0, 0, 0, 0, 0, 0, 0, 0, 0, 0, 0, 0, 0, 0, 0, 0, 0, 0, 5, 0, 0, 0, 0, 0, 5, 0, 0, 0, 0, 0, 7, 2, 2, 2, 2, 7, 7, 0, 7, 7, 0, 0, 0, 0, 0, 0, 0, 0, 0, 5, 0, 0, 5, 0, 0, 5, 0, 7, 7, 7, 7, 6, 7, 0, 0, 7, 7, 7, 6, 4, 0, 8, 8, 5, 6, 4, 4, 4, 6, 4, 4, 4, 7, 0, 0, 0, 0, 0, 7, 7, 0, 7, 7, 7, 7, 8, 4, 4, 7, 0, 0, 0, 0, 0, 6, 4, 0, 0, 0, 4, 0, 0, 0, 3, 3, 3, 3, 4, 0, 0, 2, 4, 0, 0, 0, 0, 0, 0, 0, 0, 0, 0, 4, 0, 0, 0, 4, 0, 0, 4, 0, 4, 0, 0, 0, 0, 0, 0, 0, 0, 0, 3, 3, 3, 3, 4, 0, 0, 2, 4, 0, 0, 3, 3, 3, 3, 4, 0, 0, 2, 4, 0, 0, 0, 0, 0, 0, 0, 0, 0, 0, 0, 0, 0, 0, 0, 0, 0, 0, 0, 7, 0, 0, 0, 0, 0, 0, 0, 0, 0, 0, 0, 0, 0, 0, 0, 0, 7, 7, 0, 7, 7, 7, 7, 7, 8, 7, 0, 0, 7, 7, 7, 8, 5, 6, 6, 6, 4, 4, 4, 4, 6, 4, 4, 4, 7, 0, 0, 0, 0, 0, 7, 7, 0, 7, 7, 7, 7, 8, 4, 4, 7, 0, 0, 0, 0, 0, 6, 4, 0, 0, 0, 4, 0, 0, 0, 3, 3, 3, 3, 4, 0, 0, 2, 4, 0, 0, 0, 0, 0, 0, 0, 0, 0, 0, 0, 0, 0, 0, 0, 0, 0, 0, 0, 0, 0, 0, 0, 3, 3, 3, 3, 4, 0, 0, 2, 4, 0, 0, 0, 4, 3, 1, 0, 1, 0, 0, 0, 0, 0, 0, 0, 0, 0, 0, 0, 1, 0, 1, 1, 1, 0, 0, 0, 0, 0, 0, 0, 0, 0, 0, 0, 0, 0, 0, 0, 0, 0, 0, 0, 0, 0, 0, 0, 0, 0, 0, 0, 0, 0, 0, 7, 7, 0, 0, 0, 7, 7, 1, 1, 0, 0, 0, 0, 0, 0, 0, 0, 0, 0, 0, 0, 0, 0, 0, 0, 0, 0]
# Solver time:0.0282837, Greedy time: 0.000570977, before greedy: 3360276, after greedy: 3339795 in iteration: 1 after: 0.0925826 s
# Solver time:0.028693, Greedy time: 0.000306753, before greedy: 1501474, after greedy: 1501474 in iteration: 1 after: 0.0932688 s
# Solver time:0.032182, Greedy time: 0.000301814, before greedy: 540445, after greedy: 540445 in iteration: 1 after: 0.0938053 s
# Solver time:0.0341381, Greedy time: 0.000535937, before greedy: 1127258, after greedy: 1106777 in iteration: 1 after: 0.095842 s
# Solver time:0.0346176, Greedy time: 0.000541383, before greedy: 1197608, after greedy: 1176090 in iteration: 1 after: 0.0966846 s
# Solver time:0.0370946, Greedy time: 0.000298249, before greedy: 532844, after greedy: 532844 in iteration: 1 after: 0.0984525 s
# Solver time:0.0418785, Greedy time: 0.000313673, before greedy: 532844, after greedy: 532844 in iteration: 1 after: 0.102786 s
# Cost: 5.32844000e+05 (pid: 0) 0.15 s (iteration: 1)
[0, 1, 1, 0, 7, 1, 0, 7, 1, 1, 7, 3, 2, 0, 2, 0, 1, 1, 0, 1, 1, 1, 1, 2, 2, 0, 3, 3, 3, 1, 2, 0, 0, 0, 0, 0, 0, 0, 0, 0, 0, 0, 0, 0, 0, 0, 0, 0, 0, 0, 0, 0, 3, 3, 3, 3, 5, 0, 0, 0, 0, 0, 0, 0, 0, 0, 0, 0, 5, 5, 5, 9, 0, 5, 9, 0, 0, 9, 0, 0, 0, 0, 0, 0, 0, 0, 0, 0, 0, 0, 0, 0, 0, 0, 0, 0, 3, 0, 3, 11, 3, 3, 3, 11, 3, 0, 0, 2, 2, 2, 2, 0, 9, 3, 1, 9, 9, 9, 9, 3, 3, 3, 1, 9, 3, 3, 1, 9, 8, 6, 6, 6, 6, 6, 6, 6, 0, 8, 6, 6, 0, 8, 6, 6, 8, 6, 8, 6, 6, 6, 6, 6, 8, 2, 9, 9, 9, 3, 3, 3, 1, 9, 3, 3, 1, 9, 9, 9, 3, 3, 3, 1, 9, 3, 3, 1, 9, 0, 0, 0, 0, 0, 0, 0, 0, 0, 0, 0, 0, 0, 0, 0, 0, 0, 0, 0, 0, 0, 0, 0, 0, 0, 0, 0, 0, 0, 0, 0, 0, 0, 0, 0, 3, 3, 11, 3, 3, 3, 11, 3, 0, 0, 2, 2, 2, 13, 8, 2, 3, 8, 2, 2, 2, 2, 3, 3, 3, 1, 2, 3, 3, 1, 2, 8, 6, 6, 6, 6, 6, 6, 6, 6, 6, 6, 6, 6, 6, 6, 6, 6, 6, 8, 2, 2, 2, 2, 3, 3, 3, 1, 2, 3, 3, 1, 2, 3, 3, 3, 1, 5, 5, 5, 1, 7, 7, 7, 0, 0, 11, 0, 0, 11, 11, 0, 0, 0, 11, 11, 7, 7, 7, 3, 3, 3, 8, 8, 3, 0, 0, 3, 3, 3, 8, 8, 3, 8, 0, 0, 0, 0, 11, 11, 0, 0, 0, 11, 11, 7, 7, 7, 3, 3, 3, 8, 8, 3, 0, 0, 3, 3, 3, 8, 8, 3, 8, 0, 0, 0, 0, 0, 0, 0, 11, 11, 0, 0, 0, 11, 11, 7, 7, 7, 3, 3, 3, 8, 8, 3, 0, 0, 3, 3, 3, 8, 8, 3, 8, 0, 7, 0, 2, 7, 0, 2, 7, 7, 7, 7, 20, 14, 0, 14, 0, 2, 2, 0, 2, 2, 2, 7, 11, 2, 0, 3, 3, 3, 7, 2, 0, 0, 0, 0, 0, 0, 0, 0, 0, 0, 0, 0, 0, 0, 0, 0, 0, 0, 0, 0, 0, 0, 0, 0, 0, 0, 0, 0, 0, 0, 0, 0, 0, 0, 0, 0, 0, 0, 6, 0, 0, 0, 0, 0, 6, 0, 0, 0, 0, 0, 11, 3, 3, 3, 3, 11, 11, 11, 11, 11, 0, 0, 0, 0, 0, 0, 0, 0, 0, 6, 0, 0, 6, 0, 0, 6, 0, 11, 11, 11, 11, 10, 11, 0, 0, 11, 11, 11, 10, 5, 0, 11, 11, 6, 8, 5, 5, 5, 8, 5, 5, 5, 9, 0, 0, 0, 0, 0, 11, 11, 11, 11, 11, 11, 11, 11, 5, 5, 9, 0, 0, 0, 0, 0, 7, 2, 0, 9, 3, 7, 8, 8, 8, 8, 2, 2, 2, 7, 8, 3, 3, 7, 8, 8, 18, 15, 15, 15, 12, 8, 8, 0, 7, 8, 8, 0, 7, 8, 8, 7, 8, 7, 8, 8, 15, 12, 8, 8, 11, 8, 8, 8, 2, 2, 2, 7, 8, 3, 3, 7, 8, 8, 8, 2, 2, 2, 7, 8, 3, 3, 7, 8, 0, 0, 0, 0, 0, 0, 0, 0, 0, 0, 0, 0, 0, 0, 0, 0, 0, 0, 11, 0, 0, 0, 0, 0, 0, 0, 0, 0, 0, 0, 0, 0, 0, 0, 0, 11, 11, 11, 11, 11, 11, 11, 11, 11, 11, 0, 0, 11, 11, 11, 11, 6, 8, 10, 10, 5, 5, 5, 5, 8, 5, 5, 5, 9, 0, 0, 0, 0, 0, 11, 11, 11, 11, 11, 11, 11, 11, 5, 5, 9, 0, 0, 0, 0, 0, 7, 5, 8, 1, 3, 1, 1, 8, 8, 8, 2, 2, 2, 7, 8, 3, 3, 7, 8, 8, 18, 15, 15, 15, 12, 8, 8, 8, 8, 8, 8, 8, 8, 8, 15, 12, 8, 8, 11, 8, 8, 8, 2, 2, 2, 7, 8, 3, 3, 7, 8, 1, 1, 5, 1, 5, 2, 2, 0, 0, 0, 0, 0, 0, 0, 0, 0, 0, 0, 2, 7, 7, 7, 7, 0, 0, 11, 11, 0, 0, 0, 11, 11, 7, 2, 7, 3, 3, 3, 8, 8, 3, 0, 0, 3, 3, 3, 8, 8, 3, 8, 0, 0, 0, 11, 11, 0, 0, 0, 11, 11, 7, 7, 7, 3, 3, 3, 8, 8, 3, 0, 0, 3, 3, 3, 8, 8, 3, 8, 0, 7]
# Solver time:0.03994, Greedy time: 0.00044048, before greedy: 532844, after greedy: 532844 in iteration: 2 after: 0.216376 s
# Solver time:0.0439512, Greedy time: 0.000445785, before greedy: 532844, after greedy: 532844 in iteration: 2 after: 0.219807 s
# Solver time:0.0422654, Greedy time: 0.000635732, before greedy: 532844, after greedy: 532844 in iteration: 3 after: 0.332606 s
# Solver time:0.0428164, Greedy time: 0.000481797, before greedy: 532844, after greedy: 532844 in iteration: 3 after: 0.333644 s
# Solver time:0.041779, Greedy time: 0.000593238, before greedy: 532844, after greedy: 532844 in iteration: 4 after: 0.447036 s
# Solver time:0.0438311, Greedy time: 0.000599433, before greedy: 532844, after greedy: 532844 in iteration: 4 after: 0.450549 s
# Solver time:0.0444197, Greedy time: 0.000467185, before greedy: 532844, after greedy: 532844 in iteration: 4 after: 0.451535 s
# Solver time:0.0418827, Greedy time: 0.00029476, before greedy: 532844, after greedy: 532844 in iteration: 4 after: 0.452063 s
# Solver time:0.0447104, Greedy time: 0.000326177, before greedy: 532844, after greedy: 532844 in iteration: 4 after: 0.452803 s
# Solver time:0.0438703, Greedy time: 0.000320883, before greedy: 532844, after greedy: 532844 in iteration: 4 after: 0.454602 s
# Solver time:0.0437021, Greedy time: 0.000310797, before greedy: 532844, after greedy: 532844 in iteration: 4 after: 0.455481 s
# Solver time:0.0428767, Greedy time: 0.000549285, before greedy: 532844, after greedy: 532844 in iteration: 5 after: 0.570376 s
# Solver time:0.0416252, Greedy time: 0.000551494, before greedy: 532844, after greedy: 532844 in iteration: 6 after: 0.685015 s
# Solver time:0.0435571, Greedy time: 0.000599921, before greedy: 532844, after greedy: 532844 in iteration: 7 after: 0.796816 s
# Solver time:0.041073, Greedy time: 0.000583662, before greedy: 532844, after greedy: 532844 in iteration: 8 after: 0.909439 s
# Solver time:0.0401526, Greedy time: 0.000442585, before greedy: 532844, after greedy: 532844 in iteration: 8 after: 0.910218 s
# Solver time:0.0440709, Greedy time: 0.000456072, before greedy: 532844, after greedy: 532844 in iteration: 8 after: 0.914139 s
# Solver time:0.0396518, Greedy time: 0.000485282, before greedy: 532844, after greedy: 532844 in iteration: 9 after: 1.02572 s
# Solver time:0.0428567, Greedy time: 0.000494843, before greedy: 532844, after greedy: 532844 in iteration: 9 after: 1.02791 s
# Solver time:0.0428812, Greedy time: 0.000431759, before greedy: 532844, after greedy: 532844 in iteration: 9 after: 1.03148 s
# Solver time:0.0410911, Greedy time: 0.000501273, before greedy: 532844, after greedy: 532844 in iteration: 10 after: 1.14035 s
# Solver time:0.0412089, Greedy time: 0.000501331, before greedy: 532844, after greedy: 532844 in iteration: 10 after: 1.14035 s
# Solver time:0.0432229, Greedy time: 0.000493549, before greedy: 532844, after greedy: 532844 in iteration: 10 after: 1.14427 s
# Solver time:0.0421175, Greedy time: 0.000352856, before greedy: 532844, after greedy: 532844 in iteration: 10 after: 1.14438 s
# Solver time:0.0422042, Greedy time: 0.000305077, before greedy: 532844, after greedy: 532844 in iteration: 10 after: 1.14486 s
# Solver time:0.0426155, Greedy time: 0.000320936, before greedy: 532844, after greedy: 532844 in iteration: 10 after: 1.14633 s
# Solver time:0.0425819, Greedy time: 0.000532027, before greedy: 532844, after greedy: 532844 in iteration: 11 after: 1.25777 s
# Solver time:0.0432401, Greedy time: 0.000459539, before greedy: 532844, after greedy: 532844 in iteration: 11 after: 1.25963 s
# Solver time:0.0413003, Greedy time: 0.000518162, before greedy: 532844, after greedy: 532844 in iteration: 12 after: 1.36882 s
# Solver time:0.0401612, Greedy time: 0.000415904, before greedy: 532844, after greedy: 532844 in iteration: 12 after: 1.37155 s
# Solver time:0.0431698, Greedy time: 0.000437558, before greedy: 532844, after greedy: 532844 in iteration: 12 after: 1.37734 s
# Solver time:0.0402732, Greedy time: 0.000435039, before greedy: 532844, after greedy: 532844 in iteration: 13 after: 1.48561 s
# Solver time:0.0426767, Greedy time: 0.000395641, before greedy: 532844, after greedy: 532844 in iteration: 13 after: 1.48682 s
# Solver time:0.0391335, Greedy time: 0.000242546, before greedy: 532844, after greedy: 532844 in iteration: 13 after: 1.48706 s
# Solver time:0.0425293, Greedy time: 0.000325372, before greedy: 532844, after greedy: 532844 in iteration: 13 after: 1.48834 s
# Solver time:0.0422494, Greedy time: 0.000294726, before greedy: 532844, after greedy: 532844 in iteration: 13 after: 1.48879 s
# Solver time:0.041912, Greedy time: 0.00028399, before greedy: 532844, after greedy: 532844 in iteration: 13 after: 1.49004 s
# Solver time:0.0441876, Greedy time: 0.000285888, before greedy: 532844, after greedy: 532844 in iteration: 13 after: 1.49098 s
# Solver time:0.0429193, Greedy time: 0.000512416, before greedy: 532844, after greedy: 532844 in iteration: 14 after: 1.60462 s
# Solver time:0.043373, Greedy time: 0.000505907, before greedy: 532844, after greedy: 532844 in iteration: 15 after: 1.71873 s
# Solver time:0.0423025, Greedy time: 0.000519492, before greedy: 532844, after greedy: 532844 in iteration: 16 after: 1.83322 s
# Solver time:0.041559, Greedy time: 0.000447469, before greedy: 532844, after greedy: 532844 in iteration: 17 after: 1.94248 s
# Solver time:0.0421603, Greedy time: 0.000521887, before greedy: 532844, after greedy: 532844 in iteration: 18 after: 2.06001 s
# Solver time:0.0438256, Greedy time: 0.000499317, before greedy: 532844, after greedy: 532844 in iteration: 19 after: 2.17475 s
# Solver time:0.0413053, Greedy time: 0.000516651, before greedy: 532844, after greedy: 532844 in iteration: 20 after: 2.28955 s
# Solver time:0.0421194, Greedy time: 0.000513962, before greedy: 532844, after greedy: 532844 in iteration: 21 after: 2.40131 s
# Solver time:0.0431364, Greedy time: 0.000542425, before greedy: 532844, after greedy: 532844 in iteration: 22 after: 2.5156 s
# Solver time:0.0428651, Greedy time: 0.00046988, before greedy: 532844, after greedy: 532844 in iteration: 22 after: 2.51689 s
# Solver time:0.0438967, Greedy time: 0.000358952, before greedy: 532844, after greedy: 532844 in iteration: 22 after: 2.51842 s
# Solver time:0.0441911, Greedy time: 0.000320278, before greedy: 532844, after greedy: 532844 in iteration: 22 after: 2.51985 s
# Solver time:0.0445029, Greedy time: 0.000350943, before greedy: 532844, after greedy: 532844 in iteration: 22 after: 2.52006 s
# Solver time:0.0399543, Greedy time: 0.000447929, before greedy: 532844, after greedy: 532844 in iteration: 23 after: 2.62873 s
# Solver time:0.0435313, Greedy time: 0.000400901, before greedy: 532844, after greedy: 532844 in iteration: 23 after: 2.62923 s
# Solver time:0.0426406, Greedy time: 0.000337983, before greedy: 532844, after greedy: 532844 in iteration: 23 after: 2.63037 s
# Solver time:0.0421787, Greedy time: 0.000324184, before greedy: 532844, after greedy: 532844 in iteration: 23 after: 2.63222 s
# Solver time:0.0419874, Greedy time: 0.000302866, before greedy: 532844, after greedy: 532844 in iteration: 23 after: 2.63428 s
# Solver time:0.0444679, Greedy time: 0.000316048, before greedy: 532844, after greedy: 532844 in iteration: 23 after: 2.6345 s
# Solver time:0.0438538, Greedy time: 0.000293678, before greedy: 532844, after greedy: 532844 in iteration: 23 after: 2.63524 s
# Solver time:0.0438518, Greedy time: 0.000586215, before greedy: 532844, after greedy: 532844 in iteration: 24 after: 2.75035 s
# Solver time:0.0451399, Greedy time: 0.000605255, before greedy: 532844, after greedy: 532844 in iteration: 25 after: 2.86519 s
# Solver time:0.0485239, Greedy time: 0.000684615, before greedy: 532844, after greedy: 532844 in iteration: 27 after: 3.09725 s
# Solver time:0.0466319, Greedy time: 0.00050009, before greedy: 532844, after greedy: 532844 in iteration: 27 after: 3.09793 s
# Solver time:0.0493074, Greedy time: 0.000461364, before greedy: 532844, after greedy: 532844 in iteration: 27 after: 3.10011 s
# Solver time:0.0460667, Greedy time: 0.000364436, before greedy: 532844, after greedy: 532844 in iteration: 27 after: 3.10091 s
# Solver time:0.0469668, Greedy time: 0.000383794, before greedy: 532844, after greedy: 532844 in iteration: 27 after: 3.10203 s
# Solver time:0.0517387, Greedy time: 0.000367302, before greedy: 532844, after greedy: 532844 in iteration: 27 after: 3.10351 s
# Solver time:0.050564, Greedy time: 0.000358041, before greedy: 532844, after greedy: 532844 in iteration: 27 after: 3.10401 s
# Solver time:0.0475532, Greedy time: 0.000611495, before greedy: 532844, after greedy: 532844 in iteration: 28 after: 3.221 s
# Solver time:0.0446993, Greedy time: 0.000650244, before greedy: 532844, after greedy: 532844 in iteration: 29 after: 3.33403 s
# Solver time:0.0445882, Greedy time: 0.000525773, before greedy: 532844, after greedy: 532844 in iteration: 29 after: 3.33586 s
# Solver time:0.0490785, Greedy time: 0.000429524, before greedy: 532844, after greedy: 532844 in iteration: 29 after: 3.33786 s
# Solver time:0.0483314, Greedy time: 0.000434382, before greedy: 532844, after greedy: 532844 in iteration: 29 after: 3.338 s
# Solver time:0.0436516, Greedy time: 0.000374377, before greedy: 532844, after greedy: 532844 in iteration: 29 after: 3.33857 s
# Solver time:0.0471397, Greedy time: 0.000371527, before greedy: 532844, after greedy: 532844 in iteration: 29 after: 3.3406 s
# Solver time:0.0487183, Greedy time: 0.00034178, before greedy: 532844, after greedy: 532844 in iteration: 29 after: 3.34114 s
# Solver time:0.0445358, Greedy time: 0.000697911, before greedy: 532844, after greedy: 532844 in iteration: 30 after: 3.45792 s
# Solver time:0.0452179, Greedy time: 0.000713233, before greedy: 532844, after greedy: 532844 in iteration: 31 after: 3.57137 s
# Solver time:0.0447576, Greedy time: 0.000665545, before greedy: 532844, after greedy: 532844 in iteration: 32 after: 3.68861 s
# Solver time:0.0466621, Greedy time: 0.000631785, before greedy: 532844, after greedy: 532844 in iteration: 32 after: 3.69285 s
# Solver time:0.0448448, Greedy time: 0.000457203, before greedy: 532844, after greedy: 532844 in iteration: 32 after: 3.69368 s
# Solver time:0.0457448, Greedy time: 0.000417642, before greedy: 532844, after greedy: 532844 in iteration: 32 after: 3.69559 s
# Solver time:0.04578, Greedy time: 0.000734637, before greedy: 532844, after greedy: 532844 in iteration: 33 after: 3.81032 s
# Solver time:0.0427367, Greedy time: 0.000600286, before greedy: 532844, after greedy: 532844 in iteration: 34 after: 3.92279 s
# Solver time:0.042463, Greedy time: 0.000499474, before greedy: 532844, after greedy: 532844 in iteration: 34 after: 3.92406 s
# Solver time:0.043334, Greedy time: 0.000408059, before greedy: 532844, after greedy: 532844 in iteration: 34 after: 3.92495 s
# Solver time:0.0432462, Greedy time: 0.000345128, before greedy: 532844, after greedy: 532844 in iteration: 34 after: 3.92649 s
# Solver time:0.043373, Greedy time: 0.000502683, before greedy: 532844, after greedy: 532844 in iteration: 35 after: 4.04 s
# Solver time:0.0431652, Greedy time: 0.000440007, before greedy: 532844, after greedy: 532844 in iteration: 35 after: 4.04262 s
# Solver time:0.041198, Greedy time: 0.00048467, before greedy: 532844, after greedy: 532844 in iteration: 36 after: 4.15087 s
# Solver time:0.0423332, Greedy time: 0.000435447, before greedy: 532844, after greedy: 532844 in iteration: 36 after: 4.15282 s
# Solver time:0.0430964, Greedy time: 0.000398237, before greedy: 532844, after greedy: 532844 in iteration: 36 after: 4.15736 s
# Solver time:0.0413269, Greedy time: 0.000478001, before greedy: 532844, after greedy: 532844 in iteration: 37 after: 4.26392 s
# Solver time:0.0427922, Greedy time: 0.000458097, before greedy: 532844, after greedy: 532844 in iteration: 37 after: 4.26901 s
# Solver time:0.0434427, Greedy time: 0.0005087, before greedy: 532844, after greedy: 532844 in iteration: 38 after: 4.38558 s
# Solver time:0.0419176, Greedy time: 0.000472846, before greedy: 532844, after greedy: 532844 in iteration: 39 after: 4.49406 s
# Solver time:0.0415581, Greedy time: 0.000372984, before greedy: 532844, after greedy: 532844 in iteration: 39 after: 4.49471 s
# Solver time:0.0413759, Greedy time: 0.000349272, before greedy: 532844, after greedy: 532844 in iteration: 39 after: 4.49623 s
# Solver time:0.0404196, Greedy time: 0.000438606, before greedy: 532844, after greedy: 532844 in iteration: 40 after: 4.60518 s
# Solver time:0.0430662, Greedy time: 0.000392485, before greedy: 532844, after greedy: 532844 in iteration: 40 after: 4.60693 s
# Solver time:0.0415779, Greedy time: 0.000345152, before greedy: 532844, after greedy: 532844 in iteration: 40 after: 4.60865 s
# Solver time:0.0430944, Greedy time: 0.000319174, before greedy: 532844, after greedy: 532844 in iteration: 40 after: 4.6099 s
# Solver time:0.0419109, Greedy time: 0.00028638, before greedy: 532844, after greedy: 532844 in iteration: 40 after: 4.61039 s
# Solver time:0.0411761, Greedy time: 0.000437872, before greedy: 532844, after greedy: 532844 in iteration: 41 after: 4.71969 s
# Solver time:0.043108, Greedy time: 0.000402313, before greedy: 532844, after greedy: 532844 in iteration: 41 after: 4.72108 s
# Solver time:0.0430192, Greedy time: 0.00033677, before greedy: 532844, after greedy: 532844 in iteration: 41 after: 4.7223 s
# Solver time:0.0432237, Greedy time: 0.000329021, before greedy: 532844, after greedy: 532844 in iteration: 41 after: 4.72234 s
# Solver time:0.0423742, Greedy time: 0.000330938, before greedy: 532844, after greedy: 532844 in iteration: 41 after: 4.72337 s
# Solver time:0.0421736, Greedy time: 0.00029121, before greedy: 532844, after greedy: 532844 in iteration: 41 after: 4.7239 s
# Solver time:0.0409707, Greedy time: 0.000438217, before greedy: 532844, after greedy: 532844 in iteration: 42 after: 4.8325 s
# Solver time:0.0441573, Greedy time: 0.000454908, before greedy: 532844, after greedy: 532844 in iteration: 42 after: 4.83688 s
# Solver time:0.044137, Greedy time: 0.00038429, before greedy: 532844, after greedy: 532844 in iteration: 42 after: 4.83811 s
# Solver time:0.0435096, Greedy time: 0.000311214, before greedy: 532844, after greedy: 532844 in iteration: 42 after: 4.83874 s
# Solver time:0.0410306, Greedy time: 0.000495834, before greedy: 532844, after greedy: 532844 in iteration: 43 after: 4.94839 s
# Solver time:0.042855, Greedy time: 0.00044526, before greedy: 532844, after greedy: 532844 in iteration: 43 after: 4.95079 s
# Solver time:0.0433605, Greedy time: 0.000369817, before greedy: 532844, after greedy: 532844 in iteration: 43 after: 4.95313 s
# Solver time:0.0420329, Greedy time: 0.0004835, before greedy: 532844, after greedy: 532844 in iteration: 44 after: 5.06189 s
# Solver time:0.0424902, Greedy time: 0.000391053, before greedy: 532844, after greedy: 532844 in iteration: 44 after: 5.06261 s
# Solver time:0.0415449, Greedy time: 0.0003206, before greedy: 532844, after greedy: 532844 in iteration: 44 after: 5.06311 s
# Solver time:0.0415086, Greedy time: 0.000325082, before greedy: 532844, after greedy: 532844 in iteration: 44 after: 5.06323 s
# Solver time:0.0411352, Greedy time: 0.000313753, before greedy: 532844, after greedy: 532844 in iteration: 44 after: 5.0639 s
# Solver time:0.0306838, Greedy time: 0.000312105, before greedy: 532844, after greedy: 532844 in iteration: 45 after: 5.15519 s
# Cost: 5.32843000e+05 (pid: *) 5.16 s (iteration: 45)
[0, 1, 1, 0, 7, 1, 0, 7, 1, 1, 7, 3, 2, 0, 2, 0, 1, 1, 0, 1, 1, 1, 1, 2, 2, 0, 3, 3, 3, 1, 2, 0, 0, 0, 0, 0, 0, 0, 0, 0, 0, 0, 0, 0, 0, 0, 0, 0, 0, 0, 0, 0, 3, 3, 3, 3, 5, 0, 0, 0, 0, 0, 0, 0, 0, 0, 0, 0, 5, 5, 5, 1, 0, 5, 1, 0, 0, 1, 0, 0, 0, 0, 0, 0, 0, 0, 0, 0, 0, 0, 0, 0, 0, 0, 0, 0, 3, 0, 3, 11, 3, 3, 3, 11, 3, 0, 0, 2, 2, 2, 2, 0, 9, 3, 1, 9, 9, 9, 9, 3, 3, 3, 1, 9, 3, 3, 1, 9, 8, 1, 1, 1, 1, 1, 1, 1, 0, 1, 1, 1, 0, 1, 1, 1, 1, 1, 1, 1, 1, 1, 1, 1, 8, 9, 9, 9, 9, 3, 3, 3, 1, 9, 3, 3, 1, 9, 9, 9, 3, 3, 3, 1, 9, 3, 3, 1, 9, 0, 0, 0, 0, 0, 0, 0, 0, 0, 0, 0, 0, 0, 0, 0, 0, 0, 0, 0, 0, 0, 0, 0, 0, 0, 0, 0, 0, 0, 0, 0, 0, 0, 0, 0, 3, 3, 11, 3, 3, 3, 11, 3, 0, 0, 2, 2, 2, 13, 8, 2, 3, 1, 2, 2, 2, 2, 3, 3, 3, 1, 2, 3, 3, 1, 2, 8, 6, 6, 6, 6, 6, 6, 6, 6, 6, 6, 6, 6, 6, 6, 6, 6, 6, 8, 2, 2, 2, 2, 3, 3, 3, 1, 2, 3, 3, 1, 2, 3, 3, 3, 1, 5, 5, 5, 1, 7, 7, 7, 0, 0, 11, 0, 0, 11, 11, 0, 0, 0, 11, 11, 7, 7, 7, 3, 3, 3, 8, 8, 3, 0, 0, 3, 3, 3, 8, 8, 3, 8, 0, 0, 0, 0, 11, 11, 0, 0, 0, 11, 11, 7, 7, 7, 3, 3, 3, 8, 8, 3, 0, 0, 3, 3, 3, 8, 8, 3, 8, 0, 0, 0, 0, 0, 0, 0, 11, 11, 0, 0, 0, 11, 11, 7, 7, 7, 3, 3, 3, 8, 8, 3, 0, 0, 3, 3, 3, 8, 8, 3, 8, 0, 7, 0, 2, 7, 0, 2, 7, 7, 7, 7, 20, 14, 0, 14, 0, 2, 2, 0, 2, 2, 2, 7, 11, 2, 0, 3, 3, 3, 7, 2, 0, 0, 0, 0, 0, 0, 0, 0, 0, 0, 0, 0, 0, 0, 0, 0, 0, 0, 0, 0, 0, 0, 0, 0, 0, 0, 0, 0, 0, 0, 0, 0, 0, 0, 0, 0, 0, 0, 1, 0, 0, 0, 0, 0, 1, 0, 0, 0, 0, 0, 11, 3, 3, 3, 3, 11, 11, 11, 11, 11, 0, 0, 0, 0, 0, 0, 0, 0, 0, 1, 0, 0, 1, 0, 0, 1, 0, 11, 11, 11, 11, 10, 11, 0, 0, 11, 11, 11, 10, 5, 0, 11, 11, 6, 8, 5, 5, 5, 8, 5, 5, 5, 9, 0, 0, 0, 0, 0, 11, 11, 11, 11, 11, 11, 11, 11, 5, 5, 9, 0, 0, 0, 0, 0, 7, 2, 0, 9, 3, 7, 8, 8, 8, 8, 2, 2, 2, 7, 8, 3, 3, 7, 8, 8, 18, 15, 15, 15, 12, 8, 8, 0, 7, 8, 8, 0, 7, 8, 8, 7, 8, 7, 8, 8, 15, 12, 8, 8, 11, 8, 8, 8, 2, 2, 2, 7, 8, 3, 3, 7, 8, 8, 8, 2, 2, 2, 7, 8, 3, 3, 7, 8, 0, 0, 0, 0, 0, 0, 0, 0, 0, 0, 0, 0, 0, 0, 0, 0, 0, 0, 11, 0, 0, 0, 0, 0, 0, 0, 0, 0, 0, 0, 0, 0, 0, 0, 0, 11, 11, 11, 11, 11, 11, 11, 11, 11, 11, 0, 0, 11, 11, 11, 11, 6, 8, 10, 10, 5, 5, 5, 5, 8, 5, 5, 5, 9, 0, 0, 0, 0, 0, 11, 11, 11, 11, 11, 11, 11, 11, 5, 5, 9, 0, 0, 0, 0, 0, 7, 5, 8, 1, 3, 1, 1, 8, 8, 8, 2, 2, 2, 7, 8, 3, 3, 7, 8, 8, 18, 15, 15, 15, 12, 8, 8, 8, 8, 8, 8, 8, 8, 8, 15, 12, 8, 8, 11, 8, 8, 8, 2, 2, 2, 7, 8, 3, 3, 7, 8, 1, 1, 5, 1, 5, 2, 2, 0, 0, 0, 0, 0, 0, 0, 0, 0, 0, 0, 2, 7, 7, 7, 7, 0, 0, 11, 11, 0, 0, 0, 11, 11, 7, 2, 7, 3, 3, 3, 8, 8, 3, 0, 0, 3, 3, 3, 8, 8, 3, 8, 0, 0, 0, 11, 11, 0, 0, 0, 11, 11, 7, 7, 7, 3, 3, 3, 8, 8, 3, 0, 0, 3, 3, 3, 8, 8, 3, 8, 0, 7]
# Solver time:0.0405046, Greedy time: 0.00033042, before greedy: 532844, after greedy: 532844 in iteration: 45 after: 5.17238 s
# Solver time:0.041786, Greedy time: 0.000306059, before greedy: 532844, after greedy: 532844 in iteration: 45 after: 5.17697 s
# Solver time:0.0423726, Greedy time: 0.000354469, before greedy: 532844, after greedy: 532844 in iteration: 45 after: 5.17697 s
# Solver time:0.0420491, Greedy time: 0.000288285, before greedy: 532844, after greedy: 532844 in iteration: 45 after: 5.1774 s
# Solver time:0.0413351, Greedy time: 0.00028342, before greedy: 532844, after greedy: 532844 in iteration: 45 after: 5.17838 s
