# Preprocessing: 0.0722202 s
# nodes: 816 edges: 1096
# strategies: 10188 intervals: 675
# Cost: 1.58000000e+20 (greedy) 0.07 s (iteration: 1)
[0, 4, 4, 0, 4, 4, 0, 4, 4, 4, 4, 1, 1, 0, 8, 0, 4, 4, 0, 4, 4, 4, 6, 1, 1, 0, 2, 2, 2, 6, 1, 5, 0, 0, 0, 0, 0, 0, 0, 0, 0, 0, 0, 0, 0, 0, 0, 0, 0, 0, 0, 0, 2, 2, 2, 2, 3, 0, 0, 0, 0, 0, 0, 0, 0, 0, 0, 0, 3, 3, 3, 7, 0, 3, 7, 0, 0, 7, 0, 0, 0, 0, 0, 0, 0, 0, 0, 0, 0, 0, 0, 0, 0, 0, 0, 0, 0, 0, 0, 8, 0, 0, 0, 8, 0, 0, 0, 0, 0, 0, 0, 4, 0, 2, 6, 0, 0, 0, 0, 0, 0, 0, 6, 0, 2, 2, 6, 0, 4, 0, 0, 0, 0, 0, 0, 0, 0, 6, 0, 0, 0, 6, 0, 0, 6, 0, 6, 0, 0, 0, 0, 0, 4, 0, 0, 0, 0, 0, 0, 0, 6, 0, 2, 2, 6, 0, 0, 0, 0, 0, 0, 6, 0, 2, 2, 6, 0, 5, 0, 0, 0, 0, 0, 0, 0, 0, 0, 0, 0, 0, 0, 0, 0, 0, 0, 0, 0, 0, 0, 0, 0, 0, 0, 0, 0, 0, 0, 0, 0, 0, 0, 0, 0, 0, 8, 0, 0, 0, 8, 0, 0, 0, 0, 0, 0, 0, 4, 0, 2, 6, 0, 0, 0, 0, 0, 0, 0, 6, 0, 2, 2, 6, 0, 4, 0, 0, 0, 0, 0, 0, 0, 0, 0, 0, 0, 0, 0, 0, 0, 0, 0, 4, 0, 0, 0, 0, 0, 0, 0, 6, 0, 2, 2, 6, 0, 0, 0, 1, 4, 4, 4, 0, 1, 1, 1, 1, 0, 0, 7, 0, 0, 0, 0, 0, 0, 0, 0, 0, 0, 0, 0, 0, 0, 0, 0, 0, 0, 0, 0, 0, 0, 0, 0, 0, 0, 0, 0, 0, 0, 0, 7, 7, 0, 0, 0, 7, 7, 1, 1, 0, 0, 0, 0, 0, 0, 0, 0, 0, 0, 0, 0, 0, 0, 0, 0, 0, 0, 0, 0, 0, 0, 0, 7, 7, 0, 0, 0, 7, 7, 1, 1, 0, 0, 0, 0, 0, 0, 0, 0, 0, 0, 0, 0, 0, 0, 0, 0, 0, 0, 0, 1, 1, 0, 1, 1, 1, 1, 0, 1, 1, 0, 2, 0, 1, 1, 0, 1, 1, 1, 4, 1, 1, 0, 2, 0, 2, 4, 1, 0, 0, 0, 0, 0, 0, 0, 0, 0, 0, 0, 0, 0, 0, 0, 0, 0, 0, 0, 0, 0, 0, 0, 0, 0, 0, 0, 0, 0, 0, 0, 0, 0, 0, 0, 0, 0, 0, 5, 0, 0, 0, 0, 0, 5, 0, 0, 0, 0, 0, 7, 2, 2, 2, 2, 7, 7, 0, 7, 7, 0, 0, 0, 0, 0, 0, 0, 0, 0, 5, 0, 0, 5, 0, 0, 5, 0, 7, 7, 7, 7, 6, 7, 0, 0, 7, 7, 7, 6, 4, 0, 8, 8, 5, 6, 4, 4, 4, 6, 4, 4, 4, 7, 0, 0, 0, 0, 0, 7, 7, 0, 7, 7, 7, 7, 8, 4, 4, 7, 0, 0, 0, 0, 0, 6, 4, 0, 0, 0, 4, 0, 0, 0, 3, 3, 3, 3, 4, 0, 0, 2, 4, 0, 0, 0, 0, 0, 0, 0, 0, 0, 0, 4, 0, 0, 0, 4, 0, 0, 4, 0, 4, 0, 0, 0, 0, 0, 0, 0, 0, 0, 3, 3, 3, 3, 4, 0, 0, 2, 4, 0, 0, 3, 3, 3, 3, 4, 0, 0, 2, 4, 0, 0, 0, 0, 0, 0, 0, 0, 0, 0, 0, 0, 0, 0, 0, 0, 0, 0, 0, 7, 0, 0, 0, 0, 0, 0, 0, 0, 0, 0, 0, 0, 0, 0, 0, 0, 7, 7, 0, 7, 7, 7, 7, 7, 8, 7, 0, 0, 7, 7, 7, 8, 5, 6, 6, 6, 4, 4, 4, 4, 6, 4, 4, 4, 7, 0, 0, 0, 0, 0, 7, 7, 0, 7, 7, 7, 7, 8, 4, 4, 7, 0, 0, 0, 0, 0, 6, 4, 0, 0, 0, 4, 0, 0, 0, 3, 3, 3, 3, 4, 0, 0, 2, 4, 0, 0, 0, 0, 0, 0, 0, 0, 0, 0, 0, 0, 0, 0, 0, 0, 0, 0, 0, 0, 0, 0, 0, 3, 3, 3, 3, 4, 0, 0, 2, 4, 0, 0, 0, 4, 3, 1, 0, 1, 0, 0, 0, 0, 0, 0, 0, 0, 0, 0, 0, 1, 0, 1, 1, 1, 0, 0, 0, 0, 0, 0, 0, 0, 0, 0, 0, 0, 0, 0, 0, 0, 0, 0, 0, 0, 0, 0, 0, 0, 0, 0, 0, 0, 0, 0, 7, 7, 0, 0, 0, 7, 7, 1, 1, 0, 0, 0, 0, 0, 0, 0, 0, 0, 0, 0, 0, 0, 0, 0, 0, 0, 0]
# Solver time:0.0275366, Greedy time: 0.000232745, before greedy: 2698396, after greedy: 2698396 in iteration: 1 after: 0.114134 s
# Solver time:0.0283599, Greedy time: 0.000520077, before greedy: 3360276, after greedy: 3339795 in iteration: 1 after: 0.116006 s
# Solver time:0.0341505, Greedy time: 0.000519071, before greedy: 1197608, after greedy: 1176090 in iteration: 1 after: 0.121 s
# Solver time:0.0373489, Greedy time: 0.000292879, before greedy: 532844, after greedy: 532844 in iteration: 1 after: 0.123536 s
# Solver time:0.0353445, Greedy time: 0.000509912, before greedy: 1127258, after greedy: 1106777 in iteration: 1 after: 0.123725 s
# Solver time:0.0414926, Greedy time: 0.000279207, before greedy: 532844, after greedy: 532844 in iteration: 1 after: 0.130363 s
# Solver time:0.0496364, Greedy time: 0.000513146, before greedy: 540445, after greedy: 540445 in iteration: 1 after: 0.137178 s
# Cost: 5.32844000e+05 (pid: 0) 0.18 s (iteration: 1)
[0, 1, 1, 0, 7, 1, 0, 7, 1, 1, 7, 3, 2, 0, 2, 0, 1, 1, 0, 1, 1, 1, 1, 2, 2, 0, 3, 3, 3, 1, 2, 0, 0, 0, 0, 0, 0, 0, 0, 0, 0, 0, 0, 0, 0, 0, 0, 0, 0, 0, 0, 0, 3, 3, 3, 3, 5, 0, 0, 0, 0, 0, 0, 0, 0, 0, 0, 0, 5, 5, 5, 9, 0, 5, 9, 0, 0, 9, 0, 0, 0, 0, 0, 0, 0, 0, 0, 0, 0, 0, 0, 0, 0, 0, 0, 0, 3, 0, 3, 11, 3, 3, 3, 11, 3, 0, 0, 2, 2, 2, 2, 0, 9, 3, 1, 9, 9, 9, 9, 3, 3, 3, 1, 9, 3, 3, 1, 9, 8, 6, 6, 6, 6, 6, 6, 6, 0, 8, 6, 6, 0, 8, 6, 6, 8, 6, 8, 6, 6, 6, 6, 6, 8, 2, 9, 9, 9, 3, 3, 3, 1, 9, 3, 3, 1, 9, 9, 9, 3, 3, 3, 1, 9, 3, 3, 1, 9, 0, 0, 0, 0, 0, 0, 0, 0, 0, 0, 0, 0, 0, 0, 0, 0, 0, 0, 0, 0, 0, 0, 0, 0, 0, 0, 0, 0, 0, 0, 0, 0, 0, 0, 0, 3, 3, 11, 3, 3, 3, 11, 3, 0, 0, 2, 2, 2, 13, 8, 2, 3, 8, 2, 2, 2, 2, 3, 3, 3, 1, 2, 3, 3, 1, 2, 8, 6, 6, 6, 6, 6, 6, 6, 6, 6, 6, 6, 6, 6, 6, 6, 6, 6, 8, 2, 2, 2, 2, 3, 3, 3, 1, 2, 3, 3, 1, 2, 3, 3, 3, 1, 5, 5, 5, 1, 7, 7, 7, 0, 0, 11, 0, 0, 11, 11, 0, 0, 0, 11, 11, 7, 7, 7, 3, 3, 3, 8, 8, 3, 0, 0, 3, 3, 3, 8, 8, 3, 8, 0, 0, 0, 0, 11, 11, 0, 0, 0, 11, 11, 7, 7, 7, 3, 3, 3, 8, 8, 3, 0, 0, 3, 3, 3, 8, 8, 3, 8, 0, 0, 0, 0, 0, 0, 0, 11, 11, 0, 0, 0, 11, 11, 7, 7, 7, 3, 3, 3, 8, 8, 3, 0, 0, 3, 3, 3, 8, 8, 3, 8, 0, 7, 0, 2, 7, 0, 2, 7, 7, 7, 7, 20, 14, 0, 14, 0, 2, 2, 0, 2, 2, 2, 7, 11, 2, 0, 3, 3, 3, 7, 2, 0, 0, 0, 0, 0, 0, 0, 0, 0, 0, 0, 0, 0, 0, 0, 0, 0, 0, 0, 0, 0, 0, 0, 0, 0, 0, 0, 0, 0, 0, 0, 0, 0, 0, 0, 0, 0, 0, 6, 0, 0, 0, 0, 0, 6, 0, 0, 0, 0, 0, 11, 3, 3, 3, 3, 11, 11, 11, 11, 11, 0, 0, 0, 0, 0, 0, 0, 0, 0, 6, 0, 0, 6, 0, 0, 6, 0, 11, 11, 11, 11, 10, 11, 0, 0, 11, 11, 11, 10, 5, 0, 11, 11, 6, 8, 5, 5, 5, 8, 5, 5, 5, 9, 0, 0, 0, 0, 0, 11, 11, 11, 11, 11, 11, 11, 11, 5, 5, 9, 0, 0, 0, 0, 0, 7, 2, 0, 9, 3, 7, 8, 8, 8, 8, 2, 2, 2, 7, 8, 3, 3, 7, 8, 8, 18, 15, 15, 15, 12, 8, 8, 0, 7, 8, 8, 0, 7, 8, 8, 7, 8, 7, 8, 8, 15, 12, 8, 8, 11, 8, 8, 8, 2, 2, 2, 7, 8, 3, 3, 7, 8, 8, 8, 2, 2, 2, 7, 8, 3, 3, 7, 8, 0, 0, 0, 0, 0, 0, 0, 0, 0, 0, 0, 0, 0, 0, 0, 0, 0, 0, 11, 0, 0, 0, 0, 0, 0, 0, 0, 0, 0, 0, 0, 0, 0, 0, 0, 11, 11, 11, 11, 11, 11, 11, 11, 11, 11, 0, 0, 11, 11, 11, 11, 6, 8, 10, 10, 5, 5, 5, 5, 8, 5, 5, 5, 9, 0, 0, 0, 0, 0, 11, 11, 11, 11, 11, 11, 11, 11, 5, 5, 9, 0, 0, 0, 0, 0, 7, 5, 8, 1, 3, 1, 1, 8, 8, 8, 2, 2, 2, 7, 8, 3, 3, 7, 8, 8, 18, 15, 15, 15, 12, 8, 8, 8, 8, 8, 8, 8, 8, 8, 15, 12, 8, 8, 11, 8, 8, 8, 2, 2, 2, 7, 8, 3, 3, 7, 8, 1, 1, 5, 1, 5, 2, 2, 0, 0, 0, 0, 0, 0, 0, 0, 0, 0, 0, 2, 7, 7, 7, 7, 0, 0, 11, 11, 0, 0, 0, 11, 11, 7, 2, 7, 3, 3, 3, 8, 8, 3, 0, 0, 3, 3, 3, 8, 8, 3, 8, 0, 0, 0, 11, 11, 0, 0, 0, 11, 11, 7, 7, 7, 3, 3, 3, 8, 8, 3, 0, 0, 3, 3, 3, 8, 8, 3, 8, 0, 7]
# Solver time:0.0414953, Greedy time: 0.000377024, before greedy: 532844, after greedy: 532844 in iteration: 2 after: 0.248268 s
# Solver time:0.0451889, Greedy time: 0.000366038, before greedy: 532844, after greedy: 532844 in iteration: 2 after: 0.253575 s
# Solver time:0.0418538, Greedy time: 0.00037404, before greedy: 532844, after greedy: 532844 in iteration: 3 after: 0.361915 s
# Solver time:0.0414393, Greedy time: 0.000286933, before greedy: 532844, after greedy: 532844 in iteration: 3 after: 0.363906 s
# Solver time:0.0425181, Greedy time: 0.00042502, before greedy: 532844, after greedy: 532844 in iteration: 4 after: 0.478675 s
# Solver time:0.0420808, Greedy time: 0.000363151, before greedy: 532844, after greedy: 532844 in iteration: 4 after: 0.479931 s
# Solver time:0.045476, Greedy time: 0.000322737, before greedy: 532844, after greedy: 532844 in iteration: 4 after: 0.481905 s
# Solver time:0.0426854, Greedy time: 0.000305861, before greedy: 532844, after greedy: 532844 in iteration: 4 after: 0.482904 s
# Solver time:0.0448399, Greedy time: 0.000303367, before greedy: 532844, after greedy: 532844 in iteration: 4 after: 0.48341 s
# Solver time:0.0447926, Greedy time: 0.00028847, before greedy: 532844, after greedy: 532844 in iteration: 4 after: 0.484254 s
# Solver time:0.0428037, Greedy time: 0.000499796, before greedy: 532844, after greedy: 532844 in iteration: 5 after: 0.594033 s
# Solver time:0.042227, Greedy time: 0.000430437, before greedy: 532844, after greedy: 532844 in iteration: 5 after: 0.5943 s
# Solver time:0.0429986, Greedy time: 0.000404548, before greedy: 532844, after greedy: 532844 in iteration: 5 after: 0.597061 s
# Solver time:0.0439779, Greedy time: 0.000380348, before greedy: 532844, after greedy: 532844 in iteration: 5 after: 0.598773 s
# Solver time:0.0440408, Greedy time: 0.000523534, before greedy: 532844, after greedy: 532844 in iteration: 6 after: 0.711022 s
# Solver time:0.0451543, Greedy time: 0.000496883, before greedy: 532844, after greedy: 532844 in iteration: 6 after: 0.713986 s
# Solver time:0.04537, Greedy time: 0.000400346, before greedy: 532844, after greedy: 532844 in iteration: 6 after: 0.714819 s
# Solver time:0.0463075, Greedy time: 0.000362474, before greedy: 532844, after greedy: 532844 in iteration: 6 after: 0.716893 s
# Solver time:0.045741, Greedy time: 0.000371028, before greedy: 532844, after greedy: 532844 in iteration: 6 after: 0.71914 s
# Solver time:0.0400944, Greedy time: 0.000393899, before greedy: 532844, after greedy: 532844 in iteration: 7 after: 0.831233 s
# Solver time:0.0429991, Greedy time: 0.000430195, before greedy: 532844, after greedy: 532844 in iteration: 7 after: 0.834888 s
# Solver time:0.0444235, Greedy time: 0.000429278, before greedy: 532844, after greedy: 532844 in iteration: 8 after: 0.948246 s
# Solver time:0.0437758, Greedy time: 0.000376724, before greedy: 532844, after greedy: 532844 in iteration: 8 after: 0.948563 s
# Solver time:0.0426919, Greedy time: 0.000328857, before greedy: 532844, after greedy: 532844 in iteration: 8 after: 0.950304 s
# Solver time:0.0418535, Greedy time: 0.000413164, before greedy: 532844, after greedy: 532844 in iteration: 9 after: 1.05824 s
# Solver time:0.0432541, Greedy time: 0.000388218, before greedy: 532844, after greedy: 532844 in iteration: 9 after: 1.06164 s
# Solver time:0.0399561, Greedy time: 0.000266187, before greedy: 532844, after greedy: 532844 in iteration: 9 after: 1.06231 s
# Solver time:0.0433182, Greedy time: 0.000320485, before greedy: 532844, after greedy: 532844 in iteration: 9 after: 1.06315 s
# Solver time:0.0427032, Greedy time: 0.000303868, before greedy: 532844, after greedy: 532844 in iteration: 9 after: 1.0634 s
# Solver time:0.0426642, Greedy time: 0.000500962, before greedy: 532844, after greedy: 532844 in iteration: 10 after: 1.17215 s
# Solver time:0.043199, Greedy time: 0.000425735, before greedy: 532844, after greedy: 532844 in iteration: 10 after: 1.17382 s
# Solver time:0.0445367, Greedy time: 0.000400372, before greedy: 532844, after greedy: 532844 in iteration: 10 after: 1.17577 s
# Solver time:0.0448741, Greedy time: 0.000364991, before greedy: 532844, after greedy: 532844 in iteration: 10 after: 1.17729 s
# Solver time:0.0451118, Greedy time: 0.000335464, before greedy: 532844, after greedy: 532844 in iteration: 10 after: 1.17842 s
# Solver time:0.0444269, Greedy time: 0.000347378, before greedy: 532844, after greedy: 532844 in iteration: 10 after: 1.1792 s
# Solver time:0.0440533, Greedy time: 0.000347724, before greedy: 532844, after greedy: 532844 in iteration: 10 after: 1.17984 s
# Solver time:0.0449495, Greedy time: 0.000466026, before greedy: 532844, after greedy: 532844 in iteration: 11 after: 1.29413 s
# Solver time:0.0443535, Greedy time: 0.000433831, before greedy: 532844, after greedy: 532844 in iteration: 12 after: 1.40787 s
# Solver time:0.0457245, Greedy time: 0.00053573, before greedy: 532844, after greedy: 532844 in iteration: 13 after: 1.52678 s
# Solver time:0.045444, Greedy time: 0.000527278, before greedy: 532844, after greedy: 532844 in iteration: 14 after: 1.64041 s
# Solver time:0.0442237, Greedy time: 0.000464378, before greedy: 532844, after greedy: 532844 in iteration: 15 after: 1.75801 s
# Solver time:0.039761, Greedy time: 0.000362312, before greedy: 532844, after greedy: 532844 in iteration: 16 after: 1.87058 s
# Solver time:0.0427655, Greedy time: 0.000437966, before greedy: 532844, after greedy: 532844 in iteration: 17 after: 1.98817 s
# Solver time:0.0430307, Greedy time: 0.000514977, before greedy: 532844, after greedy: 532844 in iteration: 18 after: 2.09688 s
# Solver time:0.0459363, Greedy time: 0.000558136, before greedy: 532844, after greedy: 532844 in iteration: 19 after: 2.21939 s
# Solver time:0.0458132, Greedy time: 0.000468317, before greedy: 532844, after greedy: 532844 in iteration: 19 after: 2.22003 s
# Solver time:0.0447421, Greedy time: 0.000384515, before greedy: 532844, after greedy: 532844 in iteration: 19 after: 2.22164 s
# Solver time:0.0431025, Greedy time: 0.000441337, before greedy: 532844, after greedy: 532844 in iteration: 20 after: 2.33321 s
# Solver time:0.0391925, Greedy time: 0.000335364, before greedy: 532844, after greedy: 532844 in iteration: 20 after: 2.33325 s
# Solver time:0.0424391, Greedy time: 0.000391532, before greedy: 532844, after greedy: 532844 in iteration: 20 after: 2.3358 s
# Solver time:0.0396653, Greedy time: 0.000379002, before greedy: 532844, after greedy: 532844 in iteration: 21 after: 2.44641 s
# Solver time:0.0428068, Greedy time: 0.000383385, before greedy: 532844, after greedy: 532844 in iteration: 21 after: 2.44761 s
# Solver time:0.0425509, Greedy time: 0.000353107, before greedy: 532844, after greedy: 532844 in iteration: 21 after: 2.45002 s
# Solver time:0.0422478, Greedy time: 0.000325697, before greedy: 532844, after greedy: 532844 in iteration: 21 after: 2.45072 s
# Solver time:0.0400865, Greedy time: 0.000360472, before greedy: 532844, after greedy: 532844 in iteration: 22 after: 2.56078 s
# Solver time:0.0434422, Greedy time: 0.000357078, before greedy: 532844, after greedy: 532844 in iteration: 22 after: 2.56128 s
# Solver time:0.0396298, Greedy time: 0.000256525, before greedy: 532844, after greedy: 532844 in iteration: 22 after: 2.56206 s
# Solver time:0.0433507, Greedy time: 0.000342768, before greedy: 532844, after greedy: 532844 in iteration: 22 after: 2.56228 s
# Solver time:0.0430589, Greedy time: 0.000300484, before greedy: 532844, after greedy: 532844 in iteration: 22 after: 2.56276 s
# Solver time:0.0425595, Greedy time: 0.000297489, before greedy: 532844, after greedy: 532844 in iteration: 22 after: 2.56425 s
# Solver time:0.0427038, Greedy time: 0.000305587, before greedy: 532844, after greedy: 532844 in iteration: 22 after: 2.56597 s
# Solver time:0.0448616, Greedy time: 0.000527808, before greedy: 532844, after greedy: 532844 in iteration: 23 after: 2.68348 s
# Solver time:0.0444274, Greedy time: 0.00054398, before greedy: 532844, after greedy: 532844 in iteration: 24 after: 2.79738 s
# Solver time:0.0447016, Greedy time: 0.000533676, before greedy: 532844, after greedy: 532844 in iteration: 25 after: 2.91351 s
# Solver time:0.0447156, Greedy time: 0.000513421, before greedy: 532844, after greedy: 532844 in iteration: 26 after: 3.02832 s
# Solver time:0.0465488, Greedy time: 0.000534503, before greedy: 532844, after greedy: 532844 in iteration: 27 after: 3.1497 s
# Solver time:0.0450101, Greedy time: 0.000532348, before greedy: 532844, after greedy: 532844 in iteration: 28 after: 3.26941 s
# Solver time:0.0443751, Greedy time: 0.000537002, before greedy: 532844, after greedy: 532844 in iteration: 29 after: 3.38296 s
# Solver time:0.0435769, Greedy time: 0.000514559, before greedy: 532844, after greedy: 532844 in iteration: 30 after: 3.50066 s
# Solver time:0.0459698, Greedy time: 0.000543777, before greedy: 532844, after greedy: 532844 in iteration: 31 after: 3.6232 s
# Solver time:0.0439809, Greedy time: 0.00045185, before greedy: 532844, after greedy: 532844 in iteration: 32 after: 3.73567 s
# Solver time:0.0416746, Greedy time: 0.000410322, before greedy: 532844, after greedy: 532844 in iteration: 33 after: 3.84877 s
# Solver time:0.0415207, Greedy time: 0.000404162, before greedy: 532844, after greedy: 532844 in iteration: 34 after: 3.96343 s
# Solver time:0.0417543, Greedy time: 0.000398051, before greedy: 532844, after greedy: 532844 in iteration: 35 after: 4.07104 s
# Solver time:0.04227, Greedy time: 0.000341706, before greedy: 532844, after greedy: 532844 in iteration: 35 after: 4.07214 s
# Solver time:0.0434966, Greedy time: 0.000312664, before greedy: 532844, after greedy: 532844 in iteration: 35 after: 4.0744 s
# Solver time:0.043503, Greedy time: 0.000287289, before greedy: 532844, after greedy: 532844 in iteration: 35 after: 4.07584 s
# Solver time:0.0428776, Greedy time: 0.000296764, before greedy: 532844, after greedy: 532844 in iteration: 35 after: 4.07606 s
# Solver time:0.042777, Greedy time: 0.000280542, before greedy: 532844, after greedy: 532844 in iteration: 35 after: 4.07678 s
# Solver time:0.0422248, Greedy time: 0.000291394, before greedy: 532844, after greedy: 532844 in iteration: 35 after: 4.07697 s
# Solver time:0.0417135, Greedy time: 0.000407085, before greedy: 532844, after greedy: 532844 in iteration: 36 after: 4.18615 s
# Solver time:0.0432273, Greedy time: 0.000401642, before greedy: 532844, after greedy: 532844 in iteration: 37 after: 4.30686 s
# Solver time:0.0411825, Greedy time: 0.000395844, before greedy: 532844, after greedy: 532844 in iteration: 38 after: 4.41537 s
# Solver time:0.0413984, Greedy time: 0.000396222, before greedy: 532844, after greedy: 532844 in iteration: 39 after: 4.53069 s
# Solver time:0.0415325, Greedy time: 0.000384942, before greedy: 532844, after greedy: 532844 in iteration: 40 after: 4.6423 s
# Solver time:0.042275, Greedy time: 0.000385335, before greedy: 532844, after greedy: 532844 in iteration: 41 after: 4.7575 s
# Solver time:0.0421815, Greedy time: 0.000403078, before greedy: 532844, after greedy: 532844 in iteration: 42 after: 4.87301 s
# Solver time:0.0419014, Greedy time: 0.000402546, before greedy: 532844, after greedy: 532844 in iteration: 43 after: 4.98856 s
# Solver time:0.0432011, Greedy time: 0.000400146, before greedy: 532844, after greedy: 532844 in iteration: 44 after: 5.10079 s
# Solver time:0.0412038, Greedy time: 0.000386881, before greedy: 532844, after greedy: 532844 in iteration: 45 after: 5.20843 s
# Solver time:0.0443204, Greedy time: 0.00039061, before greedy: 532844, after greedy: 532844 in iteration: 46 after: 5.3306 s
# Cost: 5.32843000e+05 (pid: *) 5.38 s (iteration: 46)
[0, 1, 1, 0, 7, 1, 0, 7, 1, 1, 7, 3, 2, 0, 2, 0, 1, 1, 0, 1, 1, 1, 1, 2, 2, 0, 3, 3, 3, 1, 2, 0, 0, 0, 0, 0, 0, 0, 0, 0, 0, 0, 0, 0, 0, 0, 0, 0, 0, 0, 0, 0, 3, 3, 3, 3, 5, 0, 0, 0, 0, 0, 0, 0, 0, 0, 0, 0, 5, 5, 5, 1, 0, 5, 1, 0, 0, 1, 0, 0, 0, 0, 0, 0, 0, 0, 0, 0, 0, 0, 0, 0, 0, 0, 0, 0, 3, 0, 3, 11, 3, 3, 3, 11, 3, 0, 0, 2, 2, 2, 2, 0, 9, 3, 1, 9, 9, 9, 9, 3, 3, 3, 1, 9, 3, 3, 1, 9, 8, 1, 1, 1, 1, 1, 1, 1, 0, 1, 1, 1, 0, 1, 1, 1, 1, 1, 1, 1, 1, 1, 1, 1, 8, 9, 9, 9, 9, 3, 3, 3, 1, 9, 3, 3, 1, 9, 9, 9, 3, 3, 3, 1, 9, 3, 3, 1, 9, 0, 0, 0, 0, 0, 0, 0, 0, 0, 0, 0, 0, 0, 0, 0, 0, 0, 0, 0, 0, 0, 0, 0, 0, 0, 0, 0, 0, 0, 0, 0, 0, 0, 0, 0, 3, 3, 11, 3, 3, 3, 11, 3, 0, 0, 2, 2, 2, 13, 8, 2, 3, 1, 2, 2, 2, 2, 3, 3, 3, 1, 2, 3, 3, 1, 2, 8, 6, 6, 6, 6, 6, 6, 6, 6, 6, 6, 6, 6, 6, 6, 6, 6, 6, 8, 2, 2, 2, 2, 3, 3, 3, 1, 2, 3, 3, 1, 2, 3, 3, 3, 1, 5, 5, 5, 1, 7, 7, 7, 0, 0, 11, 0, 0, 11, 11, 0, 0, 0, 11, 11, 7, 7, 7, 3, 3, 3, 8, 8, 3, 0, 0, 3, 3, 3, 8, 8, 3, 8, 0, 0, 0, 0, 11, 11, 0, 0, 0, 11, 11, 7, 7, 7, 3, 3, 3, 8, 8, 3, 0, 0, 3, 3, 3, 8, 8, 3, 8, 0, 0, 0, 0, 0, 0, 0, 11, 11, 0, 0, 0, 11, 11, 7, 7, 7, 3, 3, 3, 8, 8, 3, 0, 0, 3, 3, 3, 8, 8, 3, 8, 0, 7, 0, 2, 7, 0, 2, 7, 7, 7, 7, 20, 14, 0, 14, 0, 2, 2, 0, 2, 2, 2, 7, 11, 2, 0, 3, 3, 3, 7, 2, 0, 0, 0, 0, 0, 0, 0, 0, 0, 0, 0, 0, 0, 0, 0, 0, 0, 0, 0, 0, 0, 0, 0, 0, 0, 0, 0, 0, 0, 0, 0, 0, 0, 0, 0, 0, 0, 0, 1, 0, 0, 0, 0, 0, 1, 0, 0, 0, 0, 0, 11, 3, 3, 3, 3, 11, 11, 11, 11, 11, 0, 0, 0, 0, 0, 0, 0, 0, 0, 1, 0, 0, 1, 0, 0, 1, 0, 11, 11, 11, 11, 10, 11, 0, 0, 11, 11, 11, 10, 5, 0, 11, 11, 6, 8, 5, 5, 5, 8, 5, 5, 5, 9, 0, 0, 0, 0, 0, 11, 11, 11, 11, 11, 11, 11, 11, 5, 5, 9, 0, 0, 0, 0, 0, 7, 2, 0, 9, 3, 7, 8, 8, 8, 8, 2, 2, 2, 7, 8, 3, 3, 7, 8, 8, 18, 15, 15, 15, 12, 8, 8, 0, 7, 8, 8, 0, 7, 8, 8, 7, 8, 7, 8, 8, 15, 12, 8, 8, 11, 8, 8, 8, 2, 2, 2, 7, 8, 3, 3, 7, 8, 8, 8, 2, 2, 2, 7, 8, 3, 3, 7, 8, 0, 0, 0, 0, 0, 0, 0, 0, 0, 0, 0, 0, 0, 0, 0, 0, 0, 0, 11, 0, 0, 0, 0, 0, 0, 0, 0, 0, 0, 0, 0, 0, 0, 0, 0, 11, 11, 11, 11, 11, 11, 11, 11, 11, 11, 0, 0, 11, 11, 11, 11, 6, 8, 10, 10, 5, 5, 5, 5, 8, 5, 5, 5, 9, 0, 0, 0, 0, 0, 11, 11, 11, 11, 11, 11, 11, 11, 5, 5, 9, 0, 0, 0, 0, 0, 7, 5, 8, 1, 3, 1, 1, 8, 8, 8, 2, 2, 2, 7, 8, 3, 3, 7, 8, 8, 18, 15, 15, 15, 12, 8, 8, 8, 8, 8, 8, 8, 8, 8, 15, 12, 8, 8, 11, 8, 8, 8, 2, 2, 2, 7, 8, 3, 3, 7, 8, 1, 1, 5, 1, 5, 2, 2, 0, 0, 0, 0, 0, 0, 0, 0, 0, 0, 0, 2, 7, 7, 7, 7, 0, 0, 11, 11, 0, 0, 0, 11, 11, 7, 2, 7, 3, 3, 3, 8, 8, 3, 0, 0, 3, 3, 3, 8, 8, 3, 8, 0, 0, 0, 11, 11, 0, 0, 0, 11, 11, 7, 7, 7, 3, 3, 3, 8, 8, 3, 0, 0, 3, 3, 3, 8, 8, 3, 8, 0, 7]
