# Weight tuner option set to: global
# Preprocessing: 0.0495638 s
# nodes: 816 edges: 1096
# strategies: 10188 intervals: 675
# Cost: 1.58000000e+20 (greedy) 0.05 s (iteration: 1)
[0, 4, 4, 0, 4, 4, 0, 4, 4, 4, 4, 1, 1, 0, 8, 0, 4, 4, 0, 4, 4, 4, 6, 1, 1, 0, 2, 2, 2, 6, 1, 5, 0, 0, 0, 0, 0, 0, 0, 0, 0, 0, 0, 0, 0, 0, 0, 0, 0, 0, 0, 0, 2, 2, 2, 2, 3, 0, 0, 0, 0, 0, 0, 0, 0, 0, 0, 0, 3, 3, 3, 7, 0, 3, 7, 0, 0, 7, 0, 0, 0, 0, 0, 0, 0, 0, 0, 0, 0, 0, 0, 0, 0, 0, 0, 0, 0, 0, 0, 8, 0, 0, 0, 8, 0, 0, 0, 0, 0, 0, 0, 4, 0, 2, 6, 0, 0, 0, 0, 0, 0, 0, 6, 0, 2, 2, 6, 0, 4, 0, 0, 0, 0, 0, 0, 0, 0, 6, 0, 0, 0, 6, 0, 0, 6, 0, 6, 0, 0, 0, 0, 0, 4, 0, 0, 0, 0, 0, 0, 0, 6, 0, 2, 2, 6, 0, 0, 0, 0, 0, 0, 6, 0, 2, 2, 6, 0, 5, 0, 0, 0, 0, 0, 0, 0, 0, 0, 0, 0, 0, 0, 0, 0, 0, 0, 0, 0, 0, 0, 0, 0, 0, 0, 0, 0, 0, 0, 0, 0, 0, 0, 0, 0, 0, 8, 0, 0, 0, 8, 0, 0, 0, 0, 0, 0, 0, 4, 0, 2, 6, 0, 0, 0, 0, 0, 0, 0, 6, 0, 2, 2, 6, 0, 4, 0, 0, 0, 0, 0, 0, 0, 0, 0, 0, 0, 0, 0, 0, 0, 0, 0, 4, 0, 0, 0, 0, 0, 0, 0, 6, 0, 2, 2, 6, 0, 0, 0, 1, 4, 4, 4, 0, 1, 1, 1, 1, 0, 0, 7, 0, 0, 0, 0, 0, 0, 0, 0, 0, 0, 0, 0, 0, 0, 0, 0, 0, 0, 0, 0, 0, 0, 0, 0, 0, 0, 0, 0, 0, 0, 0, 7, 7, 0, 0, 0, 7, 7, 1, 1, 0, 0, 0, 0, 0, 0, 0, 0, 0, 0, 0, 0, 0, 0, 0, 0, 0, 0, 0, 0, 0, 0, 0, 7, 7, 0, 0, 0, 7, 7, 1, 1, 0, 0, 0, 0, 0, 0, 0, 0, 0, 0, 0, 0, 0, 0, 0, 0, 0, 0, 0, 1, 1, 0, 1, 1, 1, 1, 0, 1, 1, 0, 2, 0, 1, 1, 0, 1, 1, 1, 4, 1, 1, 0, 2, 0, 2, 4, 1, 0, 0, 0, 0, 0, 0, 0, 0, 0, 0, 0, 0, 0, 0, 0, 0, 0, 0, 0, 0, 0, 0, 0, 0, 0, 0, 0, 0, 0, 0, 0, 0, 0, 0, 0, 0, 0, 0, 5, 0, 0, 0, 0, 0, 5, 0, 0, 0, 0, 0, 7, 2, 2, 2, 2, 7, 7, 0, 7, 7, 0, 0, 0, 0, 0, 0, 0, 0, 0, 5, 0, 0, 5, 0, 0, 5, 0, 7, 7, 7, 7, 6, 7, 0, 0, 7, 7, 7, 6, 4, 0, 8, 8, 5, 6, 4, 4, 4, 6, 4, 4, 4, 7, 0, 0, 0, 0, 0, 7, 7, 0, 7, 7, 7, 7, 8, 4, 4, 7, 0, 0, 0, 0, 0, 6, 4, 0, 0, 0, 4, 0, 0, 0, 3, 3, 3, 3, 4, 0, 0, 2, 4, 0, 0, 0, 0, 0, 0, 0, 0, 0, 0, 4, 0, 0, 0, 4, 0, 0, 4, 0, 4, 0, 0, 0, 0, 0, 0, 0, 0, 0, 3, 3, 3, 3, 4, 0, 0, 2, 4, 0, 0, 3, 3, 3, 3, 4, 0, 0, 2, 4, 0, 0, 0, 0, 0, 0, 0, 0, 0, 0, 0, 0, 0, 0, 0, 0, 0, 0, 0, 7, 0, 0, 0, 0, 0, 0, 0, 0, 0, 0, 0, 0, 0, 0, 0, 0, 7, 7, 0, 7, 7, 7, 7, 7, 8, 7, 0, 0, 7, 7, 7, 8, 5, 6, 6, 6, 4, 4, 4, 4, 6, 4, 4, 4, 7, 0, 0, 0, 0, 0, 7, 7, 0, 7, 7, 7, 7, 8, 4, 4, 7, 0, 0, 0, 0, 0, 6, 4, 0, 0, 0, 4, 0, 0, 0, 3, 3, 3, 3, 4, 0, 0, 2, 4, 0, 0, 0, 0, 0, 0, 0, 0, 0, 0, 0, 0, 0, 0, 0, 0, 0, 0, 0, 0, 0, 0, 0, 3, 3, 3, 3, 4, 0, 0, 2, 4, 0, 0, 0, 4, 3, 1, 0, 1, 0, 0, 0, 0, 0, 0, 0, 0, 0, 0, 0, 1, 0, 1, 1, 1, 0, 0, 0, 0, 0, 0, 0, 0, 0, 0, 0, 0, 0, 0, 0, 0, 0, 0, 0, 0, 0, 0, 0, 0, 0, 0, 0, 0, 0, 0, 7, 7, 0, 0, 0, 7, 7, 1, 1, 0, 0, 0, 0, 0, 0, 0, 0, 0, 0, 0, 0, 0, 0, 0, 0, 0, 0]
# Solver time:0.0300459, Greedy time: 0.000409657, before greedy: 3360276, after greedy: 3339795 in iteration: 1 after: 0.0960602 s
# Solver time:0.0292574, Greedy time: 0.00027791, before greedy: 2698396, after greedy: 2698396 in iteration: 1 after: 0.096364 s
# Solver time:0.0337964, Greedy time: 0.000506615, before greedy: 1197608, after greedy: 1176090 in iteration: 1 after: 0.100178 s
# Solver time:0.0369389, Greedy time: 0.000278242, before greedy: 532844, after greedy: 532844 in iteration: 1 after: 0.1028 s
# Solver time:0.0364314, Greedy time: 0.000286033, before greedy: 540445, after greedy: 540445 in iteration: 1 after: 0.103468 s
# Solver time:0.0352544, Greedy time: 0.000509612, before greedy: 1118045, after greedy: 1097564 in iteration: 1 after: 0.103887 s
# Solver time:0.0390909, Greedy time: 0.000276545, before greedy: 532844, after greedy: 532844 in iteration: 1 after: 0.106215 s
# Cost: 5.32844000e+05 (pid: 1) 0.16 s (iteration: 1)
[0, 1, 1, 0, 7, 1, 0, 7, 1, 1, 7, 3, 2, 0, 2, 0, 1, 1, 0, 1, 1, 1, 1, 2, 2, 0, 3, 3, 3, 1, 2, 0, 0, 0, 0, 0, 0, 0, 0, 0, 0, 0, 0, 0, 0, 0, 0, 0, 0, 0, 0, 0, 3, 3, 3, 3, 5, 0, 0, 0, 0, 0, 0, 0, 0, 0, 0, 0, 5, 5, 5, 9, 0, 5, 9, 0, 0, 9, 0, 0, 0, 0, 0, 0, 0, 0, 0, 0, 0, 0, 0, 0, 0, 0, 0, 0, 3, 0, 3, 11, 3, 3, 3, 11, 3, 0, 0, 2, 2, 2, 2, 0, 9, 3, 1, 9, 9, 9, 9, 3, 3, 3, 1, 9, 3, 3, 1, 9, 8, 6, 6, 6, 6, 6, 6, 6, 0, 8, 6, 6, 0, 8, 6, 6, 8, 6, 8, 6, 6, 6, 6, 6, 8, 2, 9, 9, 9, 3, 3, 3, 1, 9, 3, 3, 1, 9, 9, 9, 3, 3, 3, 1, 9, 3, 3, 1, 9, 0, 0, 0, 0, 0, 0, 0, 0, 0, 0, 0, 0, 0, 0, 0, 0, 0, 0, 0, 0, 0, 0, 0, 0, 0, 0, 0, 0, 0, 0, 0, 0, 0, 0, 0, 3, 3, 11, 3, 3, 3, 11, 3, 0, 0, 2, 2, 2, 13, 8, 2, 3, 8, 2, 2, 2, 2, 3, 3, 3, 1, 2, 3, 3, 1, 2, 8, 6, 6, 6, 6, 6, 6, 6, 6, 6, 6, 6, 6, 6, 6, 6, 6, 6, 8, 2, 2, 2, 2, 3, 3, 3, 1, 2, 3, 3, 1, 2, 3, 3, 3, 1, 5, 5, 5, 1, 7, 7, 7, 0, 0, 11, 0, 0, 11, 11, 0, 0, 0, 11, 11, 7, 7, 7, 3, 3, 3, 8, 8, 3, 0, 0, 3, 3, 3, 8, 8, 3, 8, 0, 0, 0, 0, 11, 11, 0, 0, 0, 11, 11, 7, 7, 7, 3, 3, 3, 8, 8, 3, 0, 0, 3, 3, 3, 8, 8, 3, 8, 0, 0, 0, 0, 0, 0, 0, 11, 11, 0, 0, 0, 11, 11, 7, 7, 7, 3, 3, 3, 8, 8, 3, 0, 0, 3, 3, 3, 8, 8, 3, 8, 0, 7, 0, 2, 7, 0, 2, 7, 7, 7, 7, 20, 14, 0, 14, 0, 2, 2, 0, 2, 2, 2, 7, 11, 2, 0, 3, 3, 3, 7, 2, 0, 0, 0, 0, 0, 0, 0, 0, 0, 0, 0, 0, 0, 0, 0, 0, 0, 0, 0, 0, 0, 0, 0, 0, 0, 0, 0, 0, 0, 0, 0, 0, 0, 0, 0, 0, 0, 0, 6, 0, 0, 0, 0, 0, 6, 0, 0, 0, 0, 0, 11, 3, 3, 3, 3, 11, 11, 11, 11, 11, 0, 0, 0, 0, 0, 0, 0, 0, 0, 6, 0, 0, 6, 0, 0, 6, 0, 11, 11, 11, 11, 10, 11, 0, 0, 11, 11, 11, 10, 5, 0, 11, 11, 6, 8, 5, 5, 5, 8, 5, 5, 5, 9, 0, 0, 0, 0, 0, 11, 11, 11, 11, 11, 11, 11, 11, 5, 5, 9, 0, 0, 0, 0, 0, 7, 2, 0, 9, 3, 7, 8, 8, 8, 8, 2, 2, 2, 7, 8, 3, 3, 7, 8, 8, 18, 15, 15, 15, 12, 8, 8, 0, 7, 8, 8, 0, 7, 8, 8, 7, 8, 7, 8, 8, 15, 12, 8, 8, 11, 8, 8, 8, 2, 2, 2, 7, 8, 3, 3, 7, 8, 8, 8, 2, 2, 2, 7, 8, 3, 3, 7, 8, 0, 0, 0, 0, 0, 0, 0, 0, 0, 0, 0, 0, 0, 0, 0, 0, 0, 0, 11, 0, 0, 0, 0, 0, 0, 0, 0, 0, 0, 0, 0, 0, 0, 0, 0, 11, 11, 11, 11, 11, 11, 11, 11, 11, 11, 0, 0, 11, 11, 11, 11, 6, 8, 10, 10, 5, 5, 5, 5, 8, 5, 5, 5, 9, 0, 0, 0, 0, 0, 11, 11, 11, 11, 11, 11, 11, 11, 5, 5, 9, 0, 0, 0, 0, 0, 7, 5, 8, 1, 3, 1, 1, 8, 8, 8, 2, 2, 2, 7, 8, 3, 3, 7, 8, 8, 18, 15, 15, 15, 12, 8, 8, 8, 8, 8, 8, 8, 8, 8, 15, 12, 8, 8, 11, 8, 8, 8, 2, 2, 2, 7, 8, 3, 3, 7, 8, 1, 1, 5, 1, 5, 2, 2, 0, 0, 0, 0, 0, 0, 0, 0, 0, 0, 0, 2, 7, 7, 7, 7, 0, 0, 11, 11, 0, 0, 0, 11, 11, 7, 2, 7, 3, 3, 3, 8, 8, 3, 0, 0, 3, 3, 3, 8, 8, 3, 8, 0, 0, 0, 11, 11, 0, 0, 0, 11, 11, 7, 7, 7, 3, 3, 3, 8, 8, 3, 0, 0, 3, 3, 3, 8, 8, 3, 8, 0, 7]
# Old lb 0.00112324 Old ub 1102.06
# New lb 1.12324e-06 New ub 0.00112324
# Solver time:0.0388954, Greedy time: 0.000280891, before greedy: 532844, after greedy: 532844 in iteration: 2 after: 0.213655 s
# Solver time:0.0413119, Greedy time: 0.000306126, before greedy: 532844, after greedy: 532844 in iteration: 2 after: 0.215481 s
# Solver time:0.0454222, Greedy time: 0.000300866, before greedy: 532844, after greedy: 532844 in iteration: 2 after: 0.219253 s
# Solver time:0.0468414, Greedy time: 0.00028583, before greedy: 532844, after greedy: 532844 in iteration: 2 after: 0.219358 s
# Old lb 0.000161426 Old ub 0.00112324
# New lb 0.000482033 New ub 0.000642336
# Solver time:0.0461383, Greedy time: 0.000360396, before greedy: 532844, after greedy: 532844 in iteration: 3 after: 0.336832 s
# Old lb 0.000504933 Old ub 0.000642336
# New lb 0.000619435 New ub 0.000642336
# Solver time:0.0454188, Greedy time: 0.000384022, before greedy: 532844, after greedy: 532844 in iteration: 4 after: 0.451959 s
# Solver time:0.044819, Greedy time: 0.000328492, before greedy: 532844, after greedy: 532844 in iteration: 4 after: 0.452088 s
# Solver time:0.0437422, Greedy time: 0.000271391, before greedy: 532844, after greedy: 532844 in iteration: 4 after: 0.453963 s
# Solver time:0.04542, Greedy time: 0.000295058, before greedy: 532844, after greedy: 532844 in iteration: 4 after: 0.456077 s
# Old lb 0.000622707 Old ub 0.000642336
# New lb 0.00062925 New ub 0.000632521
# Solver time:0.0448472, Greedy time: 0.000426089, before greedy: 532844, after greedy: 532844 in iteration: 5 after: 0.567525 s
# Solver time:0.047469, Greedy time: 0.000394847, before greedy: 532844, after greedy: 532844 in iteration: 5 after: 0.573001 s
# Old lb 0.000629717 Old ub 0.000632521
# New lb 0.000631586 New ub 0.000632054
# Solver time:0.041821, Greedy time: 0.00025177, before greedy: 532844, after greedy: 532844 in iteration: 6 after: 0.684989 s
# Solver time:0.0459041, Greedy time: 0.000391429, before greedy: 532844, after greedy: 532844 in iteration: 6 after: 0.686843 s
# Solver time:0.0443853, Greedy time: 0.000312341, before greedy: 532844, after greedy: 532844 in iteration: 6 after: 0.687339 s
# Solver time:0.0457726, Greedy time: 0.000320915, before greedy: 532844, after greedy: 532844 in iteration: 6 after: 0.687499 s
# Solver time:0.0449666, Greedy time: 0.000306534, before greedy: 532844, after greedy: 532844 in iteration: 6 after: 0.687549 s
# Solver time:0.0445107, Greedy time: 0.00029332, before greedy: 532844, after greedy: 532844 in iteration: 6 after: 0.689091 s
# Old lb 0.000631653 Old ub 0.000632054
# New lb 0.000631653 New ub 0.00063172
# Solver time:0.0447657, Greedy time: 0.000296213, before greedy: 532844, after greedy: 532844 in iteration: 7 after: 0.799454 s
# Solver time:0.0456466, Greedy time: 0.000376064, before greedy: 532844, after greedy: 532844 in iteration: 7 after: 0.803361 s
# Solver time:0.0452229, Greedy time: 0.000377359, before greedy: 532844, after greedy: 532844 in iteration: 7 after: 0.803361 s
# Solver time:0.0449501, Greedy time: 0.000335716, before greedy: 532844, after greedy: 532844 in iteration: 7 after: 0.804802 s
# Solver time:0.0450948, Greedy time: 0.00030539, before greedy: 532844, after greedy: 532844 in iteration: 7 after: 0.805096 s
# Old lb 0.000631663 Old ub 0.00063172
# New lb 0.000631672 New ub 0.000631682
# Solver time:0.0450626, Greedy time: 0.000374835, before greedy: 532844, after greedy: 532844 in iteration: 8 after: 0.920897 s
# Old lb 0.000631674 Old ub 0.000631682
# New lb 0.00063168 New ub 0.000631682
# Solver time:0.0452163, Greedy time: 0.000412829, before greedy: 532844, after greedy: 532844 in iteration: 9 after: 1.03491 s
# Solver time:0.0456128, Greedy time: 0.000343543, before greedy: 532844, after greedy: 532844 in iteration: 9 after: 1.0352 s
# Solver time:0.0459937, Greedy time: 0.000303226, before greedy: 532844, after greedy: 532844 in iteration: 9 after: 1.03774 s
# Solver time:0.046235, Greedy time: 0.00035614, before greedy: 532844, after greedy: 532844 in iteration: 9 after: 1.03846 s
# Old lb 0.000631681 Old ub 0.000631682
# New lb 0.000631681 New ub 0.000631681
# Solver time:0.0484206, Greedy time: 0.000480182, before greedy: 532844, after greedy: 532844 in iteration: 10 after: 1.15467 s
# Solver time:0.0488409, Greedy time: 0.000364076, before greedy: 532844, after greedy: 532844 in iteration: 10 after: 1.15622 s
# Solver time:0.0484874, Greedy time: 0.000335256, before greedy: 532844, after greedy: 532844 in iteration: 10 after: 1.15721 s
# Solver time:0.0469499, Greedy time: 0.000336749, before greedy: 532844, after greedy: 532844 in iteration: 10 after: 1.15873 s
# Solver time:0.0498159, Greedy time: 0.000342984, before greedy: 532844, after greedy: 532844 in iteration: 10 after: 1.16001 s
# Solver time:0.0483023, Greedy time: 0.000331722, before greedy: 532844, after greedy: 532844 in iteration: 10 after: 1.16078 s
# Old lb 0.000631681 Old ub 0.000631681
# New lb 0.000631681 New ub 0.000631681
# Solver time:0.0442904, Greedy time: 0.000306673, before greedy: 532844, after greedy: 532844 in iteration: 11 after: 1.27048 s
# Solver time:0.0447345, Greedy time: 0.000385201, before greedy: 532844, after greedy: 532844 in iteration: 11 after: 1.27269 s
# Solver time:0.0440534, Greedy time: 0.000388093, before greedy: 532844, after greedy: 532844 in iteration: 11 after: 1.27268 s
# Solver time:0.0455014, Greedy time: 0.000339491, before greedy: 532844, after greedy: 532844 in iteration: 11 after: 1.27496 s
# Solver time:0.0448332, Greedy time: 0.000316458, before greedy: 532844, after greedy: 532844 in iteration: 11 after: 1.27755 s
# Solver time:0.0462752, Greedy time: 0.000318861, before greedy: 532844, after greedy: 532844 in iteration: 11 after: 1.27759 s
# Old lb 0.000631681 Old ub 0.000631681
# New lb 0.000631681 New ub 0.000631681
# Solver time:0.0467774, Greedy time: 0.000475887, before greedy: 532844, after greedy: 532844 in iteration: 12 after: 1.39039 s
# Solver time:0.0488769, Greedy time: 0.000409482, before greedy: 532844, after greedy: 532844 in iteration: 12 after: 1.39692 s
# Solver time:0.0475732, Greedy time: 0.000326173, before greedy: 532844, after greedy: 532844 in iteration: 12 after: 1.39822 s
# Old lb 0.000631681 Old ub 0.000631681
# New lb 0.000631681 New ub 0.000631681
# Solver time:0.0476276, Greedy time: 0.000434104, before greedy: 532844, after greedy: 532844 in iteration: 13 after: 1.51297 s
# Solver time:0.0470778, Greedy time: 0.000342885, before greedy: 532844, after greedy: 532844 in iteration: 13 after: 1.51435 s
# Solver time:0.0484387, Greedy time: 0.000354834, before greedy: 532844, after greedy: 532844 in iteration: 13 after: 1.51482 s
# Solver time:0.0470459, Greedy time: 0.000374397, before greedy: 532844, after greedy: 532844 in iteration: 13 after: 1.51525 s
# Solver time:0.0476416, Greedy time: 0.000350783, before greedy: 532844, after greedy: 532844 in iteration: 13 after: 1.51679 s
# Solver time:0.0506485, Greedy time: 0.00035686, before greedy: 532844, after greedy: 532844 in iteration: 13 after: 1.52008 s
# Old lb 0.000631681 Old ub 0.000631681
# New lb 0.000631681 New ub 0.000631681
# Solver time:0.0492132, Greedy time: 0.000463521, before greedy: 532844, after greedy: 532844 in iteration: 14 after: 1.63521 s
# Solver time:0.0473071, Greedy time: 0.00037501, before greedy: 532844, after greedy: 532844 in iteration: 14 after: 1.63707 s
# Solver time:0.0499986, Greedy time: 0.000385106, before greedy: 532844, after greedy: 532844 in iteration: 14 after: 1.63854 s
# Solver time:0.0480598, Greedy time: 0.000362756, before greedy: 532844, after greedy: 532844 in iteration: 14 after: 1.63869 s
# Solver time:0.048136, Greedy time: 0.000364507, before greedy: 532844, after greedy: 532844 in iteration: 14 after: 1.64072 s
# Solver time:0.0478279, Greedy time: 0.000357792, before greedy: 532844, after greedy: 532844 in iteration: 14 after: 1.64077 s
# Old lb 0.000631681 Old ub 0.000631681
# New lb 0.000631681 New ub 0.000631681
# Solver time:0.0471096, Greedy time: 0.000466403, before greedy: 532844, after greedy: 532844 in iteration: 15 after: 1.75684 s
# Solver time:0.0483655, Greedy time: 0.000413481, before greedy: 532844, after greedy: 532844 in iteration: 15 after: 1.75703 s
# Solver time:0.0484285, Greedy time: 0.000399813, before greedy: 532844, after greedy: 532844 in iteration: 15 after: 1.76224 s
# Solver time:0.0487678, Greedy time: 0.00038426, before greedy: 532844, after greedy: 532844 in iteration: 15 after: 1.76243 s
# Old lb 0.000631681 Old ub 0.000631681
# New lb 0.000631681 New ub 0.000631681
# Solver time:0.0491739, Greedy time: 0.000453394, before greedy: 532844, after greedy: 532844 in iteration: 16 after: 1.87792 s
# Solver time:0.0486658, Greedy time: 0.000448352, before greedy: 532844, after greedy: 532844 in iteration: 16 after: 1.88462 s
# Old lb 0.000631681 Old ub 0.000631681
# New lb 0.000631681 New ub 0.000631681
# Solver time:0.0492166, Greedy time: 0.000462303, before greedy: 532844, after greedy: 532844 in iteration: 17 after: 2.00058 s
# Solver time:0.0473945, Greedy time: 0.000349101, before greedy: 532844, after greedy: 532844 in iteration: 17 after: 2.00148 s
# Solver time:0.0488497, Greedy time: 0.000397364, before greedy: 532844, after greedy: 532844 in iteration: 17 after: 2.00275 s
# Solver time:0.045832, Greedy time: 0.000281338, before greedy: 532844, after greedy: 532844 in iteration: 17 after: 2.00288 s
# Old lb 0.000631681 Old ub 0.000631681
# New lb 0.000631681 New ub 0.000631681
# Solver time:0.0454856, Greedy time: 0.000371683, before greedy: 532844, after greedy: 532844 in iteration: 18 after: 2.11582 s
# Solver time:0.0447234, Greedy time: 0.000323949, before greedy: 532844, after greedy: 532844 in iteration: 18 after: 2.11795 s
# Solver time:0.0446984, Greedy time: 0.000302961, before greedy: 532844, after greedy: 532844 in iteration: 18 after: 2.11875 s
# Solver time:0.0456523, Greedy time: 0.000364095, before greedy: 532844, after greedy: 532844 in iteration: 18 after: 2.12018 s
# Solver time:0.0452431, Greedy time: 0.000319395, before greedy: 532844, after greedy: 532844 in iteration: 18 after: 2.12304 s
# Solver time:0.0467994, Greedy time: 0.000313079, before greedy: 532844, after greedy: 532844 in iteration: 18 after: 2.12384 s
# Old lb 0.000631681 Old ub 0.000631681
# New lb 0.000631681 New ub 0.000631681
# Solver time:0.0491011, Greedy time: 0.000472782, before greedy: 532844, after greedy: 532844 in iteration: 19 after: 2.23941 s
# Solver time:0.0481179, Greedy time: 0.000342553, before greedy: 532844, after greedy: 532844 in iteration: 19 after: 2.24217 s
# Solver time:0.0484694, Greedy time: 0.000416031, before greedy: 532844, after greedy: 532844 in iteration: 19 after: 2.24418 s
# Solver time:0.0490153, Greedy time: 0.000374926, before greedy: 532844, after greedy: 532844 in iteration: 19 after: 2.24463 s
# Old lb 0.000631681 Old ub 0.000631681
# New lb 0.000631681 New ub 0.000631681
# Solver time:0.0480507, Greedy time: 0.000465864, before greedy: 532844, after greedy: 532844 in iteration: 20 after: 2.36012 s
# Solver time:0.0482339, Greedy time: 0.000461396, before greedy: 532844, after greedy: 532844 in iteration: 20 after: 2.36021 s
# Solver time:0.046598, Greedy time: 0.000364821, before greedy: 532844, after greedy: 532844 in iteration: 20 after: 2.36049 s
# Solver time:0.0486529, Greedy time: 0.000357987, before greedy: 532844, after greedy: 532844 in iteration: 20 after: 2.36524 s
# Solver time:0.0483629, Greedy time: 0.000364339, before greedy: 532844, after greedy: 532844 in iteration: 20 after: 2.36746 s
# Old lb 0.000631681 Old ub 0.000631681
# New lb 0.000631681 New ub 0.000631681
# Solver time:0.0476481, Greedy time: 0.000360841, before greedy: 532844, after greedy: 532844 in iteration: 21 after: 2.48205 s
# Solver time:0.0485608, Greedy time: 0.0004707, before greedy: 532844, after greedy: 532844 in iteration: 21 after: 2.48443 s
# Solver time:0.0477457, Greedy time: 0.000413265, before greedy: 532844, after greedy: 532844 in iteration: 21 after: 2.4876 s
# Solver time:0.0486496, Greedy time: 0.000347516, before greedy: 532844, after greedy: 532844 in iteration: 21 after: 2.4883 s
# Old lb 0.000631681 Old ub 0.000631681
# New lb 0.000631681 New ub 0.000631681
# Solver time:0.0476439, Greedy time: 0.000474941, before greedy: 532844, after greedy: 532844 in iteration: 22 after: 2.60262 s
# Solver time:0.0498422, Greedy time: 0.000424547, before greedy: 532844, after greedy: 532844 in iteration: 22 after: 2.60727 s
# Solver time:0.049781, Greedy time: 0.000384536, before greedy: 532844, after greedy: 532844 in iteration: 22 after: 2.60932 s
# Solver time:0.0490125, Greedy time: 0.000393838, before greedy: 532844, after greedy: 532844 in iteration: 22 after: 2.61045 s
# Old lb 0.000631681 Old ub 0.000631681
# New lb 0.000631681 New ub 0.000631681
# Solver time:0.0480973, Greedy time: 0.00046498, before greedy: 532844, after greedy: 532844 in iteration: 23 after: 2.72473 s
# Solver time:0.0469243, Greedy time: 0.000369446, before greedy: 532844, after greedy: 532844 in iteration: 23 after: 2.72502 s
# Solver time:0.0491631, Greedy time: 0.000373626, before greedy: 532844, after greedy: 532844 in iteration: 23 after: 2.72813 s
# Solver time:0.0488547, Greedy time: 0.000398388, before greedy: 532844, after greedy: 532844 in iteration: 23 after: 2.73033 s
# Old lb 0.000631681 Old ub 0.000631681
# New lb 0.000631681 New ub 0.000631681
# Solver time:0.0481197, Greedy time: 0.000368932, before greedy: 532844, after greedy: 532844 in iteration: 24 after: 2.84672 s
# Solver time:0.0478705, Greedy time: 0.000466768, before greedy: 532844, after greedy: 532844 in iteration: 24 after: 2.84887 s
# Solver time:0.0481012, Greedy time: 0.000353271, before greedy: 532844, after greedy: 532844 in iteration: 24 after: 2.84995 s
# Solver time:0.0485536, Greedy time: 0.000290813, before greedy: 532844, after greedy: 532844 in iteration: 24 after: 2.8518 s
# Old lb 0.000631681 Old ub 0.000631681
# New lb 0.000631681 New ub 0.000631681
# Solver time:0.0467242, Greedy time: 0.000331778, before greedy: 532844, after greedy: 532844 in iteration: 25 after: 2.96583 s
# Solver time:0.0442543, Greedy time: 0.000310309, before greedy: 532844, after greedy: 532844 in iteration: 25 after: 2.96768 s
# Solver time:0.0463089, Greedy time: 0.000419442, before greedy: 532844, after greedy: 532844 in iteration: 25 after: 2.96773 s
# Solver time:0.0467983, Greedy time: 0.00033953, before greedy: 532844, after greedy: 532844 in iteration: 25 after: 2.96953 s
# Old lb 0.000631681 Old ub 0.000631681
# New lb 0.000631681 New ub 0.000631681
# Solver time:0.0480701, Greedy time: 0.000385998, before greedy: 532844, after greedy: 532844 in iteration: 26 after: 3.08608 s
# Solver time:0.0501944, Greedy time: 0.000480179, before greedy: 532844, after greedy: 532844 in iteration: 26 after: 3.08658 s
# Solver time:0.0489921, Greedy time: 0.000393577, before greedy: 532844, after greedy: 532844 in iteration: 26 after: 3.0893 s
# Solver time:0.0477397, Greedy time: 0.000355924, before greedy: 532844, after greedy: 532844 in iteration: 26 after: 3.09063 s
# Old lb 0.000631681 Old ub 0.000631681
# New lb 0.000631681 New ub 0.000631681
# Solver time:0.0458573, Greedy time: 0.000410903, before greedy: 532844, after greedy: 532844 in iteration: 27 after: 3.205 s
# Solver time:0.0460451, Greedy time: 0.000348682, before greedy: 532844, after greedy: 532844 in iteration: 27 after: 3.20507 s
# Solver time:0.0457095, Greedy time: 0.000327025, before greedy: 532844, after greedy: 532844 in iteration: 27 after: 3.20584 s
# Solver time:0.046939, Greedy time: 0.000342432, before greedy: 532844, after greedy: 532844 in iteration: 27 after: 3.20907 s
# Old lb 0.000631681 Old ub 0.000631681
# New lb 0.000631681 New ub 0.000631681
# Solver time:0.0453464, Greedy time: 0.000283154, before greedy: 532844, after greedy: 532844 in iteration: 28 after: 3.32012 s
# Solver time:0.0443728, Greedy time: 0.000336317, before greedy: 532844, after greedy: 532844 in iteration: 28 after: 3.32023 s
# Solver time:0.0445746, Greedy time: 0.000279453, before greedy: 532844, after greedy: 532844 in iteration: 28 after: 3.32192 s
# Solver time:0.0446275, Greedy time: 0.0003065, before greedy: 532844, after greedy: 532844 in iteration: 28 after: 3.32473 s
# Old lb 0.000631681 Old ub 0.000631681
# New lb 0.000631681 New ub 0.000631681
# Solver time:0.044947, Greedy time: 0.000334848, before greedy: 532844, after greedy: 532844 in iteration: 29 after: 3.43586 s
# Solver time:0.0459008, Greedy time: 0.000304474, before greedy: 532844, after greedy: 532844 in iteration: 29 after: 3.43803 s
# Solver time:0.0462489, Greedy time: 0.000278503, before greedy: 532844, after greedy: 532844 in iteration: 29 after: 3.43876 s
# Solver time:0.0448094, Greedy time: 0.000281299, before greedy: 532844, after greedy: 532844 in iteration: 29 after: 3.44017 s
# Old lb 0.000631681 Old ub 0.000631681
# New lb 0.000631681 New ub 0.000631681
# Solver time:0.0449143, Greedy time: 0.000284003, before greedy: 532844, after greedy: 532844 in iteration: 30 after: 3.55314 s
# Solver time:0.0457133, Greedy time: 0.000332084, before greedy: 532844, after greedy: 532844 in iteration: 30 after: 3.55392 s
# Solver time:0.045107, Greedy time: 0.000281114, before greedy: 532844, after greedy: 532844 in iteration: 30 after: 3.55594 s
# Solver time:0.0441676, Greedy time: 0.000316225, before greedy: 532844, after greedy: 532844 in iteration: 30 after: 3.55784 s
# Old lb 0.000631681 Old ub 0.000631681
# New lb 0.000631681 New ub 0.000631681
# Solver time:0.0444126, Greedy time: 0.00034182, before greedy: 532844, after greedy: 532844 in iteration: 31 after: 3.66851 s
# Solver time:0.0446233, Greedy time: 0.000284523, before greedy: 532844, after greedy: 532844 in iteration: 31 after: 3.66949 s
# Solver time:0.0436985, Greedy time: 0.000290485, before greedy: 532844, after greedy: 532844 in iteration: 31 after: 3.67126 s
# Solver time:0.0438378, Greedy time: 0.000307621, before greedy: 532844, after greedy: 532844 in iteration: 31 after: 3.67126 s
# Old lb 0.000631681 Old ub 0.000631681
# New lb 0.000631681 New ub 0.000631681
# Solver time:0.0445764, Greedy time: 0.000330212, before greedy: 532844, after greedy: 532844 in iteration: 32 after: 3.78474 s
# Solver time:0.044271, Greedy time: 0.000287123, before greedy: 532844, after greedy: 532844 in iteration: 32 after: 3.78523 s
# Solver time:0.0437595, Greedy time: 0.000274574, before greedy: 532844, after greedy: 532844 in iteration: 32 after: 3.78567 s
# Solver time:0.0438887, Greedy time: 0.000291446, before greedy: 532844, after greedy: 532844 in iteration: 32 after: 3.78841 s
# Old lb 0.000631681 Old ub 0.000631681
# New lb 0.000631681 New ub 0.000631681
# Solver time:0.0441964, Greedy time: 0.000335537, before greedy: 532844, after greedy: 532844 in iteration: 33 after: 3.89951 s
# Solver time:0.0440082, Greedy time: 0.000288, before greedy: 532844, after greedy: 532844 in iteration: 33 after: 3.89984 s
# Solver time:0.0454463, Greedy time: 0.000287225, before greedy: 532844, after greedy: 532844 in iteration: 33 after: 3.90202 s
# Solver time:0.0448352, Greedy time: 0.000282841, before greedy: 532844, after greedy: 532844 in iteration: 33 after: 3.90464 s
# Old lb 0.000631681 Old ub 0.000631681
# New lb 0.000631681 New ub 0.000631681
# Solver time:0.0454167, Greedy time: 0.000301046, before greedy: 532844, after greedy: 532844 in iteration: 34 after: 4.01661 s
# Solver time:0.0436743, Greedy time: 0.000276072, before greedy: 532844, after greedy: 532844 in iteration: 34 after: 4.01791 s
# Solver time:0.0455143, Greedy time: 0.000347098, before greedy: 532844, after greedy: 532844 in iteration: 34 after: 4.01846 s
# Solver time:0.0455095, Greedy time: 0.000298578, before greedy: 532844, after greedy: 532844 in iteration: 34 after: 4.02082 s
# Old lb 0.000631681 Old ub 0.000631681
# New lb 0.000631681 New ub 0.000631681
# Solver time:0.043219, Greedy time: 0.000278452, before greedy: 532844, after greedy: 532844 in iteration: 35 after: 4.1313 s
# Solver time:0.0438403, Greedy time: 0.000287732, before greedy: 532844, after greedy: 532844 in iteration: 35 after: 4.13151 s
# Solver time:0.0454207, Greedy time: 0.000336559, before greedy: 532844, after greedy: 532844 in iteration: 35 after: 4.1352 s
# Solver time:0.0447353, Greedy time: 0.000293666, before greedy: 532844, after greedy: 532844 in iteration: 35 after: 4.13632 s
# Old lb 0.000631681 Old ub 0.000631681
# New lb 0.000631681 New ub 0.000631681
# Solver time:0.0449817, Greedy time: 0.000340147, before greedy: 532844, after greedy: 532844 in iteration: 36 after: 4.2507 s
# Solver time:0.0446892, Greedy time: 0.000301801, before greedy: 532844, after greedy: 532844 in iteration: 36 after: 4.2512 s
# Solver time:0.0447697, Greedy time: 0.000279173, before greedy: 532844, after greedy: 532844 in iteration: 36 after: 4.25216 s
# Solver time:0.0438474, Greedy time: 0.000281401, before greedy: 532844, after greedy: 532844 in iteration: 36 after: 4.25299 s
# Old lb 0.000631681 Old ub 0.000631681
# New lb 0.000631681 New ub 0.000631681
# Solver time:0.0452551, Greedy time: 0.000284387, before greedy: 532844, after greedy: 532844 in iteration: 37 after: 4.36367 s
# Solver time:0.0441412, Greedy time: 0.000342356, before greedy: 532844, after greedy: 532844 in iteration: 37 after: 4.36642 s
# Solver time:0.0451001, Greedy time: 0.000297321, before greedy: 532844, after greedy: 532844 in iteration: 37 after: 4.36792 s
# Solver time:0.0450513, Greedy time: 0.000283888, before greedy: 532844, after greedy: 532844 in iteration: 37 after: 4.36976 s
# Old lb 0.000631681 Old ub 0.000631681
# New lb 0.000631681 New ub 0.000631681
# Solver time:0.0437522, Greedy time: 0.000284567, before greedy: 532844, after greedy: 532844 in iteration: 38 after: 4.48013 s
# Solver time:0.0447398, Greedy time: 0.00033241, before greedy: 532844, after greedy: 532844 in iteration: 38 after: 4.48069 s
# Solver time:0.0441914, Greedy time: 0.000285255, before greedy: 532844, after greedy: 532844 in iteration: 38 after: 4.48184 s
# Solver time:0.0434475, Greedy time: 0.000287503, before greedy: 532844, after greedy: 532844 in iteration: 38 after: 4.48261 s
# Old lb 0.000631681 Old ub 0.000631681
# New lb 0.000631681 New ub 0.000631681
# Solver time:0.0448288, Greedy time: 0.000278113, before greedy: 532844, after greedy: 532844 in iteration: 39 after: 4.59583 s
# Solver time:0.0435708, Greedy time: 0.000338564, before greedy: 532844, after greedy: 532844 in iteration: 39 after: 4.59741 s
# Solver time:0.0451967, Greedy time: 0.000285491, before greedy: 532844, after greedy: 532844 in iteration: 39 after: 4.59852 s
# Solver time:0.0453995, Greedy time: 0.000317015, before greedy: 532844, after greedy: 532844 in iteration: 39 after: 4.60168 s
# Old lb 0.000631681 Old ub 0.000631681
# New lb 0.000631681 New ub 0.000631681
# Solver time:0.0435958, Greedy time: 0.000332836, before greedy: 532844, after greedy: 532844 in iteration: 40 after: 4.71109 s
# Solver time:0.0445923, Greedy time: 0.000294797, before greedy: 532844, after greedy: 532844 in iteration: 40 after: 4.71363 s
# Solver time:0.0452619, Greedy time: 0.000317235, before greedy: 532844, after greedy: 532844 in iteration: 40 after: 4.7155 s
# Solver time:0.0440895, Greedy time: 0.000277627, before greedy: 532844, after greedy: 532844 in iteration: 40 after: 4.71598 s
# Old lb 0.000631681 Old ub 0.000631681
# New lb 0.000631681 New ub 0.000631681
# Solver time:0.0441443, Greedy time: 0.000343649, before greedy: 532844, after greedy: 532844 in iteration: 41 after: 4.82764 s
# Solver time:0.0452431, Greedy time: 0.000303626, before greedy: 532844, after greedy: 532844 in iteration: 41 after: 4.82956 s
# Solver time:0.0459522, Greedy time: 0.000282478, before greedy: 532844, after greedy: 532844 in iteration: 41 after: 4.83276 s
# Solver time:0.0453062, Greedy time: 0.000275649, before greedy: 532844, after greedy: 532844 in iteration: 41 after: 4.83293 s
# Old lb 0.000631681 Old ub 0.000631681
# New lb 0.000631681 New ub 0.000631681
# Solver time:0.0437028, Greedy time: 0.000340408, before greedy: 532844, after greedy: 532844 in iteration: 42 after: 4.94304 s
# Solver time:0.0449346, Greedy time: 0.000284784, before greedy: 532844, after greedy: 532844 in iteration: 42 after: 4.94587 s
# Solver time:0.0458878, Greedy time: 0.000302341, before greedy: 532844, after greedy: 532844 in iteration: 42 after: 4.9468 s
# Solver time:0.0446086, Greedy time: 0.000282032, before greedy: 532844, after greedy: 532844 in iteration: 42 after: 4.94929 s
# Old lb 0.000631681 Old ub 0.000631681
# New lb 0.000631681 New ub 0.000631681
# Solver time:0.0457311, Greedy time: 0.000384871, before greedy: 532844, after greedy: 532844 in iteration: 43 after: 5.06127 s
# Solver time:0.0449222, Greedy time: 0.000337169, before greedy: 532844, after greedy: 532844 in iteration: 43 after: 5.06134 s
# Solver time:0.0452474, Greedy time: 0.000302643, before greedy: 532844, after greedy: 532844 in iteration: 43 after: 5.06241 s
# Solver time:0.0446489, Greedy time: 0.000288146, before greedy: 532844, after greedy: 532844 in iteration: 43 after: 5.06265 s
# Cost: 5.32843000e+05 (pid: *) 5.16 s (iteration: 43)
[0, 1, 1, 0, 7, 1, 0, 7, 1, 1, 7, 3, 2, 0, 2, 0, 1, 1, 0, 1, 1, 1, 1, 2, 2, 0, 3, 3, 3, 1, 2, 0, 0, 0, 0, 0, 0, 0, 0, 0, 0, 0, 0, 0, 0, 0, 0, 0, 0, 0, 0, 0, 3, 3, 3, 3, 5, 0, 0, 0, 0, 0, 0, 0, 0, 0, 0, 0, 5, 5, 5, 1, 0, 5, 1, 0, 0, 1, 0, 0, 0, 0, 0, 0, 0, 0, 0, 0, 0, 0, 0, 0, 0, 0, 0, 0, 3, 0, 3, 11, 3, 3, 3, 11, 3, 0, 0, 2, 2, 2, 2, 0, 9, 3, 1, 9, 9, 9, 9, 3, 3, 3, 1, 9, 3, 3, 1, 9, 8, 1, 1, 1, 1, 1, 1, 1, 0, 1, 1, 1, 0, 1, 1, 1, 1, 1, 1, 1, 1, 1, 1, 1, 8, 9, 9, 9, 9, 3, 3, 3, 1, 9, 3, 3, 1, 9, 9, 9, 3, 3, 3, 1, 9, 3, 3, 1, 9, 0, 0, 0, 0, 0, 0, 0, 0, 0, 0, 0, 0, 0, 0, 0, 0, 0, 0, 0, 0, 0, 0, 0, 0, 0, 0, 0, 0, 0, 0, 0, 0, 0, 0, 0, 3, 3, 11, 3, 3, 3, 11, 3, 0, 0, 2, 2, 2, 13, 8, 2, 3, 1, 2, 2, 2, 2, 3, 3, 3, 1, 2, 3, 3, 1, 2, 8, 6, 6, 6, 6, 6, 6, 6, 6, 6, 6, 6, 6, 6, 6, 6, 6, 6, 8, 2, 2, 2, 2, 3, 3, 3, 1, 2, 3, 3, 1, 2, 3, 3, 3, 1, 5, 5, 5, 1, 7, 7, 7, 0, 0, 11, 0, 0, 11, 11, 0, 0, 0, 11, 11, 7, 7, 7, 3, 3, 3, 8, 8, 3, 0, 0, 3, 3, 3, 8, 8, 3, 8, 0, 0, 0, 0, 11, 11, 0, 0, 0, 11, 11, 7, 7, 7, 3, 3, 3, 8, 8, 3, 0, 0, 3, 3, 3, 8, 8, 3, 8, 0, 0, 0, 0, 0, 0, 0, 11, 11, 0, 0, 0, 11, 11, 7, 7, 7, 3, 3, 3, 8, 8, 3, 0, 0, 3, 3, 3, 8, 8, 3, 8, 0, 7, 0, 2, 7, 0, 2, 7, 7, 7, 7, 20, 14, 0, 14, 0, 2, 2, 0, 2, 2, 2, 7, 11, 2, 0, 3, 3, 3, 7, 2, 0, 0, 0, 0, 0, 0, 0, 0, 0, 0, 0, 0, 0, 0, 0, 0, 0, 0, 0, 0, 0, 0, 0, 0, 0, 0, 0, 0, 0, 0, 0, 0, 0, 0, 0, 0, 0, 0, 1, 0, 0, 0, 0, 0, 1, 0, 0, 0, 0, 0, 11, 3, 3, 3, 3, 11, 11, 11, 11, 11, 0, 0, 0, 0, 0, 0, 0, 0, 0, 1, 0, 0, 1, 0, 0, 1, 0, 11, 11, 11, 11, 10, 11, 0, 0, 11, 11, 11, 10, 5, 0, 11, 11, 6, 8, 5, 5, 5, 8, 5, 5, 5, 9, 0, 0, 0, 0, 0, 11, 11, 11, 11, 11, 11, 11, 11, 5, 5, 9, 0, 0, 0, 0, 0, 7, 2, 0, 9, 3, 7, 8, 8, 8, 8, 2, 2, 2, 7, 8, 3, 3, 7, 8, 8, 18, 15, 15, 15, 12, 8, 8, 0, 7, 8, 8, 0, 7, 8, 8, 7, 8, 7, 8, 8, 15, 12, 8, 8, 11, 8, 8, 8, 2, 2, 2, 7, 8, 3, 3, 7, 8, 8, 8, 2, 2, 2, 7, 8, 3, 3, 7, 8, 0, 0, 0, 0, 0, 0, 0, 0, 0, 0, 0, 0, 0, 0, 0, 0, 0, 0, 11, 0, 0, 0, 0, 0, 0, 0, 0, 0, 0, 0, 0, 0, 0, 0, 0, 11, 11, 11, 11, 11, 11, 11, 11, 11, 11, 0, 0, 11, 11, 11, 11, 6, 8, 10, 10, 5, 5, 5, 5, 8, 5, 5, 5, 9, 0, 0, 0, 0, 0, 11, 11, 11, 11, 11, 11, 11, 11, 5, 5, 9, 0, 0, 0, 0, 0, 7, 5, 8, 1, 3, 1, 1, 8, 8, 8, 2, 2, 2, 7, 8, 3, 3, 7, 8, 8, 18, 15, 15, 15, 12, 8, 8, 8, 8, 8, 8, 8, 8, 8, 15, 12, 8, 8, 11, 8, 8, 8, 2, 2, 2, 7, 8, 3, 3, 7, 8, 1, 1, 5, 1, 5, 2, 2, 0, 0, 0, 0, 0, 0, 0, 0, 0, 0, 0, 2, 7, 7, 7, 7, 0, 0, 11, 11, 0, 0, 0, 11, 11, 7, 2, 7, 3, 3, 3, 8, 8, 3, 0, 0, 3, 3, 3, 8, 8, 3, 8, 0, 0, 0, 11, 11, 0, 0, 0, 11, 11, 7, 7, 7, 3, 3, 3, 8, 8, 3, 0, 0, 3, 3, 3, 8, 8, 3, 8, 0, 7]
