# Preprocessing: 0.0486229 s
# nodes: 816 edges: 1096
# strategies: 10188 intervals: 675
# Cost: 1.58000000e+20 (greedy) 0.05 s (iteration: 1)
[0, 4, 4, 0, 4, 4, 0, 4, 4, 4, 4, 1, 1, 0, 8, 0, 4, 4, 0, 4, 4, 4, 6, 1, 1, 0, 2, 2, 2, 6, 1, 5, 0, 0, 0, 0, 0, 0, 0, 0, 0, 0, 0, 0, 0, 0, 0, 0, 0, 0, 0, 0, 2, 2, 2, 2, 3, 0, 0, 0, 0, 0, 0, 0, 0, 0, 0, 0, 3, 3, 3, 7, 0, 3, 7, 0, 0, 7, 0, 0, 0, 0, 0, 0, 0, 0, 0, 0, 0, 0, 0, 0, 0, 0, 0, 0, 0, 0, 0, 8, 0, 0, 0, 8, 0, 0, 0, 0, 0, 0, 0, 4, 0, 2, 6, 0, 0, 0, 0, 0, 0, 0, 6, 0, 2, 2, 6, 0, 4, 0, 0, 0, 0, 0, 0, 0, 0, 6, 0, 0, 0, 6, 0, 0, 6, 0, 6, 0, 0, 0, 0, 0, 4, 0, 0, 0, 0, 0, 0, 0, 6, 0, 2, 2, 6, 0, 0, 0, 0, 0, 0, 6, 0, 2, 2, 6, 0, 5, 0, 0, 0, 0, 0, 0, 0, 0, 0, 0, 0, 0, 0, 0, 0, 0, 0, 0, 0, 0, 0, 0, 0, 0, 0, 0, 0, 0, 0, 0, 0, 0, 0, 0, 0, 0, 8, 0, 0, 0, 8, 0, 0, 0, 0, 0, 0, 0, 4, 0, 2, 6, 0, 0, 0, 0, 0, 0, 0, 6, 0, 2, 2, 6, 0, 4, 0, 0, 0, 0, 0, 0, 0, 0, 0, 0, 0, 0, 0, 0, 0, 0, 0, 4, 0, 0, 0, 0, 0, 0, 0, 6, 0, 2, 2, 6, 0, 0, 0, 1, 4, 4, 4, 0, 1, 1, 1, 1, 0, 0, 7, 0, 0, 0, 0, 0, 0, 0, 0, 0, 0, 0, 0, 0, 0, 0, 0, 0, 0, 0, 0, 0, 0, 0, 0, 0, 0, 0, 0, 0, 0, 0, 7, 7, 0, 0, 0, 7, 7, 1, 1, 0, 0, 0, 0, 0, 0, 0, 0, 0, 0, 0, 0, 0, 0, 0, 0, 0, 0, 0, 0, 0, 0, 0, 7, 7, 0, 0, 0, 7, 7, 1, 1, 0, 0, 0, 0, 0, 0, 0, 0, 0, 0, 0, 0, 0, 0, 0, 0, 0, 0, 0, 1, 1, 0, 1, 1, 1, 1, 0, 1, 1, 0, 2, 0, 1, 1, 0, 1, 1, 1, 4, 1, 1, 0, 2, 0, 2, 4, 1, 0, 0, 0, 0, 0, 0, 0, 0, 0, 0, 0, 0, 0, 0, 0, 0, 0, 0, 0, 0, 0, 0, 0, 0, 0, 0, 0, 0, 0, 0, 0, 0, 0, 0, 0, 0, 0, 0, 5, 0, 0, 0, 0, 0, 5, 0, 0, 0, 0, 0, 7, 2, 2, 2, 2, 7, 7, 0, 7, 7, 0, 0, 0, 0, 0, 0, 0, 0, 0, 5, 0, 0, 5, 0, 0, 5, 0, 7, 7, 7, 7, 6, 7, 0, 0, 7, 7, 7, 6, 4, 0, 8, 8, 5, 6, 4, 4, 4, 6, 4, 4, 4, 7, 0, 0, 0, 0, 0, 7, 7, 0, 7, 7, 7, 7, 8, 4, 4, 7, 0, 0, 0, 0, 0, 6, 4, 0, 0, 0, 4, 0, 0, 0, 3, 3, 3, 3, 4, 0, 0, 2, 4, 0, 0, 0, 0, 0, 0, 0, 0, 0, 0, 4, 0, 0, 0, 4, 0, 0, 4, 0, 4, 0, 0, 0, 0, 0, 0, 0, 0, 0, 3, 3, 3, 3, 4, 0, 0, 2, 4, 0, 0, 3, 3, 3, 3, 4, 0, 0, 2, 4, 0, 0, 0, 0, 0, 0, 0, 0, 0, 0, 0, 0, 0, 0, 0, 0, 0, 0, 0, 7, 0, 0, 0, 0, 0, 0, 0, 0, 0, 0, 0, 0, 0, 0, 0, 0, 7, 7, 0, 7, 7, 7, 7, 7, 8, 7, 0, 0, 7, 7, 7, 8, 5, 6, 6, 6, 4, 4, 4, 4, 6, 4, 4, 4, 7, 0, 0, 0, 0, 0, 7, 7, 0, 7, 7, 7, 7, 8, 4, 4, 7, 0, 0, 0, 0, 0, 6, 4, 0, 0, 0, 4, 0, 0, 0, 3, 3, 3, 3, 4, 0, 0, 2, 4, 0, 0, 0, 0, 0, 0, 0, 0, 0, 0, 0, 0, 0, 0, 0, 0, 0, 0, 0, 0, 0, 0, 0, 3, 3, 3, 3, 4, 0, 0, 2, 4, 0, 0, 0, 4, 3, 1, 0, 1, 0, 0, 0, 0, 0, 0, 0, 0, 0, 0, 0, 1, 0, 1, 1, 1, 0, 0, 0, 0, 0, 0, 0, 0, 0, 0, 0, 0, 0, 0, 0, 0, 0, 0, 0, 0, 0, 0, 0, 0, 0, 0, 0, 0, 0, 0, 7, 7, 0, 0, 0, 7, 7, 1, 1, 0, 0, 0, 0, 0, 0, 0, 0, 0, 0, 0, 0, 0, 0, 0, 0, 0, 0]
# Solver time:0.0278533, Greedy time: 0.00023107, before greedy: 2698396, after greedy: 2698396 in iteration: 1 after: 0.0914745 s
# Solver time:0.031579, Greedy time: 0.000218881, before greedy: 532844, after greedy: 532844 in iteration: 1 after: 0.0964679 s
# Solver time:0.032979, Greedy time: 0.000505079, before greedy: 1197608, after greedy: 1176090 in iteration: 1 after: 0.0976262 s
# Solver time:0.0347885, Greedy time: 0.000280697, before greedy: 540445, after greedy: 540445 in iteration: 1 after: 0.0997331 s
# Solver time:0.0354496, Greedy time: 0.000505123, before greedy: 1118045, after greedy: 1097564 in iteration: 1 after: 0.100814 s
# Solver time:0.0366316, Greedy time: 0.000279896, before greedy: 532844, after greedy: 532844 in iteration: 1 after: 0.101513 s
# Solver time:0.0387361, Greedy time: 0.000504056, before greedy: 3360276, after greedy: 3339795 in iteration: 1 after: 0.102525 s
# Cost: 5.32844000e+05 (pid: 1) 0.15 s (iteration: 2)
[0, 1, 1, 0, 7, 1, 0, 7, 1, 1, 7, 3, 2, 0, 2, 0, 1, 1, 0, 1, 1, 1, 1, 2, 2, 0, 3, 3, 3, 1, 2, 0, 0, 0, 0, 0, 0, 0, 0, 0, 0, 0, 0, 0, 0, 0, 0, 0, 0, 0, 0, 0, 3, 3, 3, 3, 5, 0, 0, 0, 0, 0, 0, 0, 0, 0, 0, 0, 5, 5, 5, 9, 0, 5, 9, 0, 0, 9, 0, 0, 0, 0, 0, 0, 0, 0, 0, 0, 0, 0, 0, 0, 0, 0, 0, 0, 3, 0, 3, 11, 3, 3, 3, 11, 3, 0, 0, 2, 2, 2, 2, 0, 9, 3, 1, 9, 9, 9, 9, 3, 3, 3, 1, 9, 3, 3, 1, 9, 8, 6, 6, 6, 6, 6, 6, 6, 0, 8, 6, 6, 0, 8, 6, 6, 8, 6, 8, 6, 6, 6, 6, 6, 8, 2, 9, 9, 9, 3, 3, 3, 1, 9, 3, 3, 1, 9, 9, 9, 3, 3, 3, 1, 9, 3, 3, 1, 9, 0, 0, 0, 0, 0, 0, 0, 0, 0, 0, 0, 0, 0, 0, 0, 0, 0, 0, 0, 0, 0, 0, 0, 0, 0, 0, 0, 0, 0, 0, 0, 0, 0, 0, 0, 3, 3, 11, 3, 3, 3, 11, 3, 0, 0, 2, 2, 2, 13, 8, 2, 3, 8, 2, 2, 2, 2, 3, 3, 3, 1, 2, 3, 3, 1, 2, 8, 6, 6, 6, 6, 6, 6, 6, 6, 6, 6, 6, 6, 6, 6, 6, 6, 6, 8, 2, 2, 2, 2, 3, 3, 3, 1, 2, 3, 3, 1, 2, 3, 3, 3, 1, 5, 5, 5, 1, 7, 7, 7, 0, 0, 11, 0, 0, 11, 11, 0, 0, 0, 11, 11, 7, 7, 7, 3, 3, 3, 8, 8, 3, 0, 0, 3, 3, 3, 8, 8, 3, 8, 0, 0, 0, 0, 11, 11, 0, 0, 0, 11, 11, 7, 7, 7, 3, 3, 3, 8, 8, 3, 0, 0, 3, 3, 3, 8, 8, 3, 8, 0, 0, 0, 0, 0, 0, 0, 11, 11, 0, 0, 0, 11, 11, 7, 7, 7, 3, 3, 3, 8, 8, 3, 0, 0, 3, 3, 3, 8, 8, 3, 8, 0, 7, 0, 2, 7, 0, 2, 7, 7, 7, 7, 20, 14, 0, 14, 0, 2, 2, 0, 2, 2, 2, 7, 11, 2, 0, 3, 3, 3, 7, 2, 0, 0, 0, 0, 0, 0, 0, 0, 0, 0, 0, 0, 0, 0, 0, 0, 0, 0, 0, 0, 0, 0, 0, 0, 0, 0, 0, 0, 0, 0, 0, 0, 0, 0, 0, 0, 0, 0, 6, 0, 0, 0, 0, 0, 6, 0, 0, 0, 0, 0, 11, 3, 3, 3, 3, 11, 11, 11, 11, 11, 0, 0, 0, 0, 0, 0, 0, 0, 0, 6, 0, 0, 6, 0, 0, 6, 0, 11, 11, 11, 11, 10, 11, 0, 0, 11, 11, 11, 10, 5, 0, 11, 11, 6, 8, 5, 5, 5, 8, 5, 5, 5, 9, 0, 0, 0, 0, 0, 11, 11, 11, 11, 11, 11, 11, 11, 5, 5, 9, 0, 0, 0, 0, 0, 7, 2, 0, 9, 3, 7, 8, 8, 8, 8, 2, 2, 2, 7, 8, 3, 3, 7, 8, 8, 18, 15, 15, 15, 12, 8, 8, 0, 7, 8, 8, 0, 7, 8, 8, 7, 8, 7, 8, 8, 15, 12, 8, 8, 11, 8, 8, 8, 2, 2, 2, 7, 8, 3, 3, 7, 8, 8, 8, 2, 2, 2, 7, 8, 3, 3, 7, 8, 0, 0, 0, 0, 0, 0, 0, 0, 0, 0, 0, 0, 0, 0, 0, 0, 0, 0, 11, 0, 0, 0, 0, 0, 0, 0, 0, 0, 0, 0, 0, 0, 0, 0, 0, 11, 11, 11, 11, 11, 11, 11, 11, 11, 11, 0, 0, 11, 11, 11, 11, 6, 8, 10, 10, 5, 5, 5, 5, 8, 5, 5, 5, 9, 0, 0, 0, 0, 0, 11, 11, 11, 11, 11, 11, 11, 11, 5, 5, 9, 0, 0, 0, 0, 0, 7, 5, 8, 1, 3, 1, 1, 8, 8, 8, 2, 2, 2, 7, 8, 3, 3, 7, 8, 8, 18, 15, 15, 15, 12, 8, 8, 8, 8, 8, 8, 8, 8, 8, 15, 12, 8, 8, 11, 8, 8, 8, 2, 2, 2, 7, 8, 3, 3, 7, 8, 1, 1, 5, 1, 5, 2, 2, 0, 0, 0, 0, 0, 0, 0, 0, 0, 0, 0, 2, 7, 7, 7, 7, 0, 0, 11, 11, 0, 0, 0, 11, 11, 7, 2, 7, 3, 3, 3, 8, 8, 3, 0, 0, 3, 3, 3, 8, 8, 3, 8, 0, 0, 0, 11, 11, 0, 0, 0, 11, 11, 7, 7, 7, 3, 3, 3, 8, 8, 3, 0, 0, 3, 3, 3, 8, 8, 3, 8, 0, 7]
# Solver time:0.0407463, Greedy time: 0.000409966, before greedy: 532844, after greedy: 532844 in iteration: 2 after: 0.209684 s
# Solver time:0.0440607, Greedy time: 0.000394477, before greedy: 532844, after greedy: 532844 in iteration: 2 after: 0.217554 s
# Solver time:0.0457987, Greedy time: 0.000516208, before greedy: 532844, after greedy: 532844 in iteration: 3 after: 0.331971 s
# Solver time:0.0462105, Greedy time: 0.000444591, before greedy: 532844, after greedy: 532844 in iteration: 3 after: 0.333536 s
# Solver time:0.0437182, Greedy time: 0.000516076, before greedy: 532844, after greedy: 532844 in iteration: 4 after: 0.445036 s
# Solver time:0.0430268, Greedy time: 0.000413312, before greedy: 532844, after greedy: 532844 in iteration: 4 after: 0.447595 s
# Solver time:0.046922, Greedy time: 0.000387209, before greedy: 532844, after greedy: 532844 in iteration: 4 after: 0.448984 s
# Solver time:0.0428604, Greedy time: 0.000504112, before greedy: 532844, after greedy: 532844 in iteration: 5 after: 0.558753 s
# Solver time:0.043325, Greedy time: 0.00035644, before greedy: 532844, after greedy: 532844 in iteration: 5 after: 0.558753 s
# Solver time:0.0432846, Greedy time: 0.000333874, before greedy: 532844, after greedy: 532844 in iteration: 5 after: 0.559489 s
# Solver time:0.0396322, Greedy time: 0.000244534, before greedy: 532844, after greedy: 532844 in iteration: 5 after: 0.560031 s
# Solver time:0.0423515, Greedy time: 0.000293272, before greedy: 532844, after greedy: 532844 in iteration: 5 after: 0.561201 s
# Solver time:0.0423525, Greedy time: 0.000291692, before greedy: 532844, after greedy: 532844 in iteration: 5 after: 0.56156 s
# Solver time:0.0433401, Greedy time: 0.000498872, before greedy: 532844, after greedy: 532844 in iteration: 6 after: 0.67184 s
# Solver time:0.0441111, Greedy time: 0.000395989, before greedy: 532844, after greedy: 532844 in iteration: 6 after: 0.673208 s
# Solver time:0.040149, Greedy time: 0.000245716, before greedy: 532844, after greedy: 532844 in iteration: 6 after: 0.673361 s
# Solver time:0.0434436, Greedy time: 0.00030148, before greedy: 532844, after greedy: 532844 in iteration: 6 after: 0.673952 s
# Solver time:0.0432884, Greedy time: 0.000285804, before greedy: 532844, after greedy: 532844 in iteration: 6 after: 0.674534 s
# Solver time:0.0428919, Greedy time: 0.00028372, before greedy: 532844, after greedy: 532844 in iteration: 6 after: 0.674889 s
# Solver time:0.0441278, Greedy time: 0.000522571, before greedy: 532844, after greedy: 532844 in iteration: 7 after: 0.78992 s
# Solver time:0.0422655, Greedy time: 0.000500919, before greedy: 532844, after greedy: 532844 in iteration: 8 after: 0.898872 s
# Solver time:0.0430238, Greedy time: 0.000478642, before greedy: 532844, after greedy: 532844 in iteration: 8 after: 0.902304 s
# Solver time:0.0415989, Greedy time: 0.000332056, before greedy: 532844, after greedy: 532844 in iteration: 8 after: 0.902852 s
# Solver time:0.0425853, Greedy time: 0.000499548, before greedy: 532844, after greedy: 532844 in iteration: 9 after: 1.01278 s
# Solver time:0.0428251, Greedy time: 0.000417374, before greedy: 532844, after greedy: 532844 in iteration: 9 after: 1.01339 s
# Solver time:0.0424684, Greedy time: 0.000317456, before greedy: 532844, after greedy: 532844 in iteration: 9 after: 1.01397 s
# Solver time:0.042419, Greedy time: 0.00031249, before greedy: 532844, after greedy: 532844 in iteration: 9 after: 1.01423 s
# Solver time:0.0416393, Greedy time: 0.000305286, before greedy: 532844, after greedy: 532844 in iteration: 9 after: 1.01519 s
# Solver time:0.0430725, Greedy time: 0.000483191, before greedy: 532844, after greedy: 532844 in iteration: 10 after: 1.12524 s
# Solver time:0.0428026, Greedy time: 0.000333525, before greedy: 532844, after greedy: 532844 in iteration: 10 after: 1.12527 s
# Solver time:0.0426675, Greedy time: 0.000328366, before greedy: 532844, after greedy: 532844 in iteration: 10 after: 1.12598 s
# Solver time:0.0424634, Greedy time: 0.000295542, before greedy: 532844, after greedy: 532844 in iteration: 10 after: 1.12651 s
# Solver time:0.0419583, Greedy time: 0.000282208, before greedy: 532844, after greedy: 532844 in iteration: 10 after: 1.1269 s
# Solver time:0.0422115, Greedy time: 0.000279495, before greedy: 532844, after greedy: 532844 in iteration: 10 after: 1.12789 s
# Solver time:0.0419166, Greedy time: 0.00028304, before greedy: 532844, after greedy: 532844 in iteration: 10 after: 1.12823 s
# Solver time:0.0428419, Greedy time: 0.000505367, before greedy: 532844, after greedy: 532844 in iteration: 11 after: 1.24127 s
# Solver time:0.0422972, Greedy time: 0.0005132, before greedy: 532844, after greedy: 532844 in iteration: 12 after: 1.35584 s
# Solver time:0.043967, Greedy time: 0.000499345, before greedy: 532844, after greedy: 532844 in iteration: 13 after: 1.4681 s
# Solver time:0.0420729, Greedy time: 0.000494439, before greedy: 532844, after greedy: 532844 in iteration: 14 after: 1.57825 s
# Solver time:0.0417666, Greedy time: 0.000508163, before greedy: 532844, after greedy: 532844 in iteration: 15 after: 1.69415 s
# Solver time:0.041812, Greedy time: 0.000479499, before greedy: 532844, after greedy: 532844 in iteration: 16 after: 1.80671 s
# Solver time:0.0387613, Greedy time: 0.000422237, before greedy: 532844, after greedy: 532844 in iteration: 17 after: 1.9193 s
# Solver time:0.0429311, Greedy time: 0.000496155, before greedy: 532844, after greedy: 532844 in iteration: 18 after: 2.0333 s
# Solver time:0.0435896, Greedy time: 0.000517312, before greedy: 532844, after greedy: 532844 in iteration: 19 after: 2.14903 s
# Solver time:0.0418686, Greedy time: 0.000471411, before greedy: 532844, after greedy: 532844 in iteration: 20 after: 2.25662 s
# Solver time:0.0430744, Greedy time: 0.000428421, before greedy: 532844, after greedy: 532844 in iteration: 20 after: 2.25872 s
# Solver time:0.0435806, Greedy time: 0.000354031, before greedy: 532844, after greedy: 532844 in iteration: 20 after: 2.26051 s
# Solver time:0.0440862, Greedy time: 0.000308186, before greedy: 532844, after greedy: 532844 in iteration: 20 after: 2.26192 s
# Solver time:0.0438993, Greedy time: 0.000287466, before greedy: 532844, after greedy: 532844 in iteration: 20 after: 2.26261 s
# Solver time:0.0432157, Greedy time: 0.00028212, before greedy: 532844, after greedy: 532844 in iteration: 20 after: 2.26353 s
# Solver time:0.043326, Greedy time: 0.000489054, before greedy: 532844, after greedy: 532844 in iteration: 21 after: 2.37555 s
# Solver time:0.041847, Greedy time: 0.000480562, before greedy: 532844, after greedy: 532844 in iteration: 22 after: 2.48596 s
# Solver time:0.0411559, Greedy time: 0.000327334, before greedy: 532844, after greedy: 532844 in iteration: 22 after: 2.48599 s
# Solver time:0.0412197, Greedy time: 0.00032551, before greedy: 532844, after greedy: 532844 in iteration: 22 after: 2.48635 s
# Solver time:0.0411257, Greedy time: 0.000298502, before greedy: 532844, after greedy: 532844 in iteration: 22 after: 2.48671 s
# Solver time:0.0425042, Greedy time: 0.000305116, before greedy: 532844, after greedy: 532844 in iteration: 22 after: 2.4891 s
# Solver time:0.0434793, Greedy time: 0.000289189, before greedy: 532844, after greedy: 532844 in iteration: 22 after: 2.49106 s
# Solver time:0.0433065, Greedy time: 0.000277378, before greedy: 532844, after greedy: 532844 in iteration: 22 after: 2.49217 s
# Solver time:0.0421229, Greedy time: 0.000483556, before greedy: 532844, after greedy: 532844 in iteration: 23 after: 2.60193 s
# Solver time:0.0439376, Greedy time: 0.000491273, before greedy: 532844, after greedy: 532844 in iteration: 24 after: 2.72024 s
# Solver time:0.0418061, Greedy time: 0.00047647, before greedy: 532844, after greedy: 532844 in iteration: 26 after: 2.94543 s
# Solver time:0.0434598, Greedy time: 0.00036243, before greedy: 532844, after greedy: 532844 in iteration: 26 after: 2.9457 s
# Solver time:0.0419271, Greedy time: 0.000316679, before greedy: 532844, after greedy: 532844 in iteration: 26 after: 2.94658 s
# Solver time:0.0448623, Greedy time: 0.000298798, before greedy: 532844, after greedy: 532844 in iteration: 26 after: 2.94737 s
# Solver time:0.046244, Greedy time: 0.000294311, before greedy: 532844, after greedy: 532844 in iteration: 26 after: 2.95002 s
# Solver time:0.0450592, Greedy time: 0.000280065, before greedy: 532844, after greedy: 532844 in iteration: 26 after: 2.951 s
# Solver time:0.0451144, Greedy time: 0.000215298, before greedy: 532844, after greedy: 532844 in iteration: 26 after: 2.95178 s
# Solver time:0.0437876, Greedy time: 0.00050509, before greedy: 532844, after greedy: 532844 in iteration: 27 after: 3.06289 s
# Solver time:0.044633, Greedy time: 0.000490567, before greedy: 532844, after greedy: 532844 in iteration: 28 after: 3.1754 s
# Solver time:0.0436182, Greedy time: 0.000490563, before greedy: 532844, after greedy: 532844 in iteration: 28 after: 3.1754 s
# Solver time:0.0436944, Greedy time: 0.000326043, before greedy: 532844, after greedy: 532844 in iteration: 28 after: 3.17591 s
# Solver time:0.0437967, Greedy time: 0.0003014, before greedy: 532844, after greedy: 532844 in iteration: 28 after: 3.17654 s
# Solver time:0.0433585, Greedy time: 0.000299996, before greedy: 532844, after greedy: 532844 in iteration: 28 after: 3.17806 s
# Solver time:0.0432801, Greedy time: 0.000216341, before greedy: 532844, after greedy: 532844 in iteration: 28 after: 3.17886 s
# Solver time:0.0459285, Greedy time: 0.000280695, before greedy: 532844, after greedy: 532844 in iteration: 28 after: 3.17955 s
# Solver time:0.0418184, Greedy time: 0.000490373, before greedy: 532844, after greedy: 532844 in iteration: 29 after: 3.28858 s
# Solver time:0.0427135, Greedy time: 0.000503158, before greedy: 532844, after greedy: 532844 in iteration: 30 after: 3.40275 s
# Solver time:0.0436529, Greedy time: 0.00048125, before greedy: 532844, after greedy: 532844 in iteration: 31 after: 3.51409 s
# Solver time:0.0431599, Greedy time: 0.000381334, before greedy: 532844, after greedy: 532844 in iteration: 31 after: 3.51515 s
# Solver time:0.0427482, Greedy time: 0.000313373, before greedy: 532844, after greedy: 532844 in iteration: 31 after: 3.51596 s
# Solver time:0.0427811, Greedy time: 0.000309521, before greedy: 532844, after greedy: 532844 in iteration: 31 after: 3.51775 s
# Solver time:0.0427978, Greedy time: 0.000493223, before greedy: 532844, after greedy: 532844 in iteration: 32 after: 3.63036 s
# Solver time:0.0419476, Greedy time: 0.000499215, before greedy: 532844, after greedy: 532844 in iteration: 33 after: 3.73964 s
# Solver time:0.0436019, Greedy time: 0.000434697, before greedy: 532844, after greedy: 532844 in iteration: 33 after: 3.74194 s
# Solver time:0.0436043, Greedy time: 0.000376478, before greedy: 532844, after greedy: 532844 in iteration: 33 after: 3.744 s
# Solver time:0.041939, Greedy time: 0.0003326, before greedy: 532844, after greedy: 532844 in iteration: 34 after: 3.85289 s
# Solver time:0.0422236, Greedy time: 0.000485199, before greedy: 532844, after greedy: 532844 in iteration: 34 after: 3.85289 s
# Solver time:0.0416503, Greedy time: 0.000340834, before greedy: 532844, after greedy: 532844 in iteration: 34 after: 3.85359 s
# Solver time:0.0442006, Greedy time: 0.000367753, before greedy: 532844, after greedy: 532844 in iteration: 34 after: 3.85664 s
# Solver time:0.0435108, Greedy time: 0.000314085, before greedy: 532844, after greedy: 532844 in iteration: 34 after: 3.85741 s
# Solver time:0.043435, Greedy time: 0.000281189, before greedy: 532844, after greedy: 532844 in iteration: 34 after: 3.85797 s
# Solver time:0.0436258, Greedy time: 0.000293372, before greedy: 532844, after greedy: 532844 in iteration: 34 after: 3.85896 s
# Solver time:0.043985, Greedy time: 0.000481719, before greedy: 532844, after greedy: 532844 in iteration: 35 after: 3.97056 s
# Solver time:0.0427734, Greedy time: 0.000526316, before greedy: 532844, after greedy: 532844 in iteration: 36 after: 4.08429 s
# Cost: 5.32843000e+05 (pid: *) 4.16 s (iteration: 37)
[0, 1, 1, 0, 7, 1, 0, 7, 1, 1, 7, 3, 2, 0, 2, 0, 1, 1, 0, 1, 1, 1, 1, 2, 2, 0, 3, 3, 3, 1, 2, 0, 0, 0, 0, 0, 0, 0, 0, 0, 0, 0, 0, 0, 0, 0, 0, 0, 0, 0, 0, 0, 3, 3, 3, 3, 5, 0, 0, 0, 0, 0, 0, 0, 0, 0, 0, 0, 5, 5, 5, 1, 0, 5, 1, 0, 0, 1, 0, 0, 0, 0, 0, 0, 0, 0, 0, 0, 0, 0, 0, 0, 0, 0, 0, 0, 3, 0, 3, 11, 3, 3, 3, 11, 3, 0, 0, 2, 2, 2, 2, 0, 9, 3, 1, 9, 9, 9, 9, 3, 3, 3, 1, 9, 3, 3, 1, 9, 8, 1, 1, 1, 1, 1, 1, 1, 0, 1, 1, 1, 0, 1, 1, 1, 1, 1, 1, 1, 1, 1, 1, 1, 8, 9, 9, 9, 9, 3, 3, 3, 1, 9, 3, 3, 1, 9, 9, 9, 3, 3, 3, 1, 9, 3, 3, 1, 9, 0, 0, 0, 0, 0, 0, 0, 0, 0, 0, 0, 0, 0, 0, 0, 0, 0, 0, 0, 0, 0, 0, 0, 0, 0, 0, 0, 0, 0, 0, 0, 0, 0, 0, 0, 3, 3, 11, 3, 3, 3, 11, 3, 0, 0, 2, 2, 2, 13, 8, 2, 3, 1, 2, 2, 2, 2, 3, 3, 3, 1, 2, 3, 3, 1, 2, 8, 6, 6, 6, 6, 6, 6, 6, 6, 6, 6, 6, 6, 6, 6, 6, 6, 6, 8, 2, 2, 2, 2, 3, 3, 3, 1, 2, 3, 3, 1, 2, 3, 3, 3, 1, 5, 5, 5, 1, 7, 7, 7, 0, 0, 11, 0, 0, 11, 11, 0, 0, 0, 11, 11, 7, 7, 7, 3, 3, 3, 8, 8, 3, 0, 0, 3, 3, 3, 8, 8, 3, 8, 0, 0, 0, 0, 11, 11, 0, 0, 0, 11, 11, 7, 7, 7, 3, 3, 3, 8, 8, 3, 0, 0, 3, 3, 3, 8, 8, 3, 8, 0, 0, 0, 0, 0, 0, 0, 11, 11, 0, 0, 0, 11, 11, 7, 7, 7, 3, 3, 3, 8, 8, 3, 0, 0, 3, 3, 3, 8, 8, 3, 8, 0, 7, 0, 2, 7, 0, 2, 7, 7, 7, 7, 20, 14, 0, 14, 0, 2, 2, 0, 2, 2, 2, 7, 11, 2, 0, 3, 3, 3, 7, 2, 0, 0, 0, 0, 0, 0, 0, 0, 0, 0, 0, 0, 0, 0, 0, 0, 0, 0, 0, 0, 0, 0, 0, 0, 0, 0, 0, 0, 0, 0, 0, 0, 0, 0, 0, 0, 0, 0, 1, 0, 0, 0, 0, 0, 1, 0, 0, 0, 0, 0, 11, 3, 3, 3, 3, 11, 11, 11, 11, 11, 0, 0, 0, 0, 0, 0, 0, 0, 0, 1, 0, 0, 1, 0, 0, 1, 0, 11, 11, 11, 11, 10, 11, 0, 0, 11, 11, 11, 10, 5, 0, 11, 11, 6, 8, 5, 5, 5, 8, 5, 5, 5, 9, 0, 0, 0, 0, 0, 11, 11, 11, 11, 11, 11, 11, 11, 5, 5, 9, 0, 0, 0, 0, 0, 7, 2, 0, 9, 3, 7, 8, 8, 8, 8, 2, 2, 2, 7, 8, 3, 3, 7, 8, 8, 18, 15, 15, 15, 12, 8, 8, 0, 7, 8, 8, 0, 7, 8, 8, 7, 8, 7, 8, 8, 15, 12, 8, 8, 11, 8, 8, 8, 2, 2, 2, 7, 8, 3, 3, 7, 8, 8, 8, 2, 2, 2, 7, 8, 3, 3, 7, 8, 0, 0, 0, 0, 0, 0, 0, 0, 0, 0, 0, 0, 0, 0, 0, 0, 0, 0, 11, 0, 0, 0, 0, 0, 0, 0, 0, 0, 0, 0, 0, 0, 0, 0, 0, 11, 11, 11, 11, 11, 11, 11, 11, 11, 11, 0, 0, 11, 11, 11, 11, 6, 8, 10, 10, 5, 5, 5, 5, 8, 5, 5, 5, 9, 0, 0, 0, 0, 0, 11, 11, 11, 11, 11, 11, 11, 11, 5, 5, 9, 0, 0, 0, 0, 0, 7, 5, 8, 1, 3, 1, 1, 8, 8, 8, 2, 2, 2, 7, 8, 3, 3, 7, 8, 8, 18, 15, 15, 15, 12, 8, 8, 8, 8, 8, 8, 8, 8, 8, 15, 12, 8, 8, 11, 8, 8, 8, 2, 2, 2, 7, 8, 3, 3, 7, 8, 1, 1, 5, 1, 5, 2, 2, 0, 0, 0, 0, 0, 0, 0, 0, 0, 0, 0, 2, 7, 7, 7, 7, 0, 0, 11, 11, 0, 0, 0, 11, 11, 7, 2, 7, 3, 3, 3, 8, 8, 3, 0, 0, 3, 3, 3, 8, 8, 3, 8, 0, 0, 0, 11, 11, 0, 0, 0, 11, 11, 7, 7, 7, 3, 3, 3, 8, 8, 3, 0, 0, 3, 3, 3, 8, 8, 3, 8, 0, 7]
# Solver time:0.0423079, Greedy time: 0.000451662, before greedy: 532844, after greedy: 532844 in iteration: 37 after: 4.19494 s
