# Preprocessing: 0.0417608 s
# nodes: 816 edges: 1023
# strategies: 10071 intervals: 675
# Cost: 1.36000000e+20 (greedy) 0.04 s (iteration: 1)
[0, 4, 4, 0, 4, 4, 0, 4, 4, 4, 3, 1, 1, 0, 8, 0, 4, 4, 0, 4, 4, 4, 6, 1, 1, 0, 2, 2, 2, 6, 1, 4, 0, 0, 0, 0, 0, 0, 0, 0, 0, 0, 0, 0, 0, 1, 1, 1, 1, 1, 1, 1, 2, 2, 2, 2, 3, 0, 0, 0, 0, 0, 0, 0, 0, 0, 0, 0, 3, 3, 3, 6, 1, 3, 6, 0, 0, 6, 0, 0, 0, 0, 0, 0, 1, 1, 1, 1, 1, 1, 1, 1, 0, 0, 0, 0, 0, 0, 0, 7, 0, 0, 0, 7, 0, 0, 0, 0, 0, 0, 0, 4, 0, 2, 6, 0, 0, 0, 0, 0, 0, 0, 6, 0, 2, 2, 6, 0, 5, 0, 0, 0, 3, 3, 3, 3, 0, 6, 3, 3, 0, 6, 3, 3, 6, 3, 6, 3, 3, 3, 3, 3, 4, 0, 0, 0, 0, 0, 0, 0, 6, 0, 2, 2, 6, 0, 0, 0, 0, 0, 0, 6, 0, 2, 2, 6, 0, 4, 0, 0, 0, 0, 0, 0, 1, 1, 1, 1, 1, 1, 1, 1, 0, 0, 0, 0, 0, 0, 0, 0, 1, 1, 1, 1, 1, 1, 1, 1, 0, 0, 0, 0, 0, 0, 7, 0, 0, 0, 7, 0, 0, 0, 0, 0, 0, 0, 4, 0, 2, 6, 0, 0, 0, 0, 0, 0, 0, 6, 0, 2, 2, 6, 0, 5, 0, 0, 0, 3, 3, 3, 3, 3, 3, 3, 3, 3, 3, 3, 3, 3, 3, 4, 0, 0, 0, 0, 0, 0, 0, 6, 0, 2, 2, 6, 0, 0, 0, 2, 5, 5, 5, 0, 1, 1, 1, 1, 0, 0, 6, 0, 0, 0, 0, 0, 0, 0, 0, 0, 0, 0, 0, 0, 0, 0, 0, 0, 0, 0, 0, 0, 0, 0, 0, 0, 0, 0, 0, 0, 0, 0, 6, 6, 0, 0, 0, 6, 6, 1, 1, 0, 0, 0, 0, 0, 0, 0, 0, 0, 0, 0, 0, 0, 0, 0, 0, 0, 0, 0, 0, 0, 0, 0, 6, 6, 0, 0, 0, 6, 6, 1, 1, 0, 0, 0, 0, 0, 0, 0, 0, 0, 0, 0, 0, 0, 0, 0, 0, 0, 0, 0, 1, 1, 0, 1, 1, 1, 1, 0, 1, 1, 0, 2, 0, 1, 1, 0, 1, 1, 1, 4, 1, 1, 0, 2, 0, 2, 4, 1, 0, 0, 0, 0, 0, 0, 0, 0, 0, 0, 0, 0, 0, 1, 1, 1, 1, 1, 1, 1, 0, 0, 0, 0, 0, 0, 0, 0, 0, 0, 0, 0, 0, 0, 0, 0, 0, 0, 4, 1, 0, 0, 0, 0, 4, 0, 0, 0, 0, 0, 6, 2, 2, 2, 2, 6, 6, 0, 6, 6, 0, 0, 1, 1, 1, 1, 1, 1, 1, 4, 1, 0, 4, 0, 0, 4, 0, 6, 6, 6, 6, 5, 6, 0, 0, 6, 6, 6, 5, 3, 0, 8, 8, 4, 5, 3, 3, 3, 5, 3, 3, 3, 6, 0, 0, 0, 0, 0, 6, 6, 0, 6, 6, 6, 6, 8, 3, 3, 6, 0, 0, 0, 0, 0, 5, 3, 0, 0, 0, 4, 0, 0, 0, 1, 1, 1, 1, 4, 0, 0, 2, 4, 0, 0, 0, 0, 0, 2, 2, 2, 2, 0, 4, 2, 2, 0, 4, 2, 2, 4, 2, 4, 2, 2, 2, 2, 2, 0, 0, 0, 0, 1, 1, 1, 1, 4, 0, 0, 2, 4, 0, 0, 1, 1, 1, 1, 4, 0, 0, 2, 4, 0, 0, 0, 0, 0, 0, 0, 1, 1, 1, 1, 1, 1, 1, 1, 0, 0, 0, 0, 6, 0, 0, 1, 1, 1, 1, 1, 1, 1, 1, 0, 0, 0, 0, 0, 0, 6, 6, 0, 6, 6, 6, 6, 6, 8, 6, 0, 0, 6, 6, 6, 8, 4, 5, 5, 5, 3, 3, 3, 3, 5, 3, 3, 3, 6, 0, 0, 0, 0, 0, 6, 6, 0, 6, 6, 6, 6, 8, 3, 3, 6, 0, 0, 0, 0, 0, 5, 3, 0, 0, 0, 4, 0, 0, 0, 1, 1, 1, 1, 4, 0, 0, 2, 4, 0, 0, 0, 0, 0, 2, 2, 2, 2, 2, 2, 2, 2, 2, 2, 2, 2, 2, 2, 0, 0, 0, 0, 1, 1, 1, 1, 4, 0, 0, 2, 4, 0, 0, 0, 5, 0, 1, 0, 1, 0, 0, 0, 0, 0, 0, 0, 0, 0, 0, 0, 1, 0, 1, 1, 1, 0, 0, 0, 0, 0, 0, 0, 0, 0, 0, 0, 0, 0, 0, 0, 0, 0, 0, 0, 0, 0, 0, 0, 0, 0, 0, 0, 0, 0, 0, 6, 6, 0, 0, 0, 6, 6, 1, 1, 0, 0, 0, 0, 0, 0, 0, 0, 0, 0, 0, 0, 0, 0, 0, 0, 0, 0]
# Solver time:0.0240407, Greedy time: 0.000519399, before greedy: 3211146, after greedy: 3122773 in iteration: 1 after: 0.0815445 s
# Solver time:0.0283007, Greedy time: 0.000588201, before greedy: 441159, after greedy: 441049 in iteration: 1 after: 0.0867987 s
# Solver time:0.0309483, Greedy time: 0.000273451, before greedy: 217039, after greedy: 217039 in iteration: 1 after: 0.0890529 s
# Solver time:0.0321909, Greedy time: 0.000798848, before greedy: 1847648, after greedy: 1759275 in iteration: 1 after: 0.0942081 s
# Solver time:0.0343641, Greedy time: 0.000360556, before greedy: 381475, after greedy: 381475 in iteration: 1 after: 0.0953751 s
# Solver time:0.0350209, Greedy time: 0.000891978, before greedy: 231450, after greedy: 229402 in iteration: 1 after: 0.0965601 s
# Solver time:0.0399659, Greedy time: 0.000265304, before greedy: 229274, after greedy: 229274 in iteration: 1 after: 0.101438 s
# Cost: 2.17039000e+05 (pid: 0) 0.14 s (iteration: 1)
[0, 7, 7, 0, 7, 7, 0, 7, 7, 7, 5, 17, 14, 0, 14, 0, 7, 7, 0, 7, 7, 7, 14, 14, 14, 0, 3, 3, 3, 14, 14, 7, 38, 13, 13, 5, 5, 5, 0, 0, 1, 1, 0, 1, 1, 12, 9, 9, 12, 9, 9, 9, 3, 3, 3, 3, 5, 0, 0, 0, 0, 0, 0, 0, 0, 0, 0, 0, 5, 5, 5, 1, 9, 5, 1, 5, 5, 1, 5, 5, 5, 13, 7, 7, 9, 6, 6, 9, 6, 6, 6, 6, 7, 7, 7, 7, 3, 0, 3, 12, 3, 3, 3, 12, 3, 13, 7, 3, 3, 3, 3, 8, 2, 3, 1, 9, 9, 9, 9, 3, 3, 3, 1, 9, 3, 3, 1, 9, 11, 4, 4, 4, 4, 4, 4, 4, 0, 10, 4, 4, 0, 10, 4, 4, 10, 4, 10, 4, 4, 4, 4, 4, 8, 9, 9, 9, 9, 3, 3, 3, 1, 9, 3, 3, 1, 9, 9, 9, 3, 3, 3, 1, 9, 3, 3, 1, 9, 0, 0, 0, 0, 0, 0, 0, 7, 4, 4, 7, 4, 4, 4, 4, 0, 0, 0, 0, 0, 0, 0, 0, 7, 4, 4, 7, 4, 4, 4, 4, 0, 0, 0, 0, 2, 2, 9, 2, 2, 2, 9, 2, 0, 0, 1, 1, 1, 1, 8, 9, 3, 1, 9, 9, 9, 9, 3, 3, 3, 1, 9, 3, 3, 1, 9, 3, 4, 4, 4, 4, 4, 4, 4, 4, 4, 4, 4, 4, 4, 4, 4, 4, 4, 0, 9, 9, 9, 9, 3, 3, 3, 1, 9, 3, 3, 1, 9, 2, 2, 2, 1, 1, 5, 5, 1, 1, 1, 1, 0, 0, 8, 0, 7, 8, 8, 0, 0, 0, 8, 8, 1, 1, 5, 3, 3, 3, 8, 11, 3, 8, 7, 3, 3, 3, 0, 3, 3, 8, 0, 0, 0, 7, 8, 8, 0, 0, 0, 8, 8, 1, 1, 5, 3, 3, 3, 8, 11, 3, 8, 7, 3, 3, 3, 0, 3, 3, 8, 0, 0, 0, 0, 0, 0, 7, 8, 8, 0, 0, 0, 8, 8, 1, 1, 5, 3, 3, 3, 8, 11, 3, 8, 7, 3, 3, 3, 0, 3, 3, 8, 0, 1, 0, 1, 1, 0, 1, 1, 1, 1, 5, 3, 2, 0, 2, 0, 1, 1, 0, 1, 1, 1, 1, 2, 2, 0, 3, 3, 3, 1, 2, 7, 0, 0, 0, 0, 0, 0, 1, 1, 1, 0, 1, 1, 5, 3, 3, 5, 3, 3, 3, 0, 0, 0, 0, 1, 1, 1, 0, 0, 1, 1, 0, 0, 1, 1, 1, 2, 1, 4, 3, 0, 1, 2, 1, 4, 0, 0, 0, 0, 0, 8, 3, 3, 3, 3, 8, 8, 8, 8, 8, 0, 0, 5, 3, 3, 5, 3, 3, 3, 4, 3, 0, 4, 0, 0, 4, 0, 8, 8, 8, 8, 7, 8, 7, 0, 8, 8, 8, 7, 3, 0, 8, 8, 4, 6, 3, 3, 3, 6, 3, 3, 3, 7, 0, 0, 0, 0, 0, 8, 8, 8, 8, 8, 8, 8, 8, 3, 3, 7, 0, 0, 0, 0, 0, 5, 3, 8, 4, 3, 1, 4, 4, 4, 4, 1, 1, 1, 1, 4, 3, 3, 1, 4, 11, 18, 15, 15, 15, 12, 8, 8, 0, 7, 8, 8, 0, 7, 8, 8, 7, 8, 7, 8, 8, 15, 12, 8, 8, 11, 4, 4, 4, 1, 1, 1, 1, 4, 3, 3, 1, 4, 4, 4, 1, 1, 1, 1, 4, 3, 3, 1, 4, 0, 0, 0, 0, 0, 0, 5, 3, 3, 5, 3, 3, 3, 3, 0, 0, 0, 0, 8, 0, 0, 5, 3, 3, 5, 3, 3, 3, 3, 0, 0, 0, 0, 0, 0, 8, 8, 8, 8, 8, 8, 8, 8, 8, 8, 0, 0, 8, 8, 8, 8, 4, 6, 7, 7, 3, 3, 3, 3, 6, 3, 3, 3, 7, 0, 0, 0, 0, 0, 8, 8, 8, 8, 8, 8, 8, 8, 3, 3, 7, 0, 0, 0, 0, 0, 1, 1, 8, 1, 3, 1, 4, 4, 4, 4, 1, 1, 1, 1, 4, 3, 3, 1, 4, 3, 3, 3, 3, 3, 3, 3, 3, 3, 3, 3, 3, 3, 3, 3, 3, 3, 3, 0, 4, 4, 4, 4, 1, 1, 1, 1, 4, 3, 3, 1, 4, 0, 0, 5, 0, 5, 1, 1, 0, 0, 0, 0, 0, 0, 0, 0, 0, 0, 0, 1, 1, 1, 1, 1, 0, 7, 8, 8, 0, 0, 0, 8, 8, 1, 1, 5, 3, 3, 3, 8, 11, 3, 8, 7, 3, 3, 3, 0, 3, 3, 8, 0, 0, 7, 8, 8, 0, 0, 0, 8, 8, 1, 1, 5, 3, 3, 3, 8, 11, 3, 8, 7, 3, 3, 3, 0, 3, 3, 8, 0, 1]
# Solver time:0.0360431, Greedy time: 0.000338102, before greedy: 217039, after greedy: 217039 in iteration: 2 after: 0.20247 s
# Solver time:0.0360457, Greedy time: 0.000298405, before greedy: 217039, after greedy: 217039 in iteration: 2 after: 0.203769 s
# Solver time:0.0355364, Greedy time: 0.000232488, before greedy: 217039, after greedy: 217039 in iteration: 2 after: 0.203907 s
# Solver time:0.0355499, Greedy time: 0.000294449, before greedy: 217039, after greedy: 217039 in iteration: 2 after: 0.205587 s
# Solver time:0.0348204, Greedy time: 0.000287456, before greedy: 217039, after greedy: 217039 in iteration: 2 after: 0.205705 s
# Solver time:0.0371743, Greedy time: 0.000276839, before greedy: 217039, after greedy: 217039 in iteration: 2 after: 0.206389 s
# Solver time:0.0372317, Greedy time: 0.000283366, before greedy: 217039, after greedy: 217039 in iteration: 2 after: 0.20919 s
# Solver time:0.0365807, Greedy time: 0.000392344, before greedy: 217039, after greedy: 217039 in iteration: 3 after: 0.313992 s
# Solver time:0.0372463, Greedy time: 0.000397177, before greedy: 217039, after greedy: 217039 in iteration: 4 after: 0.419588 s
# Solver time:0.04005, Greedy time: 0.00033956, before greedy: 217039, after greedy: 217039 in iteration: 4 after: 0.421496 s
# Solver time:0.0397803, Greedy time: 0.000304103, before greedy: 217039, after greedy: 217039 in iteration: 4 after: 0.423336 s
# Solver time:0.0400242, Greedy time: 0.000275793, before greedy: 217039, after greedy: 217039 in iteration: 4 after: 0.424499 s
# Solver time:0.0393885, Greedy time: 0.0003158, before greedy: 217039, after greedy: 217039 in iteration: 4 after: 0.424568 s
# Solver time:0.0381827, Greedy time: 0.000381993, before greedy: 217039, after greedy: 217039 in iteration: 5 after: 0.532763 s
# Solver time:0.0392724, Greedy time: 0.000327814, before greedy: 217039, after greedy: 217039 in iteration: 7 after: 0.750048 s
# Solver time:0.0402768, Greedy time: 0.000322251, before greedy: 217039, after greedy: 217039 in iteration: 7 after: 0.751731 s
# Solver time:0.0402084, Greedy time: 0.000297677, before greedy: 217039, after greedy: 217039 in iteration: 7 after: 0.752043 s
# Solver time:0.0403369, Greedy time: 0.000273751, before greedy: 217039, after greedy: 217039 in iteration: 7 after: 0.753101 s
# Solver time:0.0440893, Greedy time: 0.000277318, before greedy: 217039, after greedy: 217039 in iteration: 7 after: 0.753975 s
# Solver time:0.0421251, Greedy time: 0.000268428, before greedy: 217039, after greedy: 217039 in iteration: 7 after: 0.75607 s
# Solver time:0.0424758, Greedy time: 0.000273725, before greedy: 217039, after greedy: 217039 in iteration: 7 after: 0.75701 s
# Solver time:0.0435755, Greedy time: 0.00040042, before greedy: 217039, after greedy: 217039 in iteration: 8 after: 0.869691 s
# Solver time:0.0415081, Greedy time: 0.000327094, before greedy: 217039, after greedy: 217039 in iteration: 9 after: 0.977357 s
# Solver time:0.0443149, Greedy time: 0.000346091, before greedy: 217039, after greedy: 217039 in iteration: 9 after: 0.982128 s
# Solver time:0.0440878, Greedy time: 0.000293119, before greedy: 217039, after greedy: 217039 in iteration: 9 after: 0.982748 s
# Solver time:0.0437136, Greedy time: 0.000276713, before greedy: 217039, after greedy: 217039 in iteration: 9 after: 0.983197 s
# Solver time:0.041852, Greedy time: 0.000319885, before greedy: 217039, after greedy: 217039 in iteration: 10 after: 1.09212 s
# Solver time:0.0452765, Greedy time: 0.000351036, before greedy: 217039, after greedy: 217039 in iteration: 10 after: 1.09661 s
# Solver time:0.0444328, Greedy time: 0.000299467, before greedy: 217039, after greedy: 217039 in iteration: 10 after: 1.09751 s
# Solver time:0.0439931, Greedy time: 0.000289682, before greedy: 217039, after greedy: 217039 in iteration: 10 after: 1.0979 s
# Solver time:0.0441123, Greedy time: 0.000282388, before greedy: 217039, after greedy: 217039 in iteration: 10 after: 1.09888 s
# Solver time:0.0422722, Greedy time: 0.000392636, before greedy: 217039, after greedy: 217039 in iteration: 11 after: 1.20613 s
# Solver time:0.0438195, Greedy time: 0.00032902, before greedy: 217039, after greedy: 217039 in iteration: 11 after: 1.20858 s
# Solver time:0.0429289, Greedy time: 0.000233911, before greedy: 217039, after greedy: 217039 in iteration: 11 after: 1.20983 s
# Solver time:0.0448798, Greedy time: 0.000273468, before greedy: 217039, after greedy: 217039 in iteration: 11 after: 1.21058 s
# Solver time:0.0443961, Greedy time: 0.000266559, before greedy: 217039, after greedy: 217039 in iteration: 11 after: 1.21219 s
# Solver time:0.0445978, Greedy time: 0.000275368, before greedy: 217039, after greedy: 217039 in iteration: 11 after: 1.21307 s
# Solver time:0.0388114, Greedy time: 0.000327105, before greedy: 217039, after greedy: 217039 in iteration: 12 after: 1.31761 s
# Solver time:0.0429021, Greedy time: 0.000339277, before greedy: 217039, after greedy: 217039 in iteration: 12 after: 1.32052 s
# Solver time:0.044549, Greedy time: 0.000324868, before greedy: 217039, after greedy: 217039 in iteration: 12 after: 1.32534 s
# Solver time:0.0443033, Greedy time: 0.000283379, before greedy: 217039, after greedy: 217039 in iteration: 12 after: 1.3267 s
# Solver time:0.0431009, Greedy time: 0.000378089, before greedy: 217039, after greedy: 217039 in iteration: 13 after: 1.43567 s
# Solver time:0.0437273, Greedy time: 0.000312282, before greedy: 217039, after greedy: 217039 in iteration: 13 after: 1.43695 s
# Solver time:0.0447692, Greedy time: 0.00030327, before greedy: 217039, after greedy: 217039 in iteration: 13 after: 1.4406 s
# Solver time:0.0393517, Greedy time: 0.000316365, before greedy: 217039, after greedy: 217039 in iteration: 14 after: 1.54544 s
# Solver time:0.0433334, Greedy time: 0.000331286, before greedy: 217039, after greedy: 217039 in iteration: 14 after: 1.55075 s
# Solver time:0.0452411, Greedy time: 0.000291044, before greedy: 217039, after greedy: 217039 in iteration: 14 after: 1.55255 s
# Solver time:0.0446363, Greedy time: 0.000280626, before greedy: 217039, after greedy: 217039 in iteration: 14 after: 1.5541 s
# Solver time:0.0438332, Greedy time: 0.000278194, before greedy: 217039, after greedy: 217039 in iteration: 14 after: 1.555 s
# Solver time:0.043286, Greedy time: 0.00028431, before greedy: 217039, after greedy: 217039 in iteration: 14 after: 1.55524 s
# Solver time:0.0428633, Greedy time: 0.000370357, before greedy: 217039, after greedy: 217039 in iteration: 15 after: 1.6633 s
# Solver time:0.0434415, Greedy time: 0.000305381, before greedy: 217039, after greedy: 217039 in iteration: 15 after: 1.66446 s
# Solver time:0.0423297, Greedy time: 0.0002276, before greedy: 217039, after greedy: 217039 in iteration: 15 after: 1.66636 s
# Solver time:0.0453025, Greedy time: 0.000289284, before greedy: 217039, after greedy: 217039 in iteration: 15 after: 1.66652 s
# Solver time:0.0443875, Greedy time: 0.00028158, before greedy: 217039, after greedy: 217039 in iteration: 15 after: 1.66805 s
# Solver time:0.0440927, Greedy time: 0.000281606, before greedy: 217039, after greedy: 217039 in iteration: 15 after: 1.66911 s
# Solver time:0.0438157, Greedy time: 0.000269309, before greedy: 217039, after greedy: 217039 in iteration: 15 after: 1.66965 s
# Solver time:0.0397032, Greedy time: 0.00031543, before greedy: 217039, after greedy: 217039 in iteration: 16 after: 1.77445 s
# Solver time:0.0424834, Greedy time: 0.000399189, before greedy: 217039, after greedy: 217039 in iteration: 17 after: 1.89254 s
# Solver time:0.0436972, Greedy time: 0.000383526, before greedy: 217039, after greedy: 217039 in iteration: 18 after: 2.00368 s
# Solver time:0.0438247, Greedy time: 0.000388319, before greedy: 217039, after greedy: 217039 in iteration: 19 after: 2.11855 s
# Solver time:0.0435016, Greedy time: 0.000375027, before greedy: 217039, after greedy: 217039 in iteration: 20 after: 2.22823 s
# Solver time:0.0440169, Greedy time: 0.000405649, before greedy: 217039, after greedy: 217039 in iteration: 21 after: 2.34392 s
# Solver time:0.0450483, Greedy time: 0.000399061, before greedy: 217039, after greedy: 217039 in iteration: 22 after: 2.46214 s
# Solver time:0.044791, Greedy time: 0.000404209, before greedy: 217039, after greedy: 217039 in iteration: 23 after: 2.57682 s
# Solver time:0.0430222, Greedy time: 0.000397263, before greedy: 217039, after greedy: 217039 in iteration: 24 after: 2.68643 s
# Solver time:0.0450853, Greedy time: 0.000351075, before greedy: 217039, after greedy: 217039 in iteration: 24 after: 2.69049 s
# Solver time:0.0435156, Greedy time: 0.000326099, before greedy: 217039, after greedy: 217039 in iteration: 24 after: 2.69062 s
# Solver time:0.0445472, Greedy time: 0.000282435, before greedy: 217039, after greedy: 217039 in iteration: 24 after: 2.69088 s
# Solver time:0.0443525, Greedy time: 0.000272861, before greedy: 217039, after greedy: 217039 in iteration: 24 after: 2.69154 s
# Solver time:0.0450692, Greedy time: 0.000432378, before greedy: 217039, after greedy: 217039 in iteration: 25 after: 2.80238 s
# Solver time:0.0439742, Greedy time: 0.000379628, before greedy: 217039, after greedy: 217039 in iteration: 25 after: 2.8025 s
# Solver time:0.0448337, Greedy time: 0.000384631, before greedy: 217039, after greedy: 217039 in iteration: 25 after: 2.80774 s
# Solver time:0.0432999, Greedy time: 0.000363685, before greedy: 217039, after greedy: 217039 in iteration: 26 after: 2.9174 s
# Solver time:0.0447303, Greedy time: 0.000313936, before greedy: 217039, after greedy: 217039 in iteration: 26 after: 2.91973 s
# Solver time:0.0445482, Greedy time: 0.000311974, before greedy: 217039, after greedy: 217039 in iteration: 26 after: 2.9234 s
