Optimize a model with 5157840 rows, 5358708 columns and 347919855 nonzeros
Model fingerprint: 0x4d86df80
Variable types: 0 continuous, 5358708 integer (5358708 binary)
Coefficient statistics:
  Matrix range     [1e+00, 3e+08]
  Objective range  [1e+00, 1e+18]
  Bounds range     [1e+00, 1e+00]
  RHS range        [1e+00, 3e+08]
Warning: Model contains large matrix coefficients
Warning: Model contains large objective coefficients
         Consider reformulating model or setting NumericFocus parameter
         to avoid numerical issues.
Presolve removed 0 rows and 0 columns (presolve time = 9s)...
Presolve removed 911508 rows and 911409 columns (presolve time = 1485s)...
Presolve removed 898428 rows and 898329 columns
Presolve time: 1484.96s
Presolved: 4259412 rows, 4460379 columns, 211292614 nonzeros
Variable types: 0 continuous, 4460379 integer (4460280 binary)
Found heuristic solution: objective 7.821000e+21
Deterministic concurrent LP optimizer: primal simplex, dual simplex, and barrier
Showing barrier log only...

Root barrier log...

Elapsed ordering time = 7s
Elapsed ordering time = 370s
Ordering time: 692.58s

Barrier performed 0 iterations in 2407.85 seconds (2692.03 work units)
Barrier solve interrupted - model solved by another algorithm

Concurrent spin time: 1.13s

Solved with dual simplex

Root simplex log...

Iteration    Objective       Primal Inf.    Dual Inf.      Time
   97623    3.5222146e+07   0.000000e+00   0.000000e+00   2423s

Root relaxation: objective 3.522215e+07, 97623 iterations, 857.27 seconds (707.64 work units)
Total elapsed time = 2432.17s (DegenMoves)
Total elapsed time = 2570.30s (DegenMoves)
Total elapsed time = 2617.86s (DegenMoves)
Total elapsed time = 2636.49s (DegenMoves)
Total elapsed time = 2653.78s (DegenMoves)

    Nodes    |    Current Node    |     Objective Bounds      |     Work
 Expl Unexpl |  Obj  Depth IntInf | Incumbent    BestBd   Gap | It/Node Time

     0     0 3.5222e+07    0 73731 7.8210e+21 3.5222e+07   100%     - 2676s
H    0     0                    7.231000e+21 3.5222e+07   100%     - 2776s
H    0     0                    7.177000e+21 3.5222e+07   100%     - 2777s
     0     0 5.6059e+08    0 60237 7.1770e+21 5.6059e+08   100%     - 6428s
H    0     0                    3.700000e+19 5.6085e+08   100%     - 6937s
H    0     0                    1.000000e+19 5.6085e+08   100%     - 8210s
     0     0 5.8689e+08    0 63890 1.0000e+19 5.8689e+08   100%     - 8440s
     0     0 5.9013e+08    0 63320 1.0000e+19 5.9013e+08   100%     - 8532s
     0     0 5.9109e+08    0 63656 1.0000e+19 5.9109e+08   100%     - 8588s
     0     0 5.9138e+08    0 63841 1.0000e+19 5.9138e+08   100%     - 8643s
     0     0 5.9143e+08    0 63975 1.0000e+19 5.9143e+08   100%     - 8689s
     0     0 9.7548e+08    0 60695 1.0000e+19 9.7548e+08   100%     - 11367s
     0     0 9.9196e+08    0 58099 1.0000e+19 9.9196e+08   100%     - 11916s
     0     0 9.9424e+08    0 59788 1.0000e+19 9.9424e+08   100%     - 12141s
     0     0 9.9471e+08    0 59921 1.0000e+19 9.9471e+08   100%     - 12267s
     0     0 9.9495e+08    0 60065 1.0000e+19 9.9495e+08   100%     - 12348s
     0     0 9.9501e+08    0 60514 1.0000e+19 9.9501e+08   100%     - 12417s
     0     0 1.1750e+09    0 40288 1.0000e+19 1.1750e+09   100%     - 14232s
H    0     0                    1.000000e+19 1.1753e+09   100%     - 16332s
     0     0 1.1837e+09    0 41673 1.0000e+19 1.1837e+09   100%     - 16912s
     0     0 1.1858e+09    0 42808 1.0000e+19 1.1858e+09   100%     - 17195s
     0     0 1.1863e+09    0 43204 1.0000e+19 1.1863e+09   100%     - 17340s
     0     0 1.1865e+09    0 44420 1.0000e+19 1.1865e+09   100%     - 17497s
     0     0 1.3059e+09    0 37411 1.0000e+19 1.3059e+09   100%     - 19206s
     0     0 1.3101e+09    0 29893 1.0000e+19 1.3101e+09   100%     - 19774s
     0     0 1.3112e+09    0 30518 1.0000e+19 1.3112e+09   100%     - 20039s
     0     0 1.3115e+09    0 30943 1.0000e+19 1.3115e+09   100%     - 20170s
     0     0 1.3117e+09    0 29141 1.0000e+19 1.3117e+09   100%     - 20254s
     0     0 1.4292e+09    0 25062 1.0000e+19 1.4292e+09   100%     - 21341s
H    0     0                    1.000000e+19 1.4316e+09   100%     - 21407s
H    0     0                    1.000000e+18 1.4316e+09   100%     - 21437s
H    0     0                    1.858323e+09 1.4316e+09  23.0%     - 22727s
H    0     0                    1.858313e+09 1.4316e+09  23.0%     - 22728s
H    0     0                    1.853103e+09 1.4316e+09  22.7%     - 22729s
H    0     0                    1.817101e+09 1.4316e+09  21.2%     - 22847s
     0     0 1.4326e+09    0 28922 1.8171e+09 1.4326e+09  21.2%     - 23812s
     0     0 1.4326e+09    0 28922 1.8171e+09 1.4326e+09  21.2%     - 23824s
     0     0 1.4326e+09    0 28922 1.8171e+09 1.4326e+09  21.2%     - 23846s
     0     0 1.4330e+09    0 28921 1.8171e+09 1.4330e+09  21.1%     - 24166s
     0     0 1.4332e+09    0 32378 1.8171e+09 1.4332e+09  21.1%     - 24370s
     0     0 1.4332e+09    0 32378 1.8171e+09 1.4332e+09  21.1%     - 24382s
     0     0 1.4723e+09    0 24883 1.8171e+09 1.4723e+09  19.0%     - 38607s
     0     0 1.4723e+09    0 112677 1.8171e+09 1.4723e+09  19.0%     - 42536s
H    0     0                    1.726467e+09 1.4723e+09  14.7%     - 42597s
H    0     0                    1.725799e+09 1.4723e+09  14.7%     - 42612s
     0     0 1.4723e+09    0 57687 1.7258e+09 1.4723e+09  14.7%     - 48993s
     0     0 1.4723e+09    0 57806 1.7258e+09 1.4723e+09  14.7%     - 49115s
     0     0 1.4723e+09    0 57810 1.7258e+09 1.4723e+09  14.7%     - 49131s
     0     0 1.4723e+09    0 57809 1.7258e+09 1.4723e+09  14.7%     - 49141s
H    0     0                    1.725797e+09 1.4723e+09  14.7%     - 49547s
     0     0 1.4723e+09    0 44734 1.7258e+09 1.4723e+09  14.7%     - 51870s
     0     0 1.4723e+09    0 44698 1.7258e+09 1.4723e+09  14.7%     - 51889s
     0     0 1.4723e+09    0 35221 1.7258e+09 1.4723e+09  14.7%     - 52879s
     0     0 1.4723e+09    0 35353 1.7258e+09 1.4723e+09  14.7%     - 52906s
     0     0 1.4723e+09    0 27270 1.7258e+09 1.4723e+09  14.7%     - 53874s
     0     0 1.4723e+09    0 27867 1.7258e+09 1.4723e+09  14.7%     - 54515s
     0     0 1.4723e+09    0 27877 1.7258e+09 1.4723e+09  14.7%     - 54532s
     0     0 1.4723e+09    0 27613 1.7258e+09 1.4723e+09  14.7%     - 55173s
     0     0 1.4723e+09    0 28137 1.7258e+09 1.4723e+09  14.7%     - 55685s
     0     0 1.4723e+09    0 28134 1.7258e+09 1.4723e+09  14.7%     - 55708s
     0     0 1.4723e+09    0 27363 1.7258e+09 1.4723e+09  14.7%     - 55970s
     0     0 1.4723e+09    0 27468 1.7258e+09 1.4723e+09  14.7%     - 56307s
     0     0 1.4723e+09    0 28419 1.7258e+09 1.4723e+09  14.7%     - 56548s
     0     0 1.4724e+09    0 27656 1.7258e+09 1.4724e+09  14.7%     - 56691s
     0     0 1.4725e+09    0 28120 1.7258e+09 1.4725e+09  14.7%     - 56817s
     0     0 1.4726e+09    0 28229 1.7258e+09 1.4726e+09  14.7%     - 56909s
     0     0 1.4727e+09    0 28278 1.7258e+09 1.4727e+09  14.7%     - 57013s
     0     0 1.4727e+09    0 28049 1.7258e+09 1.4727e+09  14.7%     - 57076s
     0     0 1.5057e+09    0 23776 1.7258e+09 1.5057e+09  12.8%     - 58522s
     0     0 1.5057e+09    0 23721 1.7258e+09 1.5057e+09  12.8%     - 58539s
     0     0 1.5061e+09    0 14817 1.7258e+09 1.5061e+09  12.7%     - 58873s
     0     0 1.5062e+09    0 14985 1.7258e+09 1.5062e+09  12.7%     - 59002s
     0     0 1.5080e+09    0 22575 1.7258e+09 1.5080e+09  12.6%     - 59932s
H    0     0                    1.683422e+09 1.5080e+09  10.4%     - 59969s
H    0     0                    1.546995e+09 1.5080e+09  2.52%     - 60036s
H    0     0                    1.540954e+09 1.5080e+09  2.14%     - 60517s
H    0     0                    1.540816e+09 1.5080e+09  2.13%     - 60520s
H    0     0                    1.526789e+09 1.5080e+09  1.23%     - 60522s
H    0     0                    1.526788e+09 1.5080e+09  1.23%     - 60523s
H    0     0                    1.526788e+09 1.5080e+09  1.23%     - 60523s
H    0     0                    1.518766e+09 1.5080e+09  0.71%     - 60524s
H    0     0                    1.518763e+09 1.5080e+09  0.71%     - 60525s
H    0     0                    1.518755e+09 1.5080e+09  0.71%     - 60528s
H    0     0                    1.518752e+09 1.5080e+09  0.71%     - 60529s
H    0     0                    1.518751e+09 1.5080e+09  0.71%     - 60530s
H    0     0                    1.518746e+09 1.5080e+09  0.71%     - 60531s
H    0     0                    1.518737e+09 1.5080e+09  0.71%     - 60532s
H    0     0                    1.518733e+09 1.5080e+09  0.71%     - 60533s
H    0     0                    1.518731e+09 1.5080e+09  0.71%     - 60537s
H    0     0                    1.518731e+09 1.5080e+09  0.71%     - 60538s
H    0     0                    1.518730e+09 1.5080e+09  0.71%     - 60542s
H    0     0                    1.518426e+09 1.5080e+09  0.69%     - 60545s
     0     0 1.5082e+09    0 21818 1.5184e+09 1.5082e+09  0.67%     - 67549s
     0     0 1.5082e+09    0 21808 1.5184e+09 1.5082e+09  0.67%     - 67572s
     0     0 1.5082e+09    0 11551 1.5184e+09 1.5082e+09  0.67%     - 67640s
     0     0 1.5084e+09    0 10477 1.5184e+09 1.5084e+09  0.66%     - 67885s
     0     0 1.5084e+09    0 14213 1.5184e+09 1.5084e+09  0.66%     - 68055s
     0     0 1.5092e+09    0 18341 1.5184e+09 1.5092e+09  0.61%     - 68770s
     0     0 1.5092e+09    0 18130 1.5184e+09 1.5092e+09  0.61%     - 68793s
H    0     0                    1.518381e+09 1.5092e+09  0.60%     - 68860s
     0     0 1.5093e+09    0 18025 1.5184e+09 1.5093e+09  0.60%     - 69118s
     0     0 1.5093e+09    0 18025 1.5184e+09 1.5093e+09  0.60%     - 69134s
     0     0 1.5096e+09    0 5136 1.5184e+09 1.5096e+09  0.58%     - 69522s
     0     0 1.5096e+09    0 56837 1.5184e+09 1.5096e+09  0.58%     - 75396s
H    0     0                    1.517018e+09 1.5096e+09  0.49%     - 75437s
     0     0 1.5096e+09    0 23314 1.5170e+09 1.5096e+09  0.49%     - 78738s
     0     0 1.5096e+09    0 22832 1.5170e+09 1.5096e+09  0.49%     - 78840s
     0     0 1.5096e+09    0 22709 1.5170e+09 1.5096e+09  0.49%     - 78858s
H    0     0                    1.517008e+09 1.5096e+09  0.49%     - 79286s
     0     0 1.5096e+09    0 19155 1.5170e+09 1.5096e+09  0.49%     - 79728s
     0     0 1.5096e+09    0 19127 1.5170e+09 1.5096e+09  0.49%     - 79755s
     0     0 1.5096e+09    0 18980 1.5170e+09 1.5096e+09  0.49%     - 79774s
     0     0 1.5096e+09    0 11199 1.5170e+09 1.5096e+09  0.49%     - 80424s
     0     0 1.5096e+09    0 11199 1.5170e+09 1.5096e+09  0.49%     - 80437s
     0     0 1.5096e+09    0 13137 1.5170e+09 1.5096e+09  0.49%     - 80946s
     0     0 1.5096e+09    0 13127 1.5170e+09 1.5096e+09  0.49%     - 80958s
     0     0 1.5096e+09    0 13127 1.5170e+09 1.5096e+09  0.49%     - 80967s
     0     0 1.5096e+09    0 13058 1.5170e+09 1.5096e+09  0.49%     - 80975s
     0     0 1.5096e+09    0 8180 1.5170e+09 1.5096e+09  0.49%     - 81434s
     0     0 1.5096e+09    0 7382 1.5170e+09 1.5096e+09  0.49%     - 81982s
     0     0 1.5096e+09    0 8106 1.5170e+09 1.5096e+09  0.49%     - 82541s
     0     0 1.5096e+09    0 3273 1.5170e+09 1.5096e+09  0.49%     - 82806s
     0     0 1.5096e+09    0 10632 1.5170e+09 1.5096e+09  0.49%     - 83313s
     0     0 1.5096e+09    0 10093 1.5170e+09 1.5096e+09  0.49%     - 83335s
     0     0 1.5096e+09    0 1951 1.5170e+09 1.5096e+09  0.49%     - 83463s
     0     0 1.5096e+09    0 1927 1.5170e+09 1.5096e+09  0.49%     - 83476s
     0     0 1.5097e+09    0 1852 1.5170e+09 1.5097e+09  0.48%     - 83559s
     0     0 1.5099e+09    0 2532 1.5170e+09 1.5099e+09  0.47%     - 83828s
H    0     0                    1.517008e+09 1.5099e+09  0.47%     - 83883s
     0     0 1.5100e+09    0 4439 1.5170e+09 1.5100e+09  0.46%     - 84054s
     0     0 1.5103e+09    0 4447 1.5170e+09 1.5103e+09  0.44%     - 84377s
H    0     0                    1.517005e+09 1.5103e+09  0.44%     - 84802s
H    0     0                    1.513036e+09 1.5103e+09  0.18%     - 84803s
H    0     0                    1.513031e+09 1.5103e+09  0.18%     - 84804s
H    0     0                    1.513014e+09 1.5103e+09  0.18%     - 84808s
H    0     0                    1.513014e+09 1.5103e+09  0.18%     - 84811s
H    0     0                    1.512997e+09 1.5103e+09  0.18%     - 84821s
H    0     0                    1.512994e+09 1.5103e+09  0.18%     - 84822s
H    0     0                    1.512506e+09 1.5103e+09  0.15%     - 84823s
H    0     0                    1.512504e+09 1.5103e+09  0.15%     - 84824s
     0     0 1.5103e+09    0 2744 1.5125e+09 1.5103e+09  0.14%     - 84912s
     0     0 1.5103e+09    0 2741 1.5125e+09 1.5103e+09  0.14%     - 84928s
     0     0 1.5106e+09    0 1125 1.5125e+09 1.5106e+09  0.12%     - 85130s
     0     0 1.5106e+09    0 30436 1.5125e+09 1.5106e+09  0.12%     - 88329s
     0     0 1.5106e+09    0 14559 1.5125e+09 1.5106e+09  0.12%     - 90185s
     0     0 1.5106e+09    0 14558 1.5125e+09 1.5106e+09  0.12%     - 90192s
     0     0 1.5106e+09    0 11241 1.5125e+09 1.5106e+09  0.12%     - 90636s
     0     0 1.5106e+09    0 10756 1.5125e+09 1.5106e+09  0.12%     - 90683s
     0     0 1.5106e+09    0 9156 1.5125e+09 1.5106e+09  0.12%     - 91027s
     0     0 1.5106e+09    0 9141 1.5125e+09 1.5106e+09  0.12%     - 91035s
     0     0 1.5106e+09    0 9142 1.5125e+09 1.5106e+09  0.12%     - 91040s
     0     0 1.5106e+09    0 7630 1.5125e+09 1.5106e+09  0.12%     - 91320s
     0     0 1.5106e+09    0 7546 1.5125e+09 1.5106e+09  0.12%     - 91338s
     0     0 1.5106e+09    0 6447 1.5125e+09 1.5106e+09  0.12%     - 91527s
     0     0 1.5106e+09    0 6448 1.5125e+09 1.5106e+09  0.12%     - 91535s
     0     0 1.5106e+09    0 5653 1.5125e+09 1.5106e+09  0.12%     - 91722s
     0     0 1.5107e+09    0 1490 1.5125e+09 1.5107e+09  0.12%     - 91785s
     0     0 1.5108e+09    0 1504 1.5125e+09 1.5108e+09  0.11%     - 91848s
     0     0 1.5108e+09    0 1006 1.5125e+09 1.5108e+09  0.11%     - 91896s
     0     0 1.5109e+09    0  824 1.5125e+09 1.5109e+09  0.11%     - 91924s
     0     0 1.5110e+09    0  670 1.5125e+09 1.5110e+09  0.10%     - 92023s
     0     0 1.5110e+09    0 2335 1.5125e+09 1.5110e+09  0.10%     - 92111s
     0     0 1.5111e+09    0  650 1.5125e+09 1.5111e+09  0.09%     - 92205s
H    0     0                    1.512333e+09 1.5111e+09  0.08%     - 92326s
H    0     0                    1.512304e+09 1.5111e+09  0.08%     - 92328s
     0     0 1.5112e+09    0  624 1.5123e+09 1.5112e+09  0.07%     - 92358s
     0     0 1.5112e+09    0  509 1.5123e+09 1.5112e+09  0.07%     - 92431s
H    0     0                    1.512301e+09 1.5112e+09  0.07%     - 92453s
     0     0 1.5112e+09    0  558 1.5123e+09 1.5112e+09  0.07%     - 92487s
     0     0 1.5112e+09    0  465 1.5123e+09 1.5112e+09  0.07%     - 92545s
H    0     0                    1.511378e+09 1.5112e+09  0.01%     - 92562s

Cutting planes:
  Gomory: 16
  Lift-and-project: 6
  Cover: 824
  Implied bound: 8
  Dual implied bound: 127
  Clique: 145
  MIR: 4717
  GUB cover: 2
  Zero half: 737
  RLT: 28699
  Relax-and-lift: 145
  BQP: 11284

Explored 1 nodes (3360762 simplex iterations) in 92566.11 seconds (155503.16 work units)
Thread count was 18 (of 36 available processors)

Solution count 10: 1.51138e+09 1.5123e+09 1.5123e+09 ... 1.513e+09

Optimal solution found (tolerance 1.00e-04)
Best objective 1.511377982000e+09, best bound 1.511240135543e+09, gap 0.0091%
