# Preprocessing: 0.0711373 s
# nodes: 816 edges: 1096
# strategies: 10188 intervals: 675
# Cost: 1.58000000e+20 (greedy) 0.07 s (iteration: 1)
[0, 4, 4, 0, 4, 4, 0, 4, 4, 4, 4, 1, 1, 0, 8, 0, 4, 4, 0, 4, 4, 4, 6, 1, 1, 0, 2, 2, 2, 6, 1, 5, 0, 0, 0, 0, 0, 0, 0, 0, 0, 0, 0, 0, 0, 0, 0, 0, 0, 0, 0, 0, 2, 2, 2, 2, 3, 0, 0, 0, 0, 0, 0, 0, 0, 0, 0, 0, 3, 3, 3, 7, 0, 3, 7, 0, 0, 7, 0, 0, 0, 0, 0, 0, 0, 0, 0, 0, 0, 0, 0, 0, 0, 0, 0, 0, 0, 0, 0, 8, 0, 0, 0, 8, 0, 0, 0, 0, 0, 0, 0, 4, 0, 2, 6, 0, 0, 0, 0, 0, 0, 0, 6, 0, 2, 2, 6, 0, 4, 0, 0, 0, 0, 0, 0, 0, 0, 6, 0, 0, 0, 6, 0, 0, 6, 0, 6, 0, 0, 0, 0, 0, 4, 0, 0, 0, 0, 0, 0, 0, 6, 0, 2, 2, 6, 0, 0, 0, 0, 0, 0, 6, 0, 2, 2, 6, 0, 5, 0, 0, 0, 0, 0, 0, 0, 0, 0, 0, 0, 0, 0, 0, 0, 0, 0, 0, 0, 0, 0, 0, 0, 0, 0, 0, 0, 0, 0, 0, 0, 0, 0, 0, 0, 0, 8, 0, 0, 0, 8, 0, 0, 0, 0, 0, 0, 0, 4, 0, 2, 6, 0, 0, 0, 0, 0, 0, 0, 6, 0, 2, 2, 6, 0, 4, 0, 0, 0, 0, 0, 0, 0, 0, 0, 0, 0, 0, 0, 0, 0, 0, 0, 4, 0, 0, 0, 0, 0, 0, 0, 6, 0, 2, 2, 6, 0, 0, 0, 1, 4, 4, 4, 0, 1, 1, 1, 1, 0, 0, 7, 0, 0, 0, 0, 0, 0, 0, 0, 0, 0, 0, 0, 0, 0, 0, 0, 0, 0, 0, 0, 0, 0, 0, 0, 0, 0, 0, 0, 0, 0, 0, 7, 7, 0, 0, 0, 7, 7, 1, 1, 0, 0, 0, 0, 0, 0, 0, 0, 0, 0, 0, 0, 0, 0, 0, 0, 0, 0, 0, 0, 0, 0, 0, 7, 7, 0, 0, 0, 7, 7, 1, 1, 0, 0, 0, 0, 0, 0, 0, 0, 0, 0, 0, 0, 0, 0, 0, 0, 0, 0, 0, 1, 1, 0, 1, 1, 1, 1, 0, 1, 1, 0, 2, 0, 1, 1, 0, 1, 1, 1, 4, 1, 1, 0, 2, 0, 2, 4, 1, 0, 0, 0, 0, 0, 0, 0, 0, 0, 0, 0, 0, 0, 0, 0, 0, 0, 0, 0, 0, 0, 0, 0, 0, 0, 0, 0, 0, 0, 0, 0, 0, 0, 0, 0, 0, 0, 0, 5, 0, 0, 0, 0, 0, 5, 0, 0, 0, 0, 0, 7, 2, 2, 2, 2, 7, 7, 0, 7, 7, 0, 0, 0, 0, 0, 0, 0, 0, 0, 5, 0, 0, 5, 0, 0, 5, 0, 7, 7, 7, 7, 6, 7, 0, 0, 7, 7, 7, 6, 4, 0, 8, 8, 5, 6, 4, 4, 4, 6, 4, 4, 4, 7, 0, 0, 0, 0, 0, 7, 7, 0, 7, 7, 7, 7, 8, 4, 4, 7, 0, 0, 0, 0, 0, 6, 4, 0, 0, 0, 4, 0, 0, 0, 3, 3, 3, 3, 4, 0, 0, 2, 4, 0, 0, 0, 0, 0, 0, 0, 0, 0, 0, 4, 0, 0, 0, 4, 0, 0, 4, 0, 4, 0, 0, 0, 0, 0, 0, 0, 0, 0, 3, 3, 3, 3, 4, 0, 0, 2, 4, 0, 0, 3, 3, 3, 3, 4, 0, 0, 2, 4, 0, 0, 0, 0, 0, 0, 0, 0, 0, 0, 0, 0, 0, 0, 0, 0, 0, 0, 0, 7, 0, 0, 0, 0, 0, 0, 0, 0, 0, 0, 0, 0, 0, 0, 0, 0, 7, 7, 0, 7, 7, 7, 7, 7, 8, 7, 0, 0, 7, 7, 7, 8, 5, 6, 6, 6, 4, 4, 4, 4, 6, 4, 4, 4, 7, 0, 0, 0, 0, 0, 7, 7, 0, 7, 7, 7, 7, 8, 4, 4, 7, 0, 0, 0, 0, 0, 6, 4, 0, 0, 0, 4, 0, 0, 0, 3, 3, 3, 3, 4, 0, 0, 2, 4, 0, 0, 0, 0, 0, 0, 0, 0, 0, 0, 0, 0, 0, 0, 0, 0, 0, 0, 0, 0, 0, 0, 0, 3, 3, 3, 3, 4, 0, 0, 2, 4, 0, 0, 0, 4, 3, 1, 0, 1, 0, 0, 0, 0, 0, 0, 0, 0, 0, 0, 0, 1, 0, 1, 1, 1, 0, 0, 0, 0, 0, 0, 0, 0, 0, 0, 0, 0, 0, 0, 0, 0, 0, 0, 0, 0, 0, 0, 0, 0, 0, 0, 0, 0, 0, 0, 7, 7, 0, 0, 0, 7, 7, 1, 1, 0, 0, 0, 0, 0, 0, 0, 0, 0, 0, 0, 0, 0, 0, 0, 0, 0, 0]
# Solver time:0.0291032, Greedy time: 0.000318482, before greedy: 1501474, after greedy: 1501474 in iteration: 1 after: 0.11509 s
# Solver time:0.0284442, Greedy time: 0.000598479, before greedy: 3360276, after greedy: 3339795 in iteration: 1 after: 0.11637 s
# Solver time:0.0342941, Greedy time: 0.000400619, before greedy: 540445, after greedy: 540445 in iteration: 1 after: 0.121343 s
# Solver time:0.0353814, Greedy time: 0.000562523, before greedy: 1197608, after greedy: 1176090 in iteration: 1 after: 0.12209 s
# Solver time:0.0350505, Greedy time: 0.00053339, before greedy: 1118045, after greedy: 1097564 in iteration: 1 after: 0.122462 s
# Solver time:0.0392852, Greedy time: 0.000295804, before greedy: 532844, after greedy: 532844 in iteration: 1 after: 0.126413 s
# Solver time:0.04303, Greedy time: 0.000304285, before greedy: 532844, after greedy: 532844 in iteration: 1 after: 0.130196 s
# Cost: 5.40445000e+05 (pid: 2) 0.18 s (iteration: 1)
[0, 1, 1, 0, 7, 1, 0, 7, 1, 1, 7, 3, 2, 0, 2, 0, 1, 1, 0, 1, 1, 1, 1, 2, 2, 0, 3, 3, 3, 1, 2, 0, 0, 0, 0, 0, 0, 0, 0, 0, 0, 0, 0, 0, 0, 0, 0, 0, 0, 0, 0, 0, 3, 3, 3, 3, 5, 0, 0, 0, 0, 0, 0, 0, 0, 0, 0, 0, 5, 5, 5, 9, 0, 5, 9, 0, 0, 9, 0, 0, 0, 0, 0, 0, 0, 0, 0, 0, 0, 0, 0, 0, 0, 0, 0, 0, 3, 0, 3, 11, 3, 3, 3, 11, 3, 0, 0, 2, 2, 2, 2, 0, 9, 3, 1, 9, 9, 9, 9, 3, 3, 3, 1, 9, 3, 3, 1, 9, 8, 6, 6, 6, 6, 6, 6, 6, 0, 8, 6, 6, 0, 8, 6, 6, 8, 6, 8, 6, 6, 6, 6, 6, 2, 2, 9, 9, 9, 3, 3, 3, 1, 9, 3, 3, 1, 9, 9, 9, 3, 3, 3, 1, 9, 3, 3, 1, 9, 0, 0, 0, 0, 0, 0, 0, 0, 0, 0, 0, 0, 0, 0, 0, 0, 0, 0, 0, 0, 0, 0, 0, 0, 0, 0, 0, 0, 0, 0, 0, 0, 0, 0, 0, 3, 3, 11, 3, 3, 3, 11, 3, 0, 0, 2, 2, 2, 13, 8, 2, 3, 8, 2, 2, 2, 2, 3, 3, 3, 1, 2, 3, 3, 1, 2, 8, 6, 6, 6, 6, 6, 6, 6, 6, 6, 6, 6, 6, 6, 6, 6, 6, 6, 8, 2, 2, 2, 2, 3, 3, 3, 1, 2, 3, 3, 1, 2, 3, 3, 3, 1, 5, 5, 5, 1, 1, 1, 1, 0, 0, 11, 0, 0, 11, 11, 0, 0, 0, 11, 11, 1, 1, 7, 3, 3, 3, 2, 8, 3, 0, 0, 3, 3, 3, 8, 8, 3, 8, 0, 0, 0, 0, 11, 11, 0, 0, 0, 11, 11, 1, 1, 7, 3, 3, 3, 2, 8, 3, 0, 0, 3, 3, 3, 8, 8, 3, 8, 0, 0, 0, 0, 0, 0, 0, 11, 11, 0, 0, 0, 11, 11, 1, 1, 7, 3, 3, 3, 2, 8, 3, 0, 0, 3, 3, 3, 8, 8, 3, 8, 0, 1, 0, 1, 1, 0, 1, 1, 1, 1, 7, 3, 2, 0, 2, 0, 1, 1, 0, 1, 1, 1, 1, 2, 2, 0, 3, 3, 3, 1, 2, 0, 0, 0, 0, 0, 0, 0, 0, 0, 0, 0, 0, 0, 0, 0, 0, 0, 0, 0, 0, 0, 0, 0, 0, 0, 0, 0, 0, 0, 0, 0, 0, 0, 0, 0, 0, 0, 0, 6, 0, 0, 0, 0, 0, 6, 0, 0, 0, 0, 0, 11, 3, 3, 3, 3, 11, 11, 11, 11, 11, 0, 0, 0, 0, 0, 0, 0, 0, 0, 6, 0, 0, 6, 0, 0, 6, 0, 11, 11, 11, 11, 10, 11, 0, 0, 11, 11, 11, 10, 5, 0, 11, 11, 6, 8, 5, 5, 5, 8, 5, 5, 5, 9, 0, 0, 0, 0, 0, 11, 11, 11, 11, 11, 11, 11, 11, 5, 5, 9, 0, 0, 0, 0, 0, 7, 5, 0, 4, 3, 1, 4, 4, 4, 4, 1, 1, 1, 1, 4, 3, 3, 1, 4, 8, 1, 1, 1, 1, 1, 1, 1, 0, 5, 1, 1, 0, 5, 1, 1, 5, 1, 5, 1, 1, 1, 1, 1, 2, 1, 4, 4, 4, 1, 1, 1, 1, 4, 3, 3, 1, 4, 4, 4, 1, 1, 1, 1, 4, 3, 3, 1, 4, 0, 0, 0, 0, 0, 0, 0, 0, 0, 0, 0, 0, 0, 0, 0, 0, 0, 0, 11, 0, 0, 0, 0, 0, 0, 0, 0, 0, 0, 0, 0, 0, 0, 0, 0, 11, 11, 11, 11, 11, 11, 11, 11, 11, 11, 0, 0, 11, 11, 11, 11, 6, 8, 10, 10, 5, 5, 5, 5, 8, 5, 5, 5, 9, 0, 0, 0, 0, 0, 11, 11, 11, 11, 11, 11, 11, 11, 5, 5, 9, 0, 0, 0, 0, 0, 7, 5, 8, 1, 3, 1, 1, 4, 4, 4, 1, 1, 1, 1, 4, 3, 3, 1, 4, 8, 1, 1, 1, 1, 1, 1, 1, 1, 1, 1, 1, 1, 1, 1, 1, 1, 1, 8, 4, 4, 4, 4, 1, 1, 1, 1, 4, 3, 3, 1, 4, 1, 1, 5, 1, 5, 1, 1, 0, 0, 0, 0, 0, 0, 0, 0, 0, 0, 0, 1, 1, 1, 1, 1, 0, 0, 11, 11, 0, 0, 0, 11, 11, 1, 1, 7, 3, 3, 3, 2, 8, 3, 0, 0, 3, 3, 3, 8, 8, 3, 8, 0, 0, 0, 11, 11, 0, 0, 0, 11, 11, 1, 1, 7, 3, 3, 3, 2, 8, 3, 0, 0, 3, 3, 3, 8, 8, 3, 8, 0, 1]
# Solver time:0.0430309, Greedy time: 0.000363119, before greedy: 532844, after greedy: 532844 in iteration: 2 after: 0.23979 s
# Solver time:0.0427176, Greedy time: 0.0002989, before greedy: 532844, after greedy: 532844 in iteration: 2 after: 0.242108 s
# Cost: 5.32844000e+05 (pid: 0) 0.28 s (iteration: 2)
[0, 1, 1, 0, 7, 1, 0, 7, 1, 1, 7, 3, 2, 0, 2, 0, 1, 1, 0, 1, 1, 1, 1, 2, 2, 0, 3, 3, 3, 1, 2, 0, 0, 0, 0, 0, 0, 0, 0, 0, 0, 0, 0, 0, 0, 0, 0, 0, 0, 0, 0, 0, 3, 3, 3, 3, 5, 0, 0, 0, 0, 0, 0, 0, 0, 0, 0, 0, 5, 5, 5, 9, 0, 5, 9, 0, 0, 9, 0, 0, 0, 0, 0, 0, 0, 0, 0, 0, 0, 0, 0, 0, 0, 0, 0, 0, 3, 0, 3, 11, 3, 3, 3, 11, 3, 0, 0, 2, 2, 2, 2, 0, 9, 3, 1, 9, 9, 9, 9, 3, 3, 3, 1, 9, 3, 3, 1, 9, 8, 6, 6, 6, 6, 6, 6, 6, 0, 8, 6, 6, 0, 8, 6, 6, 8, 6, 8, 6, 6, 6, 6, 6, 8, 2, 9, 9, 9, 3, 3, 3, 1, 9, 3, 3, 1, 9, 9, 9, 3, 3, 3, 1, 9, 3, 3, 1, 9, 0, 0, 0, 0, 0, 0, 0, 0, 0, 0, 0, 0, 0, 0, 0, 0, 0, 0, 0, 0, 0, 0, 0, 0, 0, 0, 0, 0, 0, 0, 0, 0, 0, 0, 0, 3, 3, 11, 3, 3, 3, 11, 3, 0, 0, 2, 2, 2, 13, 8, 2, 3, 8, 2, 2, 2, 2, 3, 3, 3, 1, 2, 3, 3, 1, 2, 8, 6, 6, 6, 6, 6, 6, 6, 6, 6, 6, 6, 6, 6, 6, 6, 6, 6, 8, 2, 2, 2, 2, 3, 3, 3, 1, 2, 3, 3, 1, 2, 3, 3, 3, 1, 5, 5, 5, 1, 7, 7, 7, 0, 0, 11, 0, 0, 11, 11, 0, 0, 0, 11, 11, 7, 7, 7, 3, 3, 3, 8, 8, 3, 0, 0, 3, 3, 3, 8, 8, 3, 8, 0, 0, 0, 0, 11, 11, 0, 0, 0, 11, 11, 7, 7, 7, 3, 3, 3, 8, 8, 3, 0, 0, 3, 3, 3, 8, 8, 3, 8, 0, 0, 0, 0, 0, 0, 0, 11, 11, 0, 0, 0, 11, 11, 7, 7, 7, 3, 3, 3, 8, 8, 3, 0, 0, 3, 3, 3, 8, 8, 3, 8, 0, 7, 0, 2, 7, 0, 2, 7, 7, 7, 7, 20, 14, 0, 14, 0, 2, 2, 0, 2, 2, 2, 7, 11, 2, 0, 3, 3, 3, 7, 2, 0, 0, 0, 0, 0, 0, 0, 0, 0, 0, 0, 0, 0, 0, 0, 0, 0, 0, 0, 0, 0, 0, 0, 0, 0, 0, 0, 0, 0, 0, 0, 0, 0, 0, 0, 0, 0, 0, 6, 0, 0, 0, 0, 0, 6, 0, 0, 0, 0, 0, 11, 3, 3, 3, 3, 11, 11, 11, 11, 11, 0, 0, 0, 0, 0, 0, 0, 0, 0, 6, 0, 0, 6, 0, 0, 6, 0, 11, 11, 11, 11, 10, 11, 0, 0, 11, 11, 11, 10, 5, 0, 11, 11, 6, 8, 5, 5, 5, 8, 5, 5, 5, 9, 0, 0, 0, 0, 0, 11, 11, 11, 11, 11, 11, 11, 11, 5, 5, 9, 0, 0, 0, 0, 0, 7, 2, 0, 9, 3, 7, 8, 8, 8, 8, 2, 2, 2, 7, 8, 3, 3, 7, 8, 8, 18, 15, 15, 15, 12, 8, 8, 0, 7, 8, 8, 0, 7, 8, 8, 7, 8, 7, 8, 8, 15, 12, 8, 8, 11, 8, 8, 8, 2, 2, 2, 7, 8, 3, 3, 7, 8, 8, 8, 2, 2, 2, 7, 8, 3, 3, 7, 8, 0, 0, 0, 0, 0, 0, 0, 0, 0, 0, 0, 0, 0, 0, 0, 0, 0, 0, 11, 0, 0, 0, 0, 0, 0, 0, 0, 0, 0, 0, 0, 0, 0, 0, 0, 11, 11, 11, 11, 11, 11, 11, 11, 11, 11, 0, 0, 11, 11, 11, 11, 6, 8, 10, 10, 5, 5, 5, 5, 8, 5, 5, 5, 9, 0, 0, 0, 0, 0, 11, 11, 11, 11, 11, 11, 11, 11, 5, 5, 9, 0, 0, 0, 0, 0, 7, 5, 8, 1, 3, 1, 1, 8, 8, 8, 2, 2, 2, 7, 8, 3, 3, 7, 8, 8, 18, 15, 15, 15, 12, 8, 8, 8, 8, 8, 8, 8, 8, 8, 15, 12, 8, 8, 11, 8, 8, 8, 2, 2, 2, 7, 8, 3, 3, 7, 8, 1, 1, 5, 1, 5, 2, 2, 0, 0, 0, 0, 0, 0, 0, 0, 0, 0, 0, 2, 7, 7, 7, 7, 0, 0, 11, 11, 0, 0, 0, 11, 11, 7, 2, 7, 3, 3, 3, 8, 8, 3, 0, 0, 3, 3, 3, 8, 8, 3, 8, 0, 0, 0, 11, 11, 0, 0, 0, 11, 11, 7, 7, 7, 3, 3, 3, 8, 8, 3, 0, 0, 3, 3, 3, 8, 8, 3, 8, 0, 7]
# Solver time:0.0435237, Greedy time: 0.000312699, before greedy: 532844, after greedy: 532844 in iteration: 3 after: 0.359571 s
# Solver time:0.0457299, Greedy time: 0.000332552, before greedy: 532844, after greedy: 532844 in iteration: 3 after: 0.359634 s
# Solver time:0.0468003, Greedy time: 0.000492962, before greedy: 532844, after greedy: 532844 in iteration: 4 after: 0.476691 s
# Solver time:0.0509146, Greedy time: 0.000430648, before greedy: 532844, after greedy: 532844 in iteration: 4 after: 0.485419 s
# Solver time:0.0496839, Greedy time: 0.000525064, before greedy: 532844, after greedy: 532844 in iteration: 5 after: 0.602504 s
# Solver time:0.0481935, Greedy time: 0.000379182, before greedy: 532844, after greedy: 532844 in iteration: 5 after: 0.603915 s
# Solver time:0.0492366, Greedy time: 0.000369175, before greedy: 532844, after greedy: 532844 in iteration: 5 after: 0.605866 s
# Solver time:0.0497993, Greedy time: 0.000383995, before greedy: 532844, after greedy: 532844 in iteration: 5 after: 0.608039 s
# Solver time:0.0504598, Greedy time: 0.000353524, before greedy: 532844, after greedy: 532844 in iteration: 5 after: 0.610049 s
# Solver time:0.0502751, Greedy time: 0.000356337, before greedy: 532844, after greedy: 532844 in iteration: 6 after: 0.727887 s
# Solver time:0.0484242, Greedy time: 0.000406327, before greedy: 532844, after greedy: 532844 in iteration: 7 after: 0.849988 s
# Solver time:0.0481133, Greedy time: 0.000311318, before greedy: 532844, after greedy: 532844 in iteration: 7 after: 0.850465 s
# Solver time:0.047139, Greedy time: 0.000353026, before greedy: 532844, after greedy: 532844 in iteration: 7 after: 0.853657 s
# Solver time:0.0469694, Greedy time: 0.000384664, before greedy: 532844, after greedy: 532844 in iteration: 8 after: 0.966425 s
# Solver time:0.047076, Greedy time: 0.000334453, before greedy: 532844, after greedy: 532844 in iteration: 8 after: 0.967795 s
# Solver time:0.0491066, Greedy time: 0.000338704, before greedy: 532844, after greedy: 532844 in iteration: 8 after: 0.971943 s
# Solver time:0.0490444, Greedy time: 0.000297345, before greedy: 532844, after greedy: 532844 in iteration: 8 after: 0.973125 s
# Solver time:0.0485561, Greedy time: 0.000296746, before greedy: 532844, after greedy: 532844 in iteration: 8 after: 0.973433 s
# Solver time:0.0478947, Greedy time: 0.000310353, before greedy: 532844, after greedy: 532844 in iteration: 8 after: 0.97367 s
# Solver time:0.0488794, Greedy time: 0.000340725, before greedy: 532844, after greedy: 532844 in iteration: 9 after: 1.08834 s
# Solver time:0.050148, Greedy time: 0.000506327, before greedy: 532844, after greedy: 532844 in iteration: 10 after: 1.21145 s
# Solver time:0.0513536, Greedy time: 0.000447086, before greedy: 532844, after greedy: 532844 in iteration: 10 after: 1.21587 s
# Solver time:0.0508739, Greedy time: 0.000382054, before greedy: 532844, after greedy: 532844 in iteration: 10 after: 1.21771 s
# Solver time:0.0509456, Greedy time: 0.00038613, before greedy: 532844, after greedy: 532844 in iteration: 10 after: 1.21884 s
# Solver time:0.0474644, Greedy time: 0.000393094, before greedy: 532844, after greedy: 532844 in iteration: 11 after: 1.33267 s
# Solver time:0.0473376, Greedy time: 0.000302558, before greedy: 532844, after greedy: 532844 in iteration: 11 after: 1.33506 s
# Solver time:0.0487927, Greedy time: 0.000360848, before greedy: 532844, after greedy: 532844 in iteration: 11 after: 1.33747 s
# Solver time:0.0497205, Greedy time: 0.00050252, before greedy: 532844, after greedy: 532844 in iteration: 12 after: 1.45573 s
# Solver time:0.0493386, Greedy time: 0.00037812, before greedy: 532844, after greedy: 532844 in iteration: 12 after: 1.45613 s
# Solver time:0.0495214, Greedy time: 0.000341298, before greedy: 532844, after greedy: 532844 in iteration: 12 after: 1.45642 s
# Solver time:0.0494897, Greedy time: 0.000383118, before greedy: 532844, after greedy: 532844 in iteration: 12 after: 1.4577 s
# Solver time:0.0503546, Greedy time: 0.000358061, before greedy: 532844, after greedy: 532844 in iteration: 12 after: 1.45995 s
# Solver time:0.0521527, Greedy time: 0.000379181, before greedy: 532844, after greedy: 532844 in iteration: 12 after: 1.46158 s
# Solver time:0.051645, Greedy time: 0.000394156, before greedy: 532844, after greedy: 532844 in iteration: 12 after: 1.46298 s
# Solver time:0.0516284, Greedy time: 0.00052835, before greedy: 532844, after greedy: 532844 in iteration: 13 after: 1.58679 s
# Solver time:0.0492405, Greedy time: 0.000344153, before greedy: 532844, after greedy: 532844 in iteration: 14 after: 1.7085 s
# Solver time:0.0511724, Greedy time: 0.000500937, before greedy: 532844, after greedy: 532844 in iteration: 15 after: 1.82896 s
# Solver time:0.0514213, Greedy time: 0.000490303, before greedy: 532844, after greedy: 532844 in iteration: 16 after: 1.95249 s
# Solver time:0.0466025, Greedy time: 0.000392335, before greedy: 532844, after greedy: 532844 in iteration: 17 after: 2.06782 s
# Solver time:0.0438802, Greedy time: 0.000319574, before greedy: 532844, after greedy: 532844 in iteration: 18 after: 2.18653 s
# Solver time:0.0481287, Greedy time: 0.000323786, before greedy: 532844, after greedy: 532844 in iteration: 19 after: 2.31592 s
# Solver time:0.0513547, Greedy time: 0.000510496, before greedy: 532844, after greedy: 532844 in iteration: 20 after: 2.44042 s
# Solver time:0.0473578, Greedy time: 0.000403071, before greedy: 532844, after greedy: 532844 in iteration: 21 after: 2.55582 s
# Solver time:0.05168, Greedy time: 0.000362798, before greedy: 532844, after greedy: 532844 in iteration: 22 after: 2.67665 s
# Solver time:0.0505761, Greedy time: 0.000343643, before greedy: 532844, after greedy: 532844 in iteration: 22 after: 2.6811 s
# Solver time:0.0520361, Greedy time: 0.00050576, before greedy: 532844, after greedy: 532844 in iteration: 22 after: 2.6811 s
# Solver time:0.0508524, Greedy time: 0.000386736, before greedy: 532844, after greedy: 532844 in iteration: 22 after: 2.68204 s
# Solver time:0.0505861, Greedy time: 0.00038579, before greedy: 532844, after greedy: 532844 in iteration: 22 after: 2.68368 s
# Solver time:0.0514147, Greedy time: 0.000376862, before greedy: 532844, after greedy: 532844 in iteration: 22 after: 2.68522 s
# Solver time:0.050275, Greedy time: 0.0004754, before greedy: 532844, after greedy: 532844 in iteration: 23 after: 2.80201 s
# Solver time:0.0516915, Greedy time: 0.000402764, before greedy: 532844, after greedy: 532844 in iteration: 23 after: 2.80513 s
# Solver time:0.050975, Greedy time: 0.000360008, before greedy: 532844, after greedy: 532844 in iteration: 23 after: 2.80631 s
# Solver time:0.0519777, Greedy time: 0.000346449, before greedy: 532844, after greedy: 532844 in iteration: 23 after: 2.80632 s
# Solver time:0.0518708, Greedy time: 0.000379007, before greedy: 532844, after greedy: 532844 in iteration: 23 after: 2.80736 s
# Solver time:0.0497284, Greedy time: 0.000348771, before greedy: 532844, after greedy: 532844 in iteration: 23 after: 2.80756 s
# Solver time:0.0495156, Greedy time: 0.000357734, before greedy: 532844, after greedy: 532844 in iteration: 23 after: 2.80772 s
# Solver time:0.051681, Greedy time: 0.000522288, before greedy: 532844, after greedy: 532844 in iteration: 24 after: 2.93343 s
# Solver time:0.0507244, Greedy time: 0.000493791, before greedy: 532844, after greedy: 532844 in iteration: 25 after: 3.05067 s
# Solver time:0.0456906, Greedy time: 0.000387703, before greedy: 532844, after greedy: 532844 in iteration: 27 after: 3.29054 s
# Solver time:0.0417079, Greedy time: 0.000310596, before greedy: 532844, after greedy: 532844 in iteration: 27 after: 3.29092 s
# Solver time:0.0451917, Greedy time: 0.000300525, before greedy: 532844, after greedy: 532844 in iteration: 27 after: 3.29097 s
# Solver time:0.0463903, Greedy time: 0.000309406, before greedy: 532844, after greedy: 532844 in iteration: 27 after: 3.29167 s
# Solver time:0.0451102, Greedy time: 0.000299317, before greedy: 532844, after greedy: 532844 in iteration: 27 after: 3.29261 s
# Solver time:0.0471227, Greedy time: 0.000324298, before greedy: 532844, after greedy: 532844 in iteration: 27 after: 3.29572 s
# Solver time:0.0489516, Greedy time: 0.000319036, before greedy: 532844, after greedy: 532844 in iteration: 27 after: 3.29874 s
# Solver time:0.048037, Greedy time: 0.000518091, before greedy: 532844, after greedy: 532844 in iteration: 28 after: 3.41697 s
# Solver time:0.0455759, Greedy time: 0.000334049, before greedy: 532844, after greedy: 532844 in iteration: 29 after: 3.53297 s
# Solver time:0.0458558, Greedy time: 0.000288635, before greedy: 532844, after greedy: 532844 in iteration: 29 after: 3.53409 s
# Solver time:0.0462309, Greedy time: 0.000278305, before greedy: 532844, after greedy: 532844 in iteration: 29 after: 3.53593 s
# Solver time:0.0447146, Greedy time: 0.000281813, before greedy: 532844, after greedy: 532844 in iteration: 29 after: 3.53601 s
# Solver time:0.0478842, Greedy time: 0.000292267, before greedy: 532844, after greedy: 532844 in iteration: 29 after: 3.53804 s
# Solver time:0.0451783, Greedy time: 0.000277058, before greedy: 532844, after greedy: 532844 in iteration: 29 after: 3.53849 s
# Solver time:0.0472399, Greedy time: 0.000277917, before greedy: 532844, after greedy: 532844 in iteration: 29 after: 3.53871 s
# Solver time:0.0462779, Greedy time: 0.000347866, before greedy: 532844, after greedy: 532844 in iteration: 30 after: 3.65514 s
# Solver time:0.047203, Greedy time: 0.000288948, before greedy: 532844, after greedy: 532844 in iteration: 31 after: 3.77262 s
# Solver time:0.0454967, Greedy time: 0.000343786, before greedy: 532844, after greedy: 532844 in iteration: 32 after: 3.88638 s
# Solver time:0.048098, Greedy time: 0.000277712, before greedy: 532844, after greedy: 532844 in iteration: 32 after: 3.88737 s
# Solver time:0.0456028, Greedy time: 0.000294707, before greedy: 532844, after greedy: 532844 in iteration: 32 after: 3.88767 s
# Solver time:0.0466948, Greedy time: 0.00030018, before greedy: 532844, after greedy: 532844 in iteration: 32 after: 3.88971 s
# Solver time:0.0466649, Greedy time: 0.00034367, before greedy: 532844, after greedy: 532844 in iteration: 33 after: 4.00277 s
# Solver time:0.0484454, Greedy time: 0.000341752, before greedy: 532844, after greedy: 532844 in iteration: 34 after: 4.12395 s
# Solver time:0.0488485, Greedy time: 0.000282151, before greedy: 532844, after greedy: 532844 in iteration: 34 after: 4.12418 s
# Solver time:0.0474673, Greedy time: 0.000286511, before greedy: 532844, after greedy: 532844 in iteration: 34 after: 4.12484 s
# Solver time:0.0467726, Greedy time: 0.000310175, before greedy: 532844, after greedy: 532844 in iteration: 34 after: 4.12775 s
# Solver time:0.0466282, Greedy time: 0.000278548, before greedy: 532844, after greedy: 532844 in iteration: 35 after: 4.24227 s
# Solver time:0.0483885, Greedy time: 0.000350318, before greedy: 532844, after greedy: 532844 in iteration: 35 after: 4.24632 s
# Solver time:0.0473782, Greedy time: 0.000350691, before greedy: 532844, after greedy: 532844 in iteration: 36 after: 4.3639 s
# Solver time:0.0471272, Greedy time: 0.000285616, before greedy: 532844, after greedy: 532844 in iteration: 36 after: 4.36448 s
# Solver time:0.0470645, Greedy time: 0.000286217, before greedy: 532844, after greedy: 532844 in iteration: 36 after: 4.36472 s
# Solver time:0.0461828, Greedy time: 0.000279008, before greedy: 532844, after greedy: 532844 in iteration: 37 after: 4.47784 s
# Solver time:0.0487478, Greedy time: 0.000281274, before greedy: 532844, after greedy: 532844 in iteration: 37 after: 4.48374 s
# Solver time:0.0491633, Greedy time: 0.000347638, before greedy: 532844, after greedy: 532844 in iteration: 38 after: 4.59966 s
# Solver time:0.0475701, Greedy time: 0.000277059, before greedy: 532844, after greedy: 532844 in iteration: 38 after: 4.60026 s
# Solver time:0.0476225, Greedy time: 0.000284397, before greedy: 532844, after greedy: 532844 in iteration: 38 after: 4.60108 s
# Solver time:0.0479244, Greedy time: 0.000313829, before greedy: 532844, after greedy: 532844 in iteration: 38 after: 4.60163 s
# Solver time:0.0471025, Greedy time: 0.000284008, before greedy: 532844, after greedy: 532844 in iteration: 38 after: 4.60259 s
# Solver time:0.0474603, Greedy time: 0.000285155, before greedy: 532844, after greedy: 532844 in iteration: 38 after: 4.6038 s
# Solver time:0.0480218, Greedy time: 0.000335155, before greedy: 532844, after greedy: 532844 in iteration: 39 after: 4.71629 s
# Solver time:0.0471436, Greedy time: 0.000287538, before greedy: 532844, after greedy: 532844 in iteration: 39 after: 4.71654 s
# Solver time:0.0472073, Greedy time: 0.000291688, before greedy: 532844, after greedy: 532844 in iteration: 39 after: 4.7189 s
# Solver time:0.0475594, Greedy time: 0.000279884, before greedy: 532844, after greedy: 532844 in iteration: 39 after: 4.71943 s
# Solver time:0.0463624, Greedy time: 0.000274858, before greedy: 532844, after greedy: 532844 in iteration: 39 after: 4.71946 s
# Solver time:0.0464735, Greedy time: 0.000275675, before greedy: 532844, after greedy: 532844 in iteration: 39 after: 4.7204 s
# Solver time:0.0490491, Greedy time: 0.000285047, before greedy: 532844, after greedy: 532844 in iteration: 39 after: 4.72328 s
# Solver time:0.0479682, Greedy time: 0.00035094, before greedy: 532844, after greedy: 532844 in iteration: 40 after: 4.84208 s
# Solver time:0.0482231, Greedy time: 0.000344732, before greedy: 532844, after greedy: 532844 in iteration: 41 after: 4.95649 s
# Solver time:0.0477211, Greedy time: 0.000350601, before greedy: 532844, after greedy: 532844 in iteration: 42 after: 5.06873 s
# Solver time:0.047859, Greedy time: 0.000337865, before greedy: 532844, after greedy: 532844 in iteration: 43 after: 5.18958 s
# Solver time:0.0488724, Greedy time: 0.000354284, before greedy: 532844, after greedy: 532844 in iteration: 44 after: 5.30922 s
# Cost: 5.32843000e+05 (pid: *) 5.38 s (iteration: 44)
[0, 1, 1, 0, 7, 1, 0, 7, 1, 1, 7, 3, 2, 0, 2, 0, 1, 1, 0, 1, 1, 1, 1, 2, 2, 0, 3, 3, 3, 1, 2, 0, 0, 0, 0, 0, 0, 0, 0, 0, 0, 0, 0, 0, 0, 0, 0, 0, 0, 0, 0, 0, 3, 3, 3, 3, 5, 0, 0, 0, 0, 0, 0, 0, 0, 0, 0, 0, 5, 5, 5, 1, 0, 5, 1, 0, 0, 1, 0, 0, 0, 0, 0, 0, 0, 0, 0, 0, 0, 0, 0, 0, 0, 0, 0, 0, 3, 0, 3, 11, 3, 3, 3, 11, 3, 0, 0, 2, 2, 2, 2, 0, 9, 3, 1, 9, 9, 9, 9, 3, 3, 3, 1, 9, 3, 3, 1, 9, 8, 1, 1, 1, 1, 1, 1, 1, 0, 1, 1, 1, 0, 1, 1, 1, 1, 1, 1, 1, 1, 1, 1, 1, 8, 9, 9, 9, 9, 3, 3, 3, 1, 9, 3, 3, 1, 9, 9, 9, 3, 3, 3, 1, 9, 3, 3, 1, 9, 0, 0, 0, 0, 0, 0, 0, 0, 0, 0, 0, 0, 0, 0, 0, 0, 0, 0, 0, 0, 0, 0, 0, 0, 0, 0, 0, 0, 0, 0, 0, 0, 0, 0, 0, 3, 3, 11, 3, 3, 3, 11, 3, 0, 0, 2, 2, 2, 13, 8, 2, 3, 1, 2, 2, 2, 2, 3, 3, 3, 1, 2, 3, 3, 1, 2, 8, 6, 6, 6, 6, 6, 6, 6, 6, 6, 6, 6, 6, 6, 6, 6, 6, 6, 8, 2, 2, 2, 2, 3, 3, 3, 1, 2, 3, 3, 1, 2, 3, 3, 3, 1, 5, 5, 5, 1, 7, 7, 7, 0, 0, 11, 0, 0, 11, 11, 0, 0, 0, 11, 11, 7, 7, 7, 3, 3, 3, 8, 8, 3, 0, 0, 3, 3, 3, 8, 8, 3, 8, 0, 0, 0, 0, 11, 11, 0, 0, 0, 11, 11, 7, 7, 7, 3, 3, 3, 8, 8, 3, 0, 0, 3, 3, 3, 8, 8, 3, 8, 0, 0, 0, 0, 0, 0, 0, 11, 11, 0, 0, 0, 11, 11, 7, 7, 7, 3, 3, 3, 8, 8, 3, 0, 0, 3, 3, 3, 8, 8, 3, 8, 0, 7, 0, 2, 7, 0, 2, 7, 7, 7, 7, 20, 14, 0, 14, 0, 2, 2, 0, 2, 2, 2, 7, 11, 2, 0, 3, 3, 3, 7, 2, 0, 0, 0, 0, 0, 0, 0, 0, 0, 0, 0, 0, 0, 0, 0, 0, 0, 0, 0, 0, 0, 0, 0, 0, 0, 0, 0, 0, 0, 0, 0, 0, 0, 0, 0, 0, 0, 0, 1, 0, 0, 0, 0, 0, 1, 0, 0, 0, 0, 0, 11, 3, 3, 3, 3, 11, 11, 11, 11, 11, 0, 0, 0, 0, 0, 0, 0, 0, 0, 1, 0, 0, 1, 0, 0, 1, 0, 11, 11, 11, 11, 10, 11, 0, 0, 11, 11, 11, 10, 5, 0, 11, 11, 6, 8, 5, 5, 5, 8, 5, 5, 5, 9, 0, 0, 0, 0, 0, 11, 11, 11, 11, 11, 11, 11, 11, 5, 5, 9, 0, 0, 0, 0, 0, 7, 2, 0, 9, 3, 7, 8, 8, 8, 8, 2, 2, 2, 7, 8, 3, 3, 7, 8, 8, 18, 15, 15, 15, 12, 8, 8, 0, 7, 8, 8, 0, 7, 8, 8, 7, 8, 7, 8, 8, 15, 12, 8, 8, 11, 8, 8, 8, 2, 2, 2, 7, 8, 3, 3, 7, 8, 8, 8, 2, 2, 2, 7, 8, 3, 3, 7, 8, 0, 0, 0, 0, 0, 0, 0, 0, 0, 0, 0, 0, 0, 0, 0, 0, 0, 0, 11, 0, 0, 0, 0, 0, 0, 0, 0, 0, 0, 0, 0, 0, 0, 0, 0, 11, 11, 11, 11, 11, 11, 11, 11, 11, 11, 0, 0, 11, 11, 11, 11, 6, 8, 10, 10, 5, 5, 5, 5, 8, 5, 5, 5, 9, 0, 0, 0, 0, 0, 11, 11, 11, 11, 11, 11, 11, 11, 5, 5, 9, 0, 0, 0, 0, 0, 7, 5, 8, 1, 3, 1, 1, 8, 8, 8, 2, 2, 2, 7, 8, 3, 3, 7, 8, 8, 18, 15, 15, 15, 12, 8, 8, 8, 8, 8, 8, 8, 8, 8, 15, 12, 8, 8, 11, 8, 8, 8, 2, 2, 2, 7, 8, 3, 3, 7, 8, 1, 1, 5, 1, 5, 2, 2, 0, 0, 0, 0, 0, 0, 0, 0, 0, 0, 0, 2, 7, 7, 7, 7, 0, 0, 11, 11, 0, 0, 0, 11, 11, 7, 2, 7, 3, 3, 3, 8, 8, 3, 0, 0, 3, 3, 3, 8, 8, 3, 8, 0, 0, 0, 11, 11, 0, 0, 0, 11, 11, 7, 7, 7, 3, 3, 3, 8, 8, 3, 0, 0, 3, 3, 3, 8, 8, 3, 8, 0, 7]
