# Preprocessing: 0.0420531 s
# nodes: 816 edges: 1023
# strategies: 10071 intervals: 675
# Cost: 1.36000000e+20 (greedy) 0.04 s (iteration: 1)
[0, 4, 4, 0, 4, 4, 0, 4, 4, 4, 3, 1, 1, 0, 8, 0, 4, 4, 0, 4, 4, 4, 6, 1, 1, 0, 2, 2, 2, 6, 1, 4, 0, 0, 0, 0, 0, 0, 0, 0, 0, 0, 0, 0, 0, 1, 1, 1, 1, 1, 1, 1, 2, 2, 2, 2, 3, 0, 0, 0, 0, 0, 0, 0, 0, 0, 0, 0, 3, 3, 3, 6, 1, 3, 6, 0, 0, 6, 0, 0, 0, 0, 0, 0, 1, 1, 1, 1, 1, 1, 1, 1, 0, 0, 0, 0, 0, 0, 0, 7, 0, 0, 0, 7, 0, 0, 0, 0, 0, 0, 0, 4, 0, 2, 6, 0, 0, 0, 0, 0, 0, 0, 6, 0, 2, 2, 6, 0, 5, 0, 0, 0, 3, 3, 3, 3, 0, 6, 3, 3, 0, 6, 3, 3, 6, 3, 6, 3, 3, 3, 3, 3, 4, 0, 0, 0, 0, 0, 0, 0, 6, 0, 2, 2, 6, 0, 0, 0, 0, 0, 0, 6, 0, 2, 2, 6, 0, 4, 0, 0, 0, 0, 0, 0, 1, 1, 1, 1, 1, 1, 1, 1, 0, 0, 0, 0, 0, 0, 0, 0, 1, 1, 1, 1, 1, 1, 1, 1, 0, 0, 0, 0, 0, 0, 7, 0, 0, 0, 7, 0, 0, 0, 0, 0, 0, 0, 4, 0, 2, 6, 0, 0, 0, 0, 0, 0, 0, 6, 0, 2, 2, 6, 0, 5, 0, 0, 0, 3, 3, 3, 3, 3, 3, 3, 3, 3, 3, 3, 3, 3, 3, 4, 0, 0, 0, 0, 0, 0, 0, 6, 0, 2, 2, 6, 0, 0, 0, 2, 5, 5, 5, 0, 1, 1, 1, 1, 0, 0, 6, 0, 0, 0, 0, 0, 0, 0, 0, 0, 0, 0, 0, 0, 0, 0, 0, 0, 0, 0, 0, 0, 0, 0, 0, 0, 0, 0, 0, 0, 0, 0, 6, 6, 0, 0, 0, 6, 6, 1, 1, 0, 0, 0, 0, 0, 0, 0, 0, 0, 0, 0, 0, 0, 0, 0, 0, 0, 0, 0, 0, 0, 0, 0, 6, 6, 0, 0, 0, 6, 6, 1, 1, 0, 0, 0, 0, 0, 0, 0, 0, 0, 0, 0, 0, 0, 0, 0, 0, 0, 0, 0, 1, 1, 0, 1, 1, 1, 1, 0, 1, 1, 0, 2, 0, 1, 1, 0, 1, 1, 1, 4, 1, 1, 0, 2, 0, 2, 4, 1, 0, 0, 0, 0, 0, 0, 0, 0, 0, 0, 0, 0, 0, 1, 1, 1, 1, 1, 1, 1, 0, 0, 0, 0, 0, 0, 0, 0, 0, 0, 0, 0, 0, 0, 0, 0, 0, 0, 4, 1, 0, 0, 0, 0, 4, 0, 0, 0, 0, 0, 6, 2, 2, 2, 2, 6, 6, 0, 6, 6, 0, 0, 1, 1, 1, 1, 1, 1, 1, 4, 1, 0, 4, 0, 0, 4, 0, 6, 6, 6, 6, 5, 6, 0, 0, 6, 6, 6, 5, 3, 0, 8, 8, 4, 5, 3, 3, 3, 5, 3, 3, 3, 6, 0, 0, 0, 0, 0, 6, 6, 0, 6, 6, 6, 6, 8, 3, 3, 6, 0, 0, 0, 0, 0, 5, 3, 0, 0, 0, 4, 0, 0, 0, 1, 1, 1, 1, 4, 0, 0, 2, 4, 0, 0, 0, 0, 0, 2, 2, 2, 2, 0, 4, 2, 2, 0, 4, 2, 2, 4, 2, 4, 2, 2, 2, 2, 2, 0, 0, 0, 0, 1, 1, 1, 1, 4, 0, 0, 2, 4, 0, 0, 1, 1, 1, 1, 4, 0, 0, 2, 4, 0, 0, 0, 0, 0, 0, 0, 1, 1, 1, 1, 1, 1, 1, 1, 0, 0, 0, 0, 6, 0, 0, 1, 1, 1, 1, 1, 1, 1, 1, 0, 0, 0, 0, 0, 0, 6, 6, 0, 6, 6, 6, 6, 6, 8, 6, 0, 0, 6, 6, 6, 8, 4, 5, 5, 5, 3, 3, 3, 3, 5, 3, 3, 3, 6, 0, 0, 0, 0, 0, 6, 6, 0, 6, 6, 6, 6, 8, 3, 3, 6, 0, 0, 0, 0, 0, 5, 3, 0, 0, 0, 4, 0, 0, 0, 1, 1, 1, 1, 4, 0, 0, 2, 4, 0, 0, 0, 0, 0, 2, 2, 2, 2, 2, 2, 2, 2, 2, 2, 2, 2, 2, 2, 0, 0, 0, 0, 1, 1, 1, 1, 4, 0, 0, 2, 4, 0, 0, 0, 5, 0, 1, 0, 1, 0, 0, 0, 0, 0, 0, 0, 0, 0, 0, 0, 1, 0, 1, 1, 1, 0, 0, 0, 0, 0, 0, 0, 0, 0, 0, 0, 0, 0, 0, 0, 0, 0, 0, 0, 0, 0, 0, 0, 0, 0, 0, 0, 0, 0, 0, 6, 6, 0, 0, 0, 6, 6, 1, 1, 0, 0, 0, 0, 0, 0, 0, 0, 0, 0, 0, 0, 0, 0, 0, 0, 0, 0]
# Solver time:0.0254831, Greedy time: 0.000529101, before greedy: 3096607, after greedy: 3008234 in iteration: 1 after: 0.0843038 s
# Solver time:0.0270837, Greedy time: 0.000623216, before greedy: 1847648, after greedy: 1759275 in iteration: 1 after: 0.0854473 s
# Solver time:0.0288343, Greedy time: 0.000581791, before greedy: 231450, after greedy: 229402 in iteration: 1 after: 0.087215 s
# Solver time:0.0286514, Greedy time: 0.00051452, before greedy: 424107, after greedy: 423997 in iteration: 1 after: 0.08742 s
# Solver time:0.0286759, Greedy time: 0.000503809, before greedy: 381539, after greedy: 381475 in iteration: 1 after: 0.0881838 s
# Solver time:0.031036, Greedy time: 0.000267487, before greedy: 229274, after greedy: 229274 in iteration: 1 after: 0.0895463 s
# Solver time:0.0312114, Greedy time: 0.000274216, before greedy: 217039, after greedy: 217039 in iteration: 1 after: 0.0899851 s
# Cost: 2.17039000e+05 (pid: 0) 0.14 s (iteration: 1)
[0, 7, 7, 0, 7, 7, 0, 7, 7, 7, 5, 17, 14, 0, 14, 0, 7, 7, 0, 7, 7, 7, 14, 14, 14, 0, 3, 3, 3, 14, 14, 7, 38, 13, 13, 5, 5, 5, 0, 0, 1, 1, 0, 1, 1, 12, 9, 9, 12, 9, 9, 9, 3, 3, 3, 3, 5, 0, 0, 0, 0, 0, 0, 0, 0, 0, 0, 0, 5, 5, 5, 1, 9, 5, 1, 5, 5, 1, 5, 5, 5, 13, 7, 7, 9, 6, 6, 9, 6, 6, 6, 6, 7, 7, 7, 7, 3, 0, 3, 12, 3, 3, 3, 12, 3, 13, 7, 3, 3, 3, 3, 8, 2, 3, 1, 9, 9, 9, 9, 3, 3, 3, 1, 9, 3, 3, 1, 9, 11, 4, 4, 4, 4, 4, 4, 4, 0, 10, 4, 4, 0, 10, 4, 4, 10, 4, 10, 4, 4, 4, 4, 4, 8, 9, 9, 9, 9, 3, 3, 3, 1, 9, 3, 3, 1, 9, 9, 9, 3, 3, 3, 1, 9, 3, 3, 1, 9, 0, 0, 0, 0, 0, 0, 0, 7, 4, 4, 7, 4, 4, 4, 4, 0, 0, 0, 0, 0, 0, 0, 0, 7, 4, 4, 7, 4, 4, 4, 4, 0, 0, 0, 0, 2, 2, 9, 2, 2, 2, 9, 2, 0, 0, 1, 1, 1, 1, 8, 9, 3, 1, 9, 9, 9, 9, 3, 3, 3, 1, 9, 3, 3, 1, 9, 3, 4, 4, 4, 4, 4, 4, 4, 4, 4, 4, 4, 4, 4, 4, 4, 4, 4, 0, 9, 9, 9, 9, 3, 3, 3, 1, 9, 3, 3, 1, 9, 2, 2, 2, 1, 1, 5, 5, 1, 1, 1, 1, 0, 0, 8, 0, 7, 8, 8, 0, 0, 0, 8, 8, 1, 1, 5, 3, 3, 3, 8, 11, 3, 8, 7, 3, 3, 3, 0, 3, 3, 8, 0, 0, 0, 7, 8, 8, 0, 0, 0, 8, 8, 1, 1, 5, 3, 3, 3, 8, 11, 3, 8, 7, 3, 3, 3, 0, 3, 3, 8, 0, 0, 0, 0, 0, 0, 7, 8, 8, 0, 0, 0, 8, 8, 1, 1, 5, 3, 3, 3, 8, 11, 3, 8, 7, 3, 3, 3, 0, 3, 3, 8, 0, 1, 0, 1, 1, 0, 1, 1, 1, 1, 5, 3, 2, 0, 2, 0, 1, 1, 0, 1, 1, 1, 1, 2, 2, 0, 3, 3, 3, 1, 2, 7, 0, 0, 0, 0, 0, 0, 1, 1, 1, 0, 1, 1, 5, 3, 3, 5, 3, 3, 3, 0, 0, 0, 0, 1, 1, 1, 0, 0, 1, 1, 0, 0, 1, 1, 1, 2, 1, 4, 3, 0, 1, 2, 1, 4, 0, 0, 0, 0, 0, 8, 3, 3, 3, 3, 8, 8, 8, 8, 8, 0, 0, 5, 3, 3, 5, 3, 3, 3, 4, 3, 0, 4, 0, 0, 4, 0, 8, 8, 8, 8, 7, 8, 7, 0, 8, 8, 8, 7, 3, 0, 8, 8, 4, 6, 3, 3, 3, 6, 3, 3, 3, 7, 0, 0, 0, 0, 0, 8, 8, 8, 8, 8, 8, 8, 8, 3, 3, 7, 0, 0, 0, 0, 0, 5, 3, 8, 4, 3, 1, 4, 4, 4, 4, 1, 1, 1, 1, 4, 3, 3, 1, 4, 11, 18, 15, 15, 15, 12, 8, 8, 0, 7, 8, 8, 0, 7, 8, 8, 7, 8, 7, 8, 8, 15, 12, 8, 8, 11, 4, 4, 4, 1, 1, 1, 1, 4, 3, 3, 1, 4, 4, 4, 1, 1, 1, 1, 4, 3, 3, 1, 4, 0, 0, 0, 0, 0, 0, 5, 3, 3, 5, 3, 3, 3, 3, 0, 0, 0, 0, 8, 0, 0, 5, 3, 3, 5, 3, 3, 3, 3, 0, 0, 0, 0, 0, 0, 8, 8, 8, 8, 8, 8, 8, 8, 8, 8, 0, 0, 8, 8, 8, 8, 4, 6, 7, 7, 3, 3, 3, 3, 6, 3, 3, 3, 7, 0, 0, 0, 0, 0, 8, 8, 8, 8, 8, 8, 8, 8, 3, 3, 7, 0, 0, 0, 0, 0, 1, 1, 8, 1, 3, 1, 4, 4, 4, 4, 1, 1, 1, 1, 4, 3, 3, 1, 4, 3, 3, 3, 3, 3, 3, 3, 3, 3, 3, 3, 3, 3, 3, 3, 3, 3, 3, 0, 4, 4, 4, 4, 1, 1, 1, 1, 4, 3, 3, 1, 4, 0, 0, 5, 0, 5, 1, 1, 0, 0, 0, 0, 0, 0, 0, 0, 0, 0, 0, 1, 1, 1, 1, 1, 0, 7, 8, 8, 0, 0, 0, 8, 8, 1, 1, 5, 3, 3, 3, 8, 11, 3, 8, 7, 3, 3, 3, 0, 3, 3, 8, 0, 0, 7, 8, 8, 0, 0, 0, 8, 8, 1, 1, 5, 3, 3, 3, 8, 11, 3, 8, 7, 3, 3, 3, 0, 3, 3, 8, 0, 1]
# Solver time:0.0334413, Greedy time: 0.000221592, before greedy: 217039, after greedy: 217039 in iteration: 2 after: 0.19531 s
# Solver time:0.0363775, Greedy time: 0.000310336, before greedy: 217039, after greedy: 217039 in iteration: 2 after: 0.198539 s
# Solver time:0.0353457, Greedy time: 0.000279832, before greedy: 217039, after greedy: 217039 in iteration: 2 after: 0.19925 s
# Solver time:0.0349721, Greedy time: 0.000280193, before greedy: 217039, after greedy: 217039 in iteration: 2 after: 0.199752 s
# Solver time:0.0352944, Greedy time: 0.000281816, before greedy: 217039, after greedy: 217039 in iteration: 2 after: 0.200886 s
# Solver time:0.0343601, Greedy time: 0.00028146, before greedy: 217039, after greedy: 217039 in iteration: 2 after: 0.202115 s
# Solver time:0.0370702, Greedy time: 0.000277999, before greedy: 217039, after greedy: 217039 in iteration: 2 after: 0.203614 s
# Solver time:0.037638, Greedy time: 0.000395866, before greedy: 217039, after greedy: 217039 in iteration: 3 after: 0.310888 s
# Solver time:0.0392267, Greedy time: 0.000335989, before greedy: 217039, after greedy: 217039 in iteration: 4 after: 0.415483 s
# Solver time:0.0387565, Greedy time: 0.000279379, before greedy: 217039, after greedy: 217039 in iteration: 4 after: 0.415831 s
# Solver time:0.0388305, Greedy time: 0.000278642, before greedy: 217039, after greedy: 217039 in iteration: 4 after: 0.418305 s
# Solver time:0.0412096, Greedy time: 0.000272027, before greedy: 217039, after greedy: 217039 in iteration: 4 after: 0.419181 s
# Solver time:0.0387025, Greedy time: 0.000274668, before greedy: 217039, after greedy: 217039 in iteration: 4 after: 0.420354 s
# Solver time:0.0385648, Greedy time: 0.000345041, before greedy: 217039, after greedy: 217039 in iteration: 5 after: 0.526509 s
# Solver time:0.0391608, Greedy time: 0.000301961, before greedy: 217039, after greedy: 217039 in iteration: 5 after: 0.529798 s
# Solver time:0.0396648, Greedy time: 0.000349642, before greedy: 217039, after greedy: 217039 in iteration: 7 after: 0.744113 s
# Solver time:0.0391397, Greedy time: 0.000279496, before greedy: 217039, after greedy: 217039 in iteration: 7 after: 0.744518 s
# Solver time:0.0406441, Greedy time: 0.000273468, before greedy: 217039, after greedy: 217039 in iteration: 7 after: 0.746107 s
# Solver time:0.0397993, Greedy time: 0.00027097, before greedy: 217039, after greedy: 217039 in iteration: 7 after: 0.747177 s
# Solver time:0.0397912, Greedy time: 0.000267115, before greedy: 217039, after greedy: 217039 in iteration: 7 after: 0.74794 s
# Solver time:0.0426082, Greedy time: 0.000264542, before greedy: 217039, after greedy: 217039 in iteration: 7 after: 0.749154 s
# Solver time:0.044509, Greedy time: 0.000279845, before greedy: 217039, after greedy: 217039 in iteration: 7 after: 0.754071 s
# Solver time:0.0393591, Greedy time: 0.00034745, before greedy: 217039, after greedy: 217039 in iteration: 8 after: 0.862544 s
# Solver time:0.0399064, Greedy time: 0.000340211, before greedy: 217039, after greedy: 217039 in iteration: 9 after: 0.969558 s
# Solver time:0.0398485, Greedy time: 0.000313232, before greedy: 217039, after greedy: 217039 in iteration: 9 after: 0.973385 s
# Solver time:0.0452542, Greedy time: 0.000274197, before greedy: 217039, after greedy: 217039 in iteration: 9 after: 0.973553 s
# Solver time:0.0444681, Greedy time: 0.000276637, before greedy: 217039, after greedy: 217039 in iteration: 9 after: 0.974894 s
# Solver time:0.0372794, Greedy time: 0.000287311, before greedy: 217039, after greedy: 217039 in iteration: 10 after: 1.07715 s
# Solver time:0.0398079, Greedy time: 0.00028948, before greedy: 217039, after greedy: 217039 in iteration: 10 after: 1.08071 s
# Solver time:0.0385432, Greedy time: 0.000272694, before greedy: 217039, after greedy: 217039 in iteration: 10 after: 1.0815 s
# Solver time:0.0377991, Greedy time: 0.000265448, before greedy: 217039, after greedy: 217039 in iteration: 10 after: 1.08228 s
# Solver time:0.0398837, Greedy time: 0.000266938, before greedy: 217039, after greedy: 217039 in iteration: 10 after: 1.08233 s
# Solver time:0.0399733, Greedy time: 0.000265736, before greedy: 217039, after greedy: 217039 in iteration: 10 after: 1.08377 s
# Solver time:0.0393405, Greedy time: 0.00033724, before greedy: 217039, after greedy: 217039 in iteration: 11 after: 1.18898 s
# Solver time:0.0379143, Greedy time: 0.000285248, before greedy: 217039, after greedy: 217039 in iteration: 11 after: 1.18954 s
# Solver time:0.0382931, Greedy time: 0.000339641, before greedy: 217039, after greedy: 217039 in iteration: 12 after: 1.29696 s
# Solver time:0.0398666, Greedy time: 0.000300213, before greedy: 217039, after greedy: 217039 in iteration: 12 after: 1.29998 s
# Solver time:0.0392734, Greedy time: 0.000269063, before greedy: 217039, after greedy: 217039 in iteration: 12 after: 1.30019 s
# Solver time:0.0371855, Greedy time: 0.000336569, before greedy: 217039, after greedy: 217039 in iteration: 13 after: 1.4069 s
# Solver time:0.0385062, Greedy time: 0.000285796, before greedy: 217039, after greedy: 217039 in iteration: 13 after: 1.40946 s
# Solver time:0.0393815, Greedy time: 0.000269431, before greedy: 217039, after greedy: 217039 in iteration: 13 after: 1.41124 s
# Solver time:0.039468, Greedy time: 0.000264456, before greedy: 217039, after greedy: 217039 in iteration: 13 after: 1.41161 s
# Solver time:0.0390871, Greedy time: 0.000267001, before greedy: 217039, after greedy: 217039 in iteration: 13 after: 1.41267 s
# Solver time:0.0390436, Greedy time: 0.000272261, before greedy: 217039, after greedy: 217039 in iteration: 13 after: 1.41347 s
# Solver time:0.0399995, Greedy time: 0.000268651, before greedy: 217039, after greedy: 217039 in iteration: 13 after: 1.4149 s
# Solver time:0.039216, Greedy time: 0.000360282, before greedy: 217039, after greedy: 217039 in iteration: 14 after: 1.52487 s
# Solver time:0.0382312, Greedy time: 0.000340697, before greedy: 217039, after greedy: 217039 in iteration: 15 after: 1.62966 s
# Solver time:0.0388644, Greedy time: 0.000368976, before greedy: 217039, after greedy: 217039 in iteration: 16 after: 1.74288 s
# Solver time:0.0398403, Greedy time: 0.000348046, before greedy: 217039, after greedy: 217039 in iteration: 17 after: 1.84869 s
# Solver time:0.038841, Greedy time: 0.000349243, before greedy: 217039, after greedy: 217039 in iteration: 18 after: 1.95806 s
# Solver time:0.0398192, Greedy time: 0.000365128, before greedy: 217039, after greedy: 217039 in iteration: 19 after: 2.07158 s
# Solver time:0.0366008, Greedy time: 0.000295793, before greedy: 217039, after greedy: 217039 in iteration: 20 after: 2.17405 s
# Solver time:0.0398729, Greedy time: 0.000291211, before greedy: 217039, after greedy: 217039 in iteration: 20 after: 2.17701 s
# Solver time:0.0392145, Greedy time: 0.000278354, before greedy: 217039, after greedy: 217039 in iteration: 20 after: 2.17807 s
# Solver time:0.0377731, Greedy time: 0.000268761, before greedy: 217039, after greedy: 217039 in iteration: 20 after: 2.17825 s
# Solver time:0.0389717, Greedy time: 0.000261982, before greedy: 217039, after greedy: 217039 in iteration: 20 after: 2.17863 s
# Solver time:0.037737, Greedy time: 0.000270706, before greedy: 217039, after greedy: 217039 in iteration: 20 after: 2.17971 s
# Solver time:0.0400838, Greedy time: 0.000268615, before greedy: 217039, after greedy: 217039 in iteration: 20 after: 2.18104 s
# Solver time:0.0380696, Greedy time: 0.000359813, before greedy: 217039, after greedy: 217039 in iteration: 21 after: 2.28638 s
