# Preprocessing: 0.0571183 s
# nodes: 816 edges: 1096
# strategies: 10188 intervals: 675
# Cost: 1.58000000e+20 (greedy) 0.06 s (iteration: 1)
[0, 4, 4, 0, 4, 4, 0, 4, 4, 4, 4, 1, 1, 0, 8, 0, 4, 4, 0, 4, 4, 4, 6, 1, 1, 0, 2, 2, 2, 6, 1, 5, 0, 0, 0, 0, 0, 0, 0, 0, 0, 0, 0, 0, 0, 0, 0, 0, 0, 0, 0, 0, 2, 2, 2, 2, 3, 0, 0, 0, 0, 0, 0, 0, 0, 0, 0, 0, 3, 3, 3, 7, 0, 3, 7, 0, 0, 7, 0, 0, 0, 0, 0, 0, 0, 0, 0, 0, 0, 0, 0, 0, 0, 0, 0, 0, 0, 0, 0, 8, 0, 0, 0, 8, 0, 0, 0, 0, 0, 0, 0, 4, 0, 2, 6, 0, 0, 0, 0, 0, 0, 0, 6, 0, 2, 2, 6, 0, 4, 0, 0, 0, 0, 0, 0, 0, 0, 6, 0, 0, 0, 6, 0, 0, 6, 0, 6, 0, 0, 0, 0, 0, 4, 0, 0, 0, 0, 0, 0, 0, 6, 0, 2, 2, 6, 0, 0, 0, 0, 0, 0, 6, 0, 2, 2, 6, 0, 5, 0, 0, 0, 0, 0, 0, 0, 0, 0, 0, 0, 0, 0, 0, 0, 0, 0, 0, 0, 0, 0, 0, 0, 0, 0, 0, 0, 0, 0, 0, 0, 0, 0, 0, 0, 0, 8, 0, 0, 0, 8, 0, 0, 0, 0, 0, 0, 0, 4, 0, 2, 6, 0, 0, 0, 0, 0, 0, 0, 6, 0, 2, 2, 6, 0, 4, 0, 0, 0, 0, 0, 0, 0, 0, 0, 0, 0, 0, 0, 0, 0, 0, 0, 4, 0, 0, 0, 0, 0, 0, 0, 6, 0, 2, 2, 6, 0, 0, 0, 1, 4, 4, 4, 0, 1, 1, 1, 1, 0, 0, 7, 0, 0, 0, 0, 0, 0, 0, 0, 0, 0, 0, 0, 0, 0, 0, 0, 0, 0, 0, 0, 0, 0, 0, 0, 0, 0, 0, 0, 0, 0, 0, 7, 7, 0, 0, 0, 7, 7, 1, 1, 0, 0, 0, 0, 0, 0, 0, 0, 0, 0, 0, 0, 0, 0, 0, 0, 0, 0, 0, 0, 0, 0, 0, 7, 7, 0, 0, 0, 7, 7, 1, 1, 0, 0, 0, 0, 0, 0, 0, 0, 0, 0, 0, 0, 0, 0, 0, 0, 0, 0, 0, 1, 1, 0, 1, 1, 1, 1, 0, 1, 1, 0, 2, 0, 1, 1, 0, 1, 1, 1, 4, 1, 1, 0, 2, 0, 2, 4, 1, 0, 0, 0, 0, 0, 0, 0, 0, 0, 0, 0, 0, 0, 0, 0, 0, 0, 0, 0, 0, 0, 0, 0, 0, 0, 0, 0, 0, 0, 0, 0, 0, 0, 0, 0, 0, 0, 0, 5, 0, 0, 0, 0, 0, 5, 0, 0, 0, 0, 0, 7, 2, 2, 2, 2, 7, 7, 0, 7, 7, 0, 0, 0, 0, 0, 0, 0, 0, 0, 5, 0, 0, 5, 0, 0, 5, 0, 7, 7, 7, 7, 6, 7, 0, 0, 7, 7, 7, 6, 4, 0, 8, 8, 5, 6, 4, 4, 4, 6, 4, 4, 4, 7, 0, 0, 0, 0, 0, 7, 7, 0, 7, 7, 7, 7, 8, 4, 4, 7, 0, 0, 0, 0, 0, 6, 4, 0, 0, 0, 4, 0, 0, 0, 3, 3, 3, 3, 4, 0, 0, 2, 4, 0, 0, 0, 0, 0, 0, 0, 0, 0, 0, 4, 0, 0, 0, 4, 0, 0, 4, 0, 4, 0, 0, 0, 0, 0, 0, 0, 0, 0, 3, 3, 3, 3, 4, 0, 0, 2, 4, 0, 0, 3, 3, 3, 3, 4, 0, 0, 2, 4, 0, 0, 0, 0, 0, 0, 0, 0, 0, 0, 0, 0, 0, 0, 0, 0, 0, 0, 0, 7, 0, 0, 0, 0, 0, 0, 0, 0, 0, 0, 0, 0, 0, 0, 0, 0, 7, 7, 0, 7, 7, 7, 7, 7, 8, 7, 0, 0, 7, 7, 7, 8, 5, 6, 6, 6, 4, 4, 4, 4, 6, 4, 4, 4, 7, 0, 0, 0, 0, 0, 7, 7, 0, 7, 7, 7, 7, 8, 4, 4, 7, 0, 0, 0, 0, 0, 6, 4, 0, 0, 0, 4, 0, 0, 0, 3, 3, 3, 3, 4, 0, 0, 2, 4, 0, 0, 0, 0, 0, 0, 0, 0, 0, 0, 0, 0, 0, 0, 0, 0, 0, 0, 0, 0, 0, 0, 0, 3, 3, 3, 3, 4, 0, 0, 2, 4, 0, 0, 0, 4, 3, 1, 0, 1, 0, 0, 0, 0, 0, 0, 0, 0, 0, 0, 0, 1, 0, 1, 1, 1, 0, 0, 0, 0, 0, 0, 0, 0, 0, 0, 0, 0, 0, 0, 0, 0, 0, 0, 0, 0, 0, 0, 0, 0, 0, 0, 0, 0, 0, 0, 7, 7, 0, 0, 0, 7, 7, 1, 1, 0, 0, 0, 0, 0, 0, 0, 0, 0, 0, 0, 0, 0, 0, 0, 0, 0, 0]
# Solver time:0.0265461, Greedy time: 0.000434099, before greedy: 3360276, after greedy: 3339795 in iteration: 1 after: 0.0973683 s
# Solver time:0.0274124, Greedy time: 0.000290837, before greedy: 1501474, after greedy: 1501474 in iteration: 1 after: 0.098807 s
# Solver time:0.0339231, Greedy time: 0.00051981, before greedy: 1127258, after greedy: 1106777 in iteration: 1 after: 0.10603 s
# Solver time:0.0369211, Greedy time: 0.000334792, before greedy: 532844, after greedy: 532844 in iteration: 1 after: 0.108577 s
# Solver time:0.0426516, Greedy time: 0.000307776, before greedy: 540445, after greedy: 540445 in iteration: 1 after: 0.113203 s
# Solver time:0.0490393, Greedy time: 0.000824213, before greedy: 1197608, after greedy: 1176090 in iteration: 1 after: 0.123378 s
# Solver time:0.0554581, Greedy time: 0.000272747, before greedy: 532844, after greedy: 532844 in iteration: 1 after: 0.129228 s
# Cost: 5.32844000e+05 (pid: 0) 0.16 s (iteration: 1)
[0, 1, 1, 0, 7, 1, 0, 7, 1, 1, 7, 3, 2, 0, 2, 0, 1, 1, 0, 1, 1, 1, 1, 2, 2, 0, 3, 3, 3, 1, 2, 0, 0, 0, 0, 0, 0, 0, 0, 0, 0, 0, 0, 0, 0, 0, 0, 0, 0, 0, 0, 0, 3, 3, 3, 3, 5, 0, 0, 0, 0, 0, 0, 0, 0, 0, 0, 0, 5, 5, 5, 9, 0, 5, 9, 0, 0, 9, 0, 0, 0, 0, 0, 0, 0, 0, 0, 0, 0, 0, 0, 0, 0, 0, 0, 0, 3, 0, 3, 11, 3, 3, 3, 11, 3, 0, 0, 2, 2, 2, 2, 0, 9, 3, 1, 9, 9, 9, 9, 3, 3, 3, 1, 9, 3, 3, 1, 9, 8, 6, 6, 6, 6, 6, 6, 6, 0, 8, 6, 6, 0, 8, 6, 6, 8, 6, 8, 6, 6, 6, 6, 6, 8, 2, 9, 9, 9, 3, 3, 3, 1, 9, 3, 3, 1, 9, 9, 9, 3, 3, 3, 1, 9, 3, 3, 1, 9, 0, 0, 0, 0, 0, 0, 0, 0, 0, 0, 0, 0, 0, 0, 0, 0, 0, 0, 0, 0, 0, 0, 0, 0, 0, 0, 0, 0, 0, 0, 0, 0, 0, 0, 0, 3, 3, 11, 3, 3, 3, 11, 3, 0, 0, 2, 2, 2, 13, 8, 2, 3, 8, 2, 2, 2, 2, 3, 3, 3, 1, 2, 3, 3, 1, 2, 8, 6, 6, 6, 6, 6, 6, 6, 6, 6, 6, 6, 6, 6, 6, 6, 6, 6, 8, 2, 2, 2, 2, 3, 3, 3, 1, 2, 3, 3, 1, 2, 3, 3, 3, 1, 5, 5, 5, 1, 7, 7, 7, 0, 0, 11, 0, 0, 11, 11, 0, 0, 0, 11, 11, 7, 7, 7, 3, 3, 3, 8, 8, 3, 0, 0, 3, 3, 3, 8, 8, 3, 8, 0, 0, 0, 0, 11, 11, 0, 0, 0, 11, 11, 7, 7, 7, 3, 3, 3, 8, 8, 3, 0, 0, 3, 3, 3, 8, 8, 3, 8, 0, 0, 0, 0, 0, 0, 0, 11, 11, 0, 0, 0, 11, 11, 7, 7, 7, 3, 3, 3, 8, 8, 3, 0, 0, 3, 3, 3, 8, 8, 3, 8, 0, 7, 0, 2, 7, 0, 2, 7, 7, 7, 7, 20, 14, 0, 14, 0, 2, 2, 0, 2, 2, 2, 7, 11, 2, 0, 3, 3, 3, 7, 2, 0, 0, 0, 0, 0, 0, 0, 0, 0, 0, 0, 0, 0, 0, 0, 0, 0, 0, 0, 0, 0, 0, 0, 0, 0, 0, 0, 0, 0, 0, 0, 0, 0, 0, 0, 0, 0, 0, 6, 0, 0, 0, 0, 0, 6, 0, 0, 0, 0, 0, 11, 3, 3, 3, 3, 11, 11, 11, 11, 11, 0, 0, 0, 0, 0, 0, 0, 0, 0, 6, 0, 0, 6, 0, 0, 6, 0, 11, 11, 11, 11, 10, 11, 0, 0, 11, 11, 11, 10, 5, 0, 11, 11, 6, 8, 5, 5, 5, 8, 5, 5, 5, 9, 0, 0, 0, 0, 0, 11, 11, 11, 11, 11, 11, 11, 11, 5, 5, 9, 0, 0, 0, 0, 0, 7, 2, 0, 9, 3, 7, 8, 8, 8, 8, 2, 2, 2, 7, 8, 3, 3, 7, 8, 8, 18, 15, 15, 15, 12, 8, 8, 0, 7, 8, 8, 0, 7, 8, 8, 7, 8, 7, 8, 8, 15, 12, 8, 8, 11, 8, 8, 8, 2, 2, 2, 7, 8, 3, 3, 7, 8, 8, 8, 2, 2, 2, 7, 8, 3, 3, 7, 8, 0, 0, 0, 0, 0, 0, 0, 0, 0, 0, 0, 0, 0, 0, 0, 0, 0, 0, 11, 0, 0, 0, 0, 0, 0, 0, 0, 0, 0, 0, 0, 0, 0, 0, 0, 11, 11, 11, 11, 11, 11, 11, 11, 11, 11, 0, 0, 11, 11, 11, 11, 6, 8, 10, 10, 5, 5, 5, 5, 8, 5, 5, 5, 9, 0, 0, 0, 0, 0, 11, 11, 11, 11, 11, 11, 11, 11, 5, 5, 9, 0, 0, 0, 0, 0, 7, 5, 8, 1, 3, 1, 1, 8, 8, 8, 2, 2, 2, 7, 8, 3, 3, 7, 8, 8, 18, 15, 15, 15, 12, 8, 8, 8, 8, 8, 8, 8, 8, 8, 15, 12, 8, 8, 11, 8, 8, 8, 2, 2, 2, 7, 8, 3, 3, 7, 8, 1, 1, 5, 1, 5, 2, 2, 0, 0, 0, 0, 0, 0, 0, 0, 0, 0, 0, 2, 7, 7, 7, 7, 0, 0, 11, 11, 0, 0, 0, 11, 11, 7, 2, 7, 3, 3, 3, 8, 8, 3, 0, 0, 3, 3, 3, 8, 8, 3, 8, 0, 0, 0, 11, 11, 0, 0, 0, 11, 11, 7, 7, 7, 3, 3, 3, 8, 8, 3, 0, 0, 3, 3, 3, 8, 8, 3, 8, 0, 7]
# Solver time:0.043146, Greedy time: 0.000295443, before greedy: 532844, after greedy: 532844 in iteration: 2 after: 0.240174 s
# Solver time:0.043257, Greedy time: 0.000384429, before greedy: 532844, after greedy: 532844 in iteration: 2 after: 0.244163 s
# Solver time:0.0486963, Greedy time: 0.000480777, before greedy: 532844, after greedy: 532844 in iteration: 3 after: 0.363461 s
# Solver time:0.0490097, Greedy time: 0.000345977, before greedy: 532844, after greedy: 532844 in iteration: 3 after: 0.36539 s
# Solver time:0.0401901, Greedy time: 0.000386268, before greedy: 532844, after greedy: 532844 in iteration: 4 after: 0.474967 s
# Solver time:0.0473091, Greedy time: 0.000363668, before greedy: 532844, after greedy: 532844 in iteration: 4 after: 0.481523 s
# Solver time:0.044339, Greedy time: 0.000250446, before greedy: 532844, after greedy: 532844 in iteration: 4 after: 0.48183 s
# Solver time:0.0464639, Greedy time: 0.000302877, before greedy: 532844, after greedy: 532844 in iteration: 4 after: 0.483046 s
# Solver time:0.0486035, Greedy time: 0.000339437, before greedy: 532844, after greedy: 532844 in iteration: 4 after: 0.483071 s
# Solver time:0.0451131, Greedy time: 0.000245696, before greedy: 532844, after greedy: 532844 in iteration: 4 after: 0.485499 s
# Solver time:0.0487309, Greedy time: 0.000300797, before greedy: 532844, after greedy: 532844 in iteration: 4 after: 0.487523 s
# Solver time:0.0422541, Greedy time: 0.000378519, before greedy: 532844, after greedy: 532844 in iteration: 5 after: 0.598814 s
# Solver time:0.041842, Greedy time: 0.000401391, before greedy: 532844, after greedy: 532844 in iteration: 6 after: 0.71655 s
# Solver time:0.0388624, Greedy time: 0.000310633, before greedy: 532844, after greedy: 532844 in iteration: 7 after: 0.827318 s
# Solver time:0.0409392, Greedy time: 0.000306698, before greedy: 532844, after greedy: 532844 in iteration: 8 after: 0.93924 s
# Solver time:0.0433634, Greedy time: 0.000320846, before greedy: 532844, after greedy: 532844 in iteration: 8 after: 0.940713 s
# Solver time:0.0425197, Greedy time: 0.000302199, before greedy: 532844, after greedy: 532844 in iteration: 8 after: 0.942881 s
# Solver time:0.0418616, Greedy time: 0.000278516, before greedy: 532844, after greedy: 532844 in iteration: 8 after: 0.943063 s
# Solver time:0.0419672, Greedy time: 0.000290567, before greedy: 532844, after greedy: 532844 in iteration: 8 after: 0.944637 s
# Solver time:0.0423344, Greedy time: 0.000274993, before greedy: 532844, after greedy: 532844 in iteration: 9 after: 1.05303 s
# Solver time:0.0409684, Greedy time: 0.00031746, before greedy: 532844, after greedy: 532844 in iteration: 9 after: 1.05596 s
# Solver time:0.0404268, Greedy time: 0.000228394, before greedy: 532844, after greedy: 532844 in iteration: 9 after: 1.05623 s
# Solver time:0.0440023, Greedy time: 0.000279889, before greedy: 532844, after greedy: 532844 in iteration: 9 after: 1.05702 s
# Solver time:0.043466, Greedy time: 0.000283083, before greedy: 532844, after greedy: 532844 in iteration: 9 after: 1.05738 s
# Solver time:0.0428519, Greedy time: 0.000281284, before greedy: 532844, after greedy: 532844 in iteration: 9 after: 1.05947 s
# Solver time:0.0437217, Greedy time: 0.000276687, before greedy: 532844, after greedy: 532844 in iteration: 10 after: 1.17106 s
# Solver time:0.0441073, Greedy time: 0.000364272, before greedy: 532844, after greedy: 532844 in iteration: 10 after: 1.17119 s
# Solver time:0.040758, Greedy time: 0.000235744, before greedy: 532844, after greedy: 532844 in iteration: 10 after: 1.17197 s
# Solver time:0.0435361, Greedy time: 0.000281569, before greedy: 532844, after greedy: 532844 in iteration: 10 after: 1.17305 s
# Solver time:0.0381491, Greedy time: 0.000298336, before greedy: 532844, after greedy: 532844 in iteration: 11 after: 1.27884 s
# Solver time:0.0409853, Greedy time: 0.000314314, before greedy: 532844, after greedy: 532844 in iteration: 11 after: 1.2809 s
# Solver time:0.0427248, Greedy time: 0.00030892, before greedy: 532844, after greedy: 532844 in iteration: 11 after: 1.28521 s
# Solver time:0.0381653, Greedy time: 0.000300385, before greedy: 532844, after greedy: 532844 in iteration: 12 after: 1.39546 s
# Solver time:0.0419782, Greedy time: 0.000310129, before greedy: 532844, after greedy: 532844 in iteration: 12 after: 1.39736 s
# Solver time:0.0420218, Greedy time: 0.000294037, before greedy: 532844, after greedy: 532844 in iteration: 12 after: 1.39877 s
# Solver time:0.041797, Greedy time: 0.000276159, before greedy: 532844, after greedy: 532844 in iteration: 12 after: 1.40034 s
# Solver time:0.0422785, Greedy time: 0.000357477, before greedy: 532844, after greedy: 532844 in iteration: 13 after: 1.51138 s
# Solver time:0.0418265, Greedy time: 0.000301812, before greedy: 532844, after greedy: 532844 in iteration: 13 after: 1.51158 s
# Solver time:0.0434419, Greedy time: 0.000280907, before greedy: 532844, after greedy: 532844 in iteration: 13 after: 1.51195 s
# Solver time:0.0403873, Greedy time: 0.000292225, before greedy: 532844, after greedy: 532844 in iteration: 14 after: 1.62103 s
# Solver time:0.0390981, Greedy time: 0.000257451, before greedy: 532844, after greedy: 532844 in iteration: 14 after: 1.62318 s
# Solver time:0.0385217, Greedy time: 0.000229159, before greedy: 532844, after greedy: 532844 in iteration: 14 after: 1.62324 s
# Solver time:0.0434685, Greedy time: 0.000277497, before greedy: 532844, after greedy: 532844 in iteration: 14 after: 1.62377 s
# Solver time:0.0441602, Greedy time: 0.00030029, before greedy: 532844, after greedy: 532844 in iteration: 14 after: 1.62671 s
# Solver time:0.0416237, Greedy time: 0.000287954, before greedy: 532844, after greedy: 532844 in iteration: 14 after: 1.62712 s
# Solver time:0.0435462, Greedy time: 0.000279436, before greedy: 532844, after greedy: 532844 in iteration: 14 after: 1.62735 s
# Solver time:0.0385164, Greedy time: 0.000293411, before greedy: 532844, after greedy: 532844 in iteration: 15 after: 1.73266 s
# Solver time:0.0422874, Greedy time: 0.000301486, before greedy: 532844, after greedy: 532844 in iteration: 16 after: 1.85085 s
# Solver time:0.0432888, Greedy time: 0.000366425, before greedy: 532844, after greedy: 532844 in iteration: 17 after: 1.96749 s
# Solver time:0.0424362, Greedy time: 0.000361511, before greedy: 532844, after greedy: 532844 in iteration: 18 after: 2.07885 s
# Solver time:0.0426034, Greedy time: 0.000360949, before greedy: 532844, after greedy: 532844 in iteration: 19 after: 2.19416 s
# Solver time:0.0389446, Greedy time: 0.000315607, before greedy: 532844, after greedy: 532844 in iteration: 20 after: 2.30767 s
# Solver time:0.0436685, Greedy time: 0.000371678, before greedy: 532844, after greedy: 532844 in iteration: 21 after: 2.4291 s
# Solver time:0.0399742, Greedy time: 0.000299301, before greedy: 532844, after greedy: 532844 in iteration: 22 after: 2.53615 s
# Solver time:0.042259, Greedy time: 0.000320261, before greedy: 532844, after greedy: 532844 in iteration: 22 after: 2.53885 s
# Solver time:0.0403179, Greedy time: 0.000238594, before greedy: 532844, after greedy: 532844 in iteration: 22 after: 2.53896 s
# Solver time:0.042242, Greedy time: 0.000277579, before greedy: 532844, after greedy: 532844 in iteration: 22 after: 2.53987 s
# Solver time:0.0417068, Greedy time: 0.000279389, before greedy: 532844, after greedy: 532844 in iteration: 22 after: 2.5402 s
# Solver time:0.0442274, Greedy time: 0.000274589, before greedy: 532844, after greedy: 532844 in iteration: 23 after: 2.64994 s
# Solver time:0.0416258, Greedy time: 0.000296308, before greedy: 532844, after greedy: 532844 in iteration: 23 after: 2.65111 s
# Solver time:0.0408014, Greedy time: 0.000234315, before greedy: 532844, after greedy: 532844 in iteration: 23 after: 2.65187 s
# Solver time:0.0403916, Greedy time: 0.000215039, before greedy: 532844, after greedy: 532844 in iteration: 23 after: 2.65212 s
# Solver time:0.0438432, Greedy time: 0.000280539, before greedy: 532844, after greedy: 532844 in iteration: 23 after: 2.65283 s
# Solver time:0.0431492, Greedy time: 0.000276461, before greedy: 532844, after greedy: 532844 in iteration: 23 after: 2.65352 s
# Solver time:0.0426834, Greedy time: 0.000275273, before greedy: 532844, after greedy: 532844 in iteration: 23 after: 2.65536 s
# Solver time:0.0407799, Greedy time: 0.000308672, before greedy: 532844, after greedy: 532844 in iteration: 24 after: 2.76659 s
# Solver time:0.0421935, Greedy time: 0.000275983, before greedy: 532844, after greedy: 532844 in iteration: 25 after: 2.88248 s
# Solver time:0.0434633, Greedy time: 0.000297995, before greedy: 532844, after greedy: 532844 in iteration: 27 after: 3.10831 s
# Solver time:0.0431635, Greedy time: 0.000449011, before greedy: 532844, after greedy: 532844 in iteration: 27 after: 3.11264 s
# Solver time:0.0455583, Greedy time: 0.000338944, before greedy: 532844, after greedy: 532844 in iteration: 27 after: 3.11357 s
# Solver time:0.0467533, Greedy time: 0.000326399, before greedy: 532844, after greedy: 532844 in iteration: 27 after: 3.11539 s
# Solver time:0.048257, Greedy time: 0.000319969, before greedy: 532844, after greedy: 532844 in iteration: 27 after: 3.11554 s
# Solver time:0.0476739, Greedy time: 0.000319896, before greedy: 532844, after greedy: 532844 in iteration: 27 after: 3.11828 s
# Solver time:0.0485428, Greedy time: 0.000311621, before greedy: 532844, after greedy: 532844 in iteration: 27 after: 3.11857 s
# Solver time:0.0464406, Greedy time: 0.000394162, before greedy: 532844, after greedy: 532844 in iteration: 28 after: 3.23118 s
# Solver time:0.0449311, Greedy time: 0.000299396, before greedy: 532844, after greedy: 532844 in iteration: 29 after: 3.34931 s
# Solver time:0.0466969, Greedy time: 0.000320023, before greedy: 532844, after greedy: 532844 in iteration: 29 after: 3.35181 s
# Solver time:0.0425176, Greedy time: 0.000235531, before greedy: 532844, after greedy: 532844 in iteration: 29 after: 3.35186 s
# Solver time:0.0423267, Greedy time: 0.000214949, before greedy: 532844, after greedy: 532844 in iteration: 29 after: 3.3521 s
# Solver time:0.0469726, Greedy time: 0.000282172, before greedy: 532844, after greedy: 532844 in iteration: 29 after: 3.35352 s
# Solver time:0.0464366, Greedy time: 0.0002751, before greedy: 532844, after greedy: 532844 in iteration: 29 after: 3.35388 s
# Solver time:0.0470908, Greedy time: 0.000275807, before greedy: 532844, after greedy: 532844 in iteration: 29 after: 3.35426 s
# Solver time:0.0471275, Greedy time: 0.000276305, before greedy: 532844, after greedy: 532844 in iteration: 30 after: 3.46565 s
# Solver time:0.0469423, Greedy time: 0.000363251, before greedy: 532844, after greedy: 532844 in iteration: 31 after: 3.58399 s
# Solver time:0.0431627, Greedy time: 0.000356726, before greedy: 532844, after greedy: 532844 in iteration: 32 after: 3.69355 s
# Solver time:0.0421754, Greedy time: 0.000323709, before greedy: 532844, after greedy: 532844 in iteration: 32 after: 3.69597 s
# Solver time:0.0463799, Greedy time: 0.000290718, before greedy: 532844, after greedy: 532844 in iteration: 32 after: 3.69813 s
# Solver time:0.0479224, Greedy time: 0.000276471, before greedy: 532844, after greedy: 532844 in iteration: 32 after: 3.70187 s
# Solver time:0.0417053, Greedy time: 0.000366237, before greedy: 532844, after greedy: 532844 in iteration: 33 after: 3.81263 s
# Solver time:0.04168, Greedy time: 0.000294399, before greedy: 532844, after greedy: 532844 in iteration: 34 after: 3.92216 s
# Solver time:0.0437094, Greedy time: 0.000313941, before greedy: 532844, after greedy: 532844 in iteration: 34 after: 3.9238 s
# Solver time:0.0425099, Greedy time: 0.000286482, before greedy: 532844, after greedy: 532844 in iteration: 34 after: 3.92472 s
# Solver time:0.0430963, Greedy time: 0.000275752, before greedy: 532844, after greedy: 532844 in iteration: 34 after: 3.92499 s
# Solver time:0.0417178, Greedy time: 0.0003515, before greedy: 532844, after greedy: 532844 in iteration: 35 after: 4.0331 s
# Solver time:0.0435239, Greedy time: 0.000341762, before greedy: 532844, after greedy: 532844 in iteration: 35 after: 4.03923 s
# Solver time:0.041878, Greedy time: 0.000362091, before greedy: 532844, after greedy: 532844 in iteration: 36 after: 4.14862 s
# Solver time:0.0421666, Greedy time: 0.000324825, before greedy: 532844, after greedy: 532844 in iteration: 36 after: 4.15147 s
# Solver time:0.0436522, Greedy time: 0.000285413, before greedy: 532844, after greedy: 532844 in iteration: 37 after: 4.26371 s
# Solver time:0.0419732, Greedy time: 0.00036546, before greedy: 532844, after greedy: 532844 in iteration: 37 after: 4.26449 s
# Solver time:0.0428021, Greedy time: 0.000273664, before greedy: 532844, after greedy: 532844 in iteration: 38 after: 4.37283 s
# Solver time:0.0400769, Greedy time: 0.000299934, before greedy: 532844, after greedy: 532844 in iteration: 38 after: 4.37313 s
# Solver time:0.0431124, Greedy time: 0.000294659, before greedy: 532844, after greedy: 532844 in iteration: 38 after: 4.37397 s
# Solver time:0.0423946, Greedy time: 0.000292175, before greedy: 532844, after greedy: 532844 in iteration: 38 after: 4.37616 s
# Solver time:0.042375, Greedy time: 0.000282792, before greedy: 532844, after greedy: 532844 in iteration: 38 after: 4.37667 s
# Solver time:0.0421198, Greedy time: 0.000279227, before greedy: 532844, after greedy: 532844 in iteration: 38 after: 4.37722 s
# Solver time:0.0417404, Greedy time: 0.000280967, before greedy: 532844, after greedy: 532844 in iteration: 38 after: 4.37725 s
# Solver time:0.0439464, Greedy time: 0.000358973, before greedy: 532844, after greedy: 532844 in iteration: 39 after: 4.48768 s
# Solver time:0.0427558, Greedy time: 0.000351306, before greedy: 532844, after greedy: 532844 in iteration: 40 after: 4.60311 s
# Solver time:0.0432312, Greedy time: 0.000371136, before greedy: 532844, after greedy: 532844 in iteration: 41 after: 4.71883 s
# Solver time:0.0411923, Greedy time: 0.000357362, before greedy: 532844, after greedy: 532844 in iteration: 42 after: 4.82571 s
# Solver time:0.0415067, Greedy time: 0.000380747, before greedy: 532844, after greedy: 532844 in iteration: 43 after: 4.94024 s
# Cost: 5.32843000e+05 (pid: *) 4.97 s (iteration: 43)
[0, 1, 1, 0, 7, 1, 0, 7, 1, 1, 7, 3, 2, 0, 2, 0, 1, 1, 0, 1, 1, 1, 1, 2, 2, 0, 3, 3, 3, 1, 2, 0, 0, 0, 0, 0, 0, 0, 0, 0, 0, 0, 0, 0, 0, 0, 0, 0, 0, 0, 0, 0, 3, 3, 3, 3, 5, 0, 0, 0, 0, 0, 0, 0, 0, 0, 0, 0, 5, 5, 5, 1, 0, 5, 1, 0, 0, 1, 0, 0, 0, 0, 0, 0, 0, 0, 0, 0, 0, 0, 0, 0, 0, 0, 0, 0, 3, 0, 3, 11, 3, 3, 3, 11, 3, 0, 0, 2, 2, 2, 2, 0, 9, 3, 1, 9, 9, 9, 9, 3, 3, 3, 1, 9, 3, 3, 1, 9, 8, 1, 1, 1, 1, 1, 1, 1, 0, 1, 1, 1, 0, 1, 1, 1, 1, 1, 1, 1, 1, 1, 1, 1, 8, 9, 9, 9, 9, 3, 3, 3, 1, 9, 3, 3, 1, 9, 9, 9, 3, 3, 3, 1, 9, 3, 3, 1, 9, 0, 0, 0, 0, 0, 0, 0, 0, 0, 0, 0, 0, 0, 0, 0, 0, 0, 0, 0, 0, 0, 0, 0, 0, 0, 0, 0, 0, 0, 0, 0, 0, 0, 0, 0, 3, 3, 11, 3, 3, 3, 11, 3, 0, 0, 2, 2, 2, 13, 8, 2, 3, 1, 2, 2, 2, 2, 3, 3, 3, 1, 2, 3, 3, 1, 2, 8, 6, 6, 6, 6, 6, 6, 6, 6, 6, 6, 6, 6, 6, 6, 6, 6, 6, 8, 2, 2, 2, 2, 3, 3, 3, 1, 2, 3, 3, 1, 2, 3, 3, 3, 1, 5, 5, 5, 1, 7, 7, 7, 0, 0, 11, 0, 0, 11, 11, 0, 0, 0, 11, 11, 7, 7, 7, 3, 3, 3, 8, 8, 3, 0, 0, 3, 3, 3, 8, 8, 3, 8, 0, 0, 0, 0, 11, 11, 0, 0, 0, 11, 11, 7, 7, 7, 3, 3, 3, 8, 8, 3, 0, 0, 3, 3, 3, 8, 8, 3, 8, 0, 0, 0, 0, 0, 0, 0, 11, 11, 0, 0, 0, 11, 11, 7, 7, 7, 3, 3, 3, 8, 8, 3, 0, 0, 3, 3, 3, 8, 8, 3, 8, 0, 7, 0, 2, 7, 0, 2, 7, 7, 7, 7, 20, 14, 0, 14, 0, 2, 2, 0, 2, 2, 2, 7, 11, 2, 0, 3, 3, 3, 7, 2, 0, 0, 0, 0, 0, 0, 0, 0, 0, 0, 0, 0, 0, 0, 0, 0, 0, 0, 0, 0, 0, 0, 0, 0, 0, 0, 0, 0, 0, 0, 0, 0, 0, 0, 0, 0, 0, 0, 1, 0, 0, 0, 0, 0, 1, 0, 0, 0, 0, 0, 11, 3, 3, 3, 3, 11, 11, 11, 11, 11, 0, 0, 0, 0, 0, 0, 0, 0, 0, 1, 0, 0, 1, 0, 0, 1, 0, 11, 11, 11, 11, 10, 11, 0, 0, 11, 11, 11, 10, 5, 0, 11, 11, 6, 8, 5, 5, 5, 8, 5, 5, 5, 9, 0, 0, 0, 0, 0, 11, 11, 11, 11, 11, 11, 11, 11, 5, 5, 9, 0, 0, 0, 0, 0, 7, 2, 0, 9, 3, 7, 8, 8, 8, 8, 2, 2, 2, 7, 8, 3, 3, 7, 8, 8, 18, 15, 15, 15, 12, 8, 8, 0, 7, 8, 8, 0, 7, 8, 8, 7, 8, 7, 8, 8, 15, 12, 8, 8, 11, 8, 8, 8, 2, 2, 2, 7, 8, 3, 3, 7, 8, 8, 8, 2, 2, 2, 7, 8, 3, 3, 7, 8, 0, 0, 0, 0, 0, 0, 0, 0, 0, 0, 0, 0, 0, 0, 0, 0, 0, 0, 11, 0, 0, 0, 0, 0, 0, 0, 0, 0, 0, 0, 0, 0, 0, 0, 0, 11, 11, 11, 11, 11, 11, 11, 11, 11, 11, 0, 0, 11, 11, 11, 11, 6, 8, 10, 10, 5, 5, 5, 5, 8, 5, 5, 5, 9, 0, 0, 0, 0, 0, 11, 11, 11, 11, 11, 11, 11, 11, 5, 5, 9, 0, 0, 0, 0, 0, 7, 5, 8, 1, 3, 1, 1, 8, 8, 8, 2, 2, 2, 7, 8, 3, 3, 7, 8, 8, 18, 15, 15, 15, 12, 8, 8, 8, 8, 8, 8, 8, 8, 8, 15, 12, 8, 8, 11, 8, 8, 8, 2, 2, 2, 7, 8, 3, 3, 7, 8, 1, 1, 5, 1, 5, 2, 2, 0, 0, 0, 0, 0, 0, 0, 0, 0, 0, 0, 2, 7, 7, 7, 7, 0, 0, 11, 11, 0, 0, 0, 11, 11, 7, 2, 7, 3, 3, 3, 8, 8, 3, 0, 0, 3, 3, 3, 8, 8, 3, 8, 0, 0, 0, 11, 11, 0, 0, 0, 11, 11, 7, 7, 7, 3, 3, 3, 8, 8, 3, 0, 0, 3, 3, 3, 8, 8, 3, 8, 0, 7]
