# Preprocessing: 0.0478163 s
# nodes: 816 edges: 1096
# strategies: 10188 intervals: 675
# Cost: 1.58000000e+20 (greedy) 0.05 s (iteration: 1)
[0, 4, 4, 0, 4, 4, 0, 4, 4, 4, 4, 1, 1, 0, 8, 0, 4, 4, 0, 4, 4, 4, 6, 1, 1, 0, 2, 2, 2, 6, 1, 5, 0, 0, 0, 0, 0, 0, 0, 0, 0, 0, 0, 0, 0, 0, 0, 0, 0, 0, 0, 0, 2, 2, 2, 2, 3, 0, 0, 0, 0, 0, 0, 0, 0, 0, 0, 0, 3, 3, 3, 7, 0, 3, 7, 0, 0, 7, 0, 0, 0, 0, 0, 0, 0, 0, 0, 0, 0, 0, 0, 0, 0, 0, 0, 0, 0, 0, 0, 8, 0, 0, 0, 8, 0, 0, 0, 0, 0, 0, 0, 4, 0, 2, 6, 0, 0, 0, 0, 0, 0, 0, 6, 0, 2, 2, 6, 0, 4, 0, 0, 0, 0, 0, 0, 0, 0, 6, 0, 0, 0, 6, 0, 0, 6, 0, 6, 0, 0, 0, 0, 0, 4, 0, 0, 0, 0, 0, 0, 0, 6, 0, 2, 2, 6, 0, 0, 0, 0, 0, 0, 6, 0, 2, 2, 6, 0, 5, 0, 0, 0, 0, 0, 0, 0, 0, 0, 0, 0, 0, 0, 0, 0, 0, 0, 0, 0, 0, 0, 0, 0, 0, 0, 0, 0, 0, 0, 0, 0, 0, 0, 0, 0, 0, 8, 0, 0, 0, 8, 0, 0, 0, 0, 0, 0, 0, 4, 0, 2, 6, 0, 0, 0, 0, 0, 0, 0, 6, 0, 2, 2, 6, 0, 4, 0, 0, 0, 0, 0, 0, 0, 0, 0, 0, 0, 0, 0, 0, 0, 0, 0, 4, 0, 0, 0, 0, 0, 0, 0, 6, 0, 2, 2, 6, 0, 0, 0, 1, 4, 4, 4, 0, 1, 1, 1, 1, 0, 0, 7, 0, 0, 0, 0, 0, 0, 0, 0, 0, 0, 0, 0, 0, 0, 0, 0, 0, 0, 0, 0, 0, 0, 0, 0, 0, 0, 0, 0, 0, 0, 0, 7, 7, 0, 0, 0, 7, 7, 1, 1, 0, 0, 0, 0, 0, 0, 0, 0, 0, 0, 0, 0, 0, 0, 0, 0, 0, 0, 0, 0, 0, 0, 0, 7, 7, 0, 0, 0, 7, 7, 1, 1, 0, 0, 0, 0, 0, 0, 0, 0, 0, 0, 0, 0, 0, 0, 0, 0, 0, 0, 0, 1, 1, 0, 1, 1, 1, 1, 0, 1, 1, 0, 2, 0, 1, 1, 0, 1, 1, 1, 4, 1, 1, 0, 2, 0, 2, 4, 1, 0, 0, 0, 0, 0, 0, 0, 0, 0, 0, 0, 0, 0, 0, 0, 0, 0, 0, 0, 0, 0, 0, 0, 0, 0, 0, 0, 0, 0, 0, 0, 0, 0, 0, 0, 0, 0, 0, 5, 0, 0, 0, 0, 0, 5, 0, 0, 0, 0, 0, 7, 2, 2, 2, 2, 7, 7, 0, 7, 7, 0, 0, 0, 0, 0, 0, 0, 0, 0, 5, 0, 0, 5, 0, 0, 5, 0, 7, 7, 7, 7, 6, 7, 0, 0, 7, 7, 7, 6, 4, 0, 8, 8, 5, 6, 4, 4, 4, 6, 4, 4, 4, 7, 0, 0, 0, 0, 0, 7, 7, 0, 7, 7, 7, 7, 8, 4, 4, 7, 0, 0, 0, 0, 0, 6, 4, 0, 0, 0, 4, 0, 0, 0, 3, 3, 3, 3, 4, 0, 0, 2, 4, 0, 0, 0, 0, 0, 0, 0, 0, 0, 0, 4, 0, 0, 0, 4, 0, 0, 4, 0, 4, 0, 0, 0, 0, 0, 0, 0, 0, 0, 3, 3, 3, 3, 4, 0, 0, 2, 4, 0, 0, 3, 3, 3, 3, 4, 0, 0, 2, 4, 0, 0, 0, 0, 0, 0, 0, 0, 0, 0, 0, 0, 0, 0, 0, 0, 0, 0, 0, 7, 0, 0, 0, 0, 0, 0, 0, 0, 0, 0, 0, 0, 0, 0, 0, 0, 7, 7, 0, 7, 7, 7, 7, 7, 8, 7, 0, 0, 7, 7, 7, 8, 5, 6, 6, 6, 4, 4, 4, 4, 6, 4, 4, 4, 7, 0, 0, 0, 0, 0, 7, 7, 0, 7, 7, 7, 7, 8, 4, 4, 7, 0, 0, 0, 0, 0, 6, 4, 0, 0, 0, 4, 0, 0, 0, 3, 3, 3, 3, 4, 0, 0, 2, 4, 0, 0, 0, 0, 0, 0, 0, 0, 0, 0, 0, 0, 0, 0, 0, 0, 0, 0, 0, 0, 0, 0, 0, 3, 3, 3, 3, 4, 0, 0, 2, 4, 0, 0, 0, 4, 3, 1, 0, 1, 0, 0, 0, 0, 0, 0, 0, 0, 0, 0, 0, 1, 0, 1, 1, 1, 0, 0, 0, 0, 0, 0, 0, 0, 0, 0, 0, 0, 0, 0, 0, 0, 0, 0, 0, 0, 0, 0, 0, 0, 0, 0, 0, 0, 0, 0, 7, 7, 0, 0, 0, 7, 7, 1, 1, 0, 0, 0, 0, 0, 0, 0, 0, 0, 0, 0, 0, 0, 0, 0, 0, 0, 0]
# Solver time:0.0334148, Greedy time: 0.000551011, before greedy: 1118045, after greedy: 1097564 in iteration: 1 after: 0.0971744 s
# Solver time:0.0349992, Greedy time: 0.000264734, before greedy: 532844, after greedy: 532844 in iteration: 1 after: 0.0975096 s
# Solver time:0.0361006, Greedy time: 0.000296848, before greedy: 532844, after greedy: 532844 in iteration: 1 after: 0.0995507 s
# Solver time:0.0348895, Greedy time: 0.000225293, before greedy: 540445, after greedy: 540445 in iteration: 1 after: 0.100038 s
# Solver time:0.0373714, Greedy time: 0.00155196, before greedy: 1197608, after greedy: 1176090 in iteration: 1 after: 0.101944 s
# Solver time:0.0372563, Greedy time: 0.00154114, before greedy: 3360276, after greedy: 3339795 in iteration: 1 after: 0.102322 s
# Solver time:0.0456637, Greedy time: 0.000402583, before greedy: 1501474, after greedy: 1501474 in iteration: 1 after: 0.108573 s
# Cost: 5.32844000e+05 (pid: 0) 0.15 s (iteration: 1)
[0, 1, 1, 0, 7, 1, 0, 7, 1, 1, 7, 3, 2, 0, 2, 0, 1, 1, 0, 1, 1, 1, 1, 2, 2, 0, 3, 3, 3, 1, 2, 0, 0, 0, 0, 0, 0, 0, 0, 0, 0, 0, 0, 0, 0, 0, 0, 0, 0, 0, 0, 0, 3, 3, 3, 3, 5, 0, 0, 0, 0, 0, 0, 0, 0, 0, 0, 0, 5, 5, 5, 9, 0, 5, 9, 0, 0, 9, 0, 0, 0, 0, 0, 0, 0, 0, 0, 0, 0, 0, 0, 0, 0, 0, 0, 0, 3, 0, 3, 11, 3, 3, 3, 11, 3, 0, 0, 2, 2, 2, 2, 0, 9, 3, 1, 9, 9, 9, 9, 3, 3, 3, 1, 9, 3, 3, 1, 9, 8, 6, 6, 6, 6, 6, 6, 6, 0, 8, 6, 6, 0, 8, 6, 6, 8, 6, 8, 6, 6, 6, 6, 6, 8, 2, 9, 9, 9, 3, 3, 3, 1, 9, 3, 3, 1, 9, 9, 9, 3, 3, 3, 1, 9, 3, 3, 1, 9, 0, 0, 0, 0, 0, 0, 0, 0, 0, 0, 0, 0, 0, 0, 0, 0, 0, 0, 0, 0, 0, 0, 0, 0, 0, 0, 0, 0, 0, 0, 0, 0, 0, 0, 0, 3, 3, 11, 3, 3, 3, 11, 3, 0, 0, 2, 2, 2, 13, 8, 2, 3, 8, 2, 2, 2, 2, 3, 3, 3, 1, 2, 3, 3, 1, 2, 8, 6, 6, 6, 6, 6, 6, 6, 6, 6, 6, 6, 6, 6, 6, 6, 6, 6, 8, 2, 2, 2, 2, 3, 3, 3, 1, 2, 3, 3, 1, 2, 3, 3, 3, 1, 5, 5, 5, 1, 7, 7, 7, 0, 0, 11, 0, 0, 11, 11, 0, 0, 0, 11, 11, 7, 7, 7, 3, 3, 3, 8, 8, 3, 0, 0, 3, 3, 3, 8, 8, 3, 8, 0, 0, 0, 0, 11, 11, 0, 0, 0, 11, 11, 7, 7, 7, 3, 3, 3, 8, 8, 3, 0, 0, 3, 3, 3, 8, 8, 3, 8, 0, 0, 0, 0, 0, 0, 0, 11, 11, 0, 0, 0, 11, 11, 7, 7, 7, 3, 3, 3, 8, 8, 3, 0, 0, 3, 3, 3, 8, 8, 3, 8, 0, 7, 0, 2, 7, 0, 2, 7, 7, 7, 7, 20, 14, 0, 14, 0, 2, 2, 0, 2, 2, 2, 7, 11, 2, 0, 3, 3, 3, 7, 2, 0, 0, 0, 0, 0, 0, 0, 0, 0, 0, 0, 0, 0, 0, 0, 0, 0, 0, 0, 0, 0, 0, 0, 0, 0, 0, 0, 0, 0, 0, 0, 0, 0, 0, 0, 0, 0, 0, 6, 0, 0, 0, 0, 0, 6, 0, 0, 0, 0, 0, 11, 3, 3, 3, 3, 11, 11, 11, 11, 11, 0, 0, 0, 0, 0, 0, 0, 0, 0, 6, 0, 0, 6, 0, 0, 6, 0, 11, 11, 11, 11, 10, 11, 0, 0, 11, 11, 11, 10, 5, 0, 11, 11, 6, 8, 5, 5, 5, 8, 5, 5, 5, 9, 0, 0, 0, 0, 0, 11, 11, 11, 11, 11, 11, 11, 11, 5, 5, 9, 0, 0, 0, 0, 0, 7, 2, 0, 9, 3, 7, 8, 8, 8, 8, 2, 2, 2, 7, 8, 3, 3, 7, 8, 8, 18, 15, 15, 15, 12, 8, 8, 0, 7, 8, 8, 0, 7, 8, 8, 7, 8, 7, 8, 8, 15, 12, 8, 8, 11, 8, 8, 8, 2, 2, 2, 7, 8, 3, 3, 7, 8, 8, 8, 2, 2, 2, 7, 8, 3, 3, 7, 8, 0, 0, 0, 0, 0, 0, 0, 0, 0, 0, 0, 0, 0, 0, 0, 0, 0, 0, 11, 0, 0, 0, 0, 0, 0, 0, 0, 0, 0, 0, 0, 0, 0, 0, 0, 11, 11, 11, 11, 11, 11, 11, 11, 11, 11, 0, 0, 11, 11, 11, 11, 6, 8, 10, 10, 5, 5, 5, 5, 8, 5, 5, 5, 9, 0, 0, 0, 0, 0, 11, 11, 11, 11, 11, 11, 11, 11, 5, 5, 9, 0, 0, 0, 0, 0, 7, 5, 8, 1, 3, 1, 1, 8, 8, 8, 2, 2, 2, 7, 8, 3, 3, 7, 8, 8, 18, 15, 15, 15, 12, 8, 8, 8, 8, 8, 8, 8, 8, 8, 15, 12, 8, 8, 11, 8, 8, 8, 2, 2, 2, 7, 8, 3, 3, 7, 8, 1, 1, 5, 1, 5, 2, 2, 0, 0, 0, 0, 0, 0, 0, 0, 0, 0, 0, 2, 7, 7, 7, 7, 0, 0, 11, 11, 0, 0, 0, 11, 11, 7, 2, 7, 3, 3, 3, 8, 8, 3, 0, 0, 3, 3, 3, 8, 8, 3, 8, 0, 0, 0, 11, 11, 0, 0, 0, 11, 11, 7, 7, 7, 3, 3, 3, 8, 8, 3, 0, 0, 3, 3, 3, 8, 8, 3, 8, 0, 7]
# Solver time:0.0459963, Greedy time: 0.000362385, before greedy: 532844, after greedy: 532844 in iteration: 2 after: 0.225797 s
# Solver time:0.0474629, Greedy time: 0.000347851, before greedy: 532844, after greedy: 532844 in iteration: 2 after: 0.227172 s
# Solver time:0.045552, Greedy time: 0.000327693, before greedy: 532844, after greedy: 532844 in iteration: 3 after: 0.338437 s
# Solver time:0.045619, Greedy time: 0.000308195, before greedy: 532844, after greedy: 532844 in iteration: 3 after: 0.344501 s
# Solver time:0.0465978, Greedy time: 0.000311146, before greedy: 532844, after greedy: 532844 in iteration: 3 after: 0.344924 s
# Solver time:0.0459281, Greedy time: 0.000303436, before greedy: 532844, after greedy: 532844 in iteration: 5 after: 0.57054 s
# Solver time:0.0444691, Greedy time: 0.000323599, before greedy: 532844, after greedy: 532844 in iteration: 5 after: 0.571655 s
# Solver time:0.0470925, Greedy time: 0.000286253, before greedy: 532844, after greedy: 532844 in iteration: 5 after: 0.572727 s
# Solver time:0.0445599, Greedy time: 0.000283042, before greedy: 532844, after greedy: 532844 in iteration: 5 after: 0.572982 s
# Solver time:0.0445555, Greedy time: 0.000276182, before greedy: 532844, after greedy: 532844 in iteration: 5 after: 0.573946 s
# Solver time:0.0450654, Greedy time: 0.000279905, before greedy: 532844, after greedy: 532844 in iteration: 5 after: 0.575839 s
# Solver time:0.0472488, Greedy time: 0.00029514, before greedy: 532844, after greedy: 532844 in iteration: 5 after: 0.576645 s
# Solver time:0.0440173, Greedy time: 0.000304662, before greedy: 532844, after greedy: 532844 in iteration: 6 after: 0.689695 s
# Solver time:0.0424371, Greedy time: 0.000288561, before greedy: 532844, after greedy: 532844 in iteration: 7 after: 0.797518 s
# Solver time:0.0433195, Greedy time: 0.000246514, before greedy: 532844, after greedy: 532844 in iteration: 7 after: 0.799376 s
# Solver time:0.0448233, Greedy time: 0.000287263, before greedy: 532844, after greedy: 532844 in iteration: 7 after: 0.801326 s
# Solver time:0.0431808, Greedy time: 0.000275735, before greedy: 532844, after greedy: 532844 in iteration: 7 after: 0.80294 s
# Solver time:0.0462408, Greedy time: 0.0002937, before greedy: 532844, after greedy: 532844 in iteration: 7 after: 0.805326 s
# Solver time:0.0451896, Greedy time: 0.000275508, before greedy: 532844, after greedy: 532844 in iteration: 7 after: 0.805408 s
# Solver time:0.0397198, Greedy time: 0.000241285, before greedy: 532844, after greedy: 532844 in iteration: 8 after: 0.911977 s
# Solver time:0.0418454, Greedy time: 0.00028923, before greedy: 532844, after greedy: 532844 in iteration: 8 after: 0.914961 s
# Solver time:0.0413985, Greedy time: 0.000280838, before greedy: 532844, after greedy: 532844 in iteration: 8 after: 0.915731 s
# Solver time:0.041505, Greedy time: 0.000299579, before greedy: 532844, after greedy: 532844 in iteration: 8 after: 0.917083 s
# Solver time:0.0430056, Greedy time: 0.000284238, before greedy: 532844, after greedy: 532844 in iteration: 8 after: 0.918245 s
# Solver time:0.038684, Greedy time: 0.000242891, before greedy: 532844, after greedy: 532844 in iteration: 9 after: 1.0254 s
# Solver time:0.0440278, Greedy time: 0.000290904, before greedy: 532844, after greedy: 532844 in iteration: 9 after: 1.02649 s
# Solver time:0.04217, Greedy time: 0.000277126, before greedy: 532844, after greedy: 532844 in iteration: 9 after: 1.02832 s
# Solver time:0.0413782, Greedy time: 0.000280498, before greedy: 532844, after greedy: 532844 in iteration: 9 after: 1.03017 s
# Solver time:0.0420217, Greedy time: 0.0003151, before greedy: 532844, after greedy: 532844 in iteration: 10 after: 1.13978 s
# Solver time:0.0411828, Greedy time: 0.000274759, before greedy: 532844, after greedy: 532844 in iteration: 10 after: 1.14016 s
# Solver time:0.039204, Greedy time: 0.000238948, before greedy: 532844, after greedy: 532844 in iteration: 11 after: 1.24883 s
# Solver time:0.0421303, Greedy time: 0.000298407, before greedy: 532844, after greedy: 532844 in iteration: 11 after: 1.25525 s
# Solver time:0.0384229, Greedy time: 0.00023956, before greedy: 532844, after greedy: 532844 in iteration: 12 after: 1.36111 s
# Solver time:0.042543, Greedy time: 0.000293901, before greedy: 532844, after greedy: 532844 in iteration: 12 after: 1.36308 s
# Solver time:0.0436196, Greedy time: 0.00028071, before greedy: 532844, after greedy: 532844 in iteration: 12 after: 1.36511 s
# Solver time:0.0437858, Greedy time: 0.000282191, before greedy: 532844, after greedy: 532844 in iteration: 12 after: 1.36751 s
# Solver time:0.0414814, Greedy time: 0.000289641, before greedy: 532844, after greedy: 532844 in iteration: 13 after: 1.4754 s
# Solver time:0.0423335, Greedy time: 0.000282409, before greedy: 532844, after greedy: 532844 in iteration: 13 after: 1.4767 s
# Solver time:0.0428104, Greedy time: 0.00027106, before greedy: 532844, after greedy: 532844 in iteration: 13 after: 1.47813 s
# Solver time:0.0413055, Greedy time: 0.00030379, before greedy: 532844, after greedy: 532844 in iteration: 13 after: 1.4783 s
# Solver time:0.0431322, Greedy time: 0.000273509, before greedy: 532844, after greedy: 532844 in iteration: 13 after: 1.4805 s
# Solver time:0.0411383, Greedy time: 0.000294572, before greedy: 532844, after greedy: 532844 in iteration: 14 after: 1.58846 s
# Solver time:0.0429566, Greedy time: 0.000299817, before greedy: 532844, after greedy: 532844 in iteration: 14 after: 1.59494 s
# Solver time:0.0385712, Greedy time: 0.0002362, before greedy: 532844, after greedy: 532844 in iteration: 15 after: 1.69942 s
# Solver time:0.0414503, Greedy time: 0.00028904, before greedy: 532844, after greedy: 532844 in iteration: 15 after: 1.70319 s
# Solver time:0.0429322, Greedy time: 0.000290407, before greedy: 532844, after greedy: 532844 in iteration: 15 after: 1.70579 s
# Solver time:0.0435451, Greedy time: 0.000282317, before greedy: 532844, after greedy: 532844 in iteration: 15 after: 1.70738 s
# Solver time:0.0434795, Greedy time: 0.00027987, before greedy: 532844, after greedy: 532844 in iteration: 15 after: 1.70841 s
# Solver time:0.0432243, Greedy time: 0.000281697, before greedy: 532844, after greedy: 532844 in iteration: 15 after: 1.70864 s
# Solver time:0.0426804, Greedy time: 0.000280235, before greedy: 532844, after greedy: 532844 in iteration: 15 after: 1.70938 s
# Solver time:0.0412148, Greedy time: 0.000295067, before greedy: 532844, after greedy: 532844 in iteration: 16 after: 1.81634 s
# Solver time:0.0415657, Greedy time: 0.000293218, before greedy: 532844, after greedy: 532844 in iteration: 17 after: 1.93023 s
# Solver time:0.0417523, Greedy time: 0.000296421, before greedy: 532844, after greedy: 532844 in iteration: 18 after: 2.04448 s
# Solver time:0.0419134, Greedy time: 0.000311332, before greedy: 532844, after greedy: 532844 in iteration: 19 after: 2.15945 s
# Solver time:0.0415416, Greedy time: 0.000313466, before greedy: 532844, after greedy: 532844 in iteration: 20 after: 2.2747 s
# Solver time:0.0420394, Greedy time: 0.000307623, before greedy: 532844, after greedy: 532844 in iteration: 21 after: 2.38858 s
# Solver time:0.040835, Greedy time: 0.00029489, before greedy: 532844, after greedy: 532844 in iteration: 22 after: 2.49801 s
# Solver time:0.0417033, Greedy time: 0.000308996, before greedy: 532844, after greedy: 532844 in iteration: 22 after: 2.50073 s
# Solver time:0.0414934, Greedy time: 0.000289096, before greedy: 532844, after greedy: 532844 in iteration: 22 after: 2.50177 s
# Solver time:0.0412409, Greedy time: 0.000277659, before greedy: 532844, after greedy: 532844 in iteration: 22 after: 2.50229 s
# Solver time:0.0425376, Greedy time: 0.000280755, before greedy: 532844, after greedy: 532844 in iteration: 22 after: 2.50342 s
# Solver time:0.0413107, Greedy time: 0.000296917, before greedy: 532844, after greedy: 532844 in iteration: 23 after: 2.61097 s
# Solver time:0.0437615, Greedy time: 0.00029161, before greedy: 532844, after greedy: 532844 in iteration: 23 after: 2.61137 s
# Solver time:0.0420693, Greedy time: 0.00028207, before greedy: 532844, after greedy: 532844 in iteration: 23 after: 2.61229 s
# Solver time:0.0419499, Greedy time: 0.000285961, before greedy: 532844, after greedy: 532844 in iteration: 23 after: 2.61403 s
# Solver time:0.0418444, Greedy time: 0.000279, before greedy: 532844, after greedy: 532844 in iteration: 23 after: 2.61457 s
# Solver time:0.0415518, Greedy time: 0.000281086, before greedy: 532844, after greedy: 532844 in iteration: 23 after: 2.61506 s
# Solver time:0.0418284, Greedy time: 0.000278484, before greedy: 532844, after greedy: 532844 in iteration: 23 after: 2.61635 s
# Solver time:0.042306, Greedy time: 0.000302613, before greedy: 532844, after greedy: 532844 in iteration: 24 after: 2.72976 s
# Solver time:0.0422115, Greedy time: 0.000299854, before greedy: 532844, after greedy: 532844 in iteration: 25 after: 2.84085 s
# Solver time:0.044712, Greedy time: 0.000297043, before greedy: 532844, after greedy: 532844 in iteration: 27 after: 3.0662 s
# Solver time:0.046562, Greedy time: 0.000296714, before greedy: 532844, after greedy: 532844 in iteration: 27 after: 3.06689 s
# Solver time:0.0451882, Greedy time: 0.0002813, before greedy: 532844, after greedy: 532844 in iteration: 27 after: 3.06895 s
# Solver time:0.0442036, Greedy time: 0.000282738, before greedy: 532844, after greedy: 532844 in iteration: 27 after: 3.06966 s
# Solver time:0.0462069, Greedy time: 0.000277331, before greedy: 532844, after greedy: 532844 in iteration: 27 after: 3.06983 s
# Solver time:0.0472464, Greedy time: 0.000284247, before greedy: 532844, after greedy: 532844 in iteration: 27 after: 3.07014 s
# Solver time:0.0447362, Greedy time: 0.000272797, before greedy: 532844, after greedy: 532844 in iteration: 27 after: 3.07095 s
# Solver time:0.0444727, Greedy time: 0.000297297, before greedy: 532844, after greedy: 532844 in iteration: 28 after: 3.1816 s
# Solver time:0.045295, Greedy time: 0.000297029, before greedy: 532844, after greedy: 532844 in iteration: 29 after: 3.29624 s
# Solver time:0.0437084, Greedy time: 0.000290891, before greedy: 532844, after greedy: 532844 in iteration: 29 after: 3.29706 s
# Solver time:0.0436001, Greedy time: 0.000282936, before greedy: 532844, after greedy: 532844 in iteration: 29 after: 3.29773 s
# Solver time:0.0429993, Greedy time: 0.00028147, before greedy: 532844, after greedy: 532844 in iteration: 29 after: 3.2994 s
# Solver time:0.045351, Greedy time: 0.000290303, before greedy: 532844, after greedy: 532844 in iteration: 29 after: 3.2999 s
# Solver time:0.0480123, Greedy time: 0.000278257, before greedy: 532844, after greedy: 532844 in iteration: 29 after: 3.30005 s
# Solver time:0.0473233, Greedy time: 0.000273317, before greedy: 532844, after greedy: 532844 in iteration: 29 after: 3.30021 s
# Solver time:0.042286, Greedy time: 0.000301357, before greedy: 532844, after greedy: 532844 in iteration: 30 after: 3.41391 s
# Solver time:0.0417602, Greedy time: 0.000304244, before greedy: 532844, after greedy: 532844 in iteration: 31 after: 3.52625 s
# Solver time:0.0432474, Greedy time: 0.000304267, before greedy: 532844, after greedy: 532844 in iteration: 32 after: 3.63716 s
# Solver time:0.0426646, Greedy time: 0.00030363, before greedy: 532844, after greedy: 532844 in iteration: 32 after: 3.63717 s
# Solver time:0.0431128, Greedy time: 0.000282371, before greedy: 532844, after greedy: 532844 in iteration: 32 after: 3.63827 s
# Solver time:0.0410143, Greedy time: 0.000287604, before greedy: 532844, after greedy: 532844 in iteration: 32 after: 3.63841 s
# Solver time:0.0432416, Greedy time: 0.000299098, before greedy: 532844, after greedy: 532844 in iteration: 33 after: 3.74908 s
# Solver time:0.0416882, Greedy time: 0.000290396, before greedy: 532844, after greedy: 532844 in iteration: 34 after: 3.8584 s
# Solver time:0.0420261, Greedy time: 0.000284469, before greedy: 532844, after greedy: 532844 in iteration: 34 after: 3.86101 s
# Solver time:0.0419545, Greedy time: 0.000299266, before greedy: 532844, after greedy: 532844 in iteration: 34 after: 3.86322 s
# Solver time:0.0428934, Greedy time: 0.000285372, before greedy: 532844, after greedy: 532844 in iteration: 34 after: 3.8652 s
# Solver time:0.0416591, Greedy time: 0.000285041, before greedy: 532844, after greedy: 532844 in iteration: 35 after: 3.97248 s
# Solver time:0.0426943, Greedy time: 0.000293087, before greedy: 532844, after greedy: 532844 in iteration: 36 after: 4.08493 s
# Solver time:0.0409965, Greedy time: 0.000309531, before greedy: 532844, after greedy: 532844 in iteration: 36 after: 4.08872 s
# Solver time:0.0425905, Greedy time: 0.000289252, before greedy: 532844, after greedy: 532844 in iteration: 36 after: 4.09139 s
# Solver time:0.0288756, Greedy time: 0.000229122, before greedy: 532844, after greedy: 532844 in iteration: 37 after: 4.1829 s
# Solver time:0.0412055, Greedy time: 0.000293329, before greedy: 532844, after greedy: 532844 in iteration: 37 after: 4.19909 s
# Solver time:0.0412457, Greedy time: 0.000279734, before greedy: 532844, after greedy: 532844 in iteration: 37 after: 4.20034 s
# Solver time:0.0417214, Greedy time: 0.000282433, before greedy: 532844, after greedy: 532844 in iteration: 37 after: 4.20138 s
# Solver time:0.0417518, Greedy time: 0.000281896, before greedy: 532844, after greedy: 532844 in iteration: 37 after: 4.20197 s
# Solver time:0.0418668, Greedy time: 0.000275819, before greedy: 532844, after greedy: 532844 in iteration: 37 after: 4.2042 s
# Cost: 5.32843000e+05 (pid: *) 4.26 s (iteration: 37)
[0, 1, 1, 0, 7, 1, 0, 7, 1, 1, 7, 3, 2, 0, 2, 0, 1, 1, 0, 1, 1, 1, 1, 2, 2, 0, 3, 3, 3, 1, 2, 0, 0, 0, 0, 0, 0, 0, 0, 0, 0, 0, 0, 0, 0, 0, 0, 0, 0, 0, 0, 0, 3, 3, 3, 3, 5, 0, 0, 0, 0, 0, 0, 0, 0, 0, 0, 0, 5, 5, 5, 1, 0, 5, 1, 0, 0, 1, 0, 0, 0, 0, 0, 0, 0, 0, 0, 0, 0, 0, 0, 0, 0, 0, 0, 0, 3, 0, 3, 11, 3, 3, 3, 11, 3, 0, 0, 2, 2, 2, 2, 0, 9, 3, 1, 9, 9, 9, 9, 3, 3, 3, 1, 9, 3, 3, 1, 9, 8, 1, 1, 1, 1, 1, 1, 1, 0, 1, 1, 1, 0, 1, 1, 1, 1, 1, 1, 1, 1, 1, 1, 1, 8, 9, 9, 9, 9, 3, 3, 3, 1, 9, 3, 3, 1, 9, 9, 9, 3, 3, 3, 1, 9, 3, 3, 1, 9, 0, 0, 0, 0, 0, 0, 0, 0, 0, 0, 0, 0, 0, 0, 0, 0, 0, 0, 0, 0, 0, 0, 0, 0, 0, 0, 0, 0, 0, 0, 0, 0, 0, 0, 0, 3, 3, 11, 3, 3, 3, 11, 3, 0, 0, 2, 2, 2, 13, 8, 2, 3, 1, 2, 2, 2, 2, 3, 3, 3, 1, 2, 3, 3, 1, 2, 8, 6, 6, 6, 6, 6, 6, 6, 6, 6, 6, 6, 6, 6, 6, 6, 6, 6, 8, 2, 2, 2, 2, 3, 3, 3, 1, 2, 3, 3, 1, 2, 3, 3, 3, 1, 5, 5, 5, 1, 7, 7, 7, 0, 0, 11, 0, 0, 11, 11, 0, 0, 0, 11, 11, 7, 7, 7, 3, 3, 3, 8, 8, 3, 0, 0, 3, 3, 3, 8, 8, 3, 8, 0, 0, 0, 0, 11, 11, 0, 0, 0, 11, 11, 7, 7, 7, 3, 3, 3, 8, 8, 3, 0, 0, 3, 3, 3, 8, 8, 3, 8, 0, 0, 0, 0, 0, 0, 0, 11, 11, 0, 0, 0, 11, 11, 7, 7, 7, 3, 3, 3, 8, 8, 3, 0, 0, 3, 3, 3, 8, 8, 3, 8, 0, 7, 0, 2, 7, 0, 2, 7, 7, 7, 7, 20, 14, 0, 14, 0, 2, 2, 0, 2, 2, 2, 7, 11, 2, 0, 3, 3, 3, 7, 2, 0, 0, 0, 0, 0, 0, 0, 0, 0, 0, 0, 0, 0, 0, 0, 0, 0, 0, 0, 0, 0, 0, 0, 0, 0, 0, 0, 0, 0, 0, 0, 0, 0, 0, 0, 0, 0, 0, 1, 0, 0, 0, 0, 0, 1, 0, 0, 0, 0, 0, 11, 3, 3, 3, 3, 11, 11, 11, 11, 11, 0, 0, 0, 0, 0, 0, 0, 0, 0, 1, 0, 0, 1, 0, 0, 1, 0, 11, 11, 11, 11, 10, 11, 0, 0, 11, 11, 11, 10, 5, 0, 11, 11, 6, 8, 5, 5, 5, 8, 5, 5, 5, 9, 0, 0, 0, 0, 0, 11, 11, 11, 11, 11, 11, 11, 11, 5, 5, 9, 0, 0, 0, 0, 0, 7, 2, 0, 9, 3, 7, 8, 8, 8, 8, 2, 2, 2, 7, 8, 3, 3, 7, 8, 8, 18, 15, 15, 15, 12, 8, 8, 0, 7, 8, 8, 0, 7, 8, 8, 7, 8, 7, 8, 8, 15, 12, 8, 8, 11, 8, 8, 8, 2, 2, 2, 7, 8, 3, 3, 7, 8, 8, 8, 2, 2, 2, 7, 8, 3, 3, 7, 8, 0, 0, 0, 0, 0, 0, 0, 0, 0, 0, 0, 0, 0, 0, 0, 0, 0, 0, 11, 0, 0, 0, 0, 0, 0, 0, 0, 0, 0, 0, 0, 0, 0, 0, 0, 11, 11, 11, 11, 11, 11, 11, 11, 11, 11, 0, 0, 11, 11, 11, 11, 6, 8, 10, 10, 5, 5, 5, 5, 8, 5, 5, 5, 9, 0, 0, 0, 0, 0, 11, 11, 11, 11, 11, 11, 11, 11, 5, 5, 9, 0, 0, 0, 0, 0, 7, 5, 8, 1, 3, 1, 1, 8, 8, 8, 2, 2, 2, 7, 8, 3, 3, 7, 8, 8, 18, 15, 15, 15, 12, 8, 8, 8, 8, 8, 8, 8, 8, 8, 15, 12, 8, 8, 11, 8, 8, 8, 2, 2, 2, 7, 8, 3, 3, 7, 8, 1, 1, 5, 1, 5, 2, 2, 0, 0, 0, 0, 0, 0, 0, 0, 0, 0, 0, 2, 7, 7, 7, 7, 0, 0, 11, 11, 0, 0, 0, 11, 11, 7, 2, 7, 3, 3, 3, 8, 8, 3, 0, 0, 3, 3, 3, 8, 8, 3, 8, 0, 0, 0, 11, 11, 0, 0, 0, 11, 11, 7, 7, 7, 3, 3, 3, 8, 8, 3, 0, 0, 3, 3, 3, 8, 8, 3, 8, 0, 7]
