# Preprocessing: 0.154343 s
# nodes: 816 edges: 1023
# strategies: 10071 intervals: 675
# Cost: 1.36000000e+20 (greedy) 0.16 s (iteration: 1)
[0, 4, 4, 0, 4, 4, 0, 4, 4, 4, 3, 1, 1, 0, 8, 0, 4, 4, 0, 4, 4, 4, 6, 1, 1, 0, 2, 2, 2, 6, 1, 4, 0, 0, 0, 0, 0, 0, 0, 0, 0, 0, 0, 0, 0, 1, 1, 1, 1, 1, 1, 1, 2, 2, 2, 2, 3, 0, 0, 0, 0, 0, 0, 0, 0, 0, 0, 0, 3, 3, 3, 6, 1, 3, 6, 0, 0, 6, 0, 0, 0, 0, 0, 0, 1, 1, 1, 1, 1, 1, 1, 1, 0, 0, 0, 0, 0, 0, 0, 7, 0, 0, 0, 7, 0, 0, 0, 0, 0, 0, 0, 4, 0, 2, 6, 0, 0, 0, 0, 0, 0, 0, 6, 0, 2, 2, 6, 0, 5, 0, 0, 0, 3, 3, 3, 3, 0, 6, 3, 3, 0, 6, 3, 3, 6, 3, 6, 3, 3, 3, 3, 3, 4, 0, 0, 0, 0, 0, 0, 0, 6, 0, 2, 2, 6, 0, 0, 0, 0, 0, 0, 6, 0, 2, 2, 6, 0, 4, 0, 0, 0, 0, 0, 0, 1, 1, 1, 1, 1, 1, 1, 1, 0, 0, 0, 0, 0, 0, 0, 0, 1, 1, 1, 1, 1, 1, 1, 1, 0, 0, 0, 0, 0, 0, 7, 0, 0, 0, 7, 0, 0, 0, 0, 0, 0, 0, 4, 0, 2, 6, 0, 0, 0, 0, 0, 0, 0, 6, 0, 2, 2, 6, 0, 5, 0, 0, 0, 3, 3, 3, 3, 3, 3, 3, 3, 3, 3, 3, 3, 3, 3, 4, 0, 0, 0, 0, 0, 0, 0, 6, 0, 2, 2, 6, 0, 0, 0, 2, 5, 5, 5, 0, 1, 1, 1, 1, 0, 0, 6, 0, 0, 0, 0, 0, 0, 0, 0, 0, 0, 0, 0, 0, 0, 0, 0, 0, 0, 0, 0, 0, 0, 0, 0, 0, 0, 0, 0, 0, 0, 0, 6, 6, 0, 0, 0, 6, 6, 1, 1, 0, 0, 0, 0, 0, 0, 0, 0, 0, 0, 0, 0, 0, 0, 0, 0, 0, 0, 0, 0, 0, 0, 0, 6, 6, 0, 0, 0, 6, 6, 1, 1, 0, 0, 0, 0, 0, 0, 0, 0, 0, 0, 0, 0, 0, 0, 0, 0, 0, 0, 0, 1, 1, 0, 1, 1, 1, 1, 0, 1, 1, 0, 2, 0, 1, 1, 0, 1, 1, 1, 4, 1, 1, 0, 2, 0, 2, 4, 1, 0, 0, 0, 0, 0, 0, 0, 0, 0, 0, 0, 0, 0, 1, 1, 1, 1, 1, 1, 1, 0, 0, 0, 0, 0, 0, 0, 0, 0, 0, 0, 0, 0, 0, 0, 0, 0, 0, 4, 1, 0, 0, 0, 0, 4, 0, 0, 0, 0, 0, 6, 2, 2, 2, 2, 6, 6, 0, 6, 6, 0, 0, 1, 1, 1, 1, 1, 1, 1, 4, 1, 0, 4, 0, 0, 4, 0, 6, 6, 6, 6, 5, 6, 0, 0, 6, 6, 6, 5, 3, 0, 8, 8, 4, 5, 3, 3, 3, 5, 3, 3, 3, 6, 0, 0, 0, 0, 0, 6, 6, 0, 6, 6, 6, 6, 8, 3, 3, 6, 0, 0, 0, 0, 0, 5, 3, 0, 0, 0, 4, 0, 0, 0, 1, 1, 1, 1, 4, 0, 0, 2, 4, 0, 0, 0, 0, 0, 2, 2, 2, 2, 0, 4, 2, 2, 0, 4, 2, 2, 4, 2, 4, 2, 2, 2, 2, 2, 0, 0, 0, 0, 1, 1, 1, 1, 4, 0, 0, 2, 4, 0, 0, 1, 1, 1, 1, 4, 0, 0, 2, 4, 0, 0, 0, 0, 0, 0, 0, 1, 1, 1, 1, 1, 1, 1, 1, 0, 0, 0, 0, 6, 0, 0, 1, 1, 1, 1, 1, 1, 1, 1, 0, 0, 0, 0, 0, 0, 6, 6, 0, 6, 6, 6, 6, 6, 8, 6, 0, 0, 6, 6, 6, 8, 4, 5, 5, 5, 3, 3, 3, 3, 5, 3, 3, 3, 6, 0, 0, 0, 0, 0, 6, 6, 0, 6, 6, 6, 6, 8, 3, 3, 6, 0, 0, 0, 0, 0, 5, 3, 0, 0, 0, 4, 0, 0, 0, 1, 1, 1, 1, 4, 0, 0, 2, 4, 0, 0, 0, 0, 0, 2, 2, 2, 2, 2, 2, 2, 2, 2, 2, 2, 2, 2, 2, 0, 0, 0, 0, 1, 1, 1, 1, 4, 0, 0, 2, 4, 0, 0, 0, 5, 0, 1, 0, 1, 0, 0, 0, 0, 0, 0, 0, 0, 0, 0, 0, 1, 0, 1, 1, 1, 0, 0, 0, 0, 0, 0, 0, 0, 0, 0, 0, 0, 0, 0, 0, 0, 0, 0, 0, 0, 0, 0, 0, 0, 0, 0, 0, 0, 0, 0, 6, 6, 0, 0, 0, 6, 6, 1, 1, 0, 0, 0, 0, 0, 0, 0, 0, 0, 0, 0, 0, 0, 0, 0, 0, 0, 0]
# Solver time:0.0223334, Greedy time: 0.000385558, before greedy: 3001354, after greedy: 2912981 in iteration: 1 after: 0.195974 s
# Solver time:0.0230177, Greedy time: 0.000555024, before greedy: 1873487, after greedy: 1785114 in iteration: 1 after: 0.196656 s
# Solver time:0.0248393, Greedy time: 0.000412537, before greedy: 441159, after greedy: 441049 in iteration: 1 after: 0.198391 s
# Solver time:0.0251255, Greedy time: 0.000544254, before greedy: 231450, after greedy: 229402 in iteration: 1 after: 0.198715 s
# Solver time:0.0272741, Greedy time: 0.00048844, before greedy: 381539, after greedy: 381475 in iteration: 1 after: 0.200869 s
# Solver time:0.0292725, Greedy time: 0.000262706, before greedy: 229274, after greedy: 229274 in iteration: 1 after: 0.202769 s
# Solver time:0.0404113, Greedy time: 0.000400949, before greedy: 217039, after greedy: 217039 in iteration: 1 after: 0.213661 s
# Cost: 2.29274000e+05 (pid: 1) 0.26 s (iteration: 1)
[0, 1, 1, 0, 7, 1, 0, 7, 1, 1, 5, 3, 2, 0, 2, 0, 1, 1, 0, 1, 1, 1, 1, 2, 2, 0, 3, 3, 3, 1, 2, 0, 0, 0, 0, 0, 0, 0, 0, 0, 1, 1, 0, 1, 1, 7, 4, 4, 7, 4, 4, 4, 3, 3, 3, 3, 5, 0, 0, 0, 0, 0, 0, 0, 0, 0, 0, 0, 5, 5, 5, 7, 4, 5, 7, 0, 0, 7, 0, 0, 0, 0, 0, 0, 7, 4, 4, 7, 4, 4, 4, 4, 0, 0, 0, 0, 2, 0, 2, 9, 2, 2, 2, 9, 2, 0, 0, 1, 1, 1, 1, 0, 9, 3, 1, 9, 9, 9, 9, 3, 3, 3, 1, 9, 3, 3, 1, 9, 11, 4, 4, 4, 4, 4, 4, 4, 0, 10, 4, 4, 0, 10, 4, 4, 10, 4, 10, 4, 4, 4, 4, 4, 8, 9, 9, 9, 9, 3, 3, 3, 1, 9, 3, 3, 1, 9, 9, 9, 3, 3, 3, 1, 9, 3, 3, 1, 9, 0, 0, 0, 0, 0, 0, 0, 7, 4, 4, 7, 4, 4, 4, 4, 0, 0, 0, 0, 0, 0, 0, 0, 7, 4, 4, 7, 4, 4, 4, 4, 0, 0, 0, 0, 2, 2, 9, 2, 2, 2, 9, 2, 0, 0, 1, 1, 1, 1, 8, 9, 3, 1, 9, 9, 9, 9, 3, 3, 3, 1, 9, 3, 3, 1, 9, 3, 4, 4, 4, 4, 4, 4, 4, 4, 4, 4, 4, 4, 4, 4, 4, 4, 4, 0, 9, 9, 9, 9, 3, 3, 3, 1, 9, 3, 3, 1, 9, 2, 2, 2, 1, 1, 5, 5, 1, 1, 1, 1, 0, 0, 8, 0, 0, 8, 8, 0, 0, 0, 8, 8, 1, 1, 5, 3, 3, 3, 8, 11, 3, 0, 0, 3, 3, 3, 0, 3, 3, 8, 0, 0, 0, 0, 8, 8, 0, 0, 0, 8, 8, 1, 1, 5, 3, 3, 3, 8, 11, 3, 0, 0, 3, 3, 3, 0, 3, 3, 8, 0, 0, 0, 0, 0, 0, 0, 8, 8, 0, 0, 0, 8, 8, 1, 1, 5, 3, 3, 3, 8, 11, 3, 0, 0, 3, 3, 3, 0, 3, 3, 8, 0, 1, 0, 1, 1, 0, 1, 1, 1, 1, 5, 3, 2, 0, 2, 0, 1, 1, 0, 1, 1, 1, 1, 2, 2, 0, 3, 3, 3, 1, 2, 0, 0, 0, 0, 0, 0, 0, 1, 1, 1, 0, 1, 1, 5, 3, 3, 5, 3, 3, 3, 0, 0, 0, 0, 1, 1, 1, 0, 0, 1, 1, 0, 0, 1, 1, 1, 2, 1, 4, 3, 0, 1, 2, 1, 4, 0, 0, 0, 0, 0, 8, 3, 3, 3, 3, 8, 8, 8, 8, 8, 0, 0, 5, 3, 3, 5, 3, 3, 3, 4, 3, 0, 4, 0, 0, 4, 0, 8, 8, 8, 8, 7, 8, 0, 0, 8, 8, 8, 7, 3, 0, 8, 8, 4, 6, 3, 3, 3, 6, 3, 3, 3, 7, 0, 0, 0, 0, 0, 8, 8, 8, 8, 8, 8, 8, 8, 3, 3, 7, 0, 0, 0, 0, 0, 5, 3, 0, 4, 3, 1, 4, 4, 4, 4, 1, 1, 1, 1, 4, 3, 3, 1, 4, 11, 18, 15, 15, 15, 12, 8, 8, 0, 7, 8, 8, 0, 7, 8, 8, 7, 8, 7, 8, 8, 15, 12, 8, 8, 11, 4, 4, 4, 1, 1, 1, 1, 4, 3, 3, 1, 4, 4, 4, 1, 1, 1, 1, 4, 3, 3, 1, 4, 0, 0, 0, 0, 0, 0, 5, 3, 3, 5, 3, 3, 3, 3, 0, 0, 0, 0, 8, 0, 0, 5, 3, 3, 5, 3, 3, 3, 3, 0, 0, 0, 0, 0, 0, 8, 8, 8, 8, 8, 8, 8, 8, 8, 8, 0, 0, 8, 8, 8, 8, 4, 6, 7, 7, 3, 3, 3, 3, 6, 3, 3, 3, 7, 0, 0, 0, 0, 0, 8, 8, 8, 8, 8, 8, 8, 8, 3, 3, 7, 0, 0, 0, 0, 0, 1, 1, 8, 1, 3, 1, 4, 4, 4, 4, 1, 1, 1, 1, 4, 3, 3, 1, 4, 3, 3, 3, 3, 3, 3, 3, 3, 3, 3, 3, 3, 3, 3, 3, 3, 3, 3, 0, 4, 4, 4, 4, 1, 1, 1, 1, 4, 3, 3, 1, 4, 0, 0, 5, 0, 5, 1, 1, 0, 0, 0, 0, 0, 0, 0, 0, 0, 0, 0, 1, 1, 1, 1, 1, 0, 0, 8, 8, 0, 0, 0, 8, 8, 1, 1, 5, 3, 3, 3, 8, 11, 3, 0, 0, 3, 3, 3, 0, 3, 3, 8, 0, 0, 0, 8, 8, 0, 0, 0, 8, 8, 1, 1, 5, 3, 3, 3, 8, 11, 3, 0, 0, 3, 3, 3, 0, 3, 3, 8, 0, 1]
# Solver time:0.035462, Greedy time: 0.000411868, before greedy: 217039, after greedy: 217039 in iteration: 2 after: 0.317898 s
# Solver time:0.0346747, Greedy time: 0.000270145, before greedy: 217039, after greedy: 217039 in iteration: 2 after: 0.318604 s
# Solver time:0.0356387, Greedy time: 0.000306111, before greedy: 217039, after greedy: 217039 in iteration: 2 after: 0.318764 s
# Solver time:0.0393247, Greedy time: 0.000301719, before greedy: 217039, after greedy: 217039 in iteration: 2 after: 0.319779 s
# Solver time:0.0351618, Greedy time: 0.000289433, before greedy: 217039, after greedy: 217039 in iteration: 2 after: 0.319851 s
# Solver time:0.0346708, Greedy time: 0.000286233, before greedy: 217039, after greedy: 217039 in iteration: 2 after: 0.320186 s
# Solver time:0.0347398, Greedy time: 0.000225658, before greedy: 217039, after greedy: 217039 in iteration: 2 after: 0.321032 s
# Cost: 2.17039000e+05 (pid: 0) 0.36 s (iteration: 2)
[0, 7, 7, 0, 7, 7, 0, 7, 7, 7, 5, 17, 14, 0, 14, 0, 7, 7, 0, 7, 7, 7, 14, 14, 14, 0, 3, 3, 3, 14, 14, 7, 38, 13, 13, 5, 5, 5, 0, 0, 1, 1, 0, 1, 1, 12, 9, 9, 12, 9, 9, 9, 3, 3, 3, 3, 5, 0, 0, 0, 0, 0, 0, 0, 0, 0, 0, 0, 5, 5, 5, 1, 9, 5, 1, 5, 5, 1, 5, 5, 5, 13, 7, 7, 9, 6, 6, 9, 6, 6, 6, 6, 7, 7, 7, 7, 3, 0, 3, 12, 3, 3, 3, 12, 3, 13, 7, 3, 3, 3, 3, 8, 2, 3, 1, 9, 9, 9, 9, 3, 3, 3, 1, 9, 3, 3, 1, 9, 11, 4, 4, 4, 4, 4, 4, 4, 0, 10, 4, 4, 0, 10, 4, 4, 10, 4, 10, 4, 4, 4, 4, 4, 8, 9, 9, 9, 9, 3, 3, 3, 1, 9, 3, 3, 1, 9, 9, 9, 3, 3, 3, 1, 9, 3, 3, 1, 9, 0, 0, 0, 0, 0, 0, 0, 7, 4, 4, 7, 4, 4, 4, 4, 0, 0, 0, 0, 0, 0, 0, 0, 7, 4, 4, 7, 4, 4, 4, 4, 0, 0, 0, 0, 2, 2, 9, 2, 2, 2, 9, 2, 0, 0, 1, 1, 1, 1, 8, 9, 3, 1, 9, 9, 9, 9, 3, 3, 3, 1, 9, 3, 3, 1, 9, 3, 4, 4, 4, 4, 4, 4, 4, 4, 4, 4, 4, 4, 4, 4, 4, 4, 4, 0, 9, 9, 9, 9, 3, 3, 3, 1, 9, 3, 3, 1, 9, 2, 2, 2, 1, 1, 5, 5, 1, 1, 1, 1, 0, 0, 8, 0, 7, 8, 8, 0, 0, 0, 8, 8, 1, 1, 5, 3, 3, 3, 8, 11, 3, 8, 7, 3, 3, 3, 0, 3, 3, 8, 0, 0, 0, 7, 8, 8, 0, 0, 0, 8, 8, 1, 1, 5, 3, 3, 3, 8, 11, 3, 8, 7, 3, 3, 3, 0, 3, 3, 8, 0, 0, 0, 0, 0, 0, 7, 8, 8, 0, 0, 0, 8, 8, 1, 1, 5, 3, 3, 3, 8, 11, 3, 8, 7, 3, 3, 3, 0, 3, 3, 8, 0, 1, 0, 1, 1, 0, 1, 1, 1, 1, 5, 3, 2, 0, 2, 0, 1, 1, 0, 1, 1, 1, 1, 2, 2, 0, 3, 3, 3, 1, 2, 7, 0, 0, 0, 0, 0, 0, 1, 1, 1, 0, 1, 1, 5, 3, 3, 5, 3, 3, 3, 0, 0, 0, 0, 1, 1, 1, 0, 0, 1, 1, 0, 0, 1, 1, 1, 2, 1, 4, 3, 0, 1, 2, 1, 4, 0, 0, 0, 0, 0, 8, 3, 3, 3, 3, 8, 8, 8, 8, 8, 0, 0, 5, 3, 3, 5, 3, 3, 3, 4, 3, 0, 4, 0, 0, 4, 0, 8, 8, 8, 8, 7, 8, 7, 0, 8, 8, 8, 7, 3, 0, 8, 8, 4, 6, 3, 3, 3, 6, 3, 3, 3, 7, 0, 0, 0, 0, 0, 8, 8, 8, 8, 8, 8, 8, 8, 3, 3, 7, 0, 0, 0, 0, 0, 5, 3, 8, 4, 3, 1, 4, 4, 4, 4, 1, 1, 1, 1, 4, 3, 3, 1, 4, 11, 18, 15, 15, 15, 12, 8, 8, 0, 7, 8, 8, 0, 7, 8, 8, 7, 8, 7, 8, 8, 15, 12, 8, 8, 11, 4, 4, 4, 1, 1, 1, 1, 4, 3, 3, 1, 4, 4, 4, 1, 1, 1, 1, 4, 3, 3, 1, 4, 0, 0, 0, 0, 0, 0, 5, 3, 3, 5, 3, 3, 3, 3, 0, 0, 0, 0, 8, 0, 0, 5, 3, 3, 5, 3, 3, 3, 3, 0, 0, 0, 0, 0, 0, 8, 8, 8, 8, 8, 8, 8, 8, 8, 8, 0, 0, 8, 8, 8, 8, 4, 6, 7, 7, 3, 3, 3, 3, 6, 3, 3, 3, 7, 0, 0, 0, 0, 0, 8, 8, 8, 8, 8, 8, 8, 8, 3, 3, 7, 0, 0, 0, 0, 0, 1, 1, 8, 1, 3, 1, 4, 4, 4, 4, 1, 1, 1, 1, 4, 3, 3, 1, 4, 3, 3, 3, 3, 3, 3, 3, 3, 3, 3, 3, 3, 3, 3, 3, 3, 3, 3, 0, 4, 4, 4, 4, 1, 1, 1, 1, 4, 3, 3, 1, 4, 0, 0, 5, 0, 5, 1, 1, 0, 0, 0, 0, 0, 0, 0, 0, 0, 0, 0, 1, 1, 1, 1, 1, 0, 7, 8, 8, 0, 0, 0, 8, 8, 1, 1, 5, 3, 3, 3, 8, 11, 3, 8, 7, 3, 3, 3, 0, 3, 3, 8, 0, 0, 7, 8, 8, 0, 0, 0, 8, 8, 1, 1, 5, 3, 3, 3, 8, 11, 3, 8, 7, 3, 3, 3, 0, 3, 3, 8, 0, 1]
# Solver time:0.0369015, Greedy time: 0.000493133, before greedy: 217039, after greedy: 217039 in iteration: 3 after: 0.426594 s
# Solver time:0.0389614, Greedy time: 0.000402167, before greedy: 217039, after greedy: 217039 in iteration: 4 after: 0.53034 s
# Solver time:0.0375667, Greedy time: 0.000340169, before greedy: 217039, after greedy: 217039 in iteration: 4 after: 0.531128 s
# Solver time:0.0384944, Greedy time: 0.00022253, before greedy: 217039, after greedy: 217039 in iteration: 4 after: 0.531616 s
# Solver time:0.0385576, Greedy time: 0.000289105, before greedy: 217039, after greedy: 217039 in iteration: 4 after: 0.532907 s
# Solver time:0.0378844, Greedy time: 0.000280155, before greedy: 217039, after greedy: 217039 in iteration: 4 after: 0.534654 s
# Solver time:0.0392827, Greedy time: 0.000303356, before greedy: 217039, after greedy: 217039 in iteration: 4 after: 0.534701 s
# Solver time:0.0383606, Greedy time: 0.000468362, before greedy: 217039, after greedy: 217039 in iteration: 5 after: 0.64092 s
# Solver time:0.0364958, Greedy time: 0.000420822, before greedy: 217039, after greedy: 217039 in iteration: 7 after: 0.859309 s
# Solver time:0.0383355, Greedy time: 0.000380121, before greedy: 217039, after greedy: 217039 in iteration: 7 after: 0.863644 s
# Solver time:0.0407939, Greedy time: 0.000336476, before greedy: 217039, after greedy: 217039 in iteration: 7 after: 0.864697 s
# Solver time:0.043322, Greedy time: 0.000298256, before greedy: 217039, after greedy: 217039 in iteration: 7 after: 0.864855 s
# Solver time:0.0403868, Greedy time: 0.000321712, before greedy: 217039, after greedy: 217039 in iteration: 7 after: 0.865971 s
# Solver time:0.0400763, Greedy time: 0.000306036, before greedy: 217039, after greedy: 217039 in iteration: 7 after: 0.866399 s
# Solver time:0.04252, Greedy time: 0.000290791, before greedy: 217039, after greedy: 217039 in iteration: 7 after: 0.86876 s
# Solver time:0.039621, Greedy time: 0.000484422, before greedy: 217039, after greedy: 217039 in iteration: 8 after: 0.978398 s
# Solver time:0.0404303, Greedy time: 0.000490008, before greedy: 217039, after greedy: 217039 in iteration: 9 after: 1.08804 s
# Solver time:0.0403972, Greedy time: 0.000451941, before greedy: 217039, after greedy: 217039 in iteration: 9 after: 1.09128 s
# Solver time:0.0408078, Greedy time: 0.000343056, before greedy: 217039, after greedy: 217039 in iteration: 9 after: 1.09144 s
# Solver time:0.0396183, Greedy time: 0.000346726, before greedy: 217039, after greedy: 217039 in iteration: 9 after: 1.09248 s
# Solver time:0.0388221, Greedy time: 0.000463758, before greedy: 217039, after greedy: 217039 in iteration: 10 after: 1.19702 s
# Solver time:0.0390137, Greedy time: 0.000361226, before greedy: 217039, after greedy: 217039 in iteration: 10 after: 1.19756 s
# Solver time:0.0385206, Greedy time: 0.000299534, before greedy: 217039, after greedy: 217039 in iteration: 10 after: 1.19784 s
# Solver time:0.0369476, Greedy time: 0.000243383, before greedy: 217039, after greedy: 217039 in iteration: 10 after: 1.19812 s
# Solver time:0.0387691, Greedy time: 0.000325913, before greedy: 217039, after greedy: 217039 in iteration: 10 after: 1.1982 s
# Solver time:0.0408579, Greedy time: 0.000502141, before greedy: 217039, after greedy: 217039 in iteration: 11 after: 1.31031 s
# Solver time:0.0400137, Greedy time: 0.00039964, before greedy: 217039, after greedy: 217039 in iteration: 11 after: 1.31069 s
# Solver time:0.0401089, Greedy time: 0.000313161, before greedy: 217039, after greedy: 217039 in iteration: 11 after: 1.31107 s
# Solver time:0.0402075, Greedy time: 0.000296934, before greedy: 217039, after greedy: 217039 in iteration: 11 after: 1.31196 s
# Solver time:0.03976, Greedy time: 0.000325244, before greedy: 217039, after greedy: 217039 in iteration: 11 after: 1.31241 s
# Solver time:0.0404735, Greedy time: 0.000355497, before greedy: 217039, after greedy: 217039 in iteration: 11 after: 1.31256 s
# Solver time:0.0390209, Greedy time: 0.000538196, before greedy: 217039, after greedy: 217039 in iteration: 12 after: 1.41878 s
# Solver time:0.0397828, Greedy time: 0.000440881, before greedy: 217039, after greedy: 217039 in iteration: 12 after: 1.42124 s
# Solver time:0.0399286, Greedy time: 0.000341758, before greedy: 217039, after greedy: 217039 in iteration: 12 after: 1.42168 s
# Solver time:0.040911, Greedy time: 0.000300312, before greedy: 217039, after greedy: 217039 in iteration: 12 after: 1.42345 s
# Solver time:0.0398311, Greedy time: 0.00025456, before greedy: 217039, after greedy: 217039 in iteration: 12 after: 1.42389 s
# Solver time:0.0407538, Greedy time: 0.000294851, before greedy: 217039, after greedy: 217039 in iteration: 12 after: 1.42565 s
# Solver time:0.0411164, Greedy time: 0.000300448, before greedy: 217039, after greedy: 217039 in iteration: 12 after: 1.42599 s
# Solver time:0.0393193, Greedy time: 0.000529312, before greedy: 217039, after greedy: 217039 in iteration: 13 after: 1.53308 s
# Solver time:0.0395992, Greedy time: 0.000495473, before greedy: 217039, after greedy: 217039 in iteration: 14 after: 1.64472 s
# Solver time:0.0398106, Greedy time: 0.000506988, before greedy: 217039, after greedy: 217039 in iteration: 15 after: 1.75884 s
# Solver time:0.0398703, Greedy time: 0.000495829, before greedy: 217039, after greedy: 217039 in iteration: 16 after: 1.86474 s
# Solver time:0.0393759, Greedy time: 0.000463296, before greedy: 217039, after greedy: 217039 in iteration: 17 after: 1.97645 s
# Solver time:0.0390929, Greedy time: 0.000439422, before greedy: 217039, after greedy: 217039 in iteration: 18 after: 2.08408 s
# Solver time:0.0393806, Greedy time: 0.000489438, before greedy: 217039, after greedy: 217039 in iteration: 18 after: 2.08408 s
# Solver time:0.0409674, Greedy time: 0.000457168, before greedy: 217039, after greedy: 217039 in iteration: 18 after: 2.08924 s
# Solver time:0.041074, Greedy time: 0.000400096, before greedy: 217039, after greedy: 217039 in iteration: 18 after: 2.09048 s
# Solver time:0.0402224, Greedy time: 0.000532228, before greedy: 217039, after greedy: 217039 in iteration: 19 after: 2.19835 s
# Solver time:0.0383156, Greedy time: 0.00044927, before greedy: 217039, after greedy: 217039 in iteration: 20 after: 2.30316 s
# Solver time:0.0383043, Greedy time: 0.000340182, before greedy: 217039, after greedy: 217039 in iteration: 20 after: 2.30391 s
# Solver time:0.0397594, Greedy time: 0.000301622, before greedy: 217039, after greedy: 217039 in iteration: 20 after: 2.30583 s
# Solver time:0.0390866, Greedy time: 0.000229256, before greedy: 217039, after greedy: 217039 in iteration: 20 after: 2.30818 s
# Solver time:0.0410364, Greedy time: 0.000273315, before greedy: 217039, after greedy: 217039 in iteration: 20 after: 2.30866 s
# Solver time:0.0402321, Greedy time: 0.000266403, before greedy: 217039, after greedy: 217039 in iteration: 20 after: 2.30998 s
# Solver time:0.0397281, Greedy time: 0.000284072, before greedy: 217039, after greedy: 217039 in iteration: 20 after: 2.31029 s
# Solver time:0.0367782, Greedy time: 0.000425125, before greedy: 217039, after greedy: 217039 in iteration: 21 after: 2.41581 s
# Solver time:0.0403597, Greedy time: 0.000505842, before greedy: 217039, after greedy: 217039 in iteration: 22 after: 2.52659 s
# Solver time:0.0385688, Greedy time: 0.000495672, before greedy: 217039, after greedy: 217039 in iteration: 23 after: 2.63629 s
# Solver time:0.0387113, Greedy time: 0.000432199, before greedy: 217039, after greedy: 217039 in iteration: 24 after: 2.74682 s
# Solver time:0.0394508, Greedy time: 0.000478448, before greedy: 217039, after greedy: 217039 in iteration: 25 after: 2.85684 s
# Solver time:0.0373895, Greedy time: 0.000404973, before greedy: 217039, after greedy: 217039 in iteration: 26 after: 2.95903 s
# Solver time:0.0402337, Greedy time: 0.000505846, before greedy: 217039, after greedy: 217039 in iteration: 27 after: 3.07781 s
