# Preprocessing: 0.048808 s
# nodes: 816 edges: 1096
# strategies: 10188 intervals: 675
# Cost: 1.58000000e+20 (greedy) 0.05 s (iteration: 1)
[0, 4, 4, 0, 4, 4, 0, 4, 4, 4, 4, 1, 1, 0, 8, 0, 4, 4, 0, 4, 4, 4, 6, 1, 1, 0, 2, 2, 2, 6, 1, 5, 0, 0, 0, 0, 0, 0, 0, 0, 0, 0, 0, 0, 0, 0, 0, 0, 0, 0, 0, 0, 2, 2, 2, 2, 3, 0, 0, 0, 0, 0, 0, 0, 0, 0, 0, 0, 3, 3, 3, 7, 0, 3, 7, 0, 0, 7, 0, 0, 0, 0, 0, 0, 0, 0, 0, 0, 0, 0, 0, 0, 0, 0, 0, 0, 0, 0, 0, 8, 0, 0, 0, 8, 0, 0, 0, 0, 0, 0, 0, 4, 0, 2, 6, 0, 0, 0, 0, 0, 0, 0, 6, 0, 2, 2, 6, 0, 4, 0, 0, 0, 0, 0, 0, 0, 0, 6, 0, 0, 0, 6, 0, 0, 6, 0, 6, 0, 0, 0, 0, 0, 4, 0, 0, 0, 0, 0, 0, 0, 6, 0, 2, 2, 6, 0, 0, 0, 0, 0, 0, 6, 0, 2, 2, 6, 0, 5, 0, 0, 0, 0, 0, 0, 0, 0, 0, 0, 0, 0, 0, 0, 0, 0, 0, 0, 0, 0, 0, 0, 0, 0, 0, 0, 0, 0, 0, 0, 0, 0, 0, 0, 0, 0, 8, 0, 0, 0, 8, 0, 0, 0, 0, 0, 0, 0, 4, 0, 2, 6, 0, 0, 0, 0, 0, 0, 0, 6, 0, 2, 2, 6, 0, 4, 0, 0, 0, 0, 0, 0, 0, 0, 0, 0, 0, 0, 0, 0, 0, 0, 0, 4, 0, 0, 0, 0, 0, 0, 0, 6, 0, 2, 2, 6, 0, 0, 0, 1, 4, 4, 4, 0, 1, 1, 1, 1, 0, 0, 7, 0, 0, 0, 0, 0, 0, 0, 0, 0, 0, 0, 0, 0, 0, 0, 0, 0, 0, 0, 0, 0, 0, 0, 0, 0, 0, 0, 0, 0, 0, 0, 7, 7, 0, 0, 0, 7, 7, 1, 1, 0, 0, 0, 0, 0, 0, 0, 0, 0, 0, 0, 0, 0, 0, 0, 0, 0, 0, 0, 0, 0, 0, 0, 7, 7, 0, 0, 0, 7, 7, 1, 1, 0, 0, 0, 0, 0, 0, 0, 0, 0, 0, 0, 0, 0, 0, 0, 0, 0, 0, 0, 1, 1, 0, 1, 1, 1, 1, 0, 1, 1, 0, 2, 0, 1, 1, 0, 1, 1, 1, 4, 1, 1, 0, 2, 0, 2, 4, 1, 0, 0, 0, 0, 0, 0, 0, 0, 0, 0, 0, 0, 0, 0, 0, 0, 0, 0, 0, 0, 0, 0, 0, 0, 0, 0, 0, 0, 0, 0, 0, 0, 0, 0, 0, 0, 0, 0, 5, 0, 0, 0, 0, 0, 5, 0, 0, 0, 0, 0, 7, 2, 2, 2, 2, 7, 7, 0, 7, 7, 0, 0, 0, 0, 0, 0, 0, 0, 0, 5, 0, 0, 5, 0, 0, 5, 0, 7, 7, 7, 7, 6, 7, 0, 0, 7, 7, 7, 6, 4, 0, 8, 8, 5, 6, 4, 4, 4, 6, 4, 4, 4, 7, 0, 0, 0, 0, 0, 7, 7, 0, 7, 7, 7, 7, 8, 4, 4, 7, 0, 0, 0, 0, 0, 6, 4, 0, 0, 0, 4, 0, 0, 0, 3, 3, 3, 3, 4, 0, 0, 2, 4, 0, 0, 0, 0, 0, 0, 0, 0, 0, 0, 4, 0, 0, 0, 4, 0, 0, 4, 0, 4, 0, 0, 0, 0, 0, 0, 0, 0, 0, 3, 3, 3, 3, 4, 0, 0, 2, 4, 0, 0, 3, 3, 3, 3, 4, 0, 0, 2, 4, 0, 0, 0, 0, 0, 0, 0, 0, 0, 0, 0, 0, 0, 0, 0, 0, 0, 0, 0, 7, 0, 0, 0, 0, 0, 0, 0, 0, 0, 0, 0, 0, 0, 0, 0, 0, 7, 7, 0, 7, 7, 7, 7, 7, 8, 7, 0, 0, 7, 7, 7, 8, 5, 6, 6, 6, 4, 4, 4, 4, 6, 4, 4, 4, 7, 0, 0, 0, 0, 0, 7, 7, 0, 7, 7, 7, 7, 8, 4, 4, 7, 0, 0, 0, 0, 0, 6, 4, 0, 0, 0, 4, 0, 0, 0, 3, 3, 3, 3, 4, 0, 0, 2, 4, 0, 0, 0, 0, 0, 0, 0, 0, 0, 0, 0, 0, 0, 0, 0, 0, 0, 0, 0, 0, 0, 0, 0, 3, 3, 3, 3, 4, 0, 0, 2, 4, 0, 0, 0, 4, 3, 1, 0, 1, 0, 0, 0, 0, 0, 0, 0, 0, 0, 0, 0, 1, 0, 1, 1, 1, 0, 0, 0, 0, 0, 0, 0, 0, 0, 0, 0, 0, 0, 0, 0, 0, 0, 0, 0, 0, 0, 0, 0, 0, 0, 0, 0, 0, 0, 0, 7, 7, 0, 0, 0, 7, 7, 1, 1, 0, 0, 0, 0, 0, 0, 0, 0, 0, 0, 0, 0, 0, 0, 0, 0, 0, 0]
# Solver time:0.0265978, Greedy time: 0.000246784, before greedy: 1501474, after greedy: 1501474 in iteration: 1 after: 0.0895187 s
# Solver time:0.0276812, Greedy time: 0.000510769, before greedy: 3360276, after greedy: 3339795 in iteration: 1 after: 0.0907034 s
# Solver time:0.0332477, Greedy time: 0.000504425, before greedy: 1197608, after greedy: 1176090 in iteration: 1 after: 0.096216 s
# Solver time:0.0320578, Greedy time: 0.000274772, before greedy: 540445, after greedy: 540445 in iteration: 1 after: 0.0963455 s
# Solver time:0.0327838, Greedy time: 0.000505671, before greedy: 1118045, after greedy: 1097564 in iteration: 1 after: 0.0964251 s
# Solver time:0.0347997, Greedy time: 0.000269765, before greedy: 532844, after greedy: 532844 in iteration: 1 after: 0.0969415 s
# Solver time:0.0353838, Greedy time: 0.000214683, before greedy: 532844, after greedy: 532844 in iteration: 1 after: 0.099052 s
# Cost: 5.32844000e+05 (pid: 1) 0.16 s (iteration: 2)
[0, 1, 1, 0, 7, 1, 0, 7, 1, 1, 7, 3, 2, 0, 2, 0, 1, 1, 0, 1, 1, 1, 1, 2, 2, 0, 3, 3, 3, 1, 2, 0, 0, 0, 0, 0, 0, 0, 0, 0, 0, 0, 0, 0, 0, 0, 0, 0, 0, 0, 0, 0, 3, 3, 3, 3, 5, 0, 0, 0, 0, 0, 0, 0, 0, 0, 0, 0, 5, 5, 5, 9, 0, 5, 9, 0, 0, 9, 0, 0, 0, 0, 0, 0, 0, 0, 0, 0, 0, 0, 0, 0, 0, 0, 0, 0, 3, 0, 3, 11, 3, 3, 3, 11, 3, 0, 0, 2, 2, 2, 2, 0, 9, 3, 1, 9, 9, 9, 9, 3, 3, 3, 1, 9, 3, 3, 1, 9, 8, 6, 6, 6, 6, 6, 6, 6, 0, 8, 6, 6, 0, 8, 6, 6, 8, 6, 8, 6, 6, 6, 6, 6, 8, 2, 9, 9, 9, 3, 3, 3, 1, 9, 3, 3, 1, 9, 9, 9, 3, 3, 3, 1, 9, 3, 3, 1, 9, 0, 0, 0, 0, 0, 0, 0, 0, 0, 0, 0, 0, 0, 0, 0, 0, 0, 0, 0, 0, 0, 0, 0, 0, 0, 0, 0, 0, 0, 0, 0, 0, 0, 0, 0, 3, 3, 11, 3, 3, 3, 11, 3, 0, 0, 2, 2, 2, 13, 8, 2, 3, 8, 2, 2, 2, 2, 3, 3, 3, 1, 2, 3, 3, 1, 2, 8, 6, 6, 6, 6, 6, 6, 6, 6, 6, 6, 6, 6, 6, 6, 6, 6, 6, 8, 2, 2, 2, 2, 3, 3, 3, 1, 2, 3, 3, 1, 2, 3, 3, 3, 1, 5, 5, 5, 1, 7, 7, 7, 0, 0, 11, 0, 0, 11, 11, 0, 0, 0, 11, 11, 7, 7, 7, 3, 3, 3, 8, 8, 3, 0, 0, 3, 3, 3, 8, 8, 3, 8, 0, 0, 0, 0, 11, 11, 0, 0, 0, 11, 11, 7, 7, 7, 3, 3, 3, 8, 8, 3, 0, 0, 3, 3, 3, 8, 8, 3, 8, 0, 0, 0, 0, 0, 0, 0, 11, 11, 0, 0, 0, 11, 11, 7, 7, 7, 3, 3, 3, 8, 8, 3, 0, 0, 3, 3, 3, 8, 8, 3, 8, 0, 7, 0, 2, 7, 0, 2, 7, 7, 7, 7, 20, 14, 0, 14, 0, 2, 2, 0, 2, 2, 2, 7, 11, 2, 0, 3, 3, 3, 7, 2, 0, 0, 0, 0, 0, 0, 0, 0, 0, 0, 0, 0, 0, 0, 0, 0, 0, 0, 0, 0, 0, 0, 0, 0, 0, 0, 0, 0, 0, 0, 0, 0, 0, 0, 0, 0, 0, 0, 6, 0, 0, 0, 0, 0, 6, 0, 0, 0, 0, 0, 11, 3, 3, 3, 3, 11, 11, 11, 11, 11, 0, 0, 0, 0, 0, 0, 0, 0, 0, 6, 0, 0, 6, 0, 0, 6, 0, 11, 11, 11, 11, 10, 11, 0, 0, 11, 11, 11, 10, 5, 0, 11, 11, 6, 8, 5, 5, 5, 8, 5, 5, 5, 9, 0, 0, 0, 0, 0, 11, 11, 11, 11, 11, 11, 11, 11, 5, 5, 9, 0, 0, 0, 0, 0, 7, 2, 0, 9, 3, 7, 8, 8, 8, 8, 2, 2, 2, 7, 8, 3, 3, 7, 8, 8, 18, 15, 15, 15, 12, 8, 8, 0, 7, 8, 8, 0, 7, 8, 8, 7, 8, 7, 8, 8, 15, 12, 8, 8, 11, 8, 8, 8, 2, 2, 2, 7, 8, 3, 3, 7, 8, 8, 8, 2, 2, 2, 7, 8, 3, 3, 7, 8, 0, 0, 0, 0, 0, 0, 0, 0, 0, 0, 0, 0, 0, 0, 0, 0, 0, 0, 11, 0, 0, 0, 0, 0, 0, 0, 0, 0, 0, 0, 0, 0, 0, 0, 0, 11, 11, 11, 11, 11, 11, 11, 11, 11, 11, 0, 0, 11, 11, 11, 11, 6, 8, 10, 10, 5, 5, 5, 5, 8, 5, 5, 5, 9, 0, 0, 0, 0, 0, 11, 11, 11, 11, 11, 11, 11, 11, 5, 5, 9, 0, 0, 0, 0, 0, 7, 5, 8, 1, 3, 1, 1, 8, 8, 8, 2, 2, 2, 7, 8, 3, 3, 7, 8, 8, 18, 15, 15, 15, 12, 8, 8, 8, 8, 8, 8, 8, 8, 8, 15, 12, 8, 8, 11, 8, 8, 8, 2, 2, 2, 7, 8, 3, 3, 7, 8, 1, 1, 5, 1, 5, 2, 2, 0, 0, 0, 0, 0, 0, 0, 0, 0, 0, 0, 2, 7, 7, 7, 7, 0, 0, 11, 11, 0, 0, 0, 11, 11, 7, 2, 7, 3, 3, 3, 8, 8, 3, 0, 0, 3, 3, 3, 8, 8, 3, 8, 0, 0, 0, 11, 11, 0, 0, 0, 11, 11, 7, 7, 7, 3, 3, 3, 8, 8, 3, 0, 0, 3, 3, 3, 8, 8, 3, 8, 0, 7]
# Solver time:0.0384419, Greedy time: 0.000340251, before greedy: 532844, after greedy: 532844 in iteration: 2 after: 0.206704 s
# Solver time:0.0409144, Greedy time: 0.000299703, before greedy: 532844, after greedy: 532844 in iteration: 2 after: 0.211744 s
# Solver time:0.0465181, Greedy time: 0.000481348, before greedy: 532844, after greedy: 532844 in iteration: 3 after: 0.333699 s
# Solver time:0.0461113, Greedy time: 0.000398289, before greedy: 532844, after greedy: 532844 in iteration: 3 after: 0.33529 s
# Solver time:0.0444852, Greedy time: 0.000331208, before greedy: 532844, after greedy: 532844 in iteration: 3 after: 0.335877 s
# Solver time:0.0450534, Greedy time: 0.00052101, before greedy: 532844, after greedy: 532844 in iteration: 4 after: 0.450712 s
# Solver time:0.0421087, Greedy time: 0.0004793, before greedy: 532844, after greedy: 532844 in iteration: 5 after: 0.5606 s
# Solver time:0.0389259, Greedy time: 0.000318479, before greedy: 532844, after greedy: 532844 in iteration: 5 after: 0.560847 s
# Solver time:0.0414875, Greedy time: 0.000319336, before greedy: 532844, after greedy: 532844 in iteration: 5 after: 0.561554 s
# Solver time:0.0426084, Greedy time: 0.000306616, before greedy: 532844, after greedy: 532844 in iteration: 5 after: 0.561744 s
# Solver time:0.0425007, Greedy time: 0.000321871, before greedy: 532844, after greedy: 532844 in iteration: 5 after: 0.562362 s
# Solver time:0.0420805, Greedy time: 0.000301011, before greedy: 532844, after greedy: 532844 in iteration: 5 after: 0.56346 s
# Solver time:0.0427549, Greedy time: 0.000504863, before greedy: 532844, after greedy: 532844 in iteration: 6 after: 0.676823 s
# Solver time:0.0403559, Greedy time: 0.000446329, before greedy: 532844, after greedy: 532844 in iteration: 7 after: 0.786657 s
# Solver time:0.0394572, Greedy time: 0.000413496, before greedy: 532844, after greedy: 532844 in iteration: 9 after: 1.01351 s
# Solver time:0.0444982, Greedy time: 0.000409914, before greedy: 532844, after greedy: 532844 in iteration: 9 after: 1.01539 s
# Solver time:0.043109, Greedy time: 0.000331491, before greedy: 532844, after greedy: 532844 in iteration: 9 after: 1.01632 s
# Solver time:0.0461477, Greedy time: 0.000310509, before greedy: 532844, after greedy: 532844 in iteration: 9 after: 1.01878 s
# Solver time:0.0462446, Greedy time: 0.000285327, before greedy: 532844, after greedy: 532844 in iteration: 9 after: 1.02082 s
# Solver time:0.0450559, Greedy time: 0.000212591, before greedy: 532844, after greedy: 532844 in iteration: 9 after: 1.02174 s
# Solver time:0.0462056, Greedy time: 0.00029638, before greedy: 532844, after greedy: 532844 in iteration: 9 after: 1.02246 s
# Solver time:0.0465394, Greedy time: 0.000494512, before greedy: 532844, after greedy: 532844 in iteration: 10 after: 1.13732 s
# Solver time:0.0437691, Greedy time: 0.000471072, before greedy: 532844, after greedy: 532844 in iteration: 11 after: 1.24761 s
# Solver time:0.0439933, Greedy time: 0.000405315, before greedy: 532844, after greedy: 532844 in iteration: 11 after: 1.24999 s
# Solver time:0.0434798, Greedy time: 0.00032331, before greedy: 532844, after greedy: 532844 in iteration: 11 after: 1.25055 s
# Solver time:0.0431669, Greedy time: 0.000232596, before greedy: 532844, after greedy: 532844 in iteration: 11 after: 1.25107 s
# Solver time:0.0430013, Greedy time: 0.000281658, before greedy: 532844, after greedy: 532844 in iteration: 11 after: 1.25171 s
# Solver time:0.0422869, Greedy time: 0.000278031, before greedy: 532844, after greedy: 532844 in iteration: 11 after: 1.25257 s
# Solver time:0.0445245, Greedy time: 0.000279356, before greedy: 532844, after greedy: 532844 in iteration: 11 after: 1.25415 s
# Solver time:0.0433948, Greedy time: 0.000489285, before greedy: 532844, after greedy: 532844 in iteration: 12 after: 1.36834 s
# Solver time:0.0434738, Greedy time: 0.000495795, before greedy: 532844, after greedy: 532844 in iteration: 13 after: 1.48255 s
# Solver time:0.0417545, Greedy time: 0.000488538, before greedy: 532844, after greedy: 532844 in iteration: 14 after: 1.59373 s
# Solver time:0.0422269, Greedy time: 0.000338392, before greedy: 532844, after greedy: 532844 in iteration: 14 after: 1.59471 s
# Solver time:0.0429243, Greedy time: 0.000368217, before greedy: 532844, after greedy: 532844 in iteration: 14 after: 1.59919 s
# Solver time:0.0417116, Greedy time: 0.00050002, before greedy: 532844, after greedy: 532844 in iteration: 15 after: 1.70675 s
# Solver time:0.0421384, Greedy time: 0.000336893, before greedy: 532844, after greedy: 532844 in iteration: 15 after: 1.70794 s
# Solver time:0.0427944, Greedy time: 0.000325993, before greedy: 532844, after greedy: 532844 in iteration: 15 after: 1.70879 s
# Solver time:0.0436555, Greedy time: 0.000306211, before greedy: 532844, after greedy: 532844 in iteration: 15 after: 1.71163 s
# Solver time:0.0414792, Greedy time: 0.000495516, before greedy: 532844, after greedy: 532844 in iteration: 16 after: 1.81951 s
# Solver time:0.0421702, Greedy time: 0.000430806, before greedy: 532844, after greedy: 532844 in iteration: 16 after: 1.82242 s
# Solver time:0.0424925, Greedy time: 0.00032847, before greedy: 532844, after greedy: 532844 in iteration: 16 after: 1.82325 s
# Solver time:0.043901, Greedy time: 0.000301525, before greedy: 532844, after greedy: 532844 in iteration: 16 after: 1.82611 s
# Solver time:0.0437245, Greedy time: 0.000305161, before greedy: 532844, after greedy: 532844 in iteration: 16 after: 1.82626 s
# Solver time:0.0430195, Greedy time: 0.000280423, before greedy: 532844, after greedy: 532844 in iteration: 16 after: 1.82704 s
# Solver time:0.0416777, Greedy time: 0.000416601, before greedy: 532844, after greedy: 532844 in iteration: 17 after: 1.93475 s
# Solver time:0.0417733, Greedy time: 0.000490645, before greedy: 532844, after greedy: 532844 in iteration: 17 after: 1.93475 s
# Solver time:0.0428005, Greedy time: 0.000422908, before greedy: 532844, after greedy: 532844 in iteration: 17 after: 1.93815 s
# Solver time:0.0421569, Greedy time: 0.000292843, before greedy: 532844, after greedy: 532844 in iteration: 17 after: 1.93845 s
# Solver time:0.0433787, Greedy time: 0.000304211, before greedy: 532844, after greedy: 532844 in iteration: 17 after: 1.94218 s
# Solver time:0.0419252, Greedy time: 0.000464646, before greedy: 532844, after greedy: 532844 in iteration: 18 after: 2.05002 s
# Solver time:0.0417592, Greedy time: 0.000330616, before greedy: 532844, after greedy: 532844 in iteration: 18 after: 2.05013 s
# Solver time:0.0433993, Greedy time: 0.000387102, before greedy: 532844, after greedy: 532844 in iteration: 18 after: 2.05298 s
# Solver time:0.0445315, Greedy time: 0.000370212, before greedy: 532844, after greedy: 532844 in iteration: 18 after: 2.05658 s
# Solver time:0.0436231, Greedy time: 0.000313791, before greedy: 532844, after greedy: 532844 in iteration: 18 after: 2.05783 s
# Solver time:0.041555, Greedy time: 0.000453718, before greedy: 532844, after greedy: 532844 in iteration: 19 after: 2.16519 s
# Solver time:0.0431127, Greedy time: 0.000449304, before greedy: 532844, after greedy: 532844 in iteration: 19 after: 2.17266 s
# Solver time:0.0416598, Greedy time: 0.000470547, before greedy: 532844, after greedy: 532844 in iteration: 20 after: 2.2804 s
# Solver time:0.0422687, Greedy time: 0.000427138, before greedy: 532844, after greedy: 532844 in iteration: 20 after: 2.28272 s
# Solver time:0.0439351, Greedy time: 0.000368781, before greedy: 532844, after greedy: 532844 in iteration: 20 after: 2.28511 s
# Solver time:0.044606, Greedy time: 0.000310719, before greedy: 532844, after greedy: 532844 in iteration: 20 after: 2.28641 s
# Solver time:0.0445441, Greedy time: 0.000296853, before greedy: 532844, after greedy: 532844 in iteration: 20 after: 2.28669 s
# Solver time:0.0417809, Greedy time: 0.000501303, before greedy: 532844, after greedy: 532844 in iteration: 21 after: 2.39681 s
# Solver time:0.042505, Greedy time: 0.000410698, before greedy: 532844, after greedy: 532844 in iteration: 21 after: 2.39731 s
# Solver time:0.0423124, Greedy time: 0.000358455, before greedy: 532844, after greedy: 532844 in iteration: 21 after: 2.39905 s
# Solver time:0.0424951, Greedy time: 0.000500796, before greedy: 532844, after greedy: 532844 in iteration: 22 after: 2.51187 s
# Solver time:0.0420898, Greedy time: 0.000367053, before greedy: 532844, after greedy: 532844 in iteration: 22 after: 2.51187 s
# Solver time:0.0416535, Greedy time: 0.000321208, before greedy: 532844, after greedy: 532844 in iteration: 22 after: 2.51208 s
# Solver time:0.0421465, Greedy time: 0.000304626, before greedy: 532844, after greedy: 532844 in iteration: 22 after: 2.51313 s
# Solver time:0.0423114, Greedy time: 0.000302045, before greedy: 532844, after greedy: 532844 in iteration: 22 after: 2.51448 s
# Solver time:0.0436572, Greedy time: 0.000291703, before greedy: 532844, after greedy: 532844 in iteration: 22 after: 2.51668 s
# Solver time:0.0447357, Greedy time: 0.000286713, before greedy: 532844, after greedy: 532844 in iteration: 22 after: 2.51756 s
# Solver time:0.0388375, Greedy time: 0.000437733, before greedy: 532844, after greedy: 532844 in iteration: 23 after: 2.62355 s
# Solver time:0.0442431, Greedy time: 0.00052944, before greedy: 532844, after greedy: 532844 in iteration: 24 after: 2.74733 s
# Solver time:0.0414249, Greedy time: 0.000486957, before greedy: 532844, after greedy: 532844 in iteration: 26 after: 2.96908 s
# Solver time:0.0436852, Greedy time: 0.000411002, before greedy: 532844, after greedy: 532844 in iteration: 26 after: 2.9716 s
# Solver time:0.045622, Greedy time: 0.000368856, before greedy: 532844, after greedy: 532844 in iteration: 26 after: 2.97542 s
# Solver time:0.0468374, Greedy time: 0.000329887, before greedy: 532844, after greedy: 532844 in iteration: 26 after: 2.97559 s
# Solver time:0.0466672, Greedy time: 0.000311788, before greedy: 532844, after greedy: 532844 in iteration: 26 after: 2.97715 s
# Solver time:0.045908, Greedy time: 0.000298286, before greedy: 532844, after greedy: 532844 in iteration: 26 after: 2.97798 s
# Solver time:0.0493354, Greedy time: 0.000281218, before greedy: 532844, after greedy: 532844 in iteration: 26 after: 2.98112 s
# Solver time:0.0442421, Greedy time: 0.00049158, before greedy: 532844, after greedy: 532844 in iteration: 27 after: 3.09536 s
# Solver time:0.0411402, Greedy time: 0.000405891, before greedy: 532844, after greedy: 532844 in iteration: 28 after: 3.20382 s
# Solver time:0.0459209, Greedy time: 0.000424059, before greedy: 532844, after greedy: 532844 in iteration: 28 after: 3.2078 s
# Solver time:0.0457959, Greedy time: 0.000313602, before greedy: 532844, after greedy: 532844 in iteration: 28 after: 3.20808 s
# Solver time:0.0424322, Greedy time: 0.000291158, before greedy: 532844, after greedy: 532844 in iteration: 28 after: 3.20826 s
# Solver time:0.0420884, Greedy time: 0.000290072, before greedy: 532844, after greedy: 532844 in iteration: 28 after: 3.20846 s
# Solver time:0.0454951, Greedy time: 0.000277981, before greedy: 532844, after greedy: 532844 in iteration: 28 after: 3.20899 s
# Solver time:0.0439815, Greedy time: 0.00028076, before greedy: 532844, after greedy: 532844 in iteration: 28 after: 3.20937 s
# Solver time:0.0435271, Greedy time: 0.000486787, before greedy: 532844, after greedy: 532844 in iteration: 29 after: 3.32059 s
# Solver time:0.0438661, Greedy time: 0.000505567, before greedy: 532844, after greedy: 532844 in iteration: 30 after: 3.43523 s
# Solver time:0.0428668, Greedy time: 0.000480702, before greedy: 532844, after greedy: 532844 in iteration: 31 after: 3.54579 s
# Solver time:0.0436567, Greedy time: 0.00041472, before greedy: 532844, after greedy: 532844 in iteration: 31 after: 3.5481 s
# Solver time:0.0438601, Greedy time: 0.00037767, before greedy: 532844, after greedy: 532844 in iteration: 31 after: 3.55064 s
# Solver time:0.0432588, Greedy time: 0.000321999, before greedy: 532844, after greedy: 532844 in iteration: 31 after: 3.55185 s
# Solver time:0.043498, Greedy time: 0.000515589, before greedy: 532844, after greedy: 532844 in iteration: 32 after: 3.66454 s
# Solver time:0.0392444, Greedy time: 0.000425301, before greedy: 532844, after greedy: 532844 in iteration: 33 after: 3.77194 s
# Solver time:0.0420227, Greedy time: 0.000405755, before greedy: 532844, after greedy: 532844 in iteration: 33 after: 3.77396 s
# Solver time:0.0429276, Greedy time: 0.000365822, before greedy: 532844, after greedy: 532844 in iteration: 33 after: 3.77717 s
# Solver time:0.0389824, Greedy time: 0.000417093, before greedy: 532844, after greedy: 532844 in iteration: 34 after: 3.88741 s
# Solver time:0.042287, Greedy time: 0.000377383, before greedy: 532844, after greedy: 532844 in iteration: 34 after: 3.88876 s
# Solver time:0.0417712, Greedy time: 0.000315085, before greedy: 532844, after greedy: 532844 in iteration: 34 after: 3.88906 s
# Solver time:0.0419475, Greedy time: 0.000296962, before greedy: 532844, after greedy: 532844 in iteration: 34 after: 3.88959 s
# Solver time:0.0423743, Greedy time: 0.000297789, before greedy: 532844, after greedy: 532844 in iteration: 34 after: 3.89152 s
# Solver time:0.0430748, Greedy time: 0.000276869, before greedy: 532844, after greedy: 532844 in iteration: 34 after: 3.89279 s
# Solver time:0.0445047, Greedy time: 0.00029479, before greedy: 532844, after greedy: 532844 in iteration: 34 after: 3.89482 s
# Solver time:0.0434855, Greedy time: 0.000485159, before greedy: 532844, after greedy: 532844 in iteration: 35 after: 4.0096 s
# Solver time:0.0438439, Greedy time: 0.000493029, before greedy: 532844, after greedy: 532844 in iteration: 36 after: 4.12453 s
# Solver time:0.0428433, Greedy time: 0.000491254, before greedy: 532844, after greedy: 532844 in iteration: 37 after: 4.23664 s
# Solver time:0.0419107, Greedy time: 0.000486486, before greedy: 532844, after greedy: 532844 in iteration: 38 after: 4.34863 s
# Solver time:0.0435779, Greedy time: 0.00049324, before greedy: 532844, after greedy: 532844 in iteration: 39 after: 4.46284 s
# Solver time:0.0441561, Greedy time: 0.000474248, before greedy: 532844, after greedy: 532844 in iteration: 40 after: 4.57753 s
# Solver time:0.0418808, Greedy time: 0.000456566, before greedy: 532844, after greedy: 532844 in iteration: 41 after: 4.68591 s
# Solver time:0.0415843, Greedy time: 0.00032777, before greedy: 532844, after greedy: 532844 in iteration: 41 after: 4.68701 s
# Solver time:0.0426391, Greedy time: 0.000365736, before greedy: 532844, after greedy: 532844 in iteration: 41 after: 4.68701 s
# Solver time:0.0436984, Greedy time: 0.000409693, before greedy: 532844, after greedy: 532844 in iteration: 41 after: 4.69083 s
# Solver time:0.0432769, Greedy time: 0.000359561, before greedy: 532844, after greedy: 532844 in iteration: 41 after: 4.69252 s
# Solver time:0.0440193, Greedy time: 0.00051444, before greedy: 532844, after greedy: 532844 in iteration: 42 after: 4.80527 s
# Cost: 5.32843000e+05 (pid: *) 4.86 s (iteration: 42)
[0, 1, 1, 0, 7, 1, 0, 7, 1, 1, 7, 3, 2, 0, 2, 0, 1, 1, 0, 1, 1, 1, 1, 2, 2, 0, 3, 3, 3, 1, 2, 0, 0, 0, 0, 0, 0, 0, 0, 0, 0, 0, 0, 0, 0, 0, 0, 0, 0, 0, 0, 0, 3, 3, 3, 3, 5, 0, 0, 0, 0, 0, 0, 0, 0, 0, 0, 0, 5, 5, 5, 1, 0, 5, 1, 0, 0, 1, 0, 0, 0, 0, 0, 0, 0, 0, 0, 0, 0, 0, 0, 0, 0, 0, 0, 0, 3, 0, 3, 11, 3, 3, 3, 11, 3, 0, 0, 2, 2, 2, 2, 0, 9, 3, 1, 9, 9, 9, 9, 3, 3, 3, 1, 9, 3, 3, 1, 9, 8, 1, 1, 1, 1, 1, 1, 1, 0, 1, 1, 1, 0, 1, 1, 1, 1, 1, 1, 1, 1, 1, 1, 1, 8, 9, 9, 9, 9, 3, 3, 3, 1, 9, 3, 3, 1, 9, 9, 9, 3, 3, 3, 1, 9, 3, 3, 1, 9, 0, 0, 0, 0, 0, 0, 0, 0, 0, 0, 0, 0, 0, 0, 0, 0, 0, 0, 0, 0, 0, 0, 0, 0, 0, 0, 0, 0, 0, 0, 0, 0, 0, 0, 0, 3, 3, 11, 3, 3, 3, 11, 3, 0, 0, 2, 2, 2, 13, 8, 2, 3, 1, 2, 2, 2, 2, 3, 3, 3, 1, 2, 3, 3, 1, 2, 8, 6, 6, 6, 6, 6, 6, 6, 6, 6, 6, 6, 6, 6, 6, 6, 6, 6, 8, 2, 2, 2, 2, 3, 3, 3, 1, 2, 3, 3, 1, 2, 3, 3, 3, 1, 5, 5, 5, 1, 7, 7, 7, 0, 0, 11, 0, 0, 11, 11, 0, 0, 0, 11, 11, 7, 7, 7, 3, 3, 3, 8, 8, 3, 0, 0, 3, 3, 3, 8, 8, 3, 8, 0, 0, 0, 0, 11, 11, 0, 0, 0, 11, 11, 7, 7, 7, 3, 3, 3, 8, 8, 3, 0, 0, 3, 3, 3, 8, 8, 3, 8, 0, 0, 0, 0, 0, 0, 0, 11, 11, 0, 0, 0, 11, 11, 7, 7, 7, 3, 3, 3, 8, 8, 3, 0, 0, 3, 3, 3, 8, 8, 3, 8, 0, 7, 0, 2, 7, 0, 2, 7, 7, 7, 7, 20, 14, 0, 14, 0, 2, 2, 0, 2, 2, 2, 7, 11, 2, 0, 3, 3, 3, 7, 2, 0, 0, 0, 0, 0, 0, 0, 0, 0, 0, 0, 0, 0, 0, 0, 0, 0, 0, 0, 0, 0, 0, 0, 0, 0, 0, 0, 0, 0, 0, 0, 0, 0, 0, 0, 0, 0, 0, 1, 0, 0, 0, 0, 0, 1, 0, 0, 0, 0, 0, 11, 3, 3, 3, 3, 11, 11, 11, 11, 11, 0, 0, 0, 0, 0, 0, 0, 0, 0, 1, 0, 0, 1, 0, 0, 1, 0, 11, 11, 11, 11, 10, 11, 0, 0, 11, 11, 11, 10, 5, 0, 11, 11, 6, 8, 5, 5, 5, 8, 5, 5, 5, 9, 0, 0, 0, 0, 0, 11, 11, 11, 11, 11, 11, 11, 11, 5, 5, 9, 0, 0, 0, 0, 0, 7, 2, 0, 9, 3, 7, 8, 8, 8, 8, 2, 2, 2, 7, 8, 3, 3, 7, 8, 8, 18, 15, 15, 15, 12, 8, 8, 0, 7, 8, 8, 0, 7, 8, 8, 7, 8, 7, 8, 8, 15, 12, 8, 8, 11, 8, 8, 8, 2, 2, 2, 7, 8, 3, 3, 7, 8, 8, 8, 2, 2, 2, 7, 8, 3, 3, 7, 8, 0, 0, 0, 0, 0, 0, 0, 0, 0, 0, 0, 0, 0, 0, 0, 0, 0, 0, 11, 0, 0, 0, 0, 0, 0, 0, 0, 0, 0, 0, 0, 0, 0, 0, 0, 11, 11, 11, 11, 11, 11, 11, 11, 11, 11, 0, 0, 11, 11, 11, 11, 6, 8, 10, 10, 5, 5, 5, 5, 8, 5, 5, 5, 9, 0, 0, 0, 0, 0, 11, 11, 11, 11, 11, 11, 11, 11, 5, 5, 9, 0, 0, 0, 0, 0, 7, 5, 8, 1, 3, 1, 1, 8, 8, 8, 2, 2, 2, 7, 8, 3, 3, 7, 8, 8, 18, 15, 15, 15, 12, 8, 8, 8, 8, 8, 8, 8, 8, 8, 15, 12, 8, 8, 11, 8, 8, 8, 2, 2, 2, 7, 8, 3, 3, 7, 8, 1, 1, 5, 1, 5, 2, 2, 0, 0, 0, 0, 0, 0, 0, 0, 0, 0, 0, 2, 7, 7, 7, 7, 0, 0, 11, 11, 0, 0, 0, 11, 11, 7, 2, 7, 3, 3, 3, 8, 8, 3, 0, 0, 3, 3, 3, 8, 8, 3, 8, 0, 0, 0, 11, 11, 0, 0, 0, 11, 11, 7, 7, 7, 3, 3, 3, 8, 8, 3, 0, 0, 3, 3, 3, 8, 8, 3, 8, 0, 7]
