# Preprocessing: 0.0442073 s
# nodes: 816 edges: 1023
# strategies: 10071 intervals: 675
# Cost: 1.36000000e+20 (greedy) 0.05 s (iteration: 1)
[0, 4, 4, 0, 4, 4, 0, 4, 4, 4, 3, 1, 1, 0, 8, 0, 4, 4, 0, 4, 4, 4, 6, 1, 1, 0, 2, 2, 2, 6, 1, 4, 0, 0, 0, 0, 0, 0, 0, 0, 0, 0, 0, 0, 0, 1, 1, 1, 1, 1, 1, 1, 2, 2, 2, 2, 3, 0, 0, 0, 0, 0, 0, 0, 0, 0, 0, 0, 3, 3, 3, 6, 1, 3, 6, 0, 0, 6, 0, 0, 0, 0, 0, 0, 1, 1, 1, 1, 1, 1, 1, 1, 0, 0, 0, 0, 0, 0, 0, 7, 0, 0, 0, 7, 0, 0, 0, 0, 0, 0, 0, 4, 0, 2, 6, 0, 0, 0, 0, 0, 0, 0, 6, 0, 2, 2, 6, 0, 5, 0, 0, 0, 3, 3, 3, 3, 0, 6, 3, 3, 0, 6, 3, 3, 6, 3, 6, 3, 3, 3, 3, 3, 4, 0, 0, 0, 0, 0, 0, 0, 6, 0, 2, 2, 6, 0, 0, 0, 0, 0, 0, 6, 0, 2, 2, 6, 0, 4, 0, 0, 0, 0, 0, 0, 1, 1, 1, 1, 1, 1, 1, 1, 0, 0, 0, 0, 0, 0, 0, 0, 1, 1, 1, 1, 1, 1, 1, 1, 0, 0, 0, 0, 0, 0, 7, 0, 0, 0, 7, 0, 0, 0, 0, 0, 0, 0, 4, 0, 2, 6, 0, 0, 0, 0, 0, 0, 0, 6, 0, 2, 2, 6, 0, 5, 0, 0, 0, 3, 3, 3, 3, 3, 3, 3, 3, 3, 3, 3, 3, 3, 3, 4, 0, 0, 0, 0, 0, 0, 0, 6, 0, 2, 2, 6, 0, 0, 0, 2, 5, 5, 5, 0, 1, 1, 1, 1, 0, 0, 6, 0, 0, 0, 0, 0, 0, 0, 0, 0, 0, 0, 0, 0, 0, 0, 0, 0, 0, 0, 0, 0, 0, 0, 0, 0, 0, 0, 0, 0, 0, 0, 6, 6, 0, 0, 0, 6, 6, 1, 1, 0, 0, 0, 0, 0, 0, 0, 0, 0, 0, 0, 0, 0, 0, 0, 0, 0, 0, 0, 0, 0, 0, 0, 6, 6, 0, 0, 0, 6, 6, 1, 1, 0, 0, 0, 0, 0, 0, 0, 0, 0, 0, 0, 0, 0, 0, 0, 0, 0, 0, 0, 1, 1, 0, 1, 1, 1, 1, 0, 1, 1, 0, 2, 0, 1, 1, 0, 1, 1, 1, 4, 1, 1, 0, 2, 0, 2, 4, 1, 0, 0, 0, 0, 0, 0, 0, 0, 0, 0, 0, 0, 0, 1, 1, 1, 1, 1, 1, 1, 0, 0, 0, 0, 0, 0, 0, 0, 0, 0, 0, 0, 0, 0, 0, 0, 0, 0, 4, 1, 0, 0, 0, 0, 4, 0, 0, 0, 0, 0, 6, 2, 2, 2, 2, 6, 6, 0, 6, 6, 0, 0, 1, 1, 1, 1, 1, 1, 1, 4, 1, 0, 4, 0, 0, 4, 0, 6, 6, 6, 6, 5, 6, 0, 0, 6, 6, 6, 5, 3, 0, 8, 8, 4, 5, 3, 3, 3, 5, 3, 3, 3, 6, 0, 0, 0, 0, 0, 6, 6, 0, 6, 6, 6, 6, 8, 3, 3, 6, 0, 0, 0, 0, 0, 5, 3, 0, 0, 0, 4, 0, 0, 0, 1, 1, 1, 1, 4, 0, 0, 2, 4, 0, 0, 0, 0, 0, 2, 2, 2, 2, 0, 4, 2, 2, 0, 4, 2, 2, 4, 2, 4, 2, 2, 2, 2, 2, 0, 0, 0, 0, 1, 1, 1, 1, 4, 0, 0, 2, 4, 0, 0, 1, 1, 1, 1, 4, 0, 0, 2, 4, 0, 0, 0, 0, 0, 0, 0, 1, 1, 1, 1, 1, 1, 1, 1, 0, 0, 0, 0, 6, 0, 0, 1, 1, 1, 1, 1, 1, 1, 1, 0, 0, 0, 0, 0, 0, 6, 6, 0, 6, 6, 6, 6, 6, 8, 6, 0, 0, 6, 6, 6, 8, 4, 5, 5, 5, 3, 3, 3, 3, 5, 3, 3, 3, 6, 0, 0, 0, 0, 0, 6, 6, 0, 6, 6, 6, 6, 8, 3, 3, 6, 0, 0, 0, 0, 0, 5, 3, 0, 0, 0, 4, 0, 0, 0, 1, 1, 1, 1, 4, 0, 0, 2, 4, 0, 0, 0, 0, 0, 2, 2, 2, 2, 2, 2, 2, 2, 2, 2, 2, 2, 2, 2, 0, 0, 0, 0, 1, 1, 1, 1, 4, 0, 0, 2, 4, 0, 0, 0, 5, 0, 1, 0, 1, 0, 0, 0, 0, 0, 0, 0, 0, 0, 0, 0, 1, 0, 1, 1, 1, 0, 0, 0, 0, 0, 0, 0, 0, 0, 0, 0, 0, 0, 0, 0, 0, 0, 0, 0, 0, 0, 0, 0, 0, 0, 0, 0, 0, 0, 0, 6, 6, 0, 0, 0, 6, 6, 1, 1, 0, 0, 0, 0, 0, 0, 0, 0, 0, 0, 0, 0, 0, 0, 0, 0, 0, 0]
# Solver time:0.0288686, Greedy time: 0.000445623, before greedy: 481097, after greedy: 481031 in iteration: 1 after: 0.0923969 s
# Solver time:0.0315813, Greedy time: 0.000608662, before greedy: 381539, after greedy: 381475 in iteration: 1 after: 0.0940352 s
# Solver time:0.0310198, Greedy time: 0.00151232, before greedy: 3096607, after greedy: 3008234 in iteration: 1 after: 0.0956514 s
# Solver time:0.0325897, Greedy time: 0.000284914, before greedy: 217039, after greedy: 217039 in iteration: 1 after: 0.0960057 s
# Solver time:0.0313096, Greedy time: 0.00152695, before greedy: 1873487, after greedy: 1785114 in iteration: 1 after: 0.0960164 s
# Solver time:0.0324328, Greedy time: 0.0007479, before greedy: 231450, after greedy: 229402 in iteration: 1 after: 0.0970205 s
# Solver time:0.0358357, Greedy time: 0.000372056, before greedy: 229274, after greedy: 229274 in iteration: 1 after: 0.097033 s
# Cost: 3.81475000e+05 (pid: 3) 0.15 s (iteration: 1)
[0, 4, 4, 0, 7, 4, 0, 7, 4, 4, 0, 7, 5, 0, 5, 0, 5, 5, 0, 5, 5, 5, 8, 9, 9, 0, 3, 3, 3, 1, 9, 0, 0, 0, 0, 0, 0, 0, 0, 0, 1, 1, 0, 1, 1, 7, 4, 4, 7, 4, 4, 4, 3, 3, 3, 3, 5, 0, 0, 0, 0, 0, 0, 0, 0, 0, 0, 0, 5, 5, 5, 7, 4, 5, 7, 0, 0, 7, 0, 0, 0, 0, 0, 0, 7, 4, 4, 7, 4, 4, 4, 4, 0, 0, 0, 0, 2, 0, 2, 9, 2, 2, 2, 9, 2, 0, 0, 1, 1, 1, 1, 0, 9, 3, 1, 2, 2, 2, 2, 2, 2, 2, 8, 2, 3, 3, 1, 2, 3, 9, 9, 9, 9, 9, 9, 9, 0, 8, 9, 9, 0, 8, 9, 9, 8, 9, 8, 9, 9, 9, 9, 9, 8, 2, 2, 2, 2, 2, 2, 2, 8, 2, 3, 3, 8, 2, 2, 2, 2, 2, 2, 8, 2, 3, 3, 8, 2, 0, 0, 0, 0, 0, 0, 0, 7, 4, 4, 7, 4, 4, 4, 4, 0, 0, 0, 0, 0, 0, 0, 0, 7, 4, 4, 7, 4, 4, 4, 4, 0, 0, 0, 0, 2, 2, 9, 2, 2, 2, 9, 2, 0, 0, 1, 1, 1, 1, 8, 2, 3, 8, 2, 2, 2, 2, 2, 2, 2, 8, 2, 0, 0, 8, 2, 4, 9, 9, 9, 9, 9, 9, 9, 9, 9, 9, 9, 9, 9, 9, 9, 9, 9, 2, 2, 2, 2, 2, 2, 2, 2, 8, 2, 3, 3, 1, 2, 2, 2, 2, 1, 1, 5, 5, 1, 1, 1, 1, 0, 0, 8, 0, 0, 8, 8, 0, 0, 0, 8, 8, 1, 1, 0, 3, 3, 3, 8, 3, 3, 0, 0, 3, 0, 3, 2, 4, 3, 8, 0, 0, 0, 0, 8, 8, 0, 0, 0, 8, 8, 1, 1, 0, 3, 3, 3, 8, 3, 3, 0, 0, 3, 0, 3, 2, 4, 3, 8, 0, 0, 0, 0, 0, 0, 0, 8, 8, 0, 0, 0, 8, 8, 1, 1, 0, 3, 3, 3, 8, 3, 3, 0, 0, 3, 0, 3, 2, 4, 3, 8, 0, 1, 0, 1, 1, 0, 1, 1, 1, 1, 0, 2, 1, 0, 1, 0, 2, 0, 0, 2, 0, 0, 4, 1, 2, 0, 3, 3, 3, 1, 2, 0, 0, 0, 0, 0, 0, 0, 1, 1, 1, 0, 1, 1, 5, 3, 3, 5, 3, 3, 3, 0, 0, 0, 0, 1, 1, 1, 0, 0, 1, 1, 0, 0, 1, 1, 1, 2, 1, 4, 3, 0, 1, 2, 1, 4, 0, 0, 0, 0, 0, 8, 3, 3, 3, 3, 8, 8, 8, 8, 8, 0, 0, 5, 3, 3, 5, 3, 3, 3, 4, 3, 0, 4, 0, 0, 4, 0, 8, 8, 8, 8, 7, 8, 0, 0, 8, 8, 8, 7, 3, 0, 8, 8, 4, 6, 3, 3, 3, 6, 3, 3, 3, 7, 0, 0, 0, 0, 0, 8, 8, 8, 8, 8, 8, 8, 8, 3, 3, 7, 0, 0, 0, 0, 0, 5, 3, 0, 4, 3, 1, 4, 4, 4, 4, 1, 1, 1, 1, 4, 3, 3, 1, 4, 3, 3, 3, 3, 3, 7, 1, 1, 0, 1, 1, 1, 0, 1, 1, 1, 1, 1, 1, 1, 1, 3, 3, 1, 8, 1, 1, 1, 1, 1, 1, 1, 1, 1, 3, 3, 1, 1, 1, 1, 1, 1, 1, 1, 1, 3, 3, 1, 1, 0, 0, 0, 0, 0, 0, 5, 3, 3, 5, 3, 3, 3, 3, 0, 0, 0, 0, 8, 0, 0, 5, 3, 3, 5, 3, 3, 3, 3, 0, 0, 0, 0, 0, 0, 8, 8, 8, 8, 8, 8, 8, 8, 8, 8, 0, 0, 8, 8, 8, 8, 4, 6, 7, 7, 3, 3, 3, 3, 6, 3, 3, 3, 7, 0, 0, 0, 0, 0, 8, 8, 8, 8, 8, 8, 8, 8, 3, 3, 7, 0, 0, 0, 0, 0, 1, 1, 8, 1, 3, 1, 1, 1, 1, 1, 1, 1, 1, 1, 1, 0, 0, 2, 1, 4, 4, 7, 7, 7, 1, 1, 1, 1, 1, 1, 1, 1, 1, 1, 7, 1, 1, 2, 1, 1, 1, 1, 1, 1, 1, 1, 1, 3, 3, 1, 1, 0, 0, 5, 0, 5, 1, 1, 0, 0, 0, 0, 0, 0, 0, 0, 0, 0, 0, 1, 1, 1, 1, 1, 0, 0, 8, 8, 0, 0, 0, 8, 8, 1, 1, 0, 3, 3, 3, 8, 3, 3, 0, 0, 3, 0, 3, 2, 4, 3, 8, 0, 0, 0, 8, 8, 0, 0, 0, 8, 8, 1, 1, 0, 3, 3, 3, 8, 3, 3, 0, 0, 3, 0, 3, 2, 4, 3, 8, 0, 1]
# Solver time:0.0370166, Greedy time: 0.000359615, before greedy: 217039, after greedy: 217039 in iteration: 2 after: 0.19945 s
# Solver time:0.0370713, Greedy time: 0.000365958, before greedy: 217039, after greedy: 217039 in iteration: 2 after: 0.201586 s
# Solver time:0.0383689, Greedy time: 0.000312284, before greedy: 217039, after greedy: 217039 in iteration: 2 after: 0.203835 s
# Solver time:0.0377024, Greedy time: 0.000265134, before greedy: 217039, after greedy: 217039 in iteration: 2 after: 0.203976 s
# Solver time:0.0376688, Greedy time: 0.000316732, before greedy: 217039, after greedy: 217039 in iteration: 2 after: 0.204862 s
# Solver time:0.0382423, Greedy time: 0.000339691, before greedy: 217039, after greedy: 217039 in iteration: 2 after: 0.207478 s
# Solver time:0.0399221, Greedy time: 0.00032042, before greedy: 217039, after greedy: 217039 in iteration: 2 after: 0.20819 s
# Cost: 2.17039000e+05 (pid: 0) 0.25 s (iteration: 2)
[0, 7, 7, 0, 7, 7, 0, 7, 7, 7, 5, 17, 14, 0, 14, 0, 7, 7, 0, 7, 7, 7, 14, 14, 14, 0, 3, 3, 3, 14, 14, 7, 38, 13, 13, 5, 5, 5, 0, 0, 1, 1, 0, 1, 1, 12, 9, 9, 12, 9, 9, 9, 3, 3, 3, 3, 5, 0, 0, 0, 0, 0, 0, 0, 0, 0, 0, 0, 5, 5, 5, 1, 9, 5, 1, 5, 5, 1, 5, 5, 5, 13, 7, 7, 9, 6, 6, 9, 6, 6, 6, 6, 7, 7, 7, 7, 3, 0, 3, 12, 3, 3, 3, 12, 3, 13, 7, 3, 3, 3, 3, 8, 2, 3, 1, 9, 9, 9, 9, 3, 3, 3, 1, 9, 3, 3, 1, 9, 11, 4, 4, 4, 4, 4, 4, 4, 0, 10, 4, 4, 0, 10, 4, 4, 10, 4, 10, 4, 4, 4, 4, 4, 8, 9, 9, 9, 9, 3, 3, 3, 1, 9, 3, 3, 1, 9, 9, 9, 3, 3, 3, 1, 9, 3, 3, 1, 9, 0, 0, 0, 0, 0, 0, 0, 7, 4, 4, 7, 4, 4, 4, 4, 0, 0, 0, 0, 0, 0, 0, 0, 7, 4, 4, 7, 4, 4, 4, 4, 0, 0, 0, 0, 2, 2, 9, 2, 2, 2, 9, 2, 0, 0, 1, 1, 1, 1, 8, 9, 3, 1, 9, 9, 9, 9, 3, 3, 3, 1, 9, 3, 3, 1, 9, 3, 4, 4, 4, 4, 4, 4, 4, 4, 4, 4, 4, 4, 4, 4, 4, 4, 4, 0, 9, 9, 9, 9, 3, 3, 3, 1, 9, 3, 3, 1, 9, 2, 2, 2, 1, 1, 5, 5, 1, 1, 1, 1, 0, 0, 8, 0, 7, 8, 8, 0, 0, 0, 8, 8, 1, 1, 5, 3, 3, 3, 8, 11, 3, 8, 7, 3, 3, 3, 0, 3, 3, 8, 0, 0, 0, 7, 8, 8, 0, 0, 0, 8, 8, 1, 1, 5, 3, 3, 3, 8, 11, 3, 8, 7, 3, 3, 3, 0, 3, 3, 8, 0, 0, 0, 0, 0, 0, 7, 8, 8, 0, 0, 0, 8, 8, 1, 1, 5, 3, 3, 3, 8, 11, 3, 8, 7, 3, 3, 3, 0, 3, 3, 8, 0, 1, 0, 1, 1, 0, 1, 1, 1, 1, 5, 3, 2, 0, 2, 0, 1, 1, 0, 1, 1, 1, 1, 2, 2, 0, 3, 3, 3, 1, 2, 7, 0, 0, 0, 0, 0, 0, 1, 1, 1, 0, 1, 1, 5, 3, 3, 5, 3, 3, 3, 0, 0, 0, 0, 1, 1, 1, 0, 0, 1, 1, 0, 0, 1, 1, 1, 2, 1, 4, 3, 0, 1, 2, 1, 4, 0, 0, 0, 0, 0, 8, 3, 3, 3, 3, 8, 8, 8, 8, 8, 0, 0, 5, 3, 3, 5, 3, 3, 3, 4, 3, 0, 4, 0, 0, 4, 0, 8, 8, 8, 8, 7, 8, 7, 0, 8, 8, 8, 7, 3, 0, 8, 8, 4, 6, 3, 3, 3, 6, 3, 3, 3, 7, 0, 0, 0, 0, 0, 8, 8, 8, 8, 8, 8, 8, 8, 3, 3, 7, 0, 0, 0, 0, 0, 5, 3, 8, 4, 3, 1, 4, 4, 4, 4, 1, 1, 1, 1, 4, 3, 3, 1, 4, 11, 18, 15, 15, 15, 12, 8, 8, 0, 7, 8, 8, 0, 7, 8, 8, 7, 8, 7, 8, 8, 15, 12, 8, 8, 11, 4, 4, 4, 1, 1, 1, 1, 4, 3, 3, 1, 4, 4, 4, 1, 1, 1, 1, 4, 3, 3, 1, 4, 0, 0, 0, 0, 0, 0, 5, 3, 3, 5, 3, 3, 3, 3, 0, 0, 0, 0, 8, 0, 0, 5, 3, 3, 5, 3, 3, 3, 3, 0, 0, 0, 0, 0, 0, 8, 8, 8, 8, 8, 8, 8, 8, 8, 8, 0, 0, 8, 8, 8, 8, 4, 6, 7, 7, 3, 3, 3, 3, 6, 3, 3, 3, 7, 0, 0, 0, 0, 0, 8, 8, 8, 8, 8, 8, 8, 8, 3, 3, 7, 0, 0, 0, 0, 0, 1, 1, 8, 1, 3, 1, 4, 4, 4, 4, 1, 1, 1, 1, 4, 3, 3, 1, 4, 3, 3, 3, 3, 3, 3, 3, 3, 3, 3, 3, 3, 3, 3, 3, 3, 3, 3, 0, 4, 4, 4, 4, 1, 1, 1, 1, 4, 3, 3, 1, 4, 0, 0, 5, 0, 5, 1, 1, 0, 0, 0, 0, 0, 0, 0, 0, 0, 0, 0, 1, 1, 1, 1, 1, 0, 7, 8, 8, 0, 0, 0, 8, 8, 1, 1, 5, 3, 3, 3, 8, 11, 3, 8, 7, 3, 3, 3, 0, 3, 3, 8, 0, 0, 7, 8, 8, 0, 0, 0, 8, 8, 1, 1, 5, 3, 3, 3, 8, 11, 3, 8, 7, 3, 3, 3, 0, 3, 3, 8, 0, 1]
# Solver time:0.0373047, Greedy time: 0.000389162, before greedy: 217039, after greedy: 217039 in iteration: 3 after: 0.31305 s
# Solver time:0.0357564, Greedy time: 0.000294119, before greedy: 217039, after greedy: 217039 in iteration: 4 after: 0.41613 s
# Solver time:0.038618, Greedy time: 0.000324676, before greedy: 217039, after greedy: 217039 in iteration: 4 after: 0.419529 s
# Solver time:0.038435, Greedy time: 0.000279233, before greedy: 217039, after greedy: 217039 in iteration: 4 after: 0.42089 s
# Solver time:0.0380593, Greedy time: 0.000217862, before greedy: 217039, after greedy: 217039 in iteration: 4 after: 0.422853 s
# Solver time:0.0442119, Greedy time: 0.000279317, before greedy: 217039, after greedy: 217039 in iteration: 4 after: 0.427818 s
# Solver time:0.0368452, Greedy time: 0.000321316, before greedy: 217039, after greedy: 217039 in iteration: 5 after: 0.5307 s
# Solver time:0.0384817, Greedy time: 0.000308335, before greedy: 217039, after greedy: 217039 in iteration: 5 after: 0.533865 s
# Solver time:0.0410096, Greedy time: 0.000328213, before greedy: 217039, after greedy: 217039 in iteration: 5 after: 0.53742 s
# Solver time:0.0384193, Greedy time: 0.000319431, before greedy: 217039, after greedy: 217039 in iteration: 7 after: 0.750014 s
# Solver time:0.0408162, Greedy time: 0.00034648, before greedy: 217039, after greedy: 217039 in iteration: 7 after: 0.753092 s
# Solver time:0.0404588, Greedy time: 0.000276556, before greedy: 217039, after greedy: 217039 in iteration: 7 after: 0.753838 s
# Solver time:0.0399201, Greedy time: 0.000271276, before greedy: 217039, after greedy: 217039 in iteration: 7 after: 0.75476 s
# Solver time:0.0429775, Greedy time: 0.000266371, before greedy: 217039, after greedy: 217039 in iteration: 7 after: 0.757007 s
# Solver time:0.041837, Greedy time: 0.000270683, before greedy: 217039, after greedy: 217039 in iteration: 7 after: 0.757755 s
# Solver time:0.0437113, Greedy time: 0.00038572, before greedy: 217039, after greedy: 217039 in iteration: 8 after: 0.868945 s
# Solver time:0.0438969, Greedy time: 0.000368832, before greedy: 217039, after greedy: 217039 in iteration: 9 after: 0.978129 s
# Solver time:0.0406199, Greedy time: 0.000267971, before greedy: 217039, after greedy: 217039 in iteration: 9 after: 0.980044 s
# Solver time:0.0439385, Greedy time: 0.000294058, before greedy: 217039, after greedy: 217039 in iteration: 9 after: 0.981177 s
# Solver time:0.0423553, Greedy time: 0.000376271, before greedy: 217039, after greedy: 217039 in iteration: 10 after: 1.08864 s
# Solver time:0.0410181, Greedy time: 0.000230003, before greedy: 217039, after greedy: 217039 in iteration: 10 after: 1.08896 s
# Solver time:0.0424397, Greedy time: 0.00032039, before greedy: 217039, after greedy: 217039 in iteration: 10 after: 1.09185 s
# Solver time:0.0426233, Greedy time: 0.0002147, before greedy: 217039, after greedy: 217039 in iteration: 10 after: 1.09357 s
# Solver time:0.039484, Greedy time: 0.000310801, before greedy: 217039, after greedy: 217039 in iteration: 11 after: 1.20092 s
# Solver time:0.0429802, Greedy time: 0.00031969, before greedy: 217039, after greedy: 217039 in iteration: 11 after: 1.2028 s
# Solver time:0.0426039, Greedy time: 0.000263482, before greedy: 217039, after greedy: 217039 in iteration: 11 after: 1.20328 s
# Solver time:0.0420054, Greedy time: 0.00027056, before greedy: 217039, after greedy: 217039 in iteration: 11 after: 1.2041 s
# Solver time:0.0420491, Greedy time: 0.000269201, before greedy: 217039, after greedy: 217039 in iteration: 11 after: 1.2045 s
# Solver time:0.0435625, Greedy time: 0.000265783, before greedy: 217039, after greedy: 217039 in iteration: 11 after: 1.20779 s
# Solver time:0.0409248, Greedy time: 0.000325685, before greedy: 217039, after greedy: 217039 in iteration: 12 after: 1.31621 s
# Solver time:0.0434204, Greedy time: 0.000331361, before greedy: 217039, after greedy: 217039 in iteration: 12 after: 1.31785 s
# Solver time:0.042395, Greedy time: 0.000284137, before greedy: 217039, after greedy: 217039 in iteration: 12 after: 1.319 s
# Solver time:0.0423531, Greedy time: 0.000267971, before greedy: 217039, after greedy: 217039 in iteration: 12 after: 1.31986 s
# Solver time:0.0421075, Greedy time: 0.000264602, before greedy: 217039, after greedy: 217039 in iteration: 12 after: 1.32004 s
# Solver time:0.0438617, Greedy time: 0.00037368, before greedy: 217039, after greedy: 217039 in iteration: 13 after: 1.43048 s
# Solver time:0.0439402, Greedy time: 0.00029159, before greedy: 217039, after greedy: 217039 in iteration: 13 after: 1.43134 s
# Solver time:0.0430499, Greedy time: 0.000289923, before greedy: 217039, after greedy: 217039 in iteration: 13 after: 1.43261 s
# Solver time:0.0430219, Greedy time: 0.000270374, before greedy: 217039, after greedy: 217039 in iteration: 13 after: 1.43335 s
# Solver time:0.0406435, Greedy time: 0.000313012, before greedy: 217039, after greedy: 217039 in iteration: 14 after: 1.54066 s
# Solver time:0.0428077, Greedy time: 0.000316301, before greedy: 217039, after greedy: 217039 in iteration: 14 after: 1.54203 s
# Solver time:0.0444494, Greedy time: 0.000299228, before greedy: 217039, after greedy: 217039 in iteration: 14 after: 1.54504 s
# Solver time:0.0445436, Greedy time: 0.000275221, before greedy: 217039, after greedy: 217039 in iteration: 14 after: 1.54642 s
# Solver time:0.0393528, Greedy time: 0.000310628, before greedy: 217039, after greedy: 217039 in iteration: 15 after: 1.65199 s
# Solver time:0.0422195, Greedy time: 0.000327082, before greedy: 217039, after greedy: 217039 in iteration: 15 after: 1.65529 s
# Solver time:0.0428842, Greedy time: 0.000298025, before greedy: 217039, after greedy: 217039 in iteration: 15 after: 1.65697 s
# Solver time:0.0432307, Greedy time: 0.00027395, before greedy: 217039, after greedy: 217039 in iteration: 15 after: 1.65799 s
# Solver time:0.0441516, Greedy time: 0.000268655, before greedy: 217039, after greedy: 217039 in iteration: 15 after: 1.65964 s
# Solver time:0.0443445, Greedy time: 0.000264529, before greedy: 217039, after greedy: 217039 in iteration: 15 after: 1.66103 s
# Solver time:0.0439857, Greedy time: 0.000271998, before greedy: 217039, after greedy: 217039 in iteration: 15 after: 1.6615 s
# Solver time:0.0420939, Greedy time: 0.000372035, before greedy: 217039, after greedy: 217039 in iteration: 16 after: 1.76896 s
# Solver time:0.0412487, Greedy time: 0.000324039, before greedy: 217039, after greedy: 217039 in iteration: 17 after: 1.87972 s
# Solver time:0.0406044, Greedy time: 0.000309268, before greedy: 217039, after greedy: 217039 in iteration: 18 after: 1.98581 s
# Solver time:0.0434932, Greedy time: 0.000367302, before greedy: 217039, after greedy: 217039 in iteration: 19 after: 2.10327 s
# Solver time:0.0450841, Greedy time: 0.00037911, before greedy: 217039, after greedy: 217039 in iteration: 20 after: 2.21615 s
# Solver time:0.0422768, Greedy time: 0.000376483, before greedy: 217039, after greedy: 217039 in iteration: 21 after: 2.32825 s
# Solver time:0.0417429, Greedy time: 0.000308577, before greedy: 217039, after greedy: 217039 in iteration: 22 after: 2.44484 s
